Action.c(127):           <li><i>Michael Hardy\n
Action.c(127):           <li><i></i>\n
Action.c(127):           </td></tr></table></center>\n
Action.c(127):       </TD>\n
Action.c(127):       <TD width="5%" >.<br/>.<br/>.<br/>.</TD>\n
Action.c(127):       <TD width="45%" valign=top><b>Invoice sent to:</b><br/>\n
Action.c(127):           <center>\n
Action.c(127):           <Table width="80%" cellspacing="0" > <tr> <td>\n
Action.c(127):               Michael Hardy\n
Action.c(127):     <br/>\n
Action.c(127):               Rseventh street<br/>\n
Action.c(127):               Tokyo<br/>\n
Action.c(127):               <br/>\n
Action.c(127):               Total Charge: $ 529 <BR/> (CC: x-9791)\n
Action.c(127):           </td> </tr> </table>\n
Action.c(127):           </center>\n
Action.c(127):       </TD>\n
Action.c(127):     </TR>\n
Action.c(127):     <TR bgcolor="#EFF2F7">\n
Action.c(127):       <TD COLSPAN="3">\n
Action.c(127):       <b>Flight Details:</b><BR/>  <center>\n
Action.c(127):       10/24/2024\n
Action.c(127):      :  5pm : Flight 102 leaves Frankfurt  for Denver.<br>  </center>\n
Action.c(127):       </TD>\n
Action.c(127):     </TR>\n
Action.c(127):     \n
Action.c(127):     <TR bgcolor="#EFF2F7">\n
Action.c(127):       <TD COLSPAN="4">\n
Action.c(127):       <hr/>\n
Action.c(127):       </TD>\n
Action.c(127):     </TR>\n
Action.c(127):     \n
Action.c(127):     <!-- Flight #1 -->\n
Action.c(127):     <TR bgcolor="#EFF2F7">\n
Action.c(127):       <TD width="5%" rowspan="2" align="left" valign="top">\n
Action.c(127):     <b>\n
Action.c(127):     <label><input type="checkbox" name="85" value="on" /></label></font></b>\n
Action.c(127):     <input type="hidden" name="flightID" value="362663787-65404-MH"  />\n
Action.c(127):       </TD>\n
Action.c(127):       <TD width="45%" valign="top">\n
Action.c(127):           <b>&nbsp;&nbsp;A Business class ticket for :</b><br/>\n
Action.c(127):           <center><table border="0" width="85%"><tr><td>\n
Action.c(127):           <li><i>Michael Hardy\n
Action.c(127):           <li><i></i>\n
Action.c(127):           </td></tr></table></center>\n
Action.c(127):       </TD>\n
Action.c(127):       <TD width="5%" >.<br/>.<br/>.<br/>.</TD>\n
Action.c(127):       <TD width="45%" valign=top><b>Invoice sent to:</b><br/>\n
Action.c(127):           <center>\n
Action.c(127):           <Table width="80%" cellspacing="0" > <tr> <td>\n
Action.c(127):               Michael Hardy\n
Action.c(127):     <br/>\n
Action.c(127):               Rseventh street<br/>\n
Action.c(127):               Tokyo<br/>\n
Action.c(127):               <br/>\n
Action.c(127):               Total Charge: $ 256 <BR/> (CC: x-9791)\n
Action.c(127):           </td> </tr> </table>\n
Action.c(127):           </center>\n
Action.c(127):       </TD>\n
Action.c(127):     </TR>\n
Action.c(127):     <TR bgcolor="#EFF2F7">\n
Action.c(127):       <TD COLSPAN="3">\n
Action.c(127):       <b>Flight Details:</b><BR/>  <center>\n
Action.c(127):       10/24/2024\n
Action.c(127):      :  5pm : Flight 922 leaves Zurich  for London.<br>  </center>\n
Action.c(127):       </TD>\n
Action.c(127):     </TR>\n
Action.c(127):     \n
Action.c(127):     <TR bgcolor="#EFF2F7">\n
Action.c(127):       <TD COLSPAN="4">\n
Action.c(127):       <hr/>\n
Action.c(127):       </TD>\n
Action.c(127):     </TR>\n
Action.c(127):     \n
Action.c(127):     <!-- Flight #1 -->\n
Action.c(127):     <TR bgcolor="#EFF2F7">\n
Action.c(127):       <TD width="5%" rowspan="2" align="left" valign="top">\n
Action.c(127):     <b>\n
Action.c(127):     <label><input type="checkbox" name="86" value="on" /></label></font></b>\n
Action.c(127):     <input type="hidden" name="flightID" value="362648158-66175-MH"  />\n
Action.c(127):       </TD>\n
Action.c(127):       <TD width="45%" valign="top">\n
Action.c(127):           <b>&nbsp;&nbsp;A Coach class ticket for :</b><br/>\n
Action.c(127):           <center><table border="0" width="85%"><tr><td>\n
Action.c(127):           <li><i>Michael Hardy\n
Action.c(127):           <li><i></i>\n
Action.c(127):           </td></tr></table></center>\n
Action.c(127):       </TD>\n
Action.c(127):       <TD width="5%" >.<br/>.<br/>.<br/>.</TD>\n
Action.c(127):       <TD width="45%" valign=top><b>Invoice sent to:</b><br/>\n
Action.c(127):           <center>\n
Action.c(127):           <Table width="80%" cellspacing="0" > <tr> <td>\n
Action.c(127):               Michael Hardy\n
Action.c(127):     <br/>\n
Action.c(127):               Rseventh street<br/>\n
Action.c(127):               Tokyo<br/>\n
Action.c(127):               <br/>\n
Action.c(127):               Total Charge: $ 275 <BR/> (CC: x-9791)\n
Action.c(127):           </td> </tr> </table>\n
Action.c(127):           </center>\n
Action.c(127):       </TD>\n
Action.c(127):     </TR>\n
Action.c(127):     <TR bgcolor="#EFF2F7">\n
Action.c(127):       <TD COLSPAN="3">\n
Action.c(127):       <b>Flight Details:</b><BR/>  <center>\n
Action.c(127):       10/24/2024\n
Action.c(127):      :  8am : Flight 500 leaves Portland  for Denver.<br>  </center>\n
Action.c(127):       </TD>\n
Action.c(127):     </TR>\n
Action.c(127):     \n
Action.c(127):     <TR bgcolor="#EFF2F7">\n
Action.c(127):       <TD COLSPAN="4">\n
Action.c(127):       <hr/>\n
Action.c(127):       </TD>\n
Action.c(127):     </TR>\n
Action.c(127):     \n
Action.c(127):     <!-- Flight #1 -->\n
Action.c(127):     <TR bgcolor="#EFF2F7">\n
Action.c(127):       <TD width="5%" rowspan="2" align="left" valign="top">\n
Action.c(127):     <b>\n
Action.c(127):     <label><input type="checkbox" name="87" value="on" /></label></font></b>\n
Action.c(127):     <input type="hidden" name="flightID" value="362665620-66980-MH"  />\n
Action.c(127):       </TD>\n
Action.c(127):       <TD width="45%" valign="top">\n
Action.c(127):           <b>&nbsp;&nbsp;A First class ticket for :</b><br/>\n
Action.c(127):           <center><table border="0" width="85%"><tr><td>\n
Action.c(127):           <li><i>Michael Hardy\n
Action.c(127):           <li><i></i>\n
Action.c(127):           </td></tr></table></center>\n
Action.c(127):       </TD>\n
Action.c(127):       <TD width="5%" >.<br/>.<br/>.<br/>.</TD>\n
Action.c(127):       <TD width="45%" valign=top><b>Invoice sent to:</b><br/>\n
Action.c(127):           <center>\n
Action.c(127):           <Table width="80%" cellspacing="0" > <tr> <td>\n
Action.c(127):               Michael Hardy\n
Action.c(127):     <br/>\n
Action.c(127):               Rseventh street<br/>\n
Action.c(127):               Tokyo<br/>\n
Action.c(127):               <br/>\n
Action.c(127):               Total Charge: $ 747 <BR/> (CC: x-9791)\n
Action.c(127):           </td> </tr> </table>\n
Action.c(127):           </center>\n
Action.c(127):       </TD>\n
Action.c(127):     </TR>\n
Action.c(127):     <TR bgcolor="#EFF2F7">\n
Action.c(127):       <TD COLSPAN="3">\n
Action.c(127):       <b>Flight Details:</b><BR/>  <center>\n
Action.c(127):       10/24/2024\n
Action.c(127):      :  1pm : Flight 971 leaves Zurich  for Seattle.<br>  </center>\n
Action.c(127):       </TD>\n
Action.c(127):     </TR>\n
Action.c(127):     \n
Action.c(127):     <TR bgcolor="#EFF2F7">\n
Action.c(127):       <TD COLSPAN="4">\n
Action.c(127):       <hr/>\n
Action.c(127):       </TD>\n
Action.c(127):     </TR>\n
Action.c(127):     \n
Action.c(127):     <!-- Flight #1 -->\n
Action.c(127):     <TR bgcolor="#EFF2F7">\n
Action.c(127):       <TD width="5%" rowspan="2" align="left" valign="top">\n
Action.c(127):     <b>\n
Action.c(127):     <label><input type="checkbox" name="88" value="on" /></label></font></b>\n
Action.c(127):     <input type="hidden" name="flightID" value="362663752-67716-MH"  />\n
Action.c(127):       </TD>\n
Action.c(127):       <TD width="45%" valign="top">\n
Action.c(127):           <b>&nbsp;&nbsp;A First class ticket for :</b><br/>\n
Action.c(127):           <center><table border="0" width="85%"><tr><td>\n
Action.c(127):           <li><i>Michael Hardy\n
Action.c(127):           <li><i></i>\n
Action.c(127):           </td></tr></table></center>\n
Action.c(127):       </TD>\n
Action.c(127):       <TD width="5%" >.<br/>.<br/>.<br/>.</TD>\n
Action.c(127):       <TD width="45%" valign=top><b>Invoice sent to:</b><br/>\n
Action.c(127):           <center>\n
Action.c(127):           <Table width="80%" cellspacing="0" > <tr> <td>\n
Action.c(127):               Michael Hardy\n
Action.c(127):     <br/>\n
Action.c(127):               Rseventh street<br/>\n
Action.c(127):               Tokyo<br/>\n
Action.c(127):               <br/>\n
Action.c(127):               Total Charge: $ 312 <BR/> (CC: x-9791)\n
Action.c(127):           </td> </tr> </table>\n
Action.c(127):           </center>\n
Action.c(127):       </TD>\n
Action.c(127):     </TR>\n
Action.c(127):     <TR bgcolor="#EFF2F7">\n
Action.c(127):       <TD COLSPAN="3">\n
Action.c(127):       <b>Flight Details:</b><BR/>  <center>\n
Action.c(127):       10/24/2024\n
Action.c(127):      :  1pm : Flight 921 leaves Zurich  for London.<br>  </center>\n
Action.c(127):       </TD>\n
Action.c(127):     </TR>\n
Action.c(127):     \n
Action.c(127):     <TR bgcolor="#EFF2F7">\n
Action.c(127):       <TD COLSPAN="4">\n
Action.c(127):       <hr/>\n
Action.c(127):       </TD>\n
Action.c(127):     </TR>\n
Action.c(127):     \n
Action.c(127):     <!-- Flight #1 -->\n
Action.c(127):     <TR bgcolor="#EFF2F7">\n
Action.c(127):       <TD width="5%" rowspan="2" align="left" valign="top">\n
Action.c(127):     <b>\n
Action.c(127):     <label><input type="checkbox" name="89" value="on" /></label></font></b>\n
Action.c(127):     <input type="hidden" name="flightID" value="362661140-68523-MH"  />\n
Action.c(127):       </TD>\n
Action.c(127):       <TD width="45%" valign="top">\n
Action.c(127):           <b>&nbsp;&nbsp;A Coach class ticket for :</b><br/>\n
Action.c(127):           <center><table border="0" width="85%"><tr><td>\n
Action.c(127):           <li><i>Michael Hardy\n
Action.c(127):           <li><i></i>\n
Action.c(127):           </td></tr></table></center>\n
Action.c(127):       </TD>\n
Action.c(127):       <TD width="5%" >.<br/>.<br/>.<br/>.</TD>\n
Action.c(127):       <TD width="45%" valign=top><b>Invoice sent to:</b><br/>\n
Action.c(127):           <center>\n
Action.c(127):           <Table width="80%" cellspacing="0" > <tr> <td>\n
Action.c(127):               Michael Hardy\n
Action.c(127):     <br/>\n
Action.c(127):               Rseventh street<br/>\n
Action.c(127):               Tokyo<br/>\n
Action.c(127):               <br/>\n
Action.c(127):               Total Charge: $ 805 <BR/> (CC: x-9791)\n
Action.c(127):           </td> </tr> </table>\n
Action.c(127):           </center>\n
Action.c(127):       </TD>\n
Action.c(127):     </TR>\n
Action.c(127):     <TR bgcolor="#EFF2F7">\n
Action.c(127):       <TD COLSPAN="3">\n
Action.c(127):       <b>Flight Details:</b><BR/>  <center>\n
Action.c(127):       10/24/2024\n
Action.c(127):      :  8am : Flight 850 leaves Sydney  for Portland.<br>  </center>\n
Action.c(127):       </TD>\n
Action.c(127):     </TR>\n
Action.c(127):     \n
Action.c(127):     <TR bgcolor="#EFF2F7">\n
Action.c(127):       <TD COLSPAN="4">\n
Action.c(127):       <hr/>\n
Action.c(127):       </TD>\n
Action.c(127):     </TR>\n
Action.c(127):     \n
Action.c(127):     <!-- Flight #1 -->\n
Action.c(127):     <TR bgcolor="#EFF2F7">\n
Action.c(127):       <TD width="5%" rowspan="2" align="left" valign="top">\n
Action.c(127):     <b>\n
Action.c(127):     <label><input type="checkbox" name="90" value="on" /></label></font></b>\n
Action.c(127):     <input type="hidden" name="flightID" value="362653479-69304-MH"  />\n
Action.c(127):       </TD>\n
Action.c(127):       <TD width="45%" valign="top">\n
Action.c(127):           <b>&nbsp;&nbsp;A First class ticket for :</b><br/>\n
Action.c(127):           <center><table border="0" width="85%"><tr><td>\n
Action.c(127):           <li><i>Michael Hardy\n
Action.c(127):           <li><i></i>\n
Action.c(127):           </td></tr></table></center>\n
Action.c(127):       </TD>\n
Action.c(127):       <TD width="5%" >.<br/>.<br/>.<br/>.</TD>\n
Action.c(127):       <TD width="45%" valign=top><b>Invoice sent to:</b><br/>\n
Action.c(127):           <center>\n
Action.c(127):           <Table width="80%" cellspacing="0" > <tr> <td>\n
Action.c(127):               Michael Hardy\n
Action.c(127):     <br/>\n
Action.c(127):               Rseventh street<br/>\n
Action.c(127):               Tokyo<br/>\n
Action.c(127):               <br/>\n
Action.c(127):               Total Charge: $ 955 <BR/> (CC: x-9791)\n
Action.c(127):           </td> </tr> </table>\n
Action.c(127):           </center>\n
Action.c(127):       </TD>\n
Action.c(127):     </TR>\n
Action.c(127):     <TR bgcolor="#EFF2F7">\n
Action.c(127):       <TD COLSPAN="3">\n
Action.c(127):       <b>Flight Details:</b><BR/>  <center>\n
Action.c(127):       10/24/2024\n
Action.c(127):      :  11pm : Flight 643 leaves San Francisco  for Paris.<br>  </center>\n
Action.c(127):       </TD>\n
Action.c(127):     </TR>\n
Action.c(127):     \n
Action.c(127):     <TR bgcolor="#EFF2F7">\n
Action.c(127):       <TD COLSPAN="4">\n
Action.c(127):       <hr/>\n
Action.c(127):       </TD>\n
Action.c(127):     </TR>\n
Action.c(127):     \n
Action.c(127):     <!-- Flight #1 -->\n
Action.c(127):     <TR bgcolor="#EFF2F7">\n
Action.c(127):       <TD width="5%" rowspan="2" align="left" valign="top">\n
Action.c(127):     <b>\n
Action.c(127):     <label><input type="checkbox" name="91" value="on" /></label></font></b>\n
Action.c(127):     <input type="hidden" name="flightID" value="3626388927-700080-MH"  />\n
Action.c(127):       </TD>\n
Action.c(127):       <TD width="45%" valign="top">\n
Action.c(127):           <b>&nbsp;&nbsp;A First class ticket for :</b><br/>\n
Action.c(127):           <center><table border="0" width="85%"><tr><td>\n
Action.c(127):           <li><i>Michael Hardy\n
Action.c(127):           <li><i></i>\n
Action.c(127):           </td></tr></table></center>\n
Action.c(127):       </TD>\n
Action.c(127):       <TD width="5%" >.<br/>.<br/>.<br/>.</TD>\n
Action.c(127):       <TD width="45%" valign=top><b>Invoice sent to:</b><br/>\n
Action.c(127):           <center>\n
Action.c(127):           <Table width="80%" cellspacing="0" > <tr> <td>\n
Action.c(127):               Michael Hardy\n
Action.c(127):     <br/>\n
Action.c(127):               Rseventh street<br/>\n
Action.c(127):               Tokyo<br/>\n
Action.c(127):               <br/>\n
Action.c(127):               Total Charge: $ 1041 <BR/> (CC: x-9791)\n
Action.c(127):           </td> </tr> </table>\n
Action.c(127):           </center>\n
Action.c(127):       </TD>\n
Action.c(127):     </TR>\n
Action.c(127):     <TR bgcolor="#EFF2F7">\n
Action.c(127):       <TD COLSPAN="3">\n
Action.c(127):       <b>Flight Details:</b><BR/>  <center>\n
Action.c(127):       10/24/2024\n
Action.c(127):      :  8am : Flight 250 leaves London  for Portland.<br>  </center>\n
Action.c(127):       </TD>\n
Action.c(127):     </TR>\n
Action.c(127):     \n
Action.c(127):     <TR bgcolor="#EFF2F7">\n
Action.c(127):       <TD COLSPAN="4">\n
Action.c(127):       <hr/>\n
Action.c(127):       </TD>\n
Action.c(127):     </TR>\n
Action.c(127):     \n
Action.c(127):     <!-- Flight #1 -->\n
Action.c(127):     <TR bgcolor="#EFF2F7">\n
Action.c(127):       <TD width="5%" rowspan="2" align="left" valign="top">\n
Action.c(127):     <b>\n
Action.c(127):     <label><input type="checkbox" name="92" value="on" /></label></font></b>\n
Action.c(127):     <input type="hidden" name="flightID" value="36265376-7082-MH"  />\n
Action.c(127):       </TD>\n
Action.c(127):       <TD width="45%" valign="top">\n
Action.c(127):           <b>&nbsp;&nbsp;A Coach class ticket for :</b><br/>\n
Action.c(127):           <center><table border="0" width="85%"><tr><td>\n
Action.c(127):           <li><i>Michael Hardy\n
Action.c(127):           <li><i></i>\n
Action.c(127):           </td></tr></table></center>\n
Action.c(127):       </TD>\n
Action.c(127):       <TD width="5%" >.<br/>.<br/>.<br/>.</TD>\n
Action.c(127):       <TD width="45%" valign=top><b>Invoice sent to:</b><br/>\n
Action.c(127):           <center>\n
Action.c(127):           <Table width="80%" cellspacing="0" > <tr> <td>\n
Action.c(127):               Michael Hardy\n
Action.c(127):     <br/>\n
Action.c(127):               Rseventh street<br/>\n
Action.c(127):               Tokyo<br/>\n
Action.c(127):               <br/>\n
Action.c(127):               Total Charge: $ 67 <BR/> (CC: x-9791)\n
Action.c(127):           </td> </tr> </table>\n
Action.c(127):           </center>\n
Action.c(127):       </TD>\n
Action.c(127):     </TR>\n
Action.c(127):     <TR bgcolor="#EFF2F7">\n
Action.c(127):       <TD COLSPAN="3">\n
Action.c(127):       <b>Flight Details:</b><BR/>  <center>\n
Action.c(127):       10/24/2024\n
Action.c(127):      :  1pm : Flight 651 leaves San Francisco  for Portland.<br>  </center>\n
Action.c(127):       </TD>\n
Action.c(127):     </TR>\n
Action.c(127):     \n
Action.c(127):     <TR bgcolor="#EFF2F7">\n
Action.c(127):       <TD COLSPAN="4">\n
Action.c(127):       <hr/>\n
Action.c(127):       </TD>\n
Action.c(127):     </TR>\n
Action.c(127):     \n
Action.c(127):     <!-- Flight #1 -->\n
Action.c(127):     <TR bgcolor="#EFF2F7">\n
Action.c(127):       <TD width="5%" rowspan="2" align="left" valign="top">\n
Action.c(127):     <b>\n
Action.c(127):     <label><input type="checkbox" name="93" value="on" /></label></font></b>\n
Action.c(127):     <input type="hidden" name="flightID" value="3626474512-715526-MH"  />\n
Action.c(127):       </TD>\n
Action.c(127):       <TD width="45%" valign="top">\n
Action.c(127):          
Action.c(127): t=3942649ms: 8-byte chunked response overhead for "http://localhost:1080/cgi-bin/itinerary.pl" (RelFrameId=1.2, Internal ID=1072)
Action.c(127):     \r\n
Action.c(127):     1000\r\n
Action.c(127): t=3942649ms: 8-byte chunked response overhead for "http://localhost:1080/cgi-bin/itinerary.pl" (RelFrameId=1.2, Internal ID=1072)
Action.c(127):     \r\n
Action.c(127):     1000\r\n
Action.c(127): t=3942649ms: 7-byte chunked response overhead for "http://localhost:1080/cgi-bin/itinerary.pl" (RelFrameId=1.2, Internal ID=1072)
Action.c(127):     \r\n
Action.c(127):     97e\r\n
Action.c(127): t=3942649ms: 7-byte chunked response overhead for "http://localhost:1080/cgi-bin/itinerary.pl" (RelFrameId=1.2, Internal ID=1072)
Action.c(127):     \r\n
Action.c(127):     0\r\n
Action.c(127):     \r\n
Action.c(127): t=3942649ms: 10820-byte chunked response body for "http://localhost:1080/cgi-bin/itinerary.pl" (RelFrameId=1.2, Internal ID=1072)
Action.c(127):      <b>&nbsp;&nbsp;A Business class ticket for :</b><br/>\n
Action.c(127):           <center><table border="0" width="85%"><tr><td>\n
Action.c(127):           <li><i>Michael Hardy\n
Action.c(127):           <li><i></i>\n
Action.c(127):           </td></tr></table></center>\n
Action.c(127):       </TD>\n
Action.c(127):       <TD width="5%" >.<br/>.<br/>.<br/>.</TD>\n
Action.c(127):       <TD width="45%" valign=top><b>Invoice sent to:</b><br/>\n
Action.c(127):           <center>\n
Action.c(127):           <Table width="80%" cellspacing="0" > <tr> <td>\n
Action.c(127):               Michael Hardy\n
Action.c(127):     <br/>\n
Action.c(127):               Rseventh street<br/>\n
Action.c(127):               Tokyo<br/>\n
Action.c(127):               <br/>\n
Action.c(127):               Total Charge: $ 1845 <BR/> (CC: x-9791)\n
Action.c(127):           </td> </tr> </table>\n
Action.c(127):           </center>\n
Action.c(127):       </TD>\n
Action.c(127):     </TR>\n
Action.c(127):     <TR bgcolor="#EFF2F7">\n
Action.c(127):       <TD COLSPAN="3">\n
Action.c(127):       <b>Flight Details:</b><BR/>  <center>\n
Action.c(127):       10/24/2024\n
Action.c(127):      :  1pm : Flight 481 leaves Paris  for Sydney.<br>  </center>\n
Action.c(127):       </TD>\n
Action.c(127):     </TR>\n
Action.c(127):     \n
Action.c(127):     <TR bgcolor="#EFF2F7">\n
Action.c(127):       <TD COLSPAN="4">\n
Action.c(127):       <hr/>\n
Action.c(127):       </TD>\n
Action.c(127):     </TR>\n
Action.c(127):     \n
Action.c(127):     <!-- Flight #1 -->\n
Action.c(127):     <TR bgcolor="#EFF2F7">\n
Action.c(127):       <TD width="5%" rowspan="2" align="left" valign="top">\n
Action.c(127):     <b>\n
Action.c(127):     <label><input type="checkbox" name="94" value="on" /></label></font></b>\n
Action.c(127):     <input type="hidden" name="flightID" value="362659361-72365-MH"  />\n
Action.c(127):       </TD>\n
Action.c(127):       <TD width="45%" valign="top">\n
Action.c(127):           <b>&nbsp;&nbsp;A Coach class ticket for :</b><br/>\n
Action.c(127):           <center><table border="0" width="85%"><tr><td>\n
Action.c(127):           <li><i>Michael Hardy\n
Action.c(127):           <li><i></i>\n
Action.c(127):           </td></tr></table></center>\n
Action.c(127):       </TD>\n
Action.c(127):       <TD width="5%" >.<br/>.<br/>.<br/>.</TD>\n
Action.c(127):       <TD width="45%" valign=top><b>Invoice sent to:</b><br/>\n
Action.c(127):           <center>\n
Action.c(127):           <Table width="80%" cellspacing="0" > <tr> <td>\n
Action.c(127):               Michael Hardy\n
Action.c(127):     <br/>\n
Action.c(127):               Rseventh street<br/>\n
Action.c(127):               Tokyo<br/>\n
Action.c(127):               <br/>\n
Action.c(127):               Total Charge: $ 748 <BR/> (CC: x-9791)\n
Action.c(127):           </td> </tr> </table>\n
Action.c(127):           </center>\n
Action.c(127):       </TD>\n
Action.c(127):     </TR>\n
Action.c(127):     <TR bgcolor="#EFF2F7">\n
Action.c(127):       <TD COLSPAN="3">\n
Action.c(127):       <b>Flight Details:</b><BR/>  <center>\n
Action.c(127):       10/24/2024\n
Action.c(127):      :  5pm : Flight 802 leaves Sydney  for Denver.<br>  </center>\n
Action.c(127):       </TD>\n
Action.c(127):     </TR>\n
Action.c(127):     \n
Action.c(127):     <TR bgcolor="#EFF2F7">\n
Action.c(127):       <TD COLSPAN="4">\n
Action.c(127):       <hr/>\n
Action.c(127):       </TD>\n
Action.c(127):     </TR>\n
Action.c(127):     \n
Action.c(127):     <!-- Flight #1 -->\n
Action.c(127):     <TR bgcolor="#EFF2F7">\n
Action.c(127):       <TD width="5%" rowspan="2" align="left" valign="top">\n
Action.c(127):     <b>\n
Action.c(127):     <label><input type="checkbox" name="95" value="on" /></label></font></b>\n
Action.c(127):     <input type="hidden" name="flightID" value="362661213-73135-MH"  />\n
Action.c(127):       </TD>\n
Action.c(127):       <TD width="45%" valign="top">\n
Action.c(127):           <b>&nbsp;&nbsp;A Coach class ticket for :</b><br/>\n
Action.c(127):           <center><table border="0" width="85%"><tr><td>\n
Action.c(127):           <li><i>Michael Hardy\n
Action.c(127):           <li><i></i>\n
Action.c(127):           </td></tr></table></center>\n
Action.c(127):       </TD>\n
Action.c(127):       <TD width="5%" >.<br/>.<br/>.<br/>.</TD>\n
Action.c(127):       <TD width="45%" valign=top><b>Invoice sent to:</b><br/>\n
Action.c(127):           <center>\n
Action.c(127):           <Table width="80%" cellspacing="0" > <tr> <td>\n
Action.c(127):               Michael Hardy\n
Action.c(127):     <br/>\n
Action.c(127):               Rseventh street<br/>\n
Action.c(127):               Tokyo<br/>\n
Action.c(127):               <br/>\n
Action.c(127):               Total Charge: $ 761 <BR/> (CC: x-9791)\n
Action.c(127):           </td> </tr> </table>\n
Action.c(127):           </center>\n
Action.c(127):       </TD>\n
Action.c(127):     </TR>\n
Action.c(127):     <TR bgcolor="#EFF2F7">\n
Action.c(127):       <TD COLSPAN="3">\n
Action.c(127):       <b>Flight Details:</b><BR/>  <center>\n
Action.c(127):       10/24/2024\n
Action.c(127):      :  5pm : Flight 852 leaves Sydney  for Portland.<br>  </center>\n
Action.c(127):       </TD>\n
Action.c(127):     </TR>\n
Action.c(127):     \n
Action.c(127):     <TR bgcolor="#EFF2F7">\n
Action.c(127):       <TD COLSPAN="4">\n
Action.c(127):       <hr/>\n
Action.c(127):       </TD>\n
Action.c(127):     </TR>\n
Action.c(127):     \n
Action.c(127):     <!-- Flight #1 -->\n
Action.c(127):     <TR bgcolor="#EFF2F7">\n
Action.c(127):       <TD width="5%" rowspan="2" align="left" valign="top">\n
Action.c(127):     <b>\n
Action.c(127):     <label><input type="checkbox" name="96" value="on" /></label></font></b>\n
Action.c(127):     <input type="hidden" name="flightID" value="3626596725-738582-MH"  />\n
Action.c(127):       </TD>\n
Action.c(127):       <TD width="45%" valign="top">\n
Action.c(127):           <b>&nbsp;&nbsp;A Business class ticket for :</b><br/>\n
Action.c(127):           <center><table border="0" width="85%"><tr><td>\n
Action.c(127):           <li><i>Michael Hardy\n
Action.c(127):           <li><i></i>\n
Action.c(127):           </td></tr></table></center>\n
Action.c(127):       </TD>\n
Action.c(127):       <TD width="5%" >.<br/>.<br/>.<br/>.</TD>\n
Action.c(127):       <TD width="45%" valign=top><b>Invoice sent to:</b><br/>\n
Action.c(127):           <center>\n
Action.c(127):           <Table width="80%" cellspacing="0" > <tr> <td>\n
Action.c(127):               Michael Hardy\n
Action.c(127):     <br/>\n
Action.c(127):               Rseventh street<br/>\n
Action.c(127):               Tokyo<br/>\n
Action.c(127):               <br/>\n
Action.c(127):               Total Charge: $ 1575 <BR/> (CC: x-9791)\n
Action.c(127):           </td> </tr> </table>\n
Action.c(127):           </center>\n
Action.c(127):       </TD>\n
Action.c(127):     </TR>\n
Action.c(127):     <TR bgcolor="#EFF2F7">\n
Action.c(127):       <TD COLSPAN="3">\n
Action.c(127):       <b>Flight Details:</b><BR/>  <center>\n
Action.c(127):       10/24/2024\n
Action.c(127):      :  1pm : Flight 811 leaves Sydney  for Frankfurt.<br>  </center>\n
Action.c(127):       </TD>\n
Action.c(127):     </TR>\n
Action.c(127):     \n
Action.c(127):     <TR bgcolor="#EFF2F7">\n
Action.c(127):       <TD COLSPAN="4">\n
Action.c(127):       <hr/>\n
Action.c(127):       </TD>\n
Action.c(127):     </TR>\n
Action.c(127):     \n
Action.c(127):     <!-- Flight #1 -->\n
Action.c(127):     <TR bgcolor="#EFF2F7">\n
Action.c(127):       <TD width="5%" rowspan="2" align="left" valign="top">\n
Action.c(127):     <b>\n
Action.c(127):     <label><input type="checkbox" name="97" value="on" /></label></font></b>\n
Action.c(127):     <input type="hidden" name="flightID" value="362635197-74640-MH"  />\n
Action.c(127):       </TD>\n
Action.c(127):       <TD width="45%" valign="top">\n
Action.c(127):           <b>&nbsp;&nbsp;A Coach class ticket for :</b><br/>\n
Action.c(127):           <center><table border="0" width="85%"><tr><td>\n
Action.c(127):           <li><i>Michael Hardy\n
Action.c(127):           <li><i></i>\n
Action.c(127):           </td></tr></table></center>\n
Action.c(127):       </TD>\n
Action.c(127):       <TD width="5%" >.<br/>.<br/>.<br/>.</TD>\n
Action.c(127):       <TD width="45%" valign=top><b>Invoice sent to:</b><br/>\n
Action.c(127):           <center>\n
Action.c(127):           <Table width="80%" cellspacing="0" > <tr> <td>\n
Action.c(127):               Michael Hardy\n
Action.c(127):     <br/>\n
Action.c(127):               Rseventh street<br/>\n
Action.c(127):               Tokyo<br/>\n
Action.c(127):               <br/>\n
Action.c(127):               Total Charge: $ 320 <BR/> (CC: x-9791)\n
Action.c(127):           </td> </tr> </table>\n
Action.c(127):           </center>\n
Action.c(127):       </TD>\n
Action.c(127):     </TR>\n
Action.c(127):     <TR bgcolor="#EFF2F7">\n
Action.c(127):       <TD COLSPAN="3">\n
Action.c(127):       <b>Flight Details:</b><BR/>  <center>\n
Action.c(127):       10/24/2024\n
Action.c(127):      :  8am : Flight 150 leaves Frankfurt  for Portland.<br>  </center>\n
Action.c(127):       </TD>\n
Action.c(127):     </TR>\n
Action.c(127):     \n
Action.c(127):     <TR bgcolor="#EFF2F7">\n
Action.c(127):       <TD COLSPAN="4">\n
Action.c(127):       <hr/>\n
Action.c(127):       </TD>\n
Action.c(127):     </TR>\n
Action.c(127):     <TR>\n
Action.c(127):        <TD align="center" COLSPAN="4">\n
Action.c(127):        <b>A total of 97 scheduled flights.</font></b>\n
Action.c(127):        </TD>\n
Action.c(127):     </TR>\n
Action.c(127):     </TABLE>\n
Action.c(127):     \n
Action.c(127):     <TABLE WIDTH="87%" BORDER="0" CELLSPACING="0">\n
Action.c(127):     <TR>\n
Action.c(127):     <TD align="left" width="50%" >\n
Action.c(127):     <input type="image" name="removeFlights" src="/WebTours/images/cancelreservation.gif" bord
Action.c(127):     er="0" /></TD>\n
Action.c(127):     <TD align="right" width="50%" >\n
Action.c(127):     <input type="image" name="removeAllFlights" src="/WebTours/images/cancelallreservations.gi
Action.c(127):     f" border="0" /></TD>\n
Action.c(127):     </TABLE>\n
Action.c(127):     \n
Action.c(127):     <div><input type="hidden" name=".cgifields" value="33"  /><input type="hidden" name=".cgif
Action.c(127):     ields" value="32"  /><input type="hidden" name=".cgifields" value="90"  /><input type="hid
Action.c(127):     den" name=".cgifields" value="63"  /><input type="hidden" name=".cgifields" value="21"  />
Action.c(127):     <input type="hidden" name=".cgifields" value="71"  /><input type="hidden" name=".cgifields
Action.c(127):     " value="7"  /><input type="hidden" name=".cgifields" value="80"  /><input type="hidden" n
Action.c(127):     ame=".cgifields" value="26"  /><input type="hidden" name=".cgifields" value="18"  /><input
Action.c(127):      type="hidden" name=".cgifields" value="72"  /><input type="hidden" name=".cgifields" valu
Action.c(127):     e="16"  /><input type="hidden" name=".cgifields" value="44"  /><input type="hidden" name="
Action.c(127):     .cgifields" value="55"  /><input type="hidden" name=".cgifields" value="84"  /><input type
Action.c(127):     ="hidden" name=".cgifields" value="74"  /><input type="hidden" name=".cgifields" value="27
Action.c(127):     "  /><input type="hidden" name=".cgifields" value="95"  /><input type="hidden" name=".cgif
Action.c(127):     ields" value="57"  /><input type="hidden" name=".cgifields" value="61"  /><input type="hid
Action.c(127):     den" name=".cgifields" value="20"  /><input type="hidden" name=".cgifields" value="92"  />
Action.c(127):     <input type="hidden" name=".cgifields" value="89"  /><input type="hidden" name=".cgifields
Action.c(127):     " value="10"  /><input type="hidden" name=".cgifields" value="31"  /><input type="hidden" 
Action.c(127):     name=".cgifields" value="35"  /><input type="hidden" name=".cgifields" value="11"  /><inpu
Action.c(127):     t type="hidden" name=".cgifields" value="91"  /><input type="hidden" name=".cgifields" val
Action.c(127):     ue="78"  /><input type="hidden" name=".cgifields" value="48"  /><input type="hidden" name=
Action.c(127):     ".cgifields" value="87"  /><input type="hidden" name=".cgifields" value="93"  /><input typ
Action.c(127):     e="hidden" name=".cgifields" value="77"  /><input type="hidden" name=".cgifields" value="6
Action.c(127):     5"  /><input type="hidden" name=".cgifields" value="29"  /><input type="hidden" name=".cgi
Action.c(127):     fields" value="50"  /><input type="hidden" name=".cgifields" value="39"  /><input type="hi
Action.c(127):     dden" name=".cgifields" value="64"  /><input type="hidden" name=".cgifields" value="97"  /
Action.c(127):     ><input type="hidden" name=".cgifields" value="58"  /><input type="hidden" name=".cgifield
Action.c(127):     s" value="41"  /><input type="hidden" name=".cgifields" value="12"  /><input type="hidden"
Action.c(127):      name=".cgifields" value="15"  /><input type="hidden" name=".cgifields" value="81"  /><inp
Action.c(127):     ut type="hidden" name=".cgifields" value="52"  /><input type="hidden" name=".cgifields" va
Action.c(127):     lue="60"  /><input type="hidden" name=".cgifields" value="56"  /><input type="hidden" name
Action.c(127):     =".cgifields" value="73"  /><input type="hidden" name=".cgifields" value="66"  /><input ty
Action.c(127):     pe="hidden" name=".cgifields" value="45"  /><input type="hidden" name=".cgifields" value="
Action.c(127):     86"  /><input type="hidden" name=".cgifields" value="76"  /><input type="hidden" name=".cg
Action.c(127):     ifields" value="19"  /><input type="hidden" name=".cgifields" value="62"  /><input type="h
Action.c(127):     idden" name=".cgifields" value="54"  /><input type="hidden" name=".cgifields" value="67"  
Action.c(127):     /><input type="hidden" name=".cgifields" value="70"  /><input type="hidden" name=".cgifiel
Action.c(127):     ds" value="68"  /><input type="hidden" name=".cgifields" value="2"  /><input type="hidden"
Action.c(127):      name=".cgifields" value="17"  /><input type="hidden" name=".cgifields" value="1"  /><inpu
Action.c(127):     t type="hidden" name=".cgifields" value="88"  /><input type="hidden" name=".cgifields" val
Action.c(127):     ue="30"  /><input type="hidden" name=".cgifields" value="82"  /><input type="hidden" name=
Action.c(127):     ".cgifields" value="25"  /><input type="hidden" name=".cgifields" value="28"  /><input typ
Action.c(127):     e="hidden" name=".cgifields" value="83"  /><input type="hidden" name=".cgifields" value="7
Action.c(127):     5"  /><input type="hidden" name=".cgifields" value="40"  /><input type="hidden" name=".cgi
Action.c(127):     fields" value="14"  /><input type="hidden" name=".cgifields" value="69"  /><input type="hi
Action.c(127):     dden" name=".cgifields" value="59"  /><input type="hidden" name=".cgifields" value="49"  /
Action.c(127):     ><input type="hidden" name=".cgifields" value="24"  /><input type="hidden" name=".cgifield
Action.c(127):     s" value="53"  /><input type="hidden" name=".cgifields" value="79"  /><input type="hidden"
Action.c(127):      name=".cgifields" value="22"  /><input type="hidden" name=".cgifields" value="42"  /><inp
Action.c(127):     ut type="hidden" name=".cgifields" value="46"  /><input type="hidden" name=".cgifields" va
Action.c(127):     lue="23"  /><input type="hidden" name=".cgifields" value="13"  /><input type="hidden" name
Action.c(127):     =".cgifields" value="96"  /><input type="hidden" name=".cgifields" value="6"  /><input typ
Action.c(127):     e="hidden" name=".cgifields" value="85"  /><input type="hidden" name=".cgifields" value="3
Action.c(127):     "  /><input type="hidden" name=".cgifields" value="36"  /><input type="hidden" name=".cgif
Action.c(127):     ields" value="94"  /><input type="hidden" name=".cgifields" value="9"  /><input type="hidd
Action.c(127):     en" name=".cgifields" value="51"  /><input type="hidden" name=".cgifields" value="47"  /><
Action.c(127):     input type="hidden" name=".cgifields" value="8"  /><input type="hidden" name=".cgifields" 
Action.c(127):     value="38"  /><input type="hidden" name=".cgifields" value="4"  /><input type="hidden" nam
Action.c(127):     e=".cgifields" value="34"  /><input type="hidden" name=".cgifields" value="37"  /><input t
Action.c(127):     ype="hidden" name=".cgifields" value="43"  /><input type="hidden" name=".cgifields" value=
Action.c(127):     "5"  /></div></form>\n
Action.c(127):     \n
Action.c(127):     </center>\n
Action.c(127):     \n
Action.c(127):     </body>\n
Action.c(127):     </html>
Action.c(127): Found resource "http://localhost:1080/WebTours/images/cancelreservation.gif" in HTML "http://localhost:1080/cgi-bin/itinerary.pl"  	[MsgId: MMSG-26659]
Action.c(127): Found resource "http://localhost:1080/WebTours/images/cancelallreservations.gif" in HTML "http://localhost:1080/cgi-bin/itinerary.pl"  	[MsgId: MMSG-26659]
Action.c(127): t=3942655ms: Request done "http://localhost:1080/cgi-bin/itinerary.pl"  	[MsgId: MMSG-26000]
Action.c(127): t=3942655ms: Already connected [0] to localhost:1080  	[MsgId: MMSG-26000]
Action.c(127): t=3942655ms: 523-byte request headers for "http://localhost:1080/WebTours/images/cancelreservation.gif" (RelFrameId=, Internal ID=1074)
Action.c(127):     GET /WebTours/images/cancelreservation.gif HTTP/1.1\r\n
Action.c(127):     Referer: http://localhost:1080/cgi-bin/itinerary.pl\r\n
Action.c(127):     Priority: u=4\r\n
Action.c(127):     Upgrade-Insecure-Requests: 1\r\n
Action.c(127):     User-Agent: Mozilla/5.0 (Windows NT 10.0; Win64; x64; rv:130.0) Gecko/20100101 Firefox/130
Action.c(127):     .0\r\n
Action.c(127):     Accept-Encoding: gzip, deflate\r\n
Action.c(127):     Accept-Language: ru-RU,ru;q=0.8,en-US;q=0.5,en;q=0.3\r\n
Action.c(127):     Accept: */*\r\n
Action.c(127):     Connection: Keep-Alive\r\n
Action.c(127):     Host: localhost:1080\r\n
Action.c(127):     Cookie: MSO=SID&1729636550; MTUserInfo=firstName&&address2&&username&jojo6&hash&86&lastNam
Action.c(127):     e&%0A&address1&&creditCard&&expDate&%0A\r\n
Action.c(127):     \r\n
Action.c(127): t=3942656ms: Already connected [1] to localhost:1080  	[MsgId: MMSG-26000]
Action.c(127): t=3942656ms: 527-byte request headers for "http://localhost:1080/WebTours/images/cancelallreservations.gif" (RelFrameId=, Internal ID=1075)
Action.c(127):     GET /WebTours/images/cancelallreservations.gif HTTP/1.1\r\n
Action.c(127):     Referer: http://localhost:1080/cgi-bin/itinerary.pl\r\n
Action.c(127):     Priority: u=4\r\n
Action.c(127):     Upgrade-Insecure-Requests: 1\r\n
Action.c(127):     User-Agent: Mozilla/5.0 (Windows NT 10.0; Win64; x64; rv:130.0) Gecko/20100101 Firefox/130
Action.c(127):     .0\r\n
Action.c(127):     Accept-Encoding: gzip, deflate\r\n
Action.c(127):     Accept-Language: ru-RU,ru;q=0.8,en-US;q=0.5,en;q=0.3\r\n
Action.c(127):     Accept: */*\r\n
Action.c(127):     Connection: Keep-Alive\r\n
Action.c(127):     Host: localhost:1080\r\n
Action.c(127):     Cookie: MSO=SID&1729636550; MTUserInfo=firstName&&address2&&username&jojo6&hash&86&lastNam
Action.c(127):     e&%0A&address1&&creditCard&&expDate&%0A\r\n
Action.c(127):     \r\n
Action.c(127): t=3942656ms: 297-byte response headers for "http://localhost:1080/WebTours/images/cancelreservation.gif" (RelFrameId=, Internal ID=1074)
Action.c(127):     HTTP/1.1 200 OK\r\n
Action.c(127):     Date: Tue, 22 Oct 2024 22:36:20 GMT\r\n
Action.c(127):     Server: Apache/2.2.21 (Win32)\r\n
Action.c(127):     Last-Modified: Thu, 12 Jan 2012 13:30:28 GMT\r\n
Action.c(127):     ETag: "200000000fb04-33f-4b654c0620500"\r\n
Action.c(127):     Accept-Ranges: bytes\r\n
Action.c(127):     Content-Length: 831\r\n
Action.c(127):     Keep-Alive: timeout=5, max=96\r\n
Action.c(127):     Connection: Keep-Alive\r\n
Action.c(127):     Content-Type: image/gif\r\n
Action.c(127):     \r\n
Action.c(127): t=3942657ms: 831-byte response body for "http://localhost:1080/WebTours/images/cancelreservation.gif" (RelFrameId=, Internal ID=1074)
Action.c(127): t=3942657ms: Request done "http://localhost:1080/WebTours/images/cancelreservation.gif"  	[MsgId: MMSG-26000]
Action.c(127): t=3942657ms: 297-byte response headers for "http://localhost:1080/WebTours/images/cancelallreservations.gif" (RelFrameId=, Internal ID=1075)
Action.c(127):     HTTP/1.1 200 OK\r\n
Action.c(127):     Date: Tue, 22 Oct 2024 22:36:20 GMT\r\n
Action.c(127):     Server: Apache/2.2.21 (Win32)\r\n
Action.c(127):     Last-Modified: Thu, 12 Jan 2012 13:30:28 GMT\r\n
Action.c(127):     ETag: "300000000fb03-2e6-4b654c0620500"\r\n
Action.c(127):     Accept-Ranges: bytes\r\n
Action.c(127):     Content-Length: 742\r\n
Action.c(127):     Keep-Alive: timeout=5, max=99\r\n
Action.c(127):     Connection: Keep-Alive\r\n
Action.c(127):     Content-Type: image/gif\r\n
Action.c(127):     \r\n
Action.c(127): t=3942657ms: 742-byte response body for "http://localhost:1080/WebTours/images/cancelallreservations.gif" (RelFrameId=, Internal ID=1075)
Action.c(127): t=3942657ms: Request done "http://localhost:1080/WebTours/images/cancelallreservations.gif"  	[MsgId: MMSG-26000]
Action.c(127): Registered web_reg_find successful for "Text=<title>Flights List</title>
" (count=1)  	[MsgId: MMSG-26364]
Action.c(127): web_image("Itinerary Button") was successful, 117277 body bytes, 1618 header bytes, 251 chunking overhead bytes  	[MsgId: MMSG-26385]
Action.c(132): Notify: Transaction "open_booking_pages" ended with a "Pass" status (Duration: 0.3123).	[MsgId: MMSG-16873]
Action.c(133): Notify: Transaction "UC02_search_tickets" ended with a "Pass" status (Duration: 31.9283 Think Time: 28.2717 Wasted Time: 0.0030).	[MsgId: MMSG-16870]
Ending action Action.	[MsgId: MMSG-15918]
Action was aborted.	[MsgId: MMSG-10694]
Ending Vuser...	[MsgId: MMSG-15966]
Starting action vuser_end.	[MsgId: MMSG-15919]
Ending action vuser_end.	[MsgId: MMSG-15918]
Vuser Terminated.	[MsgId: MMSG-15963]
t=3942658ms: Closed connection [0] to localhost:1080 after completing 5 request(s)  	[MsgId: MMSG-26000]
t=3942658ms: Closed connection [1] to localhost:1080 after completing 2 request(s)  	[MsgId: MMSG-26000]
t=3942658ms: Closed connection [2] to localhost:1080 after completing 1 request(s)  	[MsgId: MMSG-26000]
HTML-Mode memory management statistics: Reusable=24, NonReusable=0, CsMemBlockSize=4096, checks disabled  	[MsgId: MMSG-26000]
Vuser 7 (thread 1500), ended OK."	[MsgId: MMSG-10695]
