Action.c(84): t=280979ms: Inactive socket [2] was closed by localhost:1080, probably due to Keep-Alive timeout  	[MsgId: MMSG-26000]
Action.c(84): t=280979ms: Closed connection [2] to localhost:1080 after completing 1 request(s)  	[MsgId: MMSG-26000]
Action.c(84): t=280979ms: Inactive socket [3] was closed by localhost:1080, probably due to Keep-Alive timeout  	[MsgId: MMSG-26000]
Action.c(84): t=280979ms: Closed connection [3] to localhost:1080 after completing 1 request(s)  	[MsgId: MMSG-26000]
Action.c(84): t=281050ms: 256-byte response headers for "http://localhost:1080/cgi-bin/reservations.pl" (RelFrameId=1, Internal ID=123)
Action.c(84):     HTTP/1.1 200 OK\r\n
Action.c(84):     Date: Tue, 08 Oct 2024 12:11:16 GMT\r\n
Action.c(84):     Server: Apache/2.2.21 (Win32)\r\n
Action.c(84):     Expires: Mon, 07 Oct 2024 12:11:16 GMT\r\n
Action.c(84):     Keep-Alive: timeout=5, max=100\r\n
Action.c(84):     Connection: Keep-Alive\r\n
Action.c(84):     Transfer-Encoding: chunked\r\n
Action.c(84):     Content-Type: text/html; charset=ISO-8859-1\r\n
Action.c(84):     \r\n
Action.c(84): t=281050ms: 5-byte chunked response overhead for "http://localhost:1080/cgi-bin/reservations.pl" (RelFrameId=1, Internal ID=123)
Action.c(84):     990\r\n
Action.c(84): t=281050ms: 2-byte chunked response overhead for "http://localhost:1080/cgi-bin/reservations.pl" (RelFrameId=1, Internal ID=123)
Action.c(84):     \r\n
Action.c(84): t=281051ms: 2448-byte chunked response body for "http://localhost:1080/cgi-bin/reservations.pl" (RelFrameId=1, Internal ID=123)
Action.c(84):     <!DOCTYPE html\n
Action.c(84):     \tPUBLIC "-//W3C//DTD XHTML 1.0 Transitional//EN"\n
Action.c(84):     \t "http://www.w3.org/TR/xhtml1/DTD/xhtml1-transitional.dtd">\n
Action.c(84):     <html xmlns="http://www.w3.org/1999/xhtml" lang="en-US" xml:lang="en-US">\n
Action.c(84):     <head>\n
Action.c(84):     <title>Flight Selections</title>\n
Action.c(84):     <meta http-equiv="Content-Type" content="text/html; charset=iso-8859-1" />\n
Action.c(84):     </head>\n
Action.c(84):     <body bgcolor="#E0E7F1">\n
Action.c(84):     <style>blockquote {font-family: tahoma; font-size : 10pt}H1 {font-family: tahoma; font-siz
Action.c(84):     e : 22pt; color: #993333}small {font-family: tahoma; font-size : 8pt}H3 {font-family: taho
Action.c(84):     ma; font-size : 10pt; color: black}TD {font-family: tahoma; font-size : 10pt; color: black
Action.c(84):     }</style><BR/><BR/><h1><font color="#003366">&nbsp;&nbsp;<b>Find Flight</font></b></h1><bl
Action.c(84):     ockquote>\n
Action.c(84):     <form method="post" action="reservations.pl" enctype="application/x-www-form-urlencoded">\n
Action.c(84):     \n
Action.c(84):     <center>\n
Action.c(84):     <!-- From Frankfurt (1) To Sydney (8) -->\n
Action.c(84):     <table cellspacing="2" border="0" width="50%">\n
Action.c(84):     <blockquote>Flight departing from <B>Frankfurt</B> to <B>Sydney</B> on <B>10/09/2024</B><B
Action.c(84):     R/><BR/><tr bgcolor="#5E7884"><td align="center"><font color="white"><B>Flight</B></font>\n
Action.c(84):           \t\t<td align="center"><font color="white"><B>Departure time</B>\n
Action.c(84):           \t\t<td align="center"><font color="white"><B>Cost</B>\n
Action.c(84):     <tr bgcolor="#EFF2F7"><td align="center"><input type="radio" name="outboundFlight" value="
Action.c(84):     180;1219;10/09/2024" checked="checked" >Blue Sky Air 180<td align="center">8am<td align="c
Action.c(84):     enter">$ 1219</TD></TR><tr bgcolor="#EFF2F7"><td align="center"><input type="radio" name="
Action.c(84):     outboundFlight" value="181;1086;10/09/2024">Blue Sky Air 181<td align="center">1pm<td alig
Action.c(84):     n="center">$ 1086</TD></TR><tr bgcolor="#EFF2F7"><td align="center"><input type="radio" na
Action.c(84):     me="outboundFlight" value="182;1153;10/09/2024">Blue Sky Air 182<td align="center">5pm<td 
Action.c(84):     align="center">$ 1153</TD></TR><tr bgcolor="#EFF2F7"><td align="center"><input type="radio
Action.c(84):     " name="outboundFlight" value="183;998;10/09/2024">Blue Sky Air 183<td align="center">11pm
Action.c(84):     <td align="center">$ 998</TD></TR></table>\n
Action.c(84):     \n
Action.c(84):     <input type="hidden" name="numPassengers" value="1"  /><input type="hidden" name="advanceD
Action.c(84):     iscount" value="0"  /><input type="hidden" name="seatType" value="Coach"  /><input type="h
Action.c(84):     idden" name="seatPref" value="None"  />\n
Action.c(84):     <P><center><table width=80% cellspacing=1><tr><td align=center>\n
Action.c(84):     <input type="image" name="reserveFlights" src="/WebTours/images/button_next.gif" border="0
Action.c(84):     " />\n
Action.c(84):     <td>&nbsp;<td align=center></table></center></form></center>\n
Action.c(84):     </blockquote>\n
Action.c(84):     \n
Action.c(84):     </body>\n
Action.c(84):     </html>
Action.c(84): Resource "http://localhost:1080/WebTours/images/button_next.gif" is in the cache already and will not be downloaded again  	[MsgId: MMSG-26655]
Action.c(84): t=281055ms: 5-byte chunked response overhead for "http://localhost:1080/cgi-bin/reservations.pl" (RelFrameId=1, Internal ID=123)
Action.c(84):     0\r\n
Action.c(84):     \r\n
Action.c(84): t=281056ms: Request done "http://localhost:1080/cgi-bin/reservations.pl"  	[MsgId: MMSG-26000]
Action.c(84): Registered web_reg_find successful for "Text=Flight departing from <B>Frankfurt</B> to <B>Sydney</B> on <B>10/09/2024</B>" (count=1)  	[MsgId: MMSG-26364]
Action.c(84): web_submit_form("reservations.pl") was successful, 2448 body bytes, 256 header bytes, 12 chunking overhead bytes  	[MsgId: MMSG-26385]
Action.c(99): Notify: Transaction "search_flight" ended with a "Pass" status (Duration: 0,0811 Wasted Time: 0,0000).	[MsgId: MMSG-16871]
Action.c(100): lr_think_time: 4,00 seconds.	[MsgId: MMSG-15948]
Action.c(101): Notify: Transaction "logout" started.	[MsgId: MMSG-16999]
Action.c(103): web_reg_find started  	[MsgId: MMSG-26355]
Action.c(103): Registering web_reg_find was successful  	[MsgId: MMSG-26390]
Action.c(105): web_image("SignOff Button") started  	[MsgId: MMSG-26355]
Action.c(105): Image-linking to "http://localhost:1080/cgi-bin/welcome.pl?signOff=1", Target Frame="body"  	[MsgId: MMSG-27993]
Action.c(105): t=284878ms: Already connected [0] to localhost:1080  	[MsgId: MMSG-26000]
Action.c(105): t=284878ms: 529-byte request headers for "http://localhost:1080/cgi-bin/welcome.pl?signOff=1" (RelFrameId=1, Internal ID=40)
Action.c(105):     GET /cgi-bin/welcome.pl?signOff=1 HTTP/1.1\r\n
Action.c(105):     Referer: http://localhost:1080/cgi-bin/nav.pl?page=menu&in=flights\r\n
Action.c(105):     Priority: u=4\r\n
Action.c(105):     Upgrade-Insecure-Requests: 1\r\n
Action.c(105):     User-Agent: Mozilla/5.0 (Windows NT 10.0; Win64; x64; rv:130.0) Gecko/20100101 Firefox/130
Action.c(105):     .0\r\n
Action.c(105):     Accept-Encoding: gzip, deflate\r\n
Action.c(105):     Accept-Language: ru-RU,ru;q=0.8,en-US;q=0.5,en;q=0.3\r\n
Action.c(105):     Accept: */*\r\n
Action.c(105):     Connection: Keep-Alive\r\n
Action.c(105):     Host: localhost:1080\r\n
Action.c(105):     Cookie: MSO=SID&1728389444; MTUserInfo=firstName&&address2&&username&jojo7&hash&87&lastNam
Action.c(105):     e&%0A&address1&&creditCard&&expDate&%0A\r\n
Action.c(105):     \r\n
Action.c(105): t=284941ms: 327-byte response headers for "http://localhost:1080/cgi-bin/welcome.pl?signOff=1" (RelFrameId=1, Internal ID=40)
Action.c(105):     HTTP/1.1 200 OK\r\n
Action.c(105):     Date: Tue, 08 Oct 2024 12:11:20 GMT\r\n
Action.c(105):     Server: Apache/2.2.21 (Win32)\r\n
Action.c(105):     Set-Cookie: MSO=SID&1728389480; path=/\r\n
Action.c(105):     Set-Cookie: MTUserInfo=; path=/; expires=Mon, 07-Oct-2024 12:11:20 GMT\r\n
Action.c(105):     Keep-Alive: timeout=5, max=99\r\n
Action.c(105):     Connection: Keep-Alive\r\n
Action.c(105):     Transfer-Encoding: chunked\r\n
Action.c(105):     Content-Type: text/html; charset=ISO-8859-1\r\n
Action.c(105):     \r\n
Action.c(105): t=284942ms: 5-byte chunked response overhead for "http://localhost:1080/cgi-bin/welcome.pl?signOff=1" (RelFrameId=1, Internal ID=40)
Action.c(105):     2ae\r\n
Action.c(105): t=284942ms: 2-byte chunked response overhead for "http://localhost:1080/cgi-bin/welcome.pl?signOff=1" (RelFrameId=1, Internal ID=40)
Action.c(105):     \r\n
Action.c(105): t=284942ms: 686-byte chunked response body for "http://localhost:1080/cgi-bin/welcome.pl?signOff=1" (RelFrameId=1, Internal ID=40)
Action.c(105):     <!-- \n
Action.c(105):      A Session ID has been created and loaded into a cookie called MSO.\n
Action.c(105):      Also, the server options have been loaded into the cookie called\n
Action.c(105):      MSO as well.  The server options can be set via the Admin page.\n
Action.c(105):      --->\n
Action.c(105):     \n
Action.c(105):     <html>\n
Action.c(105):     <title>Web Tours</title>\n
Action.c(105):        <!-- Frame Set -->\n
Action.c(105):        <frameset cols="160,*" border="1" frameborder="1">\n
Action.c(105):           <!-- Navigation Frame -->\n
Action.c(105):           <frame src="nav.pl?in=home" name="navbar" marginheight="2" marginwidth="2" \n
Action.c(105):                 noresize="noresize" scrolling="auto"/>\n
Action.c(105):           <!-- Home Frame -->\n
Action.c(105):           <frame src="/WebTours/home.html" name="info" marginheight="2" marginwidth="2" \n
Action.c(105):                 noresize="noresize" scrolling="auto"/>\n
Action.c(105):        </frameset>\n
Action.c(105):     </html>\n
Action.c(105):     \n
Action.c(105):     </body>\n
Action.c(105):     </html>
Action.c(105): Detected non-resource "http://localhost:1080/cgi-bin/nav.pl?in=home" in "http://localhost:1080/cgi-bin/welcome.pl?signOff=1"  	[MsgId: MMSG-26574]
Action.c(105): Detected non-resource "http://localhost:1080/WebTours/home.html" in "http://localhost:1080/cgi-bin/welcome.pl?signOff=1"  	[MsgId: MMSG-26574]
Action.c(105): Retrieving data from cache for "http://localhost:1080/WebTours/home.html"  	[MsgId: MMSG-26558]
Action.c(105): t=284943ms: 1361-byte response body retrieved from cache for "http://localhost:1080/WebTours/home.html" (RelFrameId=1.2, Internal ID=42)
Action.c(105):     <HTML>\n
Action.c(105):     <HEAD>\n
Action.c(105):     \t<title>Web Tours</title>\n
Action.c(105):     </HEAD>\n
Action.c(105):     <style>\n
Action.c(105):     \tblockquote {font-family: tahoma; font-size : 10pt}\n
Action.c(105):     \tH1 {font-family: tahoma; font-size : 22pt; color: #003366}\n
Action.c(105):     \tsmall {font-family: tahoma; font-size : 8pt}\n
Action.c(105):     \tH3{font-family: tahoma; font-size : 10pt; color: black}\n
Action.c(105):     \tA {FONT-WEIGHT: bold; FONT-SIZE: 10pt; COLOR: black; FONT-FAMILY: Tahoma; TEXT-DECORATIO
Action.c(105):     N: none}\n
Action.c(105):     \tA:hover{ FONT-WEIGHT: bold; FONT-SIZE: 10pt; COLOR: #993333; FONT-FAMILY: Tahoma;TEXT-DE
Action.c(105):     CORATION: underline}\n
Action.c(105):     \tTD {font-family: tahoma; font-size : 10pt; color: black}\n
Action.c(105):     </style>\n
Action.c(105):     <body bgcolor="#e0e7f1">\n
Action.c(105):     <BR/>\n
Action.c(105):     <BR/>\n
Action.c(105):     <BR/>\n
Action.c(105):     <br/>\n
Action.c(105):     <table border="0">\n
Action.c(105):     <tr><td></td></tr>\n
Action.c(105):     <TR><TD></TD></TR>\n
Action.c(105):     <TR><TD>\n
Action.c(105):     <blockquote>\n
Action.c(105):     <H1><b>Web Tours</b></H1>\n
Action.c(105):     Welcome to the Web Tours site.\n
Action.c(105):     <br/>\n
Action.c(105):     To make reservations,please enter your account information to the left.\n
Action.c(105):     <br/>\n
Action.c(105):     If you haven't registered yet, <A href="/cgi-bin/login.pl?username=&amp;password=&amp;getI
Action.c(105):     nfo=true" ><B>sign up now</B></A> to get access to all our resources.\n
Action.c(105):     <br/>\n
Action.c(105):     To configure the server options, use <A href="/cgi-bin/admin.pl" target="body" ><b>adminis
Action.c(105):     tration</b></A> link.\n
Action.c(105):     <br/><br/><br/><br/><br/><br/>\n
Action.c(105):     <br/><small>\n
Action.c(105):     This product uses parts of the SMT Kernel, Copyright (c) 1991-99 <A href="http://www.imati
Action.c(105):     x.com" target="new"><B><small>iMatix Corporation</small></B></A> \n
Action.c(105):     </small>\n
Action.c(105):     </blockquote></TD>\n
Action.c(105):     <TD></TD></TR>\n
Action.c(105):     </table>\n
Action.c(105):     </body>\n
Action.c(105):     </HTML>\n
Action.c(105): t=284945ms: Connecting [1] to host 127.0.0.1:1080  	[MsgId: MMSG-26000]
Action.c(105): t=284945ms: 5-byte chunked response overhead for "http://localhost:1080/cgi-bin/welcome.pl?signOff=1" (RelFrameId=1, Internal ID=40)
Action.c(105):     0\r\n
Action.c(105):     \r\n
Action.c(105): t=284946ms: Request done "http://localhost:1080/cgi-bin/welcome.pl?signOff=1"  	[MsgId: MMSG-26000]
Action.c(105): t=284946ms: Connected socket [1] from 127.0.0.1:9434 to 127.0.0.1:1080 in 1 ms  	[MsgId: MMSG-26000]
Action.c(105): t=284946ms: 413-byte request headers for "http://localhost:1080/cgi-bin/nav.pl?in=home" (RelFrameId=1.1, Internal ID=41)
Action.c(105):     GET /cgi-bin/nav.pl?in=home HTTP/1.1\r\n
Action.c(105):     Referer: http://localhost:1080/cgi-bin/welcome.pl?signOff=1\r\n
Action.c(105):     Priority: u=4\r\n
Action.c(105):     Upgrade-Insecure-Requests: 1\r\n
Action.c(105):     User-Agent: Mozilla/5.0 (Windows NT 10.0; Win64; x64; rv:130.0) Gecko/20100101 Firefox/130
Action.c(105):     .0\r\n
Action.c(105):     Accept-Encoding: gzip, deflate\r\n
Action.c(105):     Accept-Language: ru-RU,ru;q=0.8,en-US;q=0.5,en;q=0.3\r\n
Action.c(105):     Accept: */*\r\n
Action.c(105):     Connection: Keep-Alive\r\n
Action.c(105):     Host: localhost:1080\r\n
Action.c(105):     Cookie: MSO=SID&1728389480\r\n
Action.c(105):     \r\n
Action.c(105): t=285025ms: 256-byte response headers for "http://localhost:1080/cgi-bin/nav.pl?in=home" (RelFrameId=1.1, Internal ID=41)
Action.c(105):     HTTP/1.1 200 OK\r\n
Action.c(105):     Date: Tue, 08 Oct 2024 12:11:20 GMT\r\n
Action.c(105):     Server: Apache/2.2.21 (Win32)\r\n
Action.c(105):     Expires: Mon, 07 Oct 2024 12:11:20 GMT\r\n
Action.c(105):     Keep-Alive: timeout=5, max=100\r\n
Action.c(105):     Connection: Keep-Alive\r\n
Action.c(105):     Transfer-Encoding: chunked\r\n
Action.c(105):     Content-Type: text/html; charset=ISO-8859-1\r\n
Action.c(105):     \r\n
Action.c(105): t=285025ms: 5-byte chunked response overhead for "http://localhost:1080/cgi-bin/nav.pl?in=home" (RelFrameId=1.1, Internal ID=41)
Action.c(105):     5cf\r\n
Action.c(105): t=285025ms: 2-byte chunked response overhead for "http://localhost:1080/cgi-bin/nav.pl?in=home" (RelFrameId=1.1, Internal ID=41)
Action.c(105):     \r\n
Action.c(105): t=285025ms: 1487-byte chunked response body for "http://localhost:1080/cgi-bin/nav.pl?in=home" (RelFrameId=1.1, Internal ID=41)
Action.c(105):     <!DOCTYPE html\n
Action.c(105):     \tPUBLIC "-//W3C//DTD XHTML 1.0 Transitional//EN"\n
Action.c(105):     \t "http://www.w3.org/TR/xhtml1/DTD/xhtml1-transitional.dtd">\n
Action.c(105):     <html xmlns="http://www.w3.org/1999/xhtml" lang="en-US" xml:lang="en-US">\n
Action.c(105):     <head>\n
Action.c(105):     <title>Web Tours Navigation Bar</title>\n
Action.c(105):     <meta http-equiv="Content-Type" content="text/html; charset=iso-8859-1" />\n
Action.c(105):     </head>\n
Action.c(105):     <body bgcolor="#E0E7F1">\n
Action.c(105):     <style>\n
Action.c(105):     blockquote {font-family: tahoma; font-size : 10pt}\n
Action.c(105):     H1 {font-family: tahoma; font-size : 22pt; color: #993333}\n
Action.c(105):     H3 {font-family: tahoma; font-size : 10pt; color: black}\n
Action.c(105):     small {font-family: tahoma; font-size : 8pt}\n
Action.c(105):     </style>\n
Action.c(105):     <form method="post" action="/cgi-bin/login.pl" target="body">\n
Action.c(105):     <input type="hidden" name="userSession" value="140007.248278655HcAVzccpiDDDDDDDtDcAQpHDH"/
Action.c(105):     >\n
Action.c(105):     <table border="0"><tr><td>&nbsp;</td>\n
Action.c(105):     <td>&nbsp;</td></tr>\n
Action.c(105):     <tr><td>&nbsp;</td>\n
Action.c(105):     <td>&nbsp;</td></tr>\n
Action.c(105):     <tr><td>&nbsp;</td>\n
Action.c(105):     <td><small>&nbsp;Username</small></td></tr>\n
Action.c(105):     <tr><td>&nbsp;</td>\n
Action.c(105):     <td><input type="text" name="username" value="" size="14" maxlength="14"/></td></tr>\n
Action.c(105):     <tr><td>&nbsp;</td>\n
Action.c(105):     <td><small>&nbsp;Password</small></td>\n
Action.c(105):     <tr><td>&nbsp;</td>\n
Action.c(105):     <td><input type="password" name="password" value="" size="14" maxlength="14"/></td></tr>\n
Action.c(105):     <tr><td>&nbsp;</td>\n
Action.c(105):     <td>&nbsp;</td></tr>\n
Action.c(105):     <tr><td>&nbsp;</td>\n
Action.c(105):     <td><input type="image" name="login" value="Login" alt="Login" border="1" \n
Action.c(105):     src="/WebTours/images/mer_login.gif"/></td></tr>\n
Action.c(105):     <tr><td>&nbsp;</td><td>&nbsp;</td></tr>\n
Action.c(105):     </table><input type="hidden" name="JSFormSubmit" value="off"/>\n
Action.c(105):     </form>\n
Action.c(105):     \n
Action.c(105):     </body>\n
Action.c(105):     </html>\n
Action.c(105): Resource "http://localhost:1080/WebTours/images/mer_login.gif" is in the cache already and will not be downloaded again  	[MsgId: MMSG-26655]
Action.c(105): t=285029ms: 5-byte chunked response overhead for "http://localhost:1080/cgi-bin/nav.pl?in=home" (RelFrameId=1.1, Internal ID=41)
Action.c(105):     0\r\n
Action.c(105):     \r\n
Action.c(105): t=285029ms: Request done "http://localhost:1080/cgi-bin/nav.pl?in=home"  	[MsgId: MMSG-26000]
Action.c(105): Registered web_reg_find successful for "Text=Welcome to the Web Tours site." (count=1)  	[MsgId: MMSG-26364]
Action.c(105): web_image("SignOff Button") was successful, 2173 body bytes, 583 header bytes, 24 chunking overhead bytes  	[MsgId: MMSG-26385]
Action.c(110): Notify: Transaction "logout" ended with a "Pass" status (Duration: 0,1511 Wasted Time: 0,0000).	[MsgId: MMSG-16871]
Action.c(111): Notify: Transaction "UC02_search_tickets" ended with a "Pass" status (Duration: 40,6284 Think Time: 32,0459 Wasted Time: 0,0025).	[MsgId: MMSG-16870]
Ending action Action.	[MsgId: MMSG-15918]
Action was aborted.	[MsgId: MMSG-10694]
Ending Vuser...	[MsgId: MMSG-15966]
Starting action vuser_end.	[MsgId: MMSG-15919]
Ending action vuser_end.	[MsgId: MMSG-15918]
Vuser Terminated.	[MsgId: MMSG-15963]
t=285029ms: Closed connection [0] to localhost:1080 after completing 2 request(s)  	[MsgId: MMSG-26000]
t=285030ms: Closed connection [1] to localhost:1080 after completing 1 request(s)  	[MsgId: MMSG-26000]
HTML-Mode memory management statistics: Reusable=8, NonReusable=0, CsMemBlockSize=4096, checks disabled  	[MsgId: MMSG-26000]
Vuser 4 (thread 3184), ended OK."	[MsgId: MMSG-10695]
Action.c(101): Notify: Transaction "logout" started.	[MsgId: MMSG-16999]
Action.c(103): web_reg_find started  	[MsgId: MMSG-26355]
Action.c(103): Registering web_reg_find was successful  	[MsgId: MMSG-26390]
Action.c(105): web_image("SignOff Button") started  	[MsgId: MMSG-26355]
Action.c(105): Image-linking to "http://localhost:1080/cgi-bin/welcome.pl?signOff=1", Target Frame="body"  	[MsgId: MMSG-27993]
Action.c(105): t=285069ms: Already connected [0] to localhost:1080  	[MsgId: MMSG-26000]
Action.c(105): t=285069ms: 529-byte request headers for "http://localhost:1080/cgi-bin/welcome.pl?signOff=1" (RelFrameId=1, Internal ID=124)
Action.c(105):     GET /cgi-bin/welcome.pl?signOff=1 HTTP/1.1\r\n
Action.c(105):     Referer: http://localhost:1080/cgi-bin/nav.pl?page=menu&in=flights\r\n
Action.c(105):     Priority: u=4\r\n
Action.c(105):     Upgrade-Insecure-Requests: 1\r\n
Action.c(105):     User-Agent: Mozilla/5.0 (Windows NT 10.0; Win64; x64; rv:130.0) Gecko/20100101 Firefox/130
Action.c(105):     .0\r\n
Action.c(105):     Accept-Encoding: gzip, deflate\r\n
Action.c(105):     Accept-Language: ru-RU,ru;q=0.8,en-US;q=0.5,en;q=0.3\r\n
Action.c(105):     Accept: */*\r\n
Action.c(105):     Connection: Keep-Alive\r\n
Action.c(105):     Host: localhost:1080\r\n
Action.c(105):     Cookie: MSO=SID&1728389446; MTUserInfo=firstName&&address2&&username&jojo7&hash&87&lastNam
Action.c(105):     e&%0A&address1&&creditCard&&expDate&%0A\r\n
Action.c(105):     \r\n
Action.c(105): t=285141ms: 327-byte response headers for "http://localhost:1080/cgi-bin/welcome.pl?signOff=1" (RelFrameId=1, Internal ID=124)
Action.c(105):     HTTP/1.1 200 OK\r\n
Action.c(105):     Date: Tue, 08 Oct 2024 12:11:20 GMT\r\n
Action.c(105):     Server: Apache/2.2.21 (Win32)\r\n
Action.c(105):     Set-Cookie: MSO=SID&1728389480; path=/\r\n
Action.c(105):     Set-Cookie: MTUserInfo=; path=/; expires=Mon, 07-Oct-2024 12:11:20 GMT\r\n
Action.c(105):     Keep-Alive: timeout=5, max=99\r\n
Action.c(105):     Connection: Keep-Alive\r\n
Action.c(105):     Transfer-Encoding: chunked\r\n
Action.c(105):     Content-Type: text/html; charset=ISO-8859-1\r\n
Action.c(105):     \r\n
Action.c(105): t=285141ms: 5-byte chunked response overhead for "http://localhost:1080/cgi-bin/welcome.pl?signOff=1" (RelFrameId=1, Internal ID=124)
Action.c(105):     2ae\r\n
Action.c(105): t=285141ms: 2-byte chunked response overhead for "http://localhost:1080/cgi-bin/welcome.pl?signOff=1" (RelFrameId=1, Internal ID=124)
Action.c(105):     \r\n
Action.c(105): t=285141ms: 686-byte chunked response body for "http://localhost:1080/cgi-bin/welcome.pl?signOff=1" (RelFrameId=1, Internal ID=124)
Action.c(105):     <!-- \n
Action.c(105):      A Session ID has been created and loaded into a cookie called MSO.\n
Action.c(105):      Also, the server options have been loaded into the cookie called\n
Action.c(105):      MSO as well.  The server options can be set via the Admin page.\n
Action.c(105):      --->\n
Action.c(105):     \n
Action.c(105):     <html>\n
Action.c(105):     <title>Web Tours</title>\n
Action.c(105):        <!-- Frame Set -->\n
Action.c(105):        <frameset cols="160,*" border="1" frameborder="1">\n
Action.c(105):           <!-- Navigation Frame -->\n
Action.c(105):           <frame src="nav.pl?in=home" name="navbar" marginheight="2" marginwidth="2" \n
Action.c(105):                 noresize="noresize" scrolling="auto"/>\n
Action.c(105):           <!-- Home Frame -->\n
Action.c(105):           <frame src="/WebTours/home.html" name="info" marginheight="2" marginwidth="2" \n
Action.c(105):                 noresize="noresize" scrolling="auto"/>\n
Action.c(105):        </frameset>\n
Action.c(105):     </html>\n
Action.c(105):     \n
Action.c(105):     </body>\n
Action.c(105):     </html>
Action.c(105): Detected non-resource "http://localhost:1080/cgi-bin/nav.pl?in=home" in "http://localhost:1080/cgi-bin/welcome.pl?signOff=1"  	[MsgId: MMSG-26574]
Action.c(105): Detected non-resource "http://localhost:1080/WebTours/home.html" in "http://localhost:1080/cgi-bin/welcome.pl?signOff=1"  	[MsgId: MMSG-26574]
Action.c(105): Retrieving data from cache for "http://localhost:1080/WebTours/home.html"  	[MsgId: MMSG-26558]
Action.c(105): t=285142ms: 1361-byte response body retrieved from cache for "http://localhost:1080/WebTours/home.html" (RelFrameId=1.2, Internal ID=126)
Action.c(105):     <HTML>\n
Action.c(105):     <HEAD>\n
Action.c(105):     \t<title>Web Tours</title>\n
Action.c(105):     </HEAD>\n
Action.c(105):     <style>\n
Action.c(105):     \tblockquote {font-family: tahoma; font-size : 10pt}\n
Action.c(105):     \tH1 {font-family: tahoma; font-size : 22pt; color: #003366}\n
Action.c(105):     \tsmall {font-family: tahoma; font-size : 8pt}\n
Action.c(105):     \tH3{font-family: tahoma; font-size : 10pt; color: black}\n
Action.c(105):     \tA {FONT-WEIGHT: bold; FONT-SIZE: 10pt; COLOR: black; FONT-FAMILY: Tahoma; TEXT-DECORATIO
Action.c(105):     N: none}\n
Action.c(105):     \tA:hover{ FONT-WEIGHT: bold; FONT-SIZE: 10pt; COLOR: #993333; FONT-FAMILY: Tahoma;TEXT-DE
Action.c(105):     CORATION: underline}\n
Action.c(105):     \tTD {font-family: tahoma; font-size : 10pt; color: black}\n
Action.c(105):     </style>\n
Action.c(105):     <body bgcolor="#e0e7f1">\n
Action.c(105):     <BR/>\n
Action.c(105):     <BR/>\n
Action.c(105):     <BR/>\n
Action.c(105):     <br/>\n
Action.c(105):     <table border="0">\n
Action.c(105):     <tr><td></td></tr>\n
Action.c(105):     <TR><TD></TD></TR>\n
Action.c(105):     <TR><TD>\n
Action.c(105):     <blockquote>\n
Action.c(105):     <H1><b>Web Tours</b></H1>\n
Action.c(105):     Welcome to the Web Tours site.\n
Action.c(105):     <br/>\n
Action.c(105):     To make reservations,please enter your account information to the left.\n
Action.c(105):     <br/>\n
Action.c(105):     If you haven't registered yet, <A href="/cgi-bin/login.pl?username=&amp;password=&amp;getI
Action.c(105):     nfo=true" ><B>sign up now</B></A> to get access to all our resources.\n
Action.c(105):     <br/>\n
Action.c(105):     To configure the server options, use <A href="/cgi-bin/admin.pl" target="body" ><b>adminis
Action.c(105):     tration</b></A> link.\n
Action.c(105):     <br/><br/><br/><br/><br/><br/>\n
Action.c(105):     <br/><small>\n
Action.c(105):     This product uses parts of the SMT Kernel, Copyright (c) 1991-99 <A href="http://www.imati
Action.c(105):     x.com" target="new"><B><small>iMatix Corporation</small></B></A> \n
Action.c(105):     </small>\n
Action.c(105):     </blockquote></TD>\n
Action.c(105):     <TD></TD></TR>\n
Action.c(105):     </table>\n
Action.c(105):     </body>\n
Action.c(105):     </HTML>\n
Action.c(105): t=285144ms: Connecting [1] to host 127.0.0.1:1080  	[MsgId: MMSG-26000]
Action.c(105): t=285144ms: 5-byte chunked response overhead for "http://localhost:1080/cgi-bin/welcome.pl?signOff=1" (RelFrameId=1, Internal ID=124)
Action.c(105):     0\r\n
Action.c(105):     \r\n
Action.c(105): t=285144ms: Request done "http://localhost:1080/cgi-bin/welcome.pl?signOff=1"  	[MsgId: MMSG-26000]
Action.c(105): t=285145ms: Connected socket [1] from 127.0.0.1:9435 to 127.0.0.1:1080 in 1 ms  	[MsgId: MMSG-26000]
Action.c(105): t=285145ms: 413-byte request headers for "http://localhost:1080/cgi-bin/nav.pl?in=home" (RelFrameId=1.1, Internal ID=125)
Action.c(105):     GET /cgi-bin/nav.pl?in=home HTTP/1.1\r\n
Action.c(105):     Referer: http://localhost:1080/cgi-bin/welcome.pl?signOff=1\r\n
Action.c(105):     Priority: u=4\r\n
Action.c(105):     Upgrade-Insecure-Requests: 1\r\n
Action.c(105):     User-Agent: Mozilla/5.0 (Windows NT 10.0; Win64; x64; rv:130.0) Gecko/20100101 Firefox/130
Action.c(105):     .0\r\n
Action.c(105):     Accept-Encoding: gzip, deflate\r\n
Action.c(105):     Accept-Language: ru-RU,ru;q=0.8,en-US;q=0.5,en;q=0.3\r\n
Action.c(105):     Accept: */*\r\n
Action.c(105):     Connection: Keep-Alive\r\n
Action.c(105):     Host: localhost:1080\r\n
Action.c(105):     Cookie: MSO=SID&1728389480\r\n
Action.c(105):     \r\n
Action.c(105): t=285209ms: 256-byte response headers for "http://localhost:1080/cgi-bin/nav.pl?in=home" (RelFrameId=1.1, Internal ID=125)
Action.c(105):     HTTP/1.1 200 OK\r\n
Action.c(105):     Date: Tue, 08 Oct 2024 12:11:20 GMT\r\n
Action.c(105):     Server: Apache/2.2.21 (Win32)\r\n
Action.c(105):     Expires: Mon, 07 Oct 2024 12:11:20 GMT\r\n
Action.c(105):     Keep-Alive: timeout=5, max=100\r\n
Action.c(105):     Connection: Keep-Alive\r\n
Action.c(105):     Transfer-Encoding: chunked\r\n
Action.c(105):     Content-Type: text/html; charset=ISO-8859-1\r\n
Action.c(105):     \r\n
Action.c(105): t=285209ms: 5-byte chunked response overhead for "http://localhost:1080/cgi-bin/nav.pl?in=home" (RelFrameId=1.1, Internal ID=125)
Action.c(105):     5cf\r\n
Action.c(105): t=285209ms: 2-byte chunked response overhead for "http://localhost:1080/cgi-bin/nav.pl?in=home" (RelFrameId=1.1, Internal ID=125)
Action.c(105):     \r\n
Action.c(105): t=285209ms: 1487-byte chunked response body for "http://localhost:1080/cgi-bin/nav.pl?in=home" (RelFrameId=1.1, Internal ID=125)
Action.c(105):     <!DOCTYPE html\n
Action.c(105):     \tPUBLIC "-//W3C//DTD XHTML 1.0 Transitional//EN"\n
Action.c(105):     \t "http://www.w3.org/TR/xhtml1/DTD/xhtml1-transitional.dtd">\n
Action.c(105):     <html xmlns="http://www.w3.org/1999/xhtml" lang="en-US" xml:lang="en-US">\n
Action.c(105):     <head>\n
Action.c(105):     <title>Web Tours Navigation Bar</title>\n
Action.c(105):     <meta http-equiv="Content-Type" content="text/html; charset=iso-8859-1" />\n
Action.c(105):     </head>\n
Action.c(105):     <body bgcolor="#E0E7F1">\n
Action.c(105):     <style>\n
Action.c(105):     blockquote {font-family: tahoma; font-size : 10pt}\n
Action.c(105):     H1 {font-family: tahoma; font-size : 22pt; color: #993333}\n
Action.c(105):     H3 {font-family: tahoma; font-size : 10pt; color: black}\n
Action.c(105):     small {font-family: tahoma; font-size : 8pt}\n
Action.c(105):     </style>\n
Action.c(105):     <form method="post" action="/cgi-bin/login.pl" target="body">\n
Action.c(105):     <input type="hidden" name="userSession" value="140007.248278655HcAVzccpiDDDDDDDtDcAQpHDH"/
Action.c(105):     >\n
Action.c(105):     <table border="0"><tr><td>&nbsp;</td>\n
Action.c(105):     <td>&nbsp;</td></tr>\n
Action.c(105):     <tr><td>&nbsp;</td>\n
Action.c(105):     <td>&nbsp;</td></tr>\n
Action.c(105):     <tr><td>&nbsp;</td>\n
Action.c(105):     <td><small>&nbsp;Username</small></td></tr>\n
Action.c(105):     <tr><td>&nbsp;</td>\n
Action.c(105):     <td><input type="text" name="username" value="" size="14" maxlength="14"/></td></tr>\n
Action.c(105):     <tr><td>&nbsp;</td>\n
Action.c(105):     <td><small>&nbsp;Password</small></td>\n
Action.c(105):     <tr><td>&nbsp;</td>\n
Action.c(105):     <td><input type="password" name="password" value="" size="14" maxlength="14"/></td></tr>\n
Action.c(105):     <tr><td>&nbsp;</td>\n
Action.c(105):     <td>&nbsp;</td></tr>\n
Action.c(105):     <tr><td>&nbsp;</td>\n
Action.c(105):     <td><input type="image" name="login" value="Login" alt="Login" border="1" \n
Action.c(105):     src="/WebTours/images/mer_login.gif"/></td></tr>\n
Action.c(105):     <tr><td>&nbsp;</td><td>&nbsp;</td></tr>\n
Action.c(105):     </table><input type="hidden" name="JSFormSubmit" value="off"/>\n
Action.c(105):     </form>\n
Action.c(105):     \n
Action.c(105):     </body>\n
Action.c(105):     </html>\n
Action.c(105): Resource "http://localhost:1080/WebTours/images/mer_login.gif" is in the cache already and will not be downloaded again  	[MsgId: MMSG-26655]
Action.c(105): t=285213ms: 5-byte chunked response overhead for "http://localhost:1080/cgi-bin/nav.pl?in=home" (RelFrameId=1.1, Internal ID=125)
Action.c(105):     0\r\n
Action.c(105):     \r\n
Action.c(105): t=285213ms: Request done "http://localhost:1080/cgi-bin/nav.pl?in=home"  	[MsgId: MMSG-26000]
Action.c(105): Registered web_reg_find successful for "Text=Welcome to the Web Tours site." (count=1)  	[MsgId: MMSG-26364]
Action.c(105): web_image("SignOff Button") was successful, 2173 body bytes, 583 header bytes, 24 chunking overhead bytes  	[MsgId: MMSG-26385]
Action.c(110): Notify: Transaction "logout" ended with a "Pass" status (Duration: 0,1446 Wasted Time: 0,0000).	[MsgId: MMSG-16871]
Action.c(111): Notify: Transaction "UC02_search_tickets" ended with a "Pass" status (Duration: 39,7717 Think Time: 32,0269 Wasted Time: 0,0022).	[MsgId: MMSG-16870]
Ending action Action.	[MsgId: MMSG-15918]
Action was aborted.	[MsgId: MMSG-10694]
Ending Vuser...	[MsgId: MMSG-15966]
Starting action vuser_end.	[MsgId: MMSG-15919]
Ending action vuser_end.	[MsgId: MMSG-15918]
Vuser Terminated.	[MsgId: MMSG-15963]
t=285214ms: Closed connection [0] to localhost:1080 after completing 2 request(s)  	[MsgId: MMSG-26000]
t=285215ms: Closed connection [1] to localhost:1080 after completing 1 request(s)  	[MsgId: MMSG-26000]
HTML-Mode memory management statistics: Reusable=8, NonReusable=0, CsMemBlockSize=4096, checks disabled  	[MsgId: MMSG-26000]
Vuser 1 (thread 12296), ended OK."	[MsgId: MMSG-10695]
