Action.c(127):       </TD>\n
Action.c(127):       <TD width="5%" >.<br/>.<br/>.<br/>.</TD>\n
Action.c(127):       <TD width="45%" valign=top><b>Invoice sent to:</b><br/>\n
Action.c(127):           <center>\n
Action.c(127):           <Table width="80%" cellspacing="0" > <tr> <td>\n
Action.c(127):               Alex Sames\n
Action.c(127):     <br/>\n
Action.c(127):               RFirst street<br/>\n
Action.c(127):               Moscow<br/>\n
Action.c(127):               <br/>\n
Action.c(127):               Total Charge: $ 255 <BR/> (CC: x-9791)\n
Action.c(127):           </td> </tr> </table>\n
Action.c(127):           </center>\n
Action.c(127):       </TD>\n
Action.c(127):     </TR>\n
Action.c(127):     <TR bgcolor="#EFF2F7">\n
Action.c(127):       <TD COLSPAN="3">\n
Action.c(127):       <b>Flight Details:</b><BR/>  <center>\n
Action.c(127):       10/22/2024\n
Action.c(127):      :  1pm : Flight 911 leaves Zurich  for Frankfurt.<br>  </center>\n
Action.c(127):       </TD>\n
Action.c(127):     </TR>\n
Action.c(127):     \n
Action.c(127):     <TR bgcolor="#EFF2F7">\n
Action.c(127):       <TD COLSPAN="4">\n
Action.c(127):       <hr/>\n
Action.c(127):       </TD>\n
Action.c(127):     </TR>\n
Action.c(127):     \n
Action.c(127):     <!-- Flight #1 -->\n
Action.c(127):     <TR bgcolor="#EFF2F7">\n
Action.c(127):       <TD width="5%" rowspan="2" align="left" valign="top">\n
Action.c(127):     <b>\n
Action.c(127):     <label><input type="checkbox" name="583" value="on" /></label></font></b>\n
Action.c(127):     <input type="hidden" name="flightID" value="362662978-448493-AS"  />\n
Action.c(127):       </TD>\n
Action.c(127):       <TD width="45%" valign="top">\n
Action.c(127):           <b>&nbsp;&nbsp;A Coach class ticket for :</b><br/>\n
Action.c(127):           <center><table border="0" width="85%"><tr><td>\n
Action.c(127):           <li><i>Alex Sames\n
Action.c(127):           <li><i></i>\n
Action.c(127):           </td></tr></table></center>\n
Action.c(127):       </TD>\n
Action.c(127):       <TD width="5%" >.<br/>.<br/>.<br/>.</TD>\n
Action.c(127):       <TD width="45%" valign=top><b>Invoice sent to:</b><br/>\n
Action.c(127):           <center>\n
Action.c(127):           <Table width="80%" cellspacing="0" > <tr> <td>\n
Action.c(127):               Alex Sames\n
Action.c(127):     <br/>\n
Action.c(127):               RFirst street<br/>\n
Action.c(127):               Moscow<br/>\n
Action.c(127):               <br/>\n
Action.c(127):               Total Charge: $ 421 <BR/> (CC: x-9791)\n
Action.c(127):           </td> </tr> </table>\n
Action.c(127):           </center>\n
Action.c(127):       </TD>\n
Action.c(127):     </TR>\n
Action.c(127):     <TR bgcolor="#EFF2F7">\n
Action.c(127):       <TD COLSPAN="3">\n
Action.c(127):       <b>Flight Details:</b><BR/>  <center>\n
Action.c(127):       10/22/2024\n
Action.c(127):      :  8am : Flight 900 leaves Zurich  for Denver.<br>  </center>\n
Action.c(127):       </TD>\n
Action.c(127):     </TR>\n
Action.c(127):     \n
Action.c(127):     <TR bgcolor="#EFF2F7">\n
Action.c(127):       <TD COLSPAN="4">\n
Action.c(127):       <hr/>\n
Action.c(127):       </TD>\n
Action.c(127):     </TR>\n
Action.c(127):     \n
Action.c(127):     <!-- Flight #1 -->\n
Action.c(127):     <TR bgcolor="#EFF2F7">\n
Action.c(127):       <TD width="5%" rowspan="2" align="left" valign="top">\n
Action.c(127):     <b>\n
Action.c(127):     <label><input type="checkbox" name="584" value="on" /></label></font></b>\n
Action.c(127):     <input type="hidden" name="flightID" value="362643342-449250-AS"  />\n
Action.c(127):       </TD>\n
Action.c(127):       <TD width="45%" valign="top">\n
Action.c(127):           <b>&nbsp;&nbsp;A Business class ticket for :</b><br/>\n
Action.c(127):           <center><table border="0" width="85%"><tr><td>\n
Action.c(127):           <li><i>Alex Sames\n
Action.c(127):           <li><i></i>\n
Action.c(127):           </td></tr></table></center>\n
Action.c(127):       </TD>\n
Action.c(127):       <TD width="5%" >.<br/>.<br/>.<br/>.</TD>\n
Action.c(127):       <TD width="45%" valign=top><b>Invoice sent to:</b><br/>\n
Action.c(127):           <center>\n
Action.c(127):           <Table width="80%" cellspacing="0" > <tr> <td>\n
Action.c(127):               Alex Sames\n
Action.c(127):     <br/>\n
Action.c(127):               RFirst street<br/>\n
Action.c(127):               Moscow<br/>\n
Action.c(127):               <br/>\n
Action.c(127):               Total Charge: $ 253 <BR/> (CC: x-9791)\n
Action.c(127):           </td> </tr> </table>\n
Action.c(127):           </center>\n
Action.c(127):       </TD>\n
Action.c(127):     </TR>\n
Action.c(127):     <TR bgcolor="#EFF2F7">\n
Action.c(127):       <TD COLSPAN="3">\n
Action.c(127):       <b>Flight Details:</b><BR/>  <center>\n
Action.c(127):       10/22/2024\n
Action.c(127):      :  8am : Flight 370 leaves Los Angeles  for Seattle.<br>  </center>\n
Action.c(127):       </TD>\n
Action.c(127):     </TR>\n
Action.c(127):     \n
Action.c(127):     <TR bgcolor="#EFF2F7">\n
Action.c(127):       <TD COLSPAN="4">\n
Action.c(127):       <hr/>\n
Action.c(127):       </TD>\n
Action.c(127):     </TR>\n
Action.c(127):     \n
Action.c(127):     <!-- Flight #1 -->\n
Action.c(127):     <TR bgcolor="#EFF2F7">\n
Action.c(127):       <TD width="5%" rowspan="2" align="left" valign="top">\n
Action.c(127):     <b>\n
Action.c(127):     <label><input type="checkbox" name="585" value="on" /></label></font></b>\n
Action.c(127):     <input type="hidden" name="flightID" value="362642673-450014-AS"  />\n
Action.c(127):       </TD>\n
Action.c(127):       <TD width="45%" valign="top">\n
Action.c(127):           <b>&nbsp;&nbsp;A Coach class ticket for :</b><br/>\n
Action.c(127):           <center><table border="0" width="85%"><tr><td>\n
Action.c(127):           <li><i>Alex Sames\n
Action.c(127):           <li><i></i>\n
Action.c(127):           </td></tr></table></center>\n
Action.c(127):       </TD>\n
Action.c(127):       <TD width="5%" >.<br/>.<br/>.<br/>.</TD>\n
Action.c(127):       <TD width="45%" valign=top><b>Invoice sent to:</b><br/>\n
Action.c(127):           <center>\n
Action.c(127):           <Table width="80%" cellspacing="0" > <tr> <td>\n
Action.c(127):               Alex Sames\n
Action.c(127):     <br/>\n
Action.c(127):               RFirst street<br/>\n
Action.c(127):               Moscow<br/>\n
Action.c(127):               <br/>\n
Action.c(127):               Total Charge: $ 187 <BR/> (CC: x-9791)\n
Action.c(127):           </td> </tr> </table>\n
Action.c(127):           </center>\n
Action.c(127):       </TD>\n
Action.c(127):     </TR>\n
Action.c(127):     <TR bgcolor="#EFF2F7">\n
Action.c(127):       <TD COLSPAN="3">\n
Action.c(127):       <b>Flight Details:</b><BR/>  <center>\n
Action.c(127):       10/22/2024\n
Action.c(127):      :  5pm : Flight 352 leaves Los Angeles  for Portland.<br>  </center>\n
Action.c(127):       </TD>\n
Action.c(127):     </TR>\n
Action.c(127):     \n
Action.c(127):     <TR bgcolor="#EFF2F7">\n
Action.c(127):       <TD COLSPAN="4">\n
Action.c(127):       <hr/>\n
Action.c(127):       </TD>\n
Action.c(127):     </TR>\n
Action.c(127):     \n
Action.c(127):     <!-- Flight #1 -->\n
Action.c(127):     <TR bgcolor="#EFF2F7">\n
Action.c(127):       <TD width="5%" rowspan="2" align="left" valign="top">\n
Action.c(127):     <b>\n
Action.c(127):     <label><input type="checkbox" name="586" value="on" /></label></font></b>\n
Action.c(127):     <input type="hidden" name="flightID" value="362630461-450804-AS"  />\n
Action.c(127):       </TD>\n
Action.c(127):       <TD width="45%" valign="top">\n
Action.c(127):           <b>&nbsp;&nbsp;A Business class ticket for :</b><br/>\n
Action.c(127):           <center><table border="0" width="85%"><tr><td>\n
Action.c(127):           <li><i>Alex Sames\n
Action.c(127):           <li><i></i>\n
Action.c(127):           </td></tr></table></center>\n
Action.c(127):       </TD>\n
Action.c(127):       <TD width="5%" >.<br/>.<br/>.<br/>.</TD>\n
Action.c(127):       <TD width="45%" valign=top><b>Invoice sent to:</b><br/>\n
Action.c(127):           <center>\n
Action.c(127):           <Table width="80%" cellspacing="0" > <tr> <td>\n
Action.c(127):               Alex Sames\n
Action.c(127):     <br/>\n
Action.c(127):               RFirst street<br/>\n
Action.c(127):               Moscow<br/>\n
Action.c(127):               <br/>\n
Action.c(127):               Total Charge: $ 464 <BR/> (CC: x-9791)\n
Action.c(127):           </td> </tr> </table>\n
Action.c(127):           </center>\n
Action.c(127):       </TD>\n
Action.c(127):     </TR>\n
Action.c(127):     <TR bgcolor="#EFF2F7">\n
Action.c(127):       <TD COLSPAN="3">\n
Action.c(127):       <b>Flight Details:</b><BR/>  <center>\n
Action.c(127):       10/22/2024\n
Action.c(127):      :  5pm : Flight 022 leaves Denver  for London.<br>  </center>\n
Action.c(127):       </TD>\n
Action.c(127):     </TR>\n
Action.c(127):     \n
Action.c(127):     <TR bgcolor="#EFF2F7">\n
Action.c(127):       <TD COLSPAN="4">\n
Action.c(127):       <hr/>\n
Action.c(127):       </TD>\n
Action.c(127):     </TR>\n
Action.c(127):     \n
Action.c(127):     <!-- Flight #1 -->\n
Action.c(127):     <TR bgcolor="#EFF2F7">\n
Action.c(127):       <TD width="5%" rowspan="2" align="left" valign="top">\n
Action.c(127):     <b>\n
Action.c(127):     <label><input type="checkbox" name="587" value="on" /></label></font></b>\n
Action.c(127):     <input type="hidden" name="flightID" value="362666069-451606-AS"  />\n
Action.c(127):       </TD>\n
Action.c(127):       <TD width="45%" valign="top">\n
Action.c(127):           <b>&nbsp;&nbsp;A Coach class ticket for :</b><br/>\n
Action.c(127):           <center><table border="0" width="85%"><tr><td>\n
Action.c(127):           <li><i>Alex Sames\n
Action.c(127):           <li><i></i>\n
Action.c(127):           </td></tr></table></center>\n
Action.c(127):       </TD>\n
Action.c(127):       <TD width="5%" >.<br/>.<br/>.<br/>.</TD>\n
Action.c(127):       <TD width="45%" valign=top><b>Invoice sent to:</b><br/>\n
Action.c(127):           <center>\n
Action.c(127):           <Table width="80%" cellspacing="0" > <tr> <td>\n
Action.c(127):               Alex Sames\n
Action.c(127):     <br/>\n
Action.c(127):               RFirst street<br/>\n
Action.c(127):               Moscow<br/>\n
Action.c(127):               <br/>\n
Action.c(127):               Total Charge: $ 878 <BR/> (CC: x-9791)\n
Action.c(127):           </td> </tr> </table>\n
Action.c(127):           </center>\n
Action.c(127):       </TD>\n
Action.c(127):     </TR>\n
Action.c(127):     <TR bgcolor="#EFF2F7">\n
Action.c(127):       <TD COLSPAN="3">\n
Action.c(127):       <b>Flight Details:</b><BR/>  <center>\n
Action.c(127):       10/22/2024\n
Action.c(127):      :  11pm : Flight 983 leaves Zurich  for Sydney.<br>  </center>\n
Action.c(127):       </TD>\n
Action.c(127):     </TR>\n
Action.c(127):     \n
Action.c(127):     <TR bgcolor="#EFF2F7">\n
Action.c(127):       <TD COLSPAN="4">\n
Action.c(127):       <hr/>\n
Action.c(127):       </TD>\n
Action.c(127):     </TR>\n
Action.c(127):     \n
Action.c(127):     <!-- Flight #1 -->\n
Action.c(127):     <TR bgcolor="#EFF2F7">\n
Action.c(127):       <TD width="5%" rowspan="2" align="left" valign="top">\n
Action.c(127):     <b>\n
Action.c(127):     <label><input type="checkbox" name="588" value="on" /></label></font></b>\n
Action.c(127):     <input type="hidden" name="flightID" value="362634893-452317-AS"  />\n
Action.c(127):       </TD>\n
Action.c(127):       <TD width="45%" valign="top">\n
Action.c(127):           
Action.c(127): t=6958956ms: 8-byte chunked response overhead for "http://localhost:1080/cgi-bin/itinerary.pl" (RelFrameId=1.2, Internal ID=897)
Action.c(127):     \r\n
Action.c(127):     1000\r\n
Action.c(127): t=6958956ms: 8-byte chunked response overhead for "http://localhost:1080/cgi-bin/itinerary.pl" (RelFrameId=1.2, Internal ID=897)
Action.c(127):     \r\n
Action.c(127):     1000\r\n
Action.c(127): t=6958956ms: 8-byte chunked response overhead for "http://localhost:1080/cgi-bin/itinerary.pl" (RelFrameId=1.2, Internal ID=897)
Action.c(127):     \r\n
Action.c(127):     1000\r\n
Action.c(127): t=6958956ms: 12263-byte chunked response body for "http://localhost:1080/cgi-bin/itinerary.pl" (RelFrameId=1.2, Internal ID=897)
Action.c(127):     <b>&nbsp;&nbsp;A Coach class ticket for :</b><br/>\n
Action.c(127):           <center><table border="0" width="85%"><tr><td>\n
Action.c(127):           <li><i>Alex Sames\n
Action.c(127):           <li><i></i>\n
Action.c(127):           </td></tr></table></center>\n
Action.c(127):       </TD>\n
Action.c(127):       <TD width="5%" >.<br/>.<br/>.<br/>.</TD>\n
Action.c(127):       <TD width="45%" valign=top><b>Invoice sent to:</b><br/>\n
Action.c(127):           <center>\n
Action.c(127):           <Table width="80%" cellspacing="0" > <tr> <td>\n
Action.c(127):               Alex Sames\n
Action.c(127):     <br/>\n
Action.c(127):               RFirst street<br/>\n
Action.c(127):               Moscow<br/>\n
Action.c(127):               <br/>\n
Action.c(127):               Total Charge: $ 121 <BR/> (CC: x-9791)\n
Action.c(127):           </td> </tr> </table>\n
Action.c(127):           </center>\n
Action.c(127):       </TD>\n
Action.c(127):     </TR>\n
Action.c(127):     <TR bgcolor="#EFF2F7">\n
Action.c(127):       <TD COLSPAN="3">\n
Action.c(127):       <b>Flight Details:</b><BR/>  <center>\n
Action.c(127):       10/22/2024\n
Action.c(127):      :  5pm : Flight 142 leaves Frankfurt  for Paris.<br>  </center>\n
Action.c(127):       </TD>\n
Action.c(127):     </TR>\n
Action.c(127):     \n
Action.c(127):     <TR bgcolor="#EFF2F7">\n
Action.c(127):       <TD COLSPAN="4">\n
Action.c(127):       <hr/>\n
Action.c(127):       </TD>\n
Action.c(127):     </TR>\n
Action.c(127):     \n
Action.c(127):     <!-- Flight #1 -->\n
Action.c(127):     <TR bgcolor="#EFF2F7">\n
Action.c(127):       <TD width="5%" rowspan="2" align="left" valign="top">\n
Action.c(127):     <b>\n
Action.c(127):     <label><input type="checkbox" name="589" value="on" /></label></font></b>\n
Action.c(127):     <input type="hidden" name="flightID" value="362639723-453118-AS"  />\n
Action.c(127):       </TD>\n
Action.c(127):       <TD width="45%" valign="top">\n
Action.c(127):           <b>&nbsp;&nbsp;A Coach class ticket for :</b><br/>\n
Action.c(127):           <center><table border="0" width="85%"><tr><td>\n
Action.c(127):           <li><i>Alex Sames\n
Action.c(127):           <li><i></i>\n
Action.c(127):           </td></tr></table></center>\n
Action.c(127):       </TD>\n
Action.c(127):       <TD width="5%" >.<br/>.<br/>.<br/>.</TD>\n
Action.c(127):       <TD width="45%" valign=top><b>Invoice sent to:</b><br/>\n
Action.c(127):           <center>\n
Action.c(127):           <Table width="80%" cellspacing="0" > <tr> <td>\n
Action.c(127):               Alex Sames\n
Action.c(127):     <br/>\n
Action.c(127):               RFirst street<br/>\n
Action.c(127):               Moscow<br/>\n
Action.c(127):               <br/>\n
Action.c(127):               Total Charge: $ 534 <BR/> (CC: x-9791)\n
Action.c(127):           </td> </tr> </table>\n
Action.c(127):           </center>\n
Action.c(127):       </TD>\n
Action.c(127):     </TR>\n
Action.c(127):     <TR bgcolor="#EFF2F7">\n
Action.c(127):       <TD COLSPAN="3">\n
Action.c(127):       <b>Flight Details:</b><BR/>  <center>\n
Action.c(127):       10/22/2024\n
Action.c(127):      :  5pm : Flight 272 leaves London  for Seattle.<br>  </center>\n
Action.c(127):       </TD>\n
Action.c(127):     </TR>\n
Action.c(127):     \n
Action.c(127):     <TR bgcolor="#EFF2F7">\n
Action.c(127):       <TD COLSPAN="4">\n
Action.c(127):       <hr/>\n
Action.c(127):       </TD>\n
Action.c(127):     </TR>\n
Action.c(127):     \n
Action.c(127):     <!-- Flight #1 -->\n
Action.c(127):     <TR bgcolor="#EFF2F7">\n
Action.c(127):       <TD width="5%" rowspan="2" align="left" valign="top">\n
Action.c(127):     <b>\n
Action.c(127):     <label><input type="checkbox" name="590" value="on" /></label></font></b>\n
Action.c(127):     <input type="hidden" name="flightID" value="362644503-453891-AS"  />\n
Action.c(127):       </TD>\n
Action.c(127):       <TD width="45%" valign="top">\n
Action.c(127):           <b>&nbsp;&nbsp;A First class ticket for :</b><br/>\n
Action.c(127):           <center><table border="0" width="85%"><tr><td>\n
Action.c(127):           <li><i>Alex Sames\n
Action.c(127):           <li><i></i>\n
Action.c(127):           </td></tr></table></center>\n
Action.c(127):       </TD>\n
Action.c(127):       <TD width="5%" >.<br/>.<br/>.<br/>.</TD>\n
Action.c(127):       <TD width="45%" valign=top><b>Invoice sent to:</b><br/>\n
Action.c(127):           <center>\n
Action.c(127):           <Table width="80%" cellspacing="0" > <tr> <td>\n
Action.c(127):               Alex Sames\n
Action.c(127):     <br/>\n
Action.c(127):               RFirst street<br/>\n
Action.c(127):               Moscow<br/>\n
Action.c(127):               <br/>\n
Action.c(127):               Total Charge: $ 586 <BR/> (CC: x-9791)\n
Action.c(127):           </td> </tr> </table>\n
Action.c(127):           </center>\n
Action.c(127):       </TD>\n
Action.c(127):     </TR>\n
Action.c(127):     <TR bgcolor="#EFF2F7">\n
Action.c(127):       <TD COLSPAN="3">\n
Action.c(127):       <b>Flight Details:</b><BR/>  <center>\n
Action.c(127):       10/22/2024\n
Action.c(127):      :  1pm : Flight 401 leaves Paris  for Denver.<br>  </center>\n
Action.c(127):       </TD>\n
Action.c(127):     </TR>\n
Action.c(127):     \n
Action.c(127):     <TR bgcolor="#EFF2F7">\n
Action.c(127):       <TD COLSPAN="4">\n
Action.c(127):       <hr/>\n
Action.c(127):       </TD>\n
Action.c(127):     </TR>\n
Action.c(127):     \n
Action.c(127):     <!-- Flight #1 -->\n
Action.c(127):     <TR bgcolor="#EFF2F7">\n
Action.c(127):       <TD width="5%" rowspan="2" align="left" valign="top">\n
Action.c(127):     <b>\n
Action.c(127):     <label><input type="checkbox" name="591" value="on" /></label></font></b>\n
Action.c(127):     <input type="hidden" name="flightID" value="362630827-454641-AS"  />\n
Action.c(127):       </TD>\n
Action.c(127):       <TD width="45%" valign="top">\n
Action.c(127):           <b>&nbsp;&nbsp;A Business class ticket for :</b><br/>\n
Action.c(127):           <center><table border="0" width="85%"><tr><td>\n
Action.c(127):           <li><i>Alex Sames\n
Action.c(127):           <li><i></i>\n
Action.c(127):           </td></tr></table></center>\n
Action.c(127):       </TD>\n
Action.c(127):       <TD width="5%" >.<br/>.<br/>.<br/>.</TD>\n
Action.c(127):       <TD width="45%" valign=top><b>Invoice sent to:</b><br/>\n
Action.c(127):           <center>\n
Action.c(127):           <Table width="80%" cellspacing="0" > <tr> <td>\n
Action.c(127):               Alex Sames\n
Action.c(127):     <br/>\n
Action.c(127):               RFirst street<br/>\n
Action.c(127):               Moscow<br/>\n
Action.c(127):               <br/>\n
Action.c(127):               Total Charge: $ 345 <BR/> (CC: x-9791)\n
Action.c(127):           </td> </tr> </table>\n
Action.c(127):           </center>\n
Action.c(127):       </TD>\n
Action.c(127):     </TR>\n
Action.c(127):     <TR bgcolor="#EFF2F7">\n
Action.c(127):       <TD COLSPAN="3">\n
Action.c(127):       <b>Flight Details:</b><BR/>  <center>\n
Action.c(127):       10/22/2024\n
Action.c(127):      :  5pm : Flight 032 leaves Denver  for Los Angeles.<br>  </center>\n
Action.c(127):       </TD>\n
Action.c(127):     </TR>\n
Action.c(127):     \n
Action.c(127):     <TR bgcolor="#EFF2F7">\n
Action.c(127):       <TD COLSPAN="4">\n
Action.c(127):       <hr/>\n
Action.c(127):       </TD>\n
Action.c(127):     </TR>\n
Action.c(127):     \n
Action.c(127):     <!-- Flight #1 -->\n
Action.c(127):     <TR bgcolor="#EFF2F7">\n
Action.c(127):       <TD width="5%" rowspan="2" align="left" valign="top">\n
Action.c(127):     <b>\n
Action.c(127):     <label><input type="checkbox" name="592" value="on" /></label></font></b>\n
Action.c(127):     <input type="hidden" name="flightID" value="362634897-455402-AS"  />\n
Action.c(127):       </TD>\n
Action.c(127):       <TD width="45%" valign="top">\n
Action.c(127):           <b>&nbsp;&nbsp;A First class ticket for :</b><br/>\n
Action.c(127):           <center><table border="0" width="85%"><tr><td>\n
Action.c(127):           <li><i>Alex Sames\n
Action.c(127):           <li><i></i>\n
Action.c(127):           </td></tr></table></center>\n
Action.c(127):       </TD>\n
Action.c(127):       <TD width="5%" >.<br/>.<br/>.<br/>.</TD>\n
Action.c(127):       <TD width="45%" valign=top><b>Invoice sent to:</b><br/>\n
Action.c(127):           <center>\n
Action.c(127):           <Table width="80%" cellspacing="0" > <tr> <td>\n
Action.c(127):               Alex Sames\n
Action.c(127):     <br/>\n
Action.c(127):               RFirst street<br/>\n
Action.c(127):               Moscow<br/>\n
Action.c(127):               <br/>\n
Action.c(127):               Total Charge: $ 228 <BR/> (CC: x-9791)\n
Action.c(127):           </td> </tr> </table>\n
Action.c(127):           </center>\n
Action.c(127):       </TD>\n
Action.c(127):     </TR>\n
Action.c(127):     <TR bgcolor="#EFF2F7">\n
Action.c(127):       <TD COLSPAN="3">\n
Action.c(127):       <b>Flight Details:</b><BR/>  <center>\n
Action.c(127):       10/22/2024\n
Action.c(127):      :  5pm : Flight 142 leaves Frankfurt  for Paris.<br>  </center>\n
Action.c(127):       </TD>\n
Action.c(127):     </TR>\n
Action.c(127):     \n
Action.c(127):     <TR bgcolor="#EFF2F7">\n
Action.c(127):       <TD COLSPAN="4">\n
Action.c(127):       <hr/>\n
Action.c(127):       </TD>\n
Action.c(127):     </TR>\n
Action.c(127):     \n
Action.c(127):     <!-- Flight #1 -->\n
Action.c(127):     <TR bgcolor="#EFF2F7">\n
Action.c(127):       <TD width="5%" rowspan="2" align="left" valign="top">\n
Action.c(127):     <b>\n
Action.c(127):     <label><input type="checkbox" name="593" value="on" /></label></font></b>\n
Action.c(127):     <input type="hidden" name="flightID" value="362650485-456162-AS"  />\n
Action.c(127):       </TD>\n
Action.c(127):       <TD width="45%" valign="top">\n
Action.c(127):           <b>&nbsp;&nbsp;A First class ticket for :</b><br/>\n
Action.c(127):           <center><table border="0" width="85%"><tr><td>\n
Action.c(127):           <li><i>Alex Sames\n
Action.c(127):           <li><i></i>\n
Action.c(127):           </td></tr></table></center>\n
Action.c(127):       </TD>\n
Action.c(127):       <TD width="5%" >.<br/>.<br/>.<br/>.</TD>\n
Action.c(127):       <TD width="45%" valign=top><b>Invoice sent to:</b><br/>\n
Action.c(127):           <center>\n
Action.c(127):           <Table width="80%" cellspacing="0" > <tr> <td>\n
Action.c(127):               Alex Sames\n
Action.c(127):     <br/>\n
Action.c(127):               RFirst street<br/>\n
Action.c(127):               Moscow<br/>\n
Action.c(127):               <br/>\n
Action.c(127):               Total Charge: $ 116 <BR/> (CC: x-9791)\n
Action.c(127):           </td> </tr> </table>\n
Action.c(127):           </center>\n
Action.c(127):       </TD>\n
Action.c(127):     </TR>\n
Action.c(127):     <TR bgcolor="#EFF2F7">\n
Action.c(127):       <TD COLSPAN="3">\n
Action.c(127):       <b>Flight Details:</b><BR/>  <center>\n
Action.c(127):       10/22/2024\n
Action.c(127):      :  11pm : Flight 563 leaves Portland  for San Francisco.<br>  </center>\n
Action.c(127):       </TD>\n
Action.c(127):     </TR>\n
Action.c(127):     \n
Action.c(127):     <TR bgcolor="#EFF2F7">\n
Action.c(127):       <TD COLSPAN="4">\n
Action.c(127):       <hr/>\n
Action.c(127):       </TD>\n
Action.c(127):     </TR>\n
Action.c(127):     \n
Action.c(127):     <!-- Flight #1 -->\n
Action.c(127):     <TR bgcolor="#EFF2F7">\n
Action.c(127):       <TD width="5%" rowspan="2" align="left" valign="top">\n
Action.c(127):     <b>\n
Action.c(127):     <label><input type="checkbox" name="594" value="on" /></label></font></b>\n
Action.c(127):     <input type="hidden" name="flightID" value="362648530-456947-AS"  />\n
Action.c(127):       </TD>\n
Action.c(127):       <TD width="45%" valign="top">\n
Action.c(127):           <b>&nbsp;&nbsp;A Coach class ticket for :</b><br/>\n
Action.c(127):           <center><table border="0" width="85%"><tr><td>\n
Action.c(127):           <li><i>Alex Sames\n
Action.c(127):           <li><i></i>\n
Action.c(127):           </td></tr></table></center>\n
Action.c(127):       </TD>\n
Action.c(127):       <TD width="5%" >.<br/>.<br/>.<br/>.</TD>\n
Action.c(127):       <TD width="45%" valign=top><b>Invoice sent to:</b><br/>\n
Action.c(127):           <center>\n
Action.c(127):           <Table width="80%" cellspacing="0" > <tr> <td>\n
Action.c(127):               Alex Sames\n
Action.c(127):     <br/>\n
Action.c(127):               RFirst street<br/>\n
Action.c(127):               Moscow<br/>\n
Action.c(127):               <br/>\n
Action.c(127):               Total Charge: $ 320 <BR/> (CC: x-9791)\n
Action.c(127):           </td> </tr> </table>\n
Action.c(127):           </center>\n
Action.c(127):       </TD>\n
Action.c(127):     </TR>\n
Action.c(127):     <TR bgcolor="#EFF2F7">\n
Action.c(127):       <TD COLSPAN="3">\n
Action.c(127):       <b>Flight Details:</b><BR/>  <center>\n
Action.c(127):       10/22/2024\n
Action.c(127):      :  8am : Flight 510 leaves Portland  for Frankfurt.<br>  </center>\n
Action.c(127):       </TD>\n
Action.c(127):     </TR>\n
Action.c(127):     \n
Action.c(127):     <TR bgcolor="#EFF2F7">\n
Action.c(127):       <TD COLSPAN="4">\n
Action.c(127):       <hr/>\n
Action.c(127):       </TD>\n
Action.c(127):     </TR>\n
Action.c(127):     \n
Action.c(127):     <!-- Flight #1 -->\n
Action.c(127):     <TR bgcolor="#EFF2F7">\n
Action.c(127):       <TD width="5%" rowspan="2" align="left" valign="top">\n
Action.c(127):     <b>\n
Action.c(127):     <label><input type="checkbox" name="595" value="on" /></label></font></b>\n
Action.c(127):     <input type="hidden" name="flightID" value="362639280-457737-AS"  />\n
Action.c(127):       </TD>\n
Action.c(127):       <TD width="45%" valign="top">\n
Action.c(127):           <b>&nbsp;&nbsp;A Coach class ticket for :</b><br/>\n
Action.c(127):           <center><table border="0" width="85%"><tr><td>\n
Action.c(127):           <li><i>Alex Sames\n
Action.c(127):           <li><i></i>\n
Action.c(127):           </td></tr></table></center>\n
Action.c(127):       </TD>\n
Action.c(127):       <TD width="5%" >.<br/>.<br/>.<br/>.</TD>\n
Action.c(127):       <TD width="45%" valign=top><b>Invoice sent to:</b><br/>\n
Action.c(127):           <center>\n
Action.c(127):           <Table width="80%" cellspacing="0" > <tr> <td>\n
Action.c(127):               Alex Sames\n
Action.c(127):     <br/>\n
Action.c(127):               RFirst street<br/>\n
Action.c(127):               Moscow<br/>\n
Action.c(127):               <br/>\n
Action.c(127):               Total Charge: $ 586 <BR/> (CC: x-9791)\n
Action.c(127):           </td> </tr> </table>\n
Action.c(127):           </center>\n
Action.c(127):       </TD>\n
Action.c(127):     </TR>\n
Action.c(127):     <TR bgcolor="#EFF2F7">\n
Action.c(127):       <TD COLSPAN="3">\n
Action.c(127):       <b>Flight Details:</b><BR/>  <center>\n
Action.c(127):       10/22/2024\n
Action.c(127):      :  8am : Flight 260 leaves London  for San Francisco.<br>  </center>\n
Action.c(127):       </TD>\n
Action.c(127):     </TR>\n
Action.c(127):     \n
Action.c(127):     <TR bgcolor="#EFF2F7">\n
Action.c(127):       <TD COLSPAN="4">\n
Action.c(127):       <hr/>\n
Action.c(127):       </TD>\n
Action.c(127):     </TR>\n
Action.c(127):     \n
Action.c(127):     <!-- Flight #1 -->\n
Action.c(127):     <TR bgcolor="#EFF2F7">\n
Action.c(127):       <TD width="5%" rowspan="2" align="left" valign="top">\n
Action.c(127):     <b>\n
Action.c(127):     <label><input type="checkbox" name="596" value="on" /></label></font></b>\n
Action.c(127):     <input type="hidden" name="flightID" value="362640453-458481-AS"  />\n
Action.c(127):       </TD>\n
Action.c(127):       <TD width="45%" valign="top">\n
Action.c(127):           <b>&nbsp;&nbsp;A Business class ticket for :</b><br/>\n
Action.c(127):           <center><table border="0" width="85%"><tr><td>\n
Action.c(127):           <li><i>Alex Sames\n
Action.c(127):           <li><i></i>\n
Action.c(127):           </td></tr></table></center>\n
Action.c(127):       </TD>\n
Action.c(127):       <TD width="5%" >.<br/>.<br/>.<br/>.</TD>\n
Action.c(127):       <TD width="45%" valign=top><b>Invoice sent to:</b><br/>\n
Action.c(127):           <center>\n
Action.c(127):           <Table width="80%" cellspacing="0" > <tr> <td>\n
Action.c(127):               Alex Sames\n
Action.c(127):     <br/>\n
Action.c(127):               RFirst street<br/>\n
Action.c(127):               Moscow<br/>\n
Action.c(127):               <br/>\n
Action.c(127):               Total Charge: $ 256 <BR/> (CC: x-9791)\n
Action.c(127):           </td> </tr> </table>\n
Action.c(127):           </center>\n
Action.c(127):       </TD>\n
Action.c(127):     </TR>\n
Action.c(127):     <TR bgcolor="#EFF2F7">\n
Action.c(127):       <TD COLSPAN="3">\n
Action.c(127):       <b>Flight Details:</b><BR/>  <center>\n
Action.c(127):       10/22/2024\n
Action.c(127):      :  5pm : Flight 292 leaves London  for Zurich.<br>  </center>\n
Action.c(127):       </TD>\n
Action.c(127):     </TR>\n
Action.c(127):     \n
Action.c(127):     <TR bgcolor="#EFF2F7">\n
Action.c(127):       <TD COLSPAN="4">\n
Action.c(127):       <hr/>\n
Action.c(127):       </TD>\n
Action.c(127):     </TR>\n
Action.c(127):     \n
Action.c(127):     <!-- Flight #1 -->\n
Action.c(127):     <TR bgcolor="#EFF2F7">\n
Action.c(127):       <TD width="5%" rowspan="2" align="left" valign="top">\n
Action.c(127):     <b>\n
Action.c(127):     <label><input type="checkbox" name="597" value="on" /></label></font></b>\n
Action.c(127):     <input type="hidden" name="flightID" value="362652614-459275-AS"  />\n
Action.c(127):       </TD>\n
Action.c(127):       <TD width="45%" valign="top">\n
Action.c(127):           <b>&nbsp;&nbsp;A Coach class ticket for :</b><br/>\n
Action.c(127):           <center><table border="0" width="85%"><tr><td>\n
Action.c(127):           <li><i>Alex Sames\n
Action.c(127):           <li><i></i>\n
Action.c(127):           </td></tr></table></center>\n
Action.c(127):       </TD>\n
Action.c(127):       <TD width="5%" >.<br/>.<br/>.<br/>.</TD>\n
Action.c(127):       <TD width="45%" valign=top><b>Invoice sent to:</b><br/>\n
Action.c(127):           <center>\n
Action.c(127):           <Table width="80%" cellspacing="0" > <tr> <td>\n
Action.c(127):               Alex Sames\n
Action.c(127):     <br/>\n
Action.c(127):               RFirst street<br/>\n
Action.c(127):               Moscow<br/>\n
Action.c(127):               <br/>\n
Action.c(127):               Total Charge: $ 586 <BR/> (CC: x-9791)\n
Action.c(127):           </td> </tr> </table>\n
Action.c(127):           </center>\n
Action.c(127):       </TD>\n
Action.c(127):     </TR>\n
Action.c(127):     <TR bgcolor="#EFF2F7">\n
Action.c(127):       <TD COLSPAN="3">\n
Action.c(127):       <b>Flight Details:</b><BR/>  <center>\n
Action.c(127):       10/22/2024\n
Action.c(127):      :  8am : Flight 620 leaves San Francisco  for London.<br>  </center>\n
Action.c(127):       </TD>\n
Action.c(127):     </TR>\n
Action.c(127):     \n
Action.c(127):     <TR bgcolor="#EFF2F7">\n
Action.c(127):       <TD COLSPAN="4">\n
Action.c(127):       <hr/>\n
Action.c(127):       </TD>\n
Action.c(127):     </TR>\n
Action.c(127):     \n
Action.c(127):     <!-- Flight #1 -->\n
Action.c(127):     <TR bgcolor="#EFF2F7">\n
Action.c(127):       <TD width="5%" rowspan="2" align="left" valign="top">\n
Action.c(127):     <b>\n
Action.c(127):     <label><input type="checkbox" name="598" value="on" /></label></font></b>\n
Action.c(127):     <input type="hidden" name="flightID" value="362652279-460042-AS"  />\n
Action.c(127):       </TD>\n
Action.c(127):       <TD width="45%" valign="top">\n
Action.c(127):           <b>&nbsp;&nbsp;A Business class ticket for :</b><br/>\n
Action.c(127):           <center><table border="0" width="85%"><tr><td>\n
Action.c(127):           <li><i>Alex Sames\n
Action.c(127):           <li><i></i>\n
Action.c(127):           </td></tr></table></center>\n
Action.c(127):       </TD>\n
Action.c(127):       <TD width="5%" >.<br/>.<br/>.<br/>.</TD>\n
Action.c(127):       <TD width="45%" valign=top><b>Invoice sent to:</b><br/>\n
Action.c(127):           <center>\n
Action.c(127):           <Table width="80%" cellspacing="0" > <tr> <td>\n
Action.c(127):               Alex Sames\n
Action.c(127):     <br/>\n
Action.c(127):               RFirst street<br/>\n
Action.c(127):               Moscow<br/>\n
Action.c(127):               <br/>\n
Action.c(127):               Total Charge: $ 557 <BR/> (CC: x-9791)\n
Action.c(127):           </td> </tr> </table>\n
Action.c(127):           </center>\n
Action.c(127):       </TD>\n
Action.c(127):     </TR>\n
Action.c(127):     <TR bgcolor="#EFF2F7">\n
Action.c(127):       <TD COLSPAN="3">\n
Action.c(127):       <b>Flight Details:</b><BR/>  <center>\n
Action.c(127):       10/22/2024\n
Action.c(127):      :  1pm : Flight 611 leaves San Francisco  for Frankfurt.<br>  </center>\n
Action.c(127):       </TD>\n
Action.c(127):     </TR>\n
Action.c(127):     \n
Action.c(127):     <TR bgcolor="#EFF2F7">\n
Action.c(127):       <TD COLSPAN="4">\n
Action.c(127):       <hr/>\n
Action.c(127):       </TD>\n
Action.c(127):     </TR>\n
Action.c(127):     \n
Action.c(127):     <!-- Flight #1 -->\n
Action.c(127):     <TR bgcolor="#EFF2F7">\n
Action.c(127):       <TD width="5%" rowspan="2" align="left" valign="top">\n
Action.c(127):     <b>\n
Action.c(127):     <label><input type="checkbox" name="599" value="on" /></label></font></b>\n
Action.c(127):     <input type="hidden" name="flightID" value="362655205-460811-AS"  />\n
Action.c(127):       </TD>\n
Action.c(127):       <TD width="45%" valign="top">\n
Action.c(127):           <b>&nbsp;&nbsp;A Business class ticket for :</b><br/>\n
Action.c(127):           <center><table border="0" width="85%"><tr><td>\n
Action.c(127):           <li><i>Alex Sames\n
Action.c(127):           <li><i></i>\n
Action.c(127):           </td></tr></table></center>\n
Action.c(127):       </TD>\n
Action.c(127):       <TD width="5%" >.<br/>.<br/>.<br/>.</TD>\n
Action.c(127):       <TD width="45%" valign=t
Action.c(127): t=6958971ms: 8-byte chunked response overhead for "http://localhost:1080/cgi-bin/itinerary.pl" (RelFrameId=1.2, Internal ID=897)
Action.c(127):     \r\n
Action.c(127):     1000\r\n
Action.c(127): t=6958971ms: 8-byte chunked response overhead for "http://localhost:1080/cgi-bin/itinerary.pl" (RelFrameId=1.2, Internal ID=897)
Action.c(127):     \r\n
Action.c(127):     1000\r\n
Action.c(127): t=6958972ms: 8-byte chunked response overhead for "http://localhost:1080/cgi-bin/itinerary.pl" (RelFrameId=1.2, Internal ID=897)
Action.c(127):     \r\n
Action.c(127):     8000\r\n
Action.c(127): t=6958972ms: 12263-byte chunked response body for "http://localhost:1080/cgi-bin/itinerary.pl" (RelFrameId=1.2, Internal ID=897)
Action.c(127):     op><b>Invoice sent to:</b><br/>\n
Action.c(127):           <center>\n
Action.c(127):           <Table width="80%" cellspacing="0" > <tr> <td>\n
Action.c(127):               Alex Sames\n
Action.c(127):     <br/>\n
Action.c(127):               RFirst street<br/>\n
Action.c(127):               Moscow<br/>\n
Action.c(127):               <br/>\n
Action.c(127):               Total Charge: $ 545 <BR/> (CC: x-9791)\n
Action.c(127):           </td> </tr> </table>\n
Action.c(127):           </center>\n
Action.c(127):       </TD>\n
Action.c(127):     </TR>\n
Action.c(127):     <TR bgcolor="#EFF2F7">\n
Action.c(127):       <TD COLSPAN="3">\n
Action.c(127):       <b>Flight Details:</b><BR/>  <center>\n
Action.c(127):       10/22/2024\n
Action.c(127):      :  8am : Flight 690 leaves San Francisco  for Zurich.<br>  </center>\n
Action.c(127):       </TD>\n
Action.c(127):     </TR>\n
Action.c(127):     \n
Action.c(127):     <TR bgcolor="#EFF2F7">\n
Action.c(127):       <TD COLSPAN="4">\n
Action.c(127):       <hr/>\n
Action.c(127):       </TD>\n
Action.c(127):     </TR>\n
Action.c(127):     \n
Action.c(127):     <!-- Flight #1 -->\n
Action.c(127):     <TR bgcolor="#EFF2F7">\n
Action.c(127):       <TD width="5%" rowspan="2" align="left" valign="top">\n
Action.c(127):     <b>\n
Action.c(127):     <label><input type="checkbox" name="600" value="on" /></label></font></b>\n
Action.c(127):     <input type="hidden" name="flightID" value="362663713-461559-AS"  />\n
Action.c(127):       </TD>\n
Action.c(127):       <TD width="45%" valign="top">\n
Action.c(127):           <b>&nbsp;&nbsp;A Business class ticket for :</b><br/>\n
Action.c(127):           <center><table border="0" width="85%"><tr><td>\n
Action.c(127):           <li><i>Alex Sames\n
Action.c(127):           <li><i></i>\n
Action.c(127):           </td></tr></table></center>\n
Action.c(127):       </TD>\n
Action.c(127):       <TD width="5%" >.<br/>.<br/>.<br/>.</TD>\n
Action.c(127):       <TD width="45%" valign=top><b>Invoice sent to:</b><br/>\n
Action.c(127):           <center>\n
Action.c(127):           <Table width="80%" cellspacing="0" > <tr> <td>\n
Action.c(127):               Alex Sames\n
Action.c(127):     <br/>\n
Action.c(127):               RFirst street<br/>\n
Action.c(127):               Moscow<br/>\n
Action.c(127):               <br/>\n
Action.c(127):               Total Charge: $ 271 <BR/> (CC: x-9791)\n
Action.c(127):           </td> </tr> </table>\n
Action.c(127):           </center>\n
Action.c(127):       </TD>\n
Action.c(127):     </TR>\n
Action.c(127):     <TR bgcolor="#EFF2F7">\n
Action.c(127):       <TD COLSPAN="3">\n
Action.c(127):       <b>Flight Details:</b><BR/>  <center>\n
Action.c(127):       10/22/2024\n
Action.c(127):      :  8am : Flight 920 leaves Zurich  for London.<br>  </center>\n
Action.c(127):       </TD>\n
Action.c(127):     </TR>\n
Action.c(127):     \n
Action.c(127):     <TR bgcolor="#EFF2F7">\n
Action.c(127):       <TD COLSPAN="4">\n
Action.c(127):       <hr/>\n
Action.c(127):       </TD>\n
Action.c(127):     </TR>\n
Action.c(127):     \n
Action.c(127):     <!-- Flight #1 -->\n
Action.c(127):     <TR bgcolor="#EFF2F7">\n
Action.c(127):       <TD width="5%" rowspan="2" align="left" valign="top">\n
Action.c(127):     <b>\n
Action.c(127):     <label><input type="checkbox" name="601" value="on" /></label></font></b>\n
Action.c(127):     <input type="hidden" name="flightID" value="3626601154-4623167-AS"  />\n
Action.c(127):       </TD>\n
Action.c(127):       <TD width="45%" valign="top">\n
Action.c(127):           <b>&nbsp;&nbsp;A Coach class ticket for :</b><br/>\n
Action.c(127):           <center><table border="0" width="85%"><tr><td>\n
Action.c(127):           <li><i>Alex Sames\n
Action.c(127):           <li><i></i>\n
Action.c(127):           </td></tr></table></center>\n
Action.c(127):       </TD>\n
Action.c(127):       <TD width="5%" >.<br/>.<br/>.<br/>.</TD>\n
Action.c(127):       <TD width="45%" valign=top><b>Invoice sent to:</b><br/>\n
Action.c(127):           <center>\n
Action.c(127):           <Table width="80%" cellspacing="0" > <tr> <td>\n
Action.c(127):               Alex Sames\n
Action.c(127):     <br/>\n
Action.c(127):               RFirst street<br/>\n
Action.c(127):               Moscow<br/>\n
Action.c(127):               <br/>\n
Action.c(127):               Total Charge: $ 1179 <BR/> (CC: x-9791)\n
Action.c(127):           </td> </tr> </table>\n
Action.c(127):           </center>\n
Action.c(127):       </TD>\n
Action.c(127):     </TR>\n
Action.c(127):     <TR bgcolor="#EFF2F7">\n
Action.c(127):       <TD COLSPAN="3">\n
Action.c(127):       <b>Flight Details:</b><BR/>  <center>\n
Action.c(127):       10/22/2024\n
Action.c(127):      :  11pm : Flight 823 leaves Sydney  for London.<br>  </center>\n
Action.c(127):       </TD>\n
Action.c(127):     </TR>\n
Action.c(127):     \n
Action.c(127):     <TR bgcolor="#EFF2F7">\n
Action.c(127):       <TD COLSPAN="4">\n
Action.c(127):       <hr/>\n
Action.c(127):       </TD>\n
Action.c(127):     </TR>\n
Action.c(127):     \n
Action.c(127):     <!-- Flight #1 -->\n
Action.c(127):     <TR bgcolor="#EFF2F7">\n
Action.c(127):       <TD width="5%" rowspan="2" align="left" valign="top">\n
Action.c(127):     <b>\n
Action.c(127):     <label><input type="checkbox" name="602" value="on" /></label></font></b>\n
Action.c(127):     <input type="hidden" name="flightID" value="362651547-463136-AS"  />\n
Action.c(127):       </TD>\n
Action.c(127):       <TD width="45%" valign="top">\n
Action.c(127):           <b>&nbsp;&nbsp;A First class ticket for :</b><br/>\n
Action.c(127):           <center><table border="0" width="85%"><tr><td>\n
Action.c(127):           <li><i>Alex Sames\n
Action.c(127):           <li><i></i>\n
Action.c(127):           </td></tr></table></center>\n
Action.c(127):       </TD>\n
Action.c(127):       <TD width="5%" >.<br/>.<br/>.<br/>.</TD>\n
Action.c(127):       <TD width="45%" valign=top><b>Invoice sent to:</b><br/>\n
Action.c(127):           <center>\n
Action.c(127):           <Table width="80%" cellspacing="0" > <tr> <td>\n
Action.c(127):               Alex Sames\n
Action.c(127):     <br/>\n
Action.c(127):               RFirst street<br/>\n
Action.c(127):               Moscow<br/>\n
Action.c(127):               <br/>\n
Action.c(127):               Total Charge: $ 771 <BR/> (CC: x-9791)\n
Action.c(127):           </td> </tr> </table>\n
Action.c(127):           </center>\n
Action.c(127):       </TD>\n
Action.c(127):     </TR>\n
Action.c(127):     <TR bgcolor="#EFF2F7">\n
Action.c(127):       <TD COLSPAN="3">\n
Action.c(127):       <b>Flight Details:</b><BR/>  <center>\n
Action.c(127):       10/22/2024\n
Action.c(127):      :  1pm : Flight 591 leaves Portland  for Zurich.<br>  </center>\n
Action.c(127):       </TD>\n
Action.c(127):     </TR>\n
Action.c(127):     \n
Action.c(127):     <TR bgcolor="#EFF2F7">\n
Action.c(127):       <TD COLSPAN="4">\n
Action.c(127):       <hr/>\n
Action.c(127):       </TD>\n
Action.c(127):     </TR>\n
Action.c(127):     \n
Action.c(127):     <!-- Flight #1 -->\n
Action.c(127):     <TR bgcolor="#EFF2F7">\n
Action.c(127):       <TD width="5%" rowspan="2" align="left" valign="top">\n
Action.c(127):     <b>\n
Action.c(127):     <label><input type="checkbox" name="603" value="on" /></label></font></b>\n
Action.c(127):     <input type="hidden" name="flightID" value="362630789-463871-AS"  />\n
Action.c(127):       </TD>\n
Action.c(127):       <TD width="45%" valign="top">\n
Action.c(127):           <b>&nbsp;&nbsp;A Business class ticket for :</b><br/>\n
Action.c(127):           <center><table border="0" width="85%"><tr><td>\n
Action.c(127):           <li><i>Alex Sames\n
Action.c(127):           <li><i></i>\n
Action.c(127):           </td></tr></table></center>\n
Action.c(127):       </TD>\n
Action.c(127):       <TD width="5%" >.<br/>.<br/>.<br/>.</TD>\n
Action.c(127):       <TD width="45%" valign=top><b>Invoice sent to:</b><br/>\n
Action.c(127):           <center>\n
Action.c(127):           <Table width="80%" cellspacing="0" > <tr> <td>\n
Action.c(127):               Alex Sames\n
Action.c(127):     <br/>\n
Action.c(127):               RFirst street<br/>\n
Action.c(127):               Moscow<br/>\n
Action.c(127):               <br/>\n
Action.c(127):               Total Charge: $ 325 <BR/> (CC: x-9791)\n
Action.c(127):           </td> </tr> </table>\n
Action.c(127):           </center>\n
Action.c(127):       </TD>\n
Action.c(127):     </TR>\n
Action.c(127):     <TR bgcolor="#EFF2F7">\n
Action.c(127):       <TD COLSPAN="3">\n
Action.c(127):       <b>Flight Details:</b><BR/>  <center>\n
Action.c(127):       10/22/2024\n
Action.c(127):      :  1pm : Flight 031 leaves Denver  for Los Angeles.<br>  </center>\n
Action.c(127):       </TD>\n
Action.c(127):     </TR>\n
Action.c(127):     \n
Action.c(127):     <TR bgcolor="#EFF2F7">\n
Action.c(127):       <TD COLSPAN="4">\n
Action.c(127):       <hr/>\n
Action.c(127):       </TD>\n
Action.c(127):     </TR>\n
Action.c(127):     \n
Action.c(127):     <!-- Flight #1 -->\n
Action.c(127):     <TR bgcolor="#EFF2F7">\n
Action.c(127):       <TD width="5%" rowspan="2" align="left" valign="top">\n
Action.c(127):     <b>\n
Action.c(127):     <label><input type="checkbox" name="604" value="on" /></label></font></b>\n
Action.c(127):     <input type="hidden" name="flightID" value="362663713-464636-AS"  />\n
Action.c(127):       </TD>\n
Action.c(127):       <TD width="45%" valign="top">\n
Action.c(127):           <b>&nbsp;&nbsp;A Business class ticket for :</b><br/>\n
Action.c(127):           <center><table border="0" width="85%"><tr><td>\n
Action.c(127):           <li><i>Alex Sames\n
Action.c(127):           <li><i></i>\n
Action.c(127):           </td></tr></table></center>\n
Action.c(127):       </TD>\n
Action.c(127):       <TD width="5%" >.<br/>.<br/>.<br/>.</TD>\n
Action.c(127):       <TD width="45%" valign=top><b>Invoice sent to:</b><br/>\n
Action.c(127):           <center>\n
Action.c(127):           <Table width="80%" cellspacing="0" > <tr> <td>\n
Action.c(127):               Alex Sames\n
Action.c(127):     <br/>\n
Action.c(127):               RFirst street<br/>\n
Action.c(127):               Moscow<br/>\n
Action.c(127):               <br/>\n
Action.c(127):               Total Charge: $ 271 <BR/> (CC: x-9791)\n
Action.c(127):           </td> </tr> </table>\n
Action.c(127):           </center>\n
Action.c(127):       </TD>\n
Action.c(127):     </TR>\n
Action.c(127):     <TR bgcolor="#EFF2F7">\n
Action.c(127):       <TD COLSPAN="3">\n
Action.c(127):       <b>Flight Details:</b><BR/>  <center>\n
Action.c(127):       10/22/2024\n
Action.c(127):      :  8am : Flight 920 leaves Zurich  for London.<br>  </center>\n
Action.c(127):       </TD>\n
Action.c(127):     </TR>\n
Action.c(127):     \n
Action.c(127):     <TR bgcolor="#EFF2F7">\n
Action.c(127):       <TD COLSPAN="4">\n
Action.c(127):       <hr/>\n
Action.c(127):       </TD>\n
Action.c(127):     </TR>\n
Action.c(127):     \n
Action.c(127):     <!-- Flight #1 -->\n
Action.c(127):     <TR bgcolor="#EFF2F7">\n
Action.c(127):       <TD width="5%" rowspan="2" align="left" valign="top">\n
Action.c(127):     <b>\n
Action.c(127):     <label><input type="checkbox" name="605" value="on" /></label></font></b>\n
Action.c(127):     <input type="hidden" name="flightID" value="362637457-465411-AS"  />\n
Action.c(127):       </TD>\n
Action.c(127):       <TD width="45%" valign="top">\n
Action.c(127):           <b>&nbsp;&nbsp;A Business class ticket for :</b><br/>\n
Action.c(127):           <center><table border="0" width="85%"><tr><td>\n
Action.c(127):           <li><i>Alex Sames\n
Action.c(127):           <li><i></i>\n
Action.c(127):           </td></tr></table></center>\n
Action.c(127):       </TD>\n
Action.c(127):       <TD width="5%" >.<br/>.<br/>.<br/>.</TD>\n
Action.c(127):       <TD width="45%" valign=top><b>Invoice sent to:</b><br/>\n
Action.c(127):           <center>\n
Action.c(127):           <Table width="80%" cellspacing="0" > <tr> <td>\n
Action.c(127):               Alex Sames\n
Action.c(127):     <br/>\n
Action.c(127):               RFirst street<br/>\n
Action.c(127):               Moscow<br/>\n
Action.c(127):               <br/>\n
Action.c(127):               Total Charge: $ 343 <BR/> (CC: x-9791)\n
Action.c(127):           </td> </tr> </table>\n
Action.c(127):           </center>\n
Action.c(127):       </TD>\n
Action.c(127):     </TR>\n
Action.c(127):     <TR bgcolor="#EFF2F7">\n
Action.c(127):       <TD COLSPAN="3">\n
Action.c(127):       <b>Flight Details:</b><BR/>  <center>\n
Action.c(127):       10/22/2024\n
Action.c(127):      :  1pm : Flight 211 leaves London  for Frankfurt.<br>  </center>\n
Action.c(127):       </TD>\n
Action.c(127):     </TR>\n
Action.c(127):     \n
Action.c(127):     <TR bgcolor="#EFF2F7">\n
Action.c(127):       <TD COLSPAN="4">\n
Action.c(127):       <hr/>\n
Action.c(127):       </TD>\n
Action.c(127):     </TR>\n
Action.c(127):     \n
Action.c(127):     <!-- Flight #1 -->\n
Action.c(127):     <TR bgcolor="#EFF2F7">\n
Action.c(127):       <TD width="5%" rowspan="2" align="left" valign="top">\n
Action.c(127):     <b>\n
Action.c(127):     <label><input type="checkbox" name="606" value="on" /></label></font></b>\n
Action.c(127):     <input type="hidden" name="flightID" value="362637498-466190-AS"  />\n
Action.c(127):       </TD>\n
Action.c(127):       <TD width="45%" valign="top">\n
Action.c(127):           <b>&nbsp;&nbsp;A First class ticket for :</b><br/>\n
Action.c(127):           <center><table border="0" width="85%"><tr><td>\n
Action.c(127):           <li><i>Alex Sames\n
Action.c(127):           <li><i></i>\n
Action.c(127):           </td></tr></table></center>\n
Action.c(127):       </TD>\n
Action.c(127):       <TD width="5%" >.<br/>.<br/>.<br/>.</TD>\n
Action.c(127):       <TD width="45%" valign=top><b>Invoice sent to:</b><br/>\n
Action.c(127):           <center>\n
Action.c(127):           <Table width="80%" cellspacing="0" > <tr> <td>\n
Action.c(127):               Alex Sames\n
Action.c(127):     <br/>\n
Action.c(127):               RFirst street<br/>\n
Action.c(127):               Moscow<br/>\n
Action.c(127):               <br/>\n
Action.c(127):               Total Charge: $ 471 <BR/> (CC: x-9791)\n
Action.c(127):           </td> </tr> </table>\n
Action.c(127):           </center>\n
Action.c(127):       </TD>\n
Action.c(127):     </TR>\n
Action.c(127):     <TR bgcolor="#EFF2F7">\n
Action.c(127):       <TD COLSPAN="3">\n
Action.c(127):       <b>Flight Details:</b><BR/>  <center>\n
Action.c(127):       10/22/2024\n
Action.c(127):      :  5pm : Flight 212 leaves London  for Frankfurt.<br>  </center>\n
Action.c(127):       </TD>\n
Action.c(127):     </TR>\n
Action.c(127):     \n
Action.c(127):     <TR bgcolor="#EFF2F7">\n
Action.c(127):       <TD COLSPAN="4">\n
Action.c(127):       <hr/>\n
Action.c(127):       </TD>\n
Action.c(127):     </TR>\n
Action.c(127):     \n
Action.c(127):     <!-- Flight #1 -->\n
Action.c(127):     <TR bgcolor="#EFF2F7">\n
Action.c(127):       <TD width="5%" rowspan="2" align="left" valign="top">\n
Action.c(127):     <b>\n
Action.c(127):     <label><input type="checkbox" name="607" value="on" /></label></font></b>\n
Action.c(127):     <input type="hidden" name="flightID" value="362635691-466973-AS"  />\n
Action.c(127):       </TD>\n
Action.c(127):       <TD width="45%" valign="top">\n
Action.c(127):           <b>&nbsp;&nbsp;A First class ticket for :</b><br/>\n
Action.c(127):           <center><table border="0" width="85%"><tr><td>\n
Action.c(127):           <li><i>Alex Sames\n
Action.c(127):           <li><i></i>\n
Action.c(127):           </td></tr></table></center>\n
Action.c(127):       </TD>\n
Action.c(127):       <TD width="5%" >.<br/>.<br/>.<br/>.</TD>\n
Action.c(127):       <TD width="45%" valign=top><b>Invoice sent to:</b><br/>\n
Action.c(127):           <center>\n
Action.c(127):           <Table width="80%" cellspacing="0" > <tr> <td>\n
Action.c(127):               Alex Sames\n
Action.c(127):     <br/>\n
Action.c(127):               RFirst street<br/>\n
Action.c(127):               Moscow<br/>\n
Action.c(127):               <br/>\n
Action.c(127):               Total Charge: $ 661 <BR/> (CC: x-9791)\n
Action.c(127):           </td> </tr> </table>\n
Action.c(127):           </center>\n
Action.c(127):       </TD>\n
Action.c(127):     </TR>\n
Action.c(127):     <TR bgcolor="#EFF2F7">\n
Action.c(127):       <TD COLSPAN="3">\n
Action.c(127):       <b>Flight Details:</b><BR/>  <center>\n
Action.c(127):       10/22/2024\n
Action.c(127):      :  11pm : Flight 163 leaves Frankfurt  for San Francisco.<br>  </center>\n
Action.c(127):       </TD>\n
Action.c(127):     </TR>\n
Action.c(127):     \n
Action.c(127):     <TR bgcolor="#EFF2F7">\n
Action.c(127):       <TD COLSPAN="4">\n
Action.c(127):       <hr/>\n
Action.c(127):       </TD>\n
Action.c(127):     </TR>\n
Action.c(127):     <TR>\n
Action.c(127):        <TD align="center" COLSPAN="4">\n
Action.c(127):        <b>A total of 607 scheduled flights.</font></b>\n
Action.c(127):        </TD>\n
Action.c(127):     </TR>\n
Action.c(127):     </TABLE>\n
Action.c(127):     \n
Action.c(127):     <TABLE WIDTH="87%" BORDER="0" CELLSPACING="0">\n
Action.c(127):     <TR>\n
Action.c(127):     <TD align="left" width="50%" >\n
Action.c(127):     <input type="image" name="removeFlights" src="/WebTours/images/cancelreservation.gif" bord
Action.c(127):     er="0" /></TD>\n
Action.c(127):     <TD align="right" width="50%" >\n
Action.c(127):     <input type="image" name="removeAllFlights" src="/WebTours/images/cancelallreservations.gi
Action.c(127):     f" border="0" /></TD>\n
Action.c(127):     </TABLE>\n
Action.c(127):     \n
Action.c(127):     <div><input type="hidden" name=".cgifields" value="559"  /><input type="hidden" name=".cgi
Action.c(127):     fields" value="127"  /><input type="hidden" name=".cgifields" value="32"  /><input type="h
Action.c(127):     idden" name=".cgifields" value="443"  /><input type="hidden" name=".cgifields" value="206"
Action.c(127):       /><input type="hidden" name=".cgifields" value="118"  /><input type="hidden" name=".cgif
Action.c(127):     ields" value="71"  /><input type="hidden" name=".cgifields" value="358"  /><input type="hi
Action.c(127):     dden" name=".cgifields" value="331"  /><input type="hidden" name=".cgifields" value="560" 
Action.c(127):      /><input type="hidden" name=".cgifields" value="580"  /><input type="hidden" name=".cgifi
Action.c(127):     elds" value="84"  /><input type="hidden" name=".cgifields" value="512"  /><input type="hid
Action.c(127):     den" name=".cgifields" value="437"  /><input type="hidden" name=".cgifields" value="463"  
Action.c(127):     /><input type="hidden" name=".cgifields" value="194"  /><input type="hidden" name=".cgifie
Action.c(127):     lds" value="517"  /><input type="hidden" name=".cgifields" value="458"  /><input type="hid
Action.c(127):     den" name=".cgifields" value="451"  /><input type="hidden" name=".cgifields" value="220"  
Action.c(127):     /><input type="hidden" name=".cgifields" value="454"  /><input type="hidden" name=".cgifie
Action.c(127):     lds" value="31"  /><input type="hidden" name=".cgifields" value="578"  /><input type="hidd
Action.c(127):     en" name=".cgifields" value="378"  /><input type="hidden" name=".cgifields" value="325"  /
Action.c(127):     ><input type="hidden" name=".cgifields" value="29"  /><input type="hidden" name=".cgifield
Action.c(127):     s" value="572"  /><input type="hidden" name=".cgifields" value="350"  /><input type="hidde
Action.c(127):     n" name=".cgifields" value="540"  /><input type="hidden" name=".cgifields" value="226"  />
Action.c(127):     <input type="hidden" name=".cgifields" value="58"  /><input type="hidden" name=".cgifields
Action.c(127):     " value="211"  /><input type="hidden" name=".cgifields" value="153"  /><input type="hidden
Action.c(127):     " name=".cgifields" value="15"  /><input type="hidden" name=".cgifields" value="527"  /><i
Action.c(127):     nput type="hidden" name=".cgifields" value="431"  /><input type="hidden" name=".cgifields"
Action.c(127):      value="382"  /><input type="hidden" name=".cgifields" value="337"  /><input type="hidden"
Action.c(127):      name=".cgifields" value="101"  /><input type="hidden" name=".cgifields" value="340"  /><i
Action.c(127):     nput type="hidden" name=".cgifields" value="76"  /><input type="hidden" name=".cgifields" 
Action.c(127):     value="311"  /><input type="hidden" name=".cgifields" value="62"  /><input type="hidden" n
Action.c(127):     ame=".cgifields" value="571"  /><input type="hidden" name=".cgifields" value="139"  /><inp
Action.c(127):     ut type="hidden" name=".cgifields" value="389"  /><input type="hidden" name=".cgifields" v
Action.c(127):     alue="129"  /
Action.c(127): Found resource "http://localhost:1080/WebTours/images/cancelreservation.gif" in HTML "http://localhost:1080/cgi-bin/itinerary.pl"  	[MsgId: MMSG-26659]
Action.c(127): Found resource "http://localhost:1080/WebTours/images/cancelallreservations.gif" in HTML "http://localhost:1080/cgi-bin/itinerary.pl"  	[MsgId: MMSG-26659]
Action.c(127): t=6958990ms: Already connected [0] to localhost:1080  	[MsgId: MMSG-26000]
Action.c(127): t=6958990ms: 530-byte request headers for "http://localhost:1080/WebTours/images/cancelreservation.gif" (RelFrameId=, Internal ID=899)
Action.c(127):     GET /WebTours/images/cancelreservation.gif HTTP/1.1\r\n
Action.c(127):     Referer: http://localhost:1080/cgi-bin/itinerary.pl\r\n
Action.c(127):     Priority: u=4\r\n
Action.c(127):     Upgrade-Insecure-Requests: 1\r\n
Action.c(127):     User-Agent: Mozilla/5.0 (Windows NT 10.0; Win64; x64; rv:130.0) Gecko/20100101 Firefox/130
Action.c(127):     .0\r\n
Action.c(127):     Accept-Encoding: gzip, deflate\r\n
Action.c(127):     Accept-Language: ru-RU,ru;q=0.8,en-US;q=0.5,en;q=0.3\r\n
Action.c(127):     Accept: */*\r\n
Action.c(127):     Connection: Keep-Alive\r\n
Action.c(127):     Host: localhost:1080\r\n
Action.c(127):     Cookie: MSO=SID&1729498193; MTUserInfo=firstName&Jojo&address2&&username&jojo&hash&47&last
Action.c(127):     Name&Bean%0A&address1&&creditCard&&expDate&%0A\r\n
Action.c(127):     \r\n
Action.c(127): t=6958991ms: Already connected [1] to localhost:1080  	[MsgId: MMSG-26000]
Action.c(127): t=6958991ms: 534-byte request headers for "http://localhost:1080/WebTours/images/cancelallreservations.gif" (RelFrameId=, Internal ID=900)
Action.c(127):     GET /WebTours/images/cancelallreservations.gif HTTP/1.1\r\n
Action.c(127):     Referer: http://localhost:1080/cgi-bin/itinerary.pl\r\n
Action.c(127):     Priority: u=4\r\n
Action.c(127):     Upgrade-Insecure-Requests: 1\r\n
Action.c(127):     User-Agent: Mozilla/5.0 (Windows NT 10.0; Win64; x64; rv:130.0) Gecko/20100101 Firefox/130
Action.c(127):     .0\r\n
Action.c(127):     Accept-Encoding: gzip, deflate\r\n
Action.c(127):     Accept-Language: ru-RU,ru;q=0.8,en-US;q=0.5,en;q=0.3\r\n
Action.c(127):     Accept: */*\r\n
Action.c(127):     Connection: Keep-Alive\r\n
Action.c(127):     Host: localhost:1080\r\n
Action.c(127):     Cookie: MSO=SID&1729498193; MTUserInfo=firstName&Jojo&address2&&username&jojo&hash&47&last
Action.c(127):     Name&Bean%0A&address1&&creditCard&&expDate&%0A\r\n
Action.c(127):     \r\n
Action.c(127): t=6958992ms: 12287-byte chunked response body for "http://localhost:1080/cgi-bin/itinerary.pl" (RelFrameId=1.2, Internal ID=897)
Action.c(127):     ><input type="hidden" name=".cgifields" value="548"  /><input type="hidden" name=".cgifiel
Action.c(127):     ds" value="495"  /><input type="hidden" name=".cgifields" value="418"  /><input type="hidd
Action.c(127):     en" name=".cgifields" value="236"  /><input type="hidden" name=".cgifields" value="218"  /
Action.c(127):     ><input type="hidden" name=".cgifields" value="168"  /><input type="hidden" name=".cgifiel
Action.c(127):     ds" value="135"  /><input type="hidden" name=".cgifields" value="14"  /><input type="hidde
Action.c(127):     n" name=".cgifields" value="348"  /><input type="hidden" name=".cgifields" value="145"  />
Action.c(127):     <input type="hidden" name=".cgifields" value="49"  /><input type="hidden" name=".cgifields
Action.c(127):     " value="178"  /><input type="hidden" name=".cgifields" value="285"  /><input type="hidden
Action.c(127):     " name=".cgifields" value="124"  /><input type="hidden" name=".cgifields" value="234"  /><
Action.c(127):     input type="hidden" name=".cgifields" value="594"  /><input type="hidden" name=".cgifields
Action.c(127):     " value="23"  /><input type="hidden" name=".cgifields" value="388"  /><input type="hidden"
Action.c(127):      name=".cgifields" value="364"  /><input type="hidden" name=".cgifields" value="96"  /><in
Action.c(127):     put type="hidden" name=".cgifields" value="486"  /><input type="hidden" name=".cgifields" 
Action.c(127):     value="509"  /><input type="hidden" name=".cgifields" value="160"  /><input type="hidden" 
Action.c(127):     name=".cgifields" value="569"  /><input type="hidden" name=".cgifields" value="367"  /><in
Action.c(127):     put type="hidden" name=".cgifields" value="8"  /><input type="hidden" name=".cgifields" va
Action.c(127):     lue="98"  /><input type="hidden" name=".cgifields" value="43"  /><input type="hidden" name
Action.c(127):     =".cgifields" value="485"  /><input type="hidden" name=".cgifields" value="391"  /><input 
Action.c(127):     type="hidden" name=".cgifields" value="21"  /><input type="hidden" name=".cgifields" value
Action.c(127):     ="523"  /><input type="hidden" name=".cgifields" value="288"  /><input type="hidden" name=
Action.c(127):     ".cgifields" value="193"  /><input type="hidden" name=".cgifields" value="460"  /><input t
Action.c(127):     ype="hidden" name=".cgifields" value="119"  /><input type="hidden" name=".cgifields" value
Action.c(127):     ="586"  /><input type="hidden" name=".cgifields" value="453"  /><input type="hidden" name=
Action.c(127):     ".cgifields" value="324"  /><input type="hidden" name=".cgifields" value="180"  /><input t
Action.c(127):     ype="hidden" name=".cgifields" value="244"  /><input type="hidden" name=".cgifields" value
Action.c(127):     ="351"  /><input type="hidden" name=".cgifields" value="410"  /><input type="hidden" name=
Action.c(127):     ".cgifields" value="595"  /><input type="hidden" name=".cgifields" value="246"  /><input t
Action.c(127):     ype="hidden" name=".cgifields" value="488"  /><input type="hidden" name=".cgifields" value
Action.c(127):     ="61"  /><input type="hidden" name=".cgifields" value="430"  /><input type="hidden" name="
Action.c(127):     .cgifields" value="447"  /><input type="hidden" name=".cgifields" value="536"  /><input ty
Action.c(127):     pe="hidden" name=".cgifields" value="379"  /><input type="hidden" name=".cgifields" value=
Action.c(127):     "415"  /><input type="hidden" name=".cgifields" value="113"  /><input type="hidden" name="
Action.c(127):     .cgifields" value="152"  /><input type="hidden" name=".cgifields" value="189"  /><input ty
Action.c(127):     pe="hidden" name=".cgifields" value="452"  /><input type="hidden" name=".cgifields" value=
Action.c(127):     "342"  /><input type="hidden" name=".cgifields" value="579"  /><input type="hidden" name="
Action.c(127):     .cgifields" value="295"  /><input type="hidden" name=".cgifields" value="480"  /><input ty
Action.c(127):     pe="hidden" name=".cgifields" value="341"  /><input type="hidden" name=".cgifields" value=
Action.c(127):     "438"  /><input type="hidden" name=".cgifields" value="107"  /><input type="hidden" name="
Action.c(127):     .cgifields" value="535"  /><input type="hidden" name=".cgifields" value="87"  /><input typ
Action.c(127):     e="hidden" name=".cgifields" value="77"  /><input type="hidden" name=".cgifields" value="4
Action.c(127):     44"  /><input type="hidden" name=".cgifields" value="541"  /><input type="hidden" name=".c
Action.c(127):     gifields" value="508"  /><input type="hidden" name=".cgifields" value="221"  /><input type
Action.c(127):     ="hidden" name=".cgifields" value="39"  /><input type="hidden" name=".cgifields" value="64
Action.c(127):     "  /><input type="hidden" name=".cgifields" value="558"  /><input type="hidden" name=".cgi
Action.c(127):     fields" value="417"  /><input type="hidden" name=".cgifields" value="12"  /><input type="h
Action.c(127):     idden" name=".cgifields" value="312"  /><input type="hidden" name=".cgifields" value="45" 
Action.c(127):      /><input type="hidden" name=".cgifields" value="507"  /><input type="hidden" name=".cgifi
Action.c(127):     elds" value="405"  /><input type="hidden" name=".cgifields" value="260"  /><input type="hi
Action.c(127):     dden" name=".cgifields" value="573"  /><input type="hidden" name=".cgifields" value="237" 
Action.c(127):      /><input type="hidden" name=".cgifields" value="370"  /><input type="hidden" name=".cgifi
Action.c(127):     elds" value="309"  /><input type="hidden" name=".cgifields" value="567"  /><input type="hi
Action.c(127):     dden" name=".cgifields" value="1"  /><input type="hidden" name=".cgifields" value="506"  /
Action.c(127):     ><input type="hidden" name=".cgifields" value="136"  /><input type="hidden" name=".cgifiel
Action.c(127):     ds" value="116"  /><input type="hidden" name=".cgifields" value="416"  /><input type="hidd
Action.c(127):     en" name=".cgifields" value="144"  /><input type="hidden" name=".cgifields" value="380"  /
Action.c(127):     ><input type="hidden" name=".cgifields" value="100"  /><input type="hidden" name=".cgifiel
Action.c(127):     ds" value="300"  /><input type="hidden" name=".cgifields" value="286"  /><input type="hidd
Action.c(127):     en" name=".cgifields" value="120"  /><input type="hidden" name=".cgifields" value="381"  /
Action.c(127):     ><input type="hidden" name=".cgifields" value="581"  /><input type="hidden" name=".cgifiel
Action.c(127):     ds" value="308"  /><input type="hidden" name=".cgifields" value="392"  /><input type="hidd
Action.c(127):     en" name=".cgifields" value="254"  /><input type="hidden" name=".cgifields" value="177"  /
Action.c(127):     ><input type="hidden" name=".cgifields" value="496"  /><input type="hidden" name=".cgifiel
Action.c(127):     ds" value="605"  /><input type="hidden" name=".cgifields" value="373"  /><input type="hidd
Action.c(127):     en" name=".cgifields" value="607"  /><input type="hidden" name=".cgifields" value="205"  /
Action.c(127):     ><input type="hidden" name=".cgifields" value="42"  /><input type="hidden" name=".cgifield
Action.c(127):     s" value="22"  /><input type="hidden" name=".cgifields" value="399"  /><input type="hidden
Action.c(127):     " name=".cgifields" value="235"  /><input type="hidden" name=".cgifields" value="301"  /><
Action.c(127):     input type="hidden" name=".cgifields" value="436"  /><input type="hidden" name=".cgifields
Action.c(127):     " value="213"  /><input type="hidden" name=".cgifields" value="94"  /><input type="hidden"
Action.c(127):      name=".cgifields" value="51"  /><input type="hidden" name=".cgifields" value="456"  /><in
Action.c(127):     put type="hidden" name=".cgifields" value="568"  /><input type="hidden" name=".cgifields" 
Action.c(127):     value="296"  /><input type="hidden" name=".cgifields" value="265"  /><input type="hidden" 
Action.c(127):     name=".cgifields" value="493"  /><input type="hidden" name=".cgifields" value="171"  /><in
Action.c(127):     put type="hidden" name=".cgifields" value="386"  /><input type="hidden" name=".cgifields" 
Action.c(127):     value="445"  /><input type="hidden" name=".cgifields" value="200"  /><input type="hidden" 
Action.c(127):     name=".cgifields" value="366"  /><input type="hidden" name=".cgifields" value="329"  /><in
Action.c(127):     put type="hidden" name=".cgifields" value="525"  /><input type="hidden" name=".cgifields" 
Action.c(127):     value="27"  /><input type="hidden" name=".cgifields" value="272"  /><input type="hidden" n
Action.c(127):     ame=".cgifields" value="161"  /><input type="hidden" name=".cgifields" value="582"  /><inp
Action.c(127):     ut type="hidden" name=".cgifields" value="534"  /><input type="hidden" name=".cgifields" v
Action.c(127):     alue="400"  /><input type="hidden" name=".cgifields" value="20"  /><input type="hidden" na
Action.c(127):     me=".cgifields" value="109"  /><input type="hidden" name=".cgifields" value="151"  /><inpu
Action.c(127):     t type="hidden" name=".cgifields" value="557"  /><input type="hidden" name=".cgifields" va
Action.c(127):     lue="468"  /><input type="hidden" name=".cgifields" value="287"  /><input type="hidden" na
Action.c(127):     me=".cgifields" value="475"  /><input type="hidden" name=".cgifields" value="441"  /><inpu
Action.c(127):     t type="hidden" name=".cgifields" value="78"  /><input type="hidden" name=".cgifields" val
Action.c(127):     ue="413"  /><input type="hidden" name=".cgifields" value="294"  /><input type="hidden" nam
Action.c(127):     e=".cgifields" value="349"  /><input type="hidden" name=".cgifields" value="275"  /><input
Action.c(127):      type="hidden" name=".cgifields" value="515"  /><input type="hidden" name=".cgifields" val
Action.c(127):     ue="197"  /><input type="hidden" name=".cgifields" value="138"  /><input type="hidden" nam
Action.c(127):     e=".cgifields" value="606"  /><input type="hidden" name=".cgifields" value="137"  /><input
Action.c(127):      type="hidden" name=".cgifields" value="60"  /><input type="hidden" name=".cgifields" valu
Action.c(127):     e="432"  /><input type="hidden" name=".cgifields" value="519"  /><input type="hidden" name
Action.c(127):     =".cgifields" value="346"  /><input type="hidden" name=".cgifields" value="17"  /><input t
Action.c(127):     ype="hidden" name=".cgifields" value="427"  /><input type="hidden" name=".cgifields" value
Action.c(127):     ="82"  /><input type="hidden" name=".cgifields" value="110"  /><input type="hidden" name="
Action.c(127):     .cgifields" value="333"  /><input type="hidden" name=".cgifields" value="590"  /><input ty
Action.c(127):     pe="hidden" name=".cgifields" value="323"  /><input type="hidden" name=".cgifields" value=
Action.c(127):     "69"  /><input type="hidden" name=".cgifields" value="112"  /><input type="hidden" name=".
Action.c(127):     cgifields" value="545"  /><input type="hidden" name=".cgifields" value="191"  /><input typ
Action.c(127):     e="hidden" name=".cgifields" value="224"  /><input type="hidden" name=".cgifields" value="
Action.c(127):     187"  /><input type="hidden" name=".cgifields" value="588"  /><input type="hidden" name=".
Action.c(127):     cgifields" value="446"  /><input type="hidden" name=".cgifields" value="262"  /><input typ
Action.c(127):     e="hidden" name=".cgifields" value="79"  /><input type="hidden" name=".cgifields" value="2
Action.c(127):     12"  /><input type="hidden" name=".cgifields" value="352"  /><input type="hidden" name=".c
Action.c(127):     gifields" value="126"  /><input type="hidden" name=".cgifields" value="426"  /><input type
Action.c(127):     ="hidden" name=".cgifields" value="251"  /><input type="hidden" name=".cgifields" value="5
Action.c(127):     42"  /><input type="hidden" name=".cgifields" value="369"  /><input type="hidden" name=".c
Action.c(127):     gifields" value="279"  /><input type="hidden" name=".cgifields" value="176"  /><input type
Action.c(127):     ="hidden" name=".cgifields" value="498"  /><input type="hidden" name=".cgifields" value="4
Action.c(127):     83"  /><input type="hidden" name=".cgifields" value="256"  /><input type="hidden" name=".c
Action.c(127):     gifields" value="372"  /><input type="hidden" name=".cgifields" value="574"  /><input type
Action.c(127):     ="hidden" name=".cgifields" value="170"  /><input type="hidden" name=".cgifields" value="3
Action.c(127):     3"  /><input type="hidden" name=".cgifields" value="428"  /><input type="hidden" name=".cg
Action.c(127):     ifields" value="7"  /><input type="hidden" name=".cgifields" value="26"  /><input type="hi
Action.c(127):     dden" name=".cgifields" value="227"  /><input type="hidden" name=".cgifields" value="99"  
Action.c(127):     /><input type="hidden" name=".cgifields" value="566"  /><input type="hidden" name=".cgifie
Action.c(127):     lds" value="526"  /><input type="hidden" name=".cgifields" value="72"  /><input type="hidd
Action.c(127):     en" name=".cgifields" value="500"  /><input type="hidden" name=".cgifields" value="264"  /
Action.c(127):     ><input type="hidden" name=".cgifields" value="255"  /><input type="hidden" name=".cgifiel
Action.c(127):     ds" value="533"  /><input type="hidden" name=".cgifields" value="359"  /><input type="hidd
Action.c(127):     en" name=".cgifields" value="182"  /><input type="hidden" name=".cgifields" value="108"  /
Action.c(127):     ><input type="hidden" name=".cgifields" value="604"  /><input type="hidden" name=".cgifiel
Action.c(127):     ds" value="556"  /><input type="hidden" name=".cgifields" value="462"  /><input type="hidd
Action.c(127):     en" name=".cgifields" value="414"  /><input type="hidden" name=".cgifields" value="232"  /
Action.c(127):     ><input type="hidden" name=".cgifields" value="477"  /><input type="hidden" name=".cgifiel
Action.c(127):     ds" value="225"  /><input type="hidden" name=".cgifields" value="330"  /><input type="hidd
Action.c(127):     en" name=".cgifields" value="142"  /><input type="hidden" name=".cgifields" value="207"  /
Action.c(127):     ><input type="hidden" name=".cgifields" value="263"  /><input type="hidden" name=".cgifiel
Action.c(127):     ds" value="394"  /><input type="hidden" name=".cgifields" value="167"  /><input type="hidd
Action.c(127):     en" name=".cgifields" value="48"  /><input type="hidden" name=".cgifields" value="360"  />
Action.c(127):     <input type="hidden" name=".cgifields" value="514"  /><input type="hidden" name=".cgifield
Action.c(127):     s" value="513"  /><input type="hidden" name=".cgifields" value="50"  /><input type="hidden
Action.c(127):     " name=".cgifields" value="476"  /><input type="hidden" name=".cgifields" value="510"  /><
Action.c(127):     input type="hidden" name=".cgifields" value="393"  /><input type="hidden" name=".cgifields
Action.c(127):     " value="449"  /><input type="hidden" name=".cgifields" value="293"  /><input type="hidden
Action.c(127):     " name=".cgifields" value="274"  /><input type=
Action.c(127): t=6958997ms: 12287-byte chunked response body for "http://localhost:1080/cgi-bin/itinerary.pl" (RelFrameId=1.2, Internal ID=897)
Action.c(127):     "hidden" name=".cgifields" value="549"  /><input type="hidden" name=".cgifields" value="32
Action.c(127):     2"  /><input type="hidden" name=".cgifields" value="469"  /><input type="hidden" name=".cg
Action.c(127):     ifields" value="353"  /><input type="hidden" name=".cgifields" value="575"  /><input type=
Action.c(127):     "hidden" name=".cgifields" value="375"  /><input type="hidden" name=".cgifields" value="12
Action.c(127):     8"  /><input type="hidden" name=".cgifields" value="28"  /><input type="hidden" name=".cgi
Action.c(127):     fields" value="310"  /><input type="hidden" name=".cgifields" value="40"  /><input type="h
Action.c(127):     idden" name=".cgifields" value="589"  /><input type="hidden" name=".cgifields" value="303"
Action.c(127):       /><input type="hidden" name=".cgifields" value="192"  /><input type="hidden" name=".cgif
Action.c(127):     ields" value="250"  /><input type="hidden" name=".cgifields" value="501"  /><input type="h
Action.c(127):     idden" name=".cgifields" value="215"  /><input type="hidden" name=".cgifields" value="278"
Action.c(127):       /><input type="hidden" name=".cgifields" value="490"  /><input type="hidden" name=".cgif
Action.c(127):     ields" value="150"  /><input type="hidden" name=".cgifields" value="130"  /><input type="h
Action.c(127):     idden" name=".cgifields" value="155"  /><input type="hidden" name=".cgifields" value="387"
Action.c(127):       /><input type="hidden" name=".cgifields" value="53"  /><input type="hidden" name=".cgifi
Action.c(127):     elds" value="245"  /><input type="hidden" name=".cgifields" value="543"  /><input type="hi
Action.c(127):     dden" name=".cgifields" value="267"  /><input type="hidden" name=".cgifields" value="354" 
Action.c(127):      /><input type="hidden" name=".cgifields" value="461"  /><input type="hidden" name=".cgifi
Action.c(127):     elds" value="583"  /><input type="hidden" name=".cgifields" value="257"  /><input type="hi
Action.c(127):     dden" name=".cgifields" value="85"  /><input type="hidden" name=".cgifields" value="332"  
Action.c(127):     /><input type="hidden" name=".cgifields" value="9"  /><input type="hidden" name=".cgifield
Action.c(127):     s" value="425"  /><input type="hidden" name=".cgifields" value="591"  /><input type="hidde
Action.c(127):     n" name=".cgifields" value="34"  /><input type="hidden" name=".cgifields" value="539"  /><
Action.c(127):     input type="hidden" name=".cgifields" value="603"  /><input type="hidden" name=".cgifields
Action.c(127):     " value="90"  /><input type="hidden" name=".cgifields" value="276"  /><input type="hidden"
Action.c(127):      name=".cgifields" value="565"  /><input type="hidden" name=".cgifields" value="102"  /><i
Action.c(127):     nput type="hidden" name=".cgifields" value="520"  /><input type="hidden" name=".cgifields"
Action.c(127):      value="532"  /><input type="hidden" name=".cgifields" value="16"  /><input type="hidden" 
Action.c(127):     name=".cgifields" value="55"  /><input type="hidden" name=".cgifields" value="233"  /><inp
Action.c(127):     ut type="hidden" name=".cgifields" value="57"  /><input type="hidden" name=".cgifields" va
Action.c(127):     lue="259"  /><input type="hidden" name=".cgifields" value="368"  /><input type="hidden" na
Action.c(127):     me=".cgifields" value="424"  /><input type="hidden" name=".cgifields" value="316"  /><inpu
Action.c(127):     t type="hidden" name=".cgifields" value="163"  /><input type="hidden" name=".cgifields" va
Action.c(127):     lue="395"  /><input type="hidden" name=".cgifields" value="89"  /><input type="hidden" nam
Action.c(127):     e=".cgifields" value="175"  /><input type="hidden" name=".cgifields" value="584"  /><input
Action.c(127):      type="hidden" name=".cgifields" value="35"  /><input type="hidden" name=".cgifields" valu
Action.c(127):     e="11"  /><input type="hidden" name=".cgifields" value="492"  /><input type="hidden" name=
Action.c(127):     ".cgifields" value="208"  /><input type="hidden" name=".cgifields" value="347"  /><input t
Action.c(127):     ype="hidden" name=".cgifields" value="511"  /><input type="hidden" name=".cgifields" value
Action.c(127):     ="434"  /><input type="hidden" name=".cgifields" value="93"  /><input type="hidden" name="
Action.c(127):     .cgifields" value="292"  /><input type="hidden" name=".cgifields" value="291"  /><input ty
Action.c(127):     pe="hidden" name=".cgifields" value="374"  /><input type="hidden" name=".cgifields" value=
Action.c(127):     "114"  /><input type="hidden" name=".cgifields" value="199"  /><input type="hidden" name="
Action.c(127):     .cgifields" value="442"  /><input type="hidden" name=".cgifields" value="429"  /><input ty
Action.c(127):     pe="hidden" name=".cgifields" value="73"  /><input type="hidden" name=".cgifields" value="
Action.c(127):     409"  /><input type="hidden" name=".cgifields" value="67"  /><input type="hidden" name=".c
Action.c(127):     gifields" value="241"  /><input type="hidden" name=".cgifields" value="198"  /><input type
Action.c(127):     ="hidden" name=".cgifields" value="489"  /><input type="hidden" name=".cgifields" value="5
Action.c(127):     85"  /><input type="hidden" name=".cgifields" value="327"  /><input type="hidden" name=".c
Action.c(127):     gifields" value="320"  /><input type="hidden" name=".cgifields" value="280"  /><input type
Action.c(127):     ="hidden" name=".cgifields" value="273"  /><input type="hidden" name=".cgifields" value="4
Action.c(127):     71"  /><input type="hidden" name=".cgifields" value="202"  /><input type="hidden" name=".c
Action.c(127):     gifields" value="249"  /><input type="hidden" name=".cgifields" value="361"  /><input type
Action.c(127):     ="hidden" name=".cgifields" value="465"  /><input type="hidden" name=".cgifields" value="1
Action.c(127):     84"  /><input type="hidden" name=".cgifields" value="24"  /><input type="hidden" name=".cg
Action.c(127):     ifields" value="140"  /><input type="hidden" name=".cgifields" value="104"  /><input type=
Action.c(127):     "hidden" name=".cgifields" value="131"  /><input type="hidden" name=".cgifields" value="18
Action.c(127):     1"  /><input type="hidden" name=".cgifields" value="412"  /><input type="hidden" name=".cg
Action.c(127):     ifields" value="385"  /><input type="hidden" name=".cgifields" value="502"  /><input type=
Action.c(127):     "hidden" name=".cgifields" value="307"  /><input type="hidden" name=".cgifields" value="31
Action.c(127):     4"  /><input type="hidden" name=".cgifields" value="154"  /><input type="hidden" name=".cg
Action.c(127):     ifields" value="355"  /><input type="hidden" name=".cgifields" value="553"  /><input type=
Action.c(127):     "hidden" name=".cgifields" value="159"  /><input type="hidden" name=".cgifields" value="47
Action.c(127):     9"  /><input type="hidden" name=".cgifields" value="326"  /><input type="hidden" name=".cg
Action.c(127):     ifields" value="555"  /><input type="hidden" name=".cgifields" value="47"  /><input type="
Action.c(127):     hidden" name=".cgifields" value="37"  /><input type="hidden" name=".cgifields" value="335"
Action.c(127):       /><input type="hidden" name=".cgifields" value="270"  /><input type="hidden" name=".cgif
Action.c(127):     ields" value="5"  /><input type="hidden" name=".cgifields" value="195"  /><input type="hid
Action.c(127):     den" name=".cgifields" value="538"  /><input type="hidden" name=".cgifields" value="524"  
Action.c(127):     /><input type="hidden" name=".cgifields" value="554"  /><input type="hidden" name=".cgifie
Action.c(127):     lds" value="552"  /><input type="hidden" name=".cgifields" value="521"  /><input type="hid
Action.c(127):     den" name=".cgifields" value="598"  /><input type="hidden" name=".cgifields" value="162"  
Action.c(127):     /><input type="hidden" name=".cgifields" value="433"  /><input type="hidden" name=".cgifie
Action.c(127):     lds" value="74"  /><input type="hidden" name=".cgifields" value="240"  /><input type="hidd
Action.c(127):     en" name=".cgifields" value="334"  /><input type="hidden" name=".cgifields" value="440"  /
Action.c(127):     ><input type="hidden" name=".cgifields" value="230"  /><input type="hidden" name=".cgifiel
Action.c(127):     ds" value="115"  /><input type="hidden" name=".cgifields" value="299"  /><input type="hidd
Action.c(127):     en" name=".cgifields" value="377"  /><input type="hidden" name=".cgifields" value="103"  /
Action.c(127):     ><input type="hidden" name=".cgifields" value="602"  /><input type="hidden" name=".cgifiel
Action.c(127):     ds" value="201"  /><input type="hidden" name=".cgifields" value="423"  /><input type="hidd
Action.c(127):     en" name=".cgifields" value="91"  /><input type="hidden" name=".cgifields" value="266"  />
Action.c(127):     <input type="hidden" name=".cgifields" value="467"  /><input type="hidden" name=".cgifield
Action.c(127):     s" value="174"  /><input type="hidden" name=".cgifields" value="474"  /><input type="hidde
Action.c(127):     n" name=".cgifields" value="481"  /><input type="hidden" name=".cgifields" value="214"  />
Action.c(127):     <input type="hidden" name=".cgifields" value="422"  /><input type="hidden" name=".cgifield
Action.c(127):     s" value="564"  /><input type="hidden" name=".cgifields" value="563"  /><input type="hidde
Action.c(127):     n" name=".cgifields" value="97"  /><input type="hidden" name=".cgifields" value="41"  /><i
Action.c(127):     nput type="hidden" name=".cgifields" value="52"  /><input type="hidden" name=".cgifields" 
Action.c(127):     value="302"  /><input type="hidden" name=".cgifields" value="229"  /><input type="hidden" 
Action.c(127):     name=".cgifields" value="503"  /><input type="hidden" name=".cgifields" value="593"  /><in
Action.c(127):     put type="hidden" name=".cgifields" value="68"  /><input type="hidden" name=".cgifields" v
Action.c(127):     alue="188"  /><input type="hidden" name=".cgifields" value="315"  /><input type="hidden" n
Action.c(127):     ame=".cgifields" value="402"  /><input type="hidden" name=".cgifields" value="338"  /><inp
Action.c(127):     ut type="hidden" name=".cgifields" value="576"  /><input type="hidden" name=".cgifields" v
Action.c(127):     alue="222"  /><input type="hidden" name=".cgifields" value="25"  /><input type="hidden" na
Action.c(127):     me=".cgifields" value="83"  /><input type="hidden" name=".cgifields" value="484"  /><input
Action.c(127):      type="hidden" name=".cgifields" value="305"  /><input type="hidden" name=".cgifields" val
Action.c(127):     ue="544"  /><input type="hidden" name=".cgifields" value="217"  /><input type="hidden" nam
Action.c(127):     e=".cgifields" value="328"  /><input type="hidden" name=".cgifields" value="239"  /><input
Action.c(127):      type="hidden" name=".cgifields" value="122"  /><input type="hidden" name=".cgifields" val
Action.c(127):     ue="143"  /><input type="hidden" name=".cgifields" value="158"  /><input type="hidden" nam
Action.c(127):     e=".cgifields" value="269"  /><input type="hidden" name=".cgifields" value="281"  /><input
Action.c(127):      type="hidden" name=".cgifields" value="464"  /><input type="hidden" name=".cgifields" val
Action.c(127):     ue="363"  /><input type="hidden" name=".cgifields" value="46"  /><input type="hidden" name
Action.c(127):     =".cgifields" value="6"  /><input type="hidden" name=".cgifields" value="562"  /><input ty
Action.c(127):     pe="hidden" name=".cgifields" value="36"  /><input type="hidden" name=".cgifields" value="
Action.c(127):     518"  /><input type="hidden" name=".cgifields" value="183"  /><input type="hidden" name=".
Action.c(127):     cgifields" value="497"  /><input type="hidden" name=".cgifields" value="472"  /><input typ
Action.c(127):     e="hidden" name=".cgifields" value="362"  /><input type="hidden" name=".cgifields" value="
Action.c(127):     439"  /><input type="hidden" name=".cgifields" value="317"  /><input type="hidden" name=".
Action.c(127):     cgifields" value="132"  /><input type="hidden" name=".cgifields" value="169"  /><input typ
Action.c(127):     e="hidden" name=".cgifields" value="411"  /><input type="hidden" name=".cgifields" value="
Action.c(127):     478"  /><input type="hidden" name=".cgifields" value="384"  /><input type="hidden" name=".
Action.c(127):     cgifields" value="398"  /><input type="hidden" name=".cgifields" value="546"  /><input typ
Action.c(127):     e="hidden" name=".cgifields" value="537"  /><input type="hidden" name=".cgifields" value="
Action.c(127):     407"  /><input type="hidden" name=".cgifields" value="18"  /><input type="hidden" name=".c
Action.c(127):     gifields" value="376"  /><input type="hidden" name=".cgifields" value="522"  /><input type
Action.c(127):     ="hidden" name=".cgifields" value="125"  /><input type="hidden" name=".cgifields" value="5
Action.c(127):     99"  /><input type="hidden" name=".cgifields" value="44"  /><input type="hidden" name=".cg
Action.c(127):     ifields" value="587"  /><input type="hidden" name=".cgifields" value="190"  /><input type=
Action.c(127):     "hidden" name=".cgifields" value="95"  /><input type="hidden" name=".cgifields" value="298
Action.c(127):     "  /><input type="hidden" name=".cgifields" value="601"  /><input type="hidden" name=".cgi
Action.c(127):     fields" value="313"  /><input type="hidden" name=".cgifields" value="243"  /><input type="
Action.c(127):     hidden" name=".cgifields" value="231"  /><input type="hidden" name=".cgifields" value="551
Action.c(127):     "  /><input type="hidden" name=".cgifields" value="529"  /><input type="hidden" name=".cgi
Action.c(127):     fields" value="148"  /><input type="hidden" name=".cgifields" value="343"  /><input type="
Action.c(127):     hidden" name=".cgifields" value="504"  /><input type="hidden" name=".cgifields" value="397
Action.c(127):     "  /><input type="hidden" name=".cgifields" value="106"  /><input type="hidden" name=".cgi
Action.c(127):     fields" value="157"  /><input type="hidden" name=".cgifields" value="65"  /><input type="h
Action.c(127):     idden" name=".cgifields" value="203"  /><input type="hidden" name=".cgifields" value="261"
Action.c(127):       /><input type="hidden" name=".cgifields" value="81"  /><input type="hidden" name=".cgifi
Action.c(127):     elds" value="321"  /><input type="hidden" name=".cgifields" value="459"  /><input type="hi
Action.c(127):     dden" name=".cgifields" value="86"  /><input type="hidden" name=".cgifields" value="284"  
Action.c(127):     /><input type="hidden" name=".cgifields" value="247"  /><input type="hidden" name=".cgifie
Action.c(127):     lds" value="371"  /><input type="hidden" name=".cgifields" value="204"  /><input type="hid
Action.c(127):     den" name=".cgifields" value="165"  /><input type="hidden" name=".cgifields" value="289"  
Action.c(127):     /><input type="hidden" name=".cgifields" value="2"  /><input type="hidden" name=".cgifield
Action.c(127):     s" value="435"  /><input type="hidden" name=".c
Action.c(127): t=6959002ms: 6-byte chunked response overhead for "http://localhost:1080/cgi-bin/itinerary.pl" (RelFrameId=1.2, Internal ID=897)
Action.c(127):     \r\n
Action.c(127):     a3\r\n
Action.c(127): t=6959002ms: 7-byte chunked response overhead for "http://localhost:1080/cgi-bin/itinerary.pl" (RelFrameId=1.2, Internal ID=897)
Action.c(127):     \r\n
Action.c(127):     0\r\n
Action.c(127):     \r\n
Action.c(127): t=6959002ms: 5609-byte chunked response body for "http://localhost:1080/cgi-bin/itinerary.pl" (RelFrameId=1.2, Internal ID=897)
Action.c(127):     gifields" value="401"  /><input type="hidden" name=".cgifields" value="186"  /><input type
Action.c(127):     ="hidden" name=".cgifields" value="147"  /><input type="hidden" name=".cgifields" value="3
Action.c(127):     39"  /><input type="hidden" name=".cgifields" value="228"  /><input type="hidden" name=".c
Action.c(127):     gifields" value="531"  /><input type="hidden" name=".cgifields" value="268"  /><input type
Action.c(127):     ="hidden" name=".cgifields" value="345"  /><input type="hidden" name=".cgifields" value="5
Action.c(127):     96"  /><input type="hidden" name=".cgifields" value="172"  /><input type="hidden" name=".c
Action.c(127):     gifields" value="319"  /><input type="hidden" name=".cgifields" value="223"  /><input type
Action.c(127):     ="hidden" name=".cgifields" value="404"  /><input type="hidden" name=".cgifields" value="5
Action.c(127):     16"  /><input type="hidden" name=".cgifields" value="282"  /><input type="hidden" name=".c
Action.c(127):     gifields" value="420"  /><input type="hidden" name=".cgifields" value="121"  /><input type
Action.c(127):     ="hidden" name=".cgifields" value="344"  /><input type="hidden" name=".cgifields" value="4
Action.c(127):     87"  /><input type="hidden" name=".cgifields" value="494"  /><input type="hidden" name=".c
Action.c(127):     gifields" value="238"  /><input type="hidden" name=".cgifields" value="577"  /><input type
Action.c(127):     ="hidden" name=".cgifields" value="253"  /><input type="hidden" name=".cgifields" value="5
Action.c(127):     61"  /><input type="hidden" name=".cgifields" value="448"  /><input type="hidden" name=".c
Action.c(127):     gifields" value="209"  /><input type="hidden" name=".cgifields" value="216"  /><input type
Action.c(127):     ="hidden" name=".cgifields" value="357"  /><input type="hidden" name=".cgifields" value="1
Action.c(127):     17"  /><input type="hidden" name=".cgifields" value="63"  /><input type="hidden" name=".cg
Action.c(127):     ifields" value="455"  /><input type="hidden" name=".cgifields" value="600"  /><input type=
Action.c(127):     "hidden" name=".cgifields" value="80"  /><input type="hidden" name=".cgifields" value="336
Action.c(127):     "  /><input type="hidden" name=".cgifields" value="457"  /><input type="hidden" name=".cgi
Action.c(127):     fields" value="179"  /><input type="hidden" name=".cgifields" value="383"  /><input type="
Action.c(127):     hidden" name=".cgifields" value="297"  /><input type="hidden" name=".cgifields" value="277
Action.c(127):     "  /><input type="hidden" name=".cgifields" value="92"  /><input type="hidden" name=".cgif
Action.c(127):     ields" value="10"  /><input type="hidden" name=".cgifields" value="550"  /><input type="hi
Action.c(127):     dden" name=".cgifields" value="505"  /><input type="hidden" name=".cgifields" value="419" 
Action.c(127):      /><input type="hidden" name=".cgifields" value="133"  /><input type="hidden" name=".cgifi
Action.c(127):     elds" value="290"  /><input type="hidden" name=".cgifields" value="592"  /><input type="hi
Action.c(127):     dden" name=".cgifields" value="149"  /><input type="hidden" name=".cgifields" value="123" 
Action.c(127):      /><input type="hidden" name=".cgifields" value="304"  /><input type="hidden" name=".cgifi
Action.c(127):     elds" value="547"  /><input type="hidden" name=".cgifields" value="210"  /><input type="hi
Action.c(127):     dden" name=".cgifields" value="406"  /><input type="hidden" name=".cgifields" value="258" 
Action.c(127):      /><input type="hidden" name=".cgifields" value="396"  /><input type="hidden" name=".cgifi
Action.c(127):     elds" value="482"  /><input type="hidden" name=".cgifields" value="173"  /><input type="hi
Action.c(127):     dden" name=".cgifields" value="530"  /><input type="hidden" name=".cgifields" value="56"  
Action.c(127):     /><input type="hidden" name=".cgifields" value="499"  /><input type="hidden" name=".cgifie
Action.c(127):     lds" value="66"  /><input type="hidden" name=".cgifields" value="19"  /><input type="hidde
Action.c(127):     n" name=".cgifields" value="54"  /><input type="hidden" name=".cgifields" value="365"  /><
Action.c(127):     input type="hidden" name=".cgifields" value="306"  /><input type="hidden" name=".cgifields
Action.c(127):     " value="70"  /><input type="hidden" name=".cgifields" value="470"  /><input type="hidden"
Action.c(127):      name=".cgifields" value="166"  /><input type="hidden" name=".cgifields" value="88"  /><in
Action.c(127):     put type="hidden" name=".cgifields" value="141"  /><input type="hidden" name=".cgifields" 
Action.c(127):     value="30"  /><input type="hidden" name=".cgifields" value="570"  /><input type="hidden" n
Action.c(127):     ame=".cgifields" value="403"  /><input type="hidden" name=".cgifields" value="252"  /><inp
Action.c(127):     ut type="hidden" name=".cgifields" value="466"  /><input type="hidden" name=".cgifields" v
Action.c(127):     alue="156"  /><input type="hidden" name=".cgifields" value="134"  /><input type="hidden" n
Action.c(127):     ame=".cgifields" value="75"  /><input type="hidden" name=".cgifields" value="283"  /><inpu
Action.c(127):     t type="hidden" name=".cgifields" value="59"  /><input type="hidden" name=".cgifields" val
Action.c(127):     ue="421"  /><input type="hidden" name=".cgifields" value="450"  /><input type="hidden" nam
Action.c(127):     e=".cgifields" value="271"  /><input type="hidden" name=".cgifields" value="491"  /><input
Action.c(127):      type="hidden" name=".cgifields" value="219"  /><input type="hidden" name=".cgifields" val
Action.c(127):     ue="318"  /><input type="hidden" name=".cgifields" value="13"  /><input type="hidden" name
Action.c(127):     =".cgifields" value="105"  /><input type="hidden" name=".cgifields" value="473"  /><input 
Action.c(127):     type="hidden" name=".cgifields" value="185"  /><input type="hidden" name=".cgifields" valu
Action.c(127):     e="3"  /><input type="hidden" name=".cgifields" value="597"  /><input type="hidden" name="
Action.c(127):     .cgifields" value="248"  /><input type="hidden" name=".cgifields" value="390"  /><input ty
Action.c(127):     pe="hidden" name=".cgifields" value="146"  /><input type="hidden" name=".cgifields" value=
Action.c(127):     "111"  /><input type="hidden" name=".cgifields" value="38"  /><input type="hidden" name=".
Action.c(127):     cgifields" value="356"  /><input type="hidden" name=".cgifields" value="408"  /><input typ
Action.c(127):     e="hidden" name=".cgifields" value="4"  /><input type="hidden" name=".cgifields" value="52
Action.c(127):     8"  /><input type="hidden" name=".cgifields" value="164"  /><input type="hidden" name=".cg
Action.c(127):     ifields" value="196"  /><input type="hidden" name=".cgifields" value="242"  /></div></form
Action.c(127):     >\n
Action.c(127):     \n
Action.c(127):     </center>\n
Action.c(127):     \n
Action.c(127):     </body>\n
Action.c(127):     </html>
Action.c(127): t=6959005ms: Request done "http://localhost:1080/cgi-bin/itinerary.pl"  	[MsgId: MMSG-26000]
Action.c(127): t=6959005ms: 297-byte response headers for "http://localhost:1080/WebTours/images/cancelreservation.gif" (RelFrameId=, Internal ID=899)
Action.c(127):     HTTP/1.1 200 OK\r\n
Action.c(127):     Date: Mon, 21 Oct 2024 08:10:35 GMT\r\n
Action.c(127):     Server: Apache/2.2.21 (Win32)\r\n
Action.c(127):     Last-Modified: Thu, 12 Jan 2012 13:30:28 GMT\r\n
Action.c(127):     ETag: "200000000fb04-33f-4b654c0620500"\r\n
Action.c(127):     Accept-Ranges: bytes\r\n
Action.c(127):     Content-Length: 831\r\n
Action.c(127):     Keep-Alive: timeout=5, max=96\r\n
Action.c(127):     Connection: Keep-Alive\r\n
Action.c(127):     Content-Type: image/gif\r\n
Action.c(127):     \r\n
Action.c(127): t=6959005ms: 831-byte response body for "http://localhost:1080/WebTours/images/cancelreservation.gif" (RelFrameId=, Internal ID=899)
Action.c(127): t=6959005ms: Request done "http://localhost:1080/WebTours/images/cancelreservation.gif"  	[MsgId: MMSG-26000]
Action.c(127): t=6959005ms: 297-byte response headers for "http://localhost:1080/WebTours/images/cancelallreservations.gif" (RelFrameId=, Internal ID=900)
Action.c(127):     HTTP/1.1 200 OK\r\n
Action.c(127):     Date: Mon, 21 Oct 2024 08:10:35 GMT\r\n
Action.c(127):     Server: Apache/2.2.21 (Win32)\r\n
Action.c(127):     Last-Modified: Thu, 12 Jan 2012 13:30:28 GMT\r\n
Action.c(127):     ETag: "300000000fb03-2e6-4b654c0620500"\r\n
Action.c(127):     Accept-Ranges: bytes\r\n
Action.c(127):     Content-Length: 742\r\n
Action.c(127):     Keep-Alive: timeout=5, max=99\r\n
Action.c(127):     Connection: Keep-Alive\r\n
Action.c(127):     Content-Type: image/gif\r\n
Action.c(127):     \r\n
Action.c(127): t=6959006ms: 742-byte response body for "http://localhost:1080/WebTours/images/cancelallreservations.gif" (RelFrameId=, Internal ID=900)
Action.c(127): t=6959006ms: Request done "http://localhost:1080/WebTours/images/cancelallreservations.gif"  	[MsgId: MMSG-26000]
Action.c(127): Registered web_reg_find successful for "Text=<title>Flights List</title>
" (count=1)  	[MsgId: MMSG-26364]
Action.c(127): web_image("Itinerary Button") was successful, 700738 body bytes, 1618 header bytes, 1338 chunking overhead bytes  	[MsgId: MMSG-26385]
Action.c(132): Notify: Transaction "open_booking_pages" ended with a "Pass" status (Duration: 1.8070 Wasted Time: 0.0060).	[MsgId: MMSG-16871]
Action.c(133): Notify: Transaction "UC02_search_tickets" ended with a "Pass" status (Duration: 48.6738 Think Time: 21.2863 Wasted Time: 0.0080).	[MsgId: MMSG-16870]
Ending action Action.	[MsgId: MMSG-15918]
Action was aborted.	[MsgId: MMSG-10694]
Ending Vuser...	[MsgId: MMSG-15966]
Starting action vuser_end.	[MsgId: MMSG-15919]
Ending action vuser_end.	[MsgId: MMSG-15918]
Vuser Terminated.	[MsgId: MMSG-15963]
t=6959007ms: Closed connection [0] to localhost:1080 after completing 5 request(s)  	[MsgId: MMSG-26000]
t=6959008ms: Closed connection [1] to localhost:1080 after completing 2 request(s)  	[MsgId: MMSG-26000]
t=6959008ms: Closed connection [2] to localhost:1080 after completing 1 request(s)  	[MsgId: MMSG-26000]
HTML-Mode memory management statistics: Reusable=104, NonReusable=0, CsMemBlockSize=4096, checks disabled  	[MsgId: MMSG-26000]
Vuser 9 (thread 2164), ended OK."	[MsgId: MMSG-10695]
