Action.c(127):     63"  /><input type="hidden" name=".cgifields" value="749"  /><input type="hidden" name=".c
Action.c(127):     gifields" value="531"  /><input type="hidden" name=".cgifields" value="268"  /><input type
Action.c(127):     ="hidden" name=".cgifields" value="829"  /><input type="hidden" name=".cgifields" value="3
Action.c(127):     45"  /><input type="hidden" name=".cgifields" value="596"  /><input type="hidden" name=".c
Action.c(127):     gifields" value="172"  /><input type="hidden" name=".cgifields" value="319"  /><input type
Action.c(127):     ="hidden" name=".cgifields" value="735"  /><input type="hidden" name=".cgifields" value="2
Action.c(127):     23"  /><input type="hidden" name=".cgifields" value="404"  /><input type="hidden" name=".c
Action.c(127):     gifields" value="721"  /><input type="hidden" name=".cgifields" value="613"  /><input type
Action.c(127):     ="hidden" name=".cgifields" value="516"  /><input type="hidden" name=".cgifields" value="6
Action.c(127):     69"  /><input type="hidden" name=".cgifields" value="282"  /><input type="hidden" name=".c
Action.c(127):     gifields" value="420"  /><input type="hidden" name=".cgifields" value="121"  /><input type
Action.c(127):     ="hidden" name=".cgifields" value="702"  /><input type="hidden" name=".cgifields" value="6
Action.c(127):     39"  /><input type="hidden" name=".cgifields" value="344"  /><input type="hidden" name=".c
Action.c(127):     gifields" value="487"  /><input type="hidden" name=".cgifields" value="494"  /><input type
Action.c(127):     ="hidden" name=".cgifields" value="238"  /><input type="hidden" name=".cgifields" value="8
Action.c(127):     73"  /><input type="hidden" name=".cgifields" value="636"  /><input type="hidden" name=".c
Action.c(127):     gifields" value="577"  /><input type="hidden" name=".cgifields" value="253"  /><input type
Action.c(127):     ="hidden" name=".cgifields" value="561"  /><input type="hidden" name=".cgifields" value="4
Action.c(127):     48"  /><input type="hidden" name=".cgifields" value="209"  /><input type="hidden" name=".c
Action.c(127):     gifields" value="216"  /><input type="hidden" name=".cgifields" value="357"  /><input type
Action.c(127):     ="hidden" name=".cgifields" value="117"  /><input type="hidden" name=".cgifields" value="8
Action.c(127):     52"  /><input type="hidden" name=".cgifields" value="643"  /><input type="hidden" name=".c
Action.c(127):     gifields" value="63"  /><input type="hidden" name=".cgifields" value="455"  /><input type=
Action.c(127):     "hidden" name=".cgifields" value="600"  /><input type="hidden" name=".cgifields" value="80
Action.c(127):     "  /><input type="hidden" name=".cgifields" value="336"  /><input type="hidden" name=".cgi
Action.c(127):     fields" value="457"  /><input type="hidden" name=".cgifields" value="821"  /><input type="
Action.c(127):     hidden" name=".cgifields" value="179"  /><input type="hidden" name=".cgifields" value="696
Action.c(127):     "  /><input type="hidden" name=".cgifields" value="383"  /><input type="hidden" name=".cgi
Action.c(127):     fields" value="297"  /><input type="hidden" name=".cgifields" value="713"  /><input type="
Action.c(127):     hidden" name=".cgifields" value="676"  /><input type="hidden" name=".cgifields" value="277
Action.c(127):     "  /><input type="hidden" name=".cgifields" value="92"  /><input type="hidden" name=".cgif
Action.c(127):     ields" value="879"  /><input type="hidden" name=".cgifields" value="10"  /><input type="hi
Action.c(127):     dden" name=".cgifields" value="550"  /><input type="hidden" name=".cgifields" value="505" 
Action.c(127):      /><input type="hidden" name=".cgifields" value="670"  /><input type="hidden" name=".cgifi
Action.c(127):     elds" value="419"  /><input type="hidden" name=".cgifields" value="837"  /><input type="hi
Action.c(127):     dden" name=".cgifields" value="133"  /><input type="hidden" name=".cgifields" value="290" 
Action.c(127):      /><input type="hidden" name=".cgifields" value="625"  /><input type="hidden" name=".cgifi
Action.c(127):     elds" value="592"  /><input type="hidden" name=".cgifields" value="149"  /><input type="hi
Action.c(127):     dden" name=".cgifields" value="123"  /><input type="hidden" name=".cgifields" value="304" 
Action.c(127):      /><input type="hidden" name=".cgifields" value="712"  /><input type="hidden" name=".cgifi
Action.c(127):     elds" value="631"  /><input type="hidden" name=".cgifields" value="547"  /><input type="hi
Action.c(127):     dden" name=".cgifields" value="210"  /><input type="hidden" name=".cgifields" value="406" 
Action.c(127):      /><input type="hidden" name=".cgifields" value="258"  /><input type="hidden" name=".cgifi
Action.c(127):     elds" value="396"  /><input type="hidden" name=".cgifields" value="482"  /><input type="hi
Action.c(127):     dden" name=".cgifields" value="173"  /><input t
Action.c(127): t=6946884ms: 7-byte chunked response overhead for "http://localhost:1080/cgi-bin/itinerary.pl" (RelFrameId=1.2, Internal ID=772)
Action.c(127):     \r\n
Action.c(127):     516\r\n
Action.c(127): t=6946884ms: 7-byte chunked response overhead for "http://localhost:1080/cgi-bin/itinerary.pl" (RelFrameId=1.2, Internal ID=772)
Action.c(127):     \r\n
Action.c(127):     0\r\n
Action.c(127):     \r\n
Action.c(127): t=6946885ms: 3312-byte chunked response body for "http://localhost:1080/cgi-bin/itinerary.pl" (RelFrameId=1.2, Internal ID=772)
Action.c(127):     ype="hidden" name=".cgifields" value="530"  /><input type="hidden" name=".cgifields" value
Action.c(127):     ="56"  /><input type="hidden" name=".cgifields" value="499"  /><input type="hidden" name="
Action.c(127):     .cgifields" value="66"  /><input type="hidden" name=".cgifields" value="19"  /><input type
Action.c(127):     ="hidden" name=".cgifields" value="54"  /><input type="hidden" name=".cgifields" value="36
Action.c(127):     5"  /><input type="hidden" name=".cgifields" value="763"  /><input type="hidden" name=".cg
Action.c(127):     ifields" value="306"  /><input type="hidden" name=".cgifields" value="70"  /><input type="
Action.c(127):     hidden" name=".cgifields" value="470"  /><input type="hidden" name=".cgifields" value="839
Action.c(127):     "  /><input type="hidden" name=".cgifields" value="793"  /><input type="hidden" name=".cgi
Action.c(127):     fields" value="166"  /><input type="hidden" name=".cgifields" value="88"  /><input type="h
Action.c(127):     idden" name=".cgifields" value="141"  /><input type="hidden" name=".cgifields" value="30" 
Action.c(127):      /><input type="hidden" name=".cgifields" value="654"  /><input type="hidden" name=".cgifi
Action.c(127):     elds" value="570"  /><input type="hidden" name=".cgifields" value="403"  /><input type="hi
Action.c(127):     dden" name=".cgifields" value="252"  /><input type="hidden" name=".cgifields" value="466" 
Action.c(127):      /><input type="hidden" name=".cgifields" value="883"  /><input type="hidden" name=".cgifi
Action.c(127):     elds" value="156"  /><input type="hidden" name=".cgifields" value="134"  /><input type="hi
Action.c(127):     dden" name=".cgifields" value="75"  /><input type="hidden" name=".cgifields" value="283"  
Action.c(127):     /><input type="hidden" name=".cgifields" value="618"  /><input type="hidden" name=".cgifie
Action.c(127):     lds" value="848"  /><input type="hidden" name=".cgifields" value="655"  /><input type="hid
Action.c(127):     den" name=".cgifields" value="59"  /><input type="hidden" name=".cgifields" value="421"  /
Action.c(127):     ><input type="hidden" name=".cgifields" value="450"  /><input type="hidden" name=".cgifiel
Action.c(127):     ds" value="271"  /><input type="hidden" name=".cgifields" value="703"  /><input type="hidd
Action.c(127):     en" name=".cgifields" value="491"  /><input type="hidden" name=".cgifields" value="864"  /
Action.c(127):     ><input type="hidden" name=".cgifields" value="219"  /><input type="hidden" name=".cgifiel
Action.c(127):     ds" value="318"  /><input type="hidden" name=".cgifields" value="13"  /><input type="hidde
Action.c(127):     n" name=".cgifields" value="799"  /><input type="hidden" name=".cgifields" value="105"  />
Action.c(127):     <input type="hidden" name=".cgifields" value="473"  /><input type="hidden" name=".cgifield
Action.c(127):     s" value="840"  /><input type="hidden" name=".cgifields" value="185"  /><input type="hidde
Action.c(127):     n" name=".cgifields" value="3"  /><input type="hidden" name=".cgifields" value="597"  /><i
Action.c(127):     nput type="hidden" name=".cgifields" value="248"  /><input type="hidden" name=".cgifields"
Action.c(127):      value="390"  /><input type="hidden" name=".cgifields" value="146"  /><input type="hidden"
Action.c(127):      name=".cgifields" value="111"  /><input type="hidden" name=".cgifields" value="802"  /><i
Action.c(127):     nput type="hidden" name=".cgifields" value="38"  /><input type="hidden" name=".cgifields" 
Action.c(127):     value="356"  /><input type="hidden" name=".cgifields" value="408"  /><input type="hidden" 
Action.c(127):     name=".cgifields" value="4"  /><input type="hidden" name=".cgifields" value="528"  /><inpu
Action.c(127):     t type="hidden" name=".cgifields" value="164"  /><input type="hidden" name=".cgifields" va
Action.c(127):     lue="807"  /><input type="hidden" name=".cgifields" value="196"  /><input type="hidden" na
Action.c(127):     me=".cgifields" value="242"  /></div></form>\n
Action.c(127):     \n
Action.c(127):     </center>\n
Action.c(127):     \n
Action.c(127):     </body>\n
Action.c(127):     </html>
Action.c(127): t=6946886ms: Request done "http://localhost:1080/cgi-bin/itinerary.pl"  	[MsgId: MMSG-26000]
Action.c(127): t=6946886ms: Already connected [0] to localhost:1080  	[MsgId: MMSG-26000]
Action.c(127): t=6946886ms: 523-byte request headers for "http://localhost:1080/WebTours/images/cancelreservation.gif" (RelFrameId=, Internal ID=774)
Action.c(127):     GET /WebTours/images/cancelreservation.gif HTTP/1.1\r\n
Action.c(127):     Referer: http://localhost:1080/cgi-bin/itinerary.pl\r\n
Action.c(127):     Priority: u=4\r\n
Action.c(127):     Upgrade-Insecure-Requests: 1\r\n
Action.c(127):     User-Agent: Mozilla/5.0 (Windows NT 10.0; Win64; x64; rv:130.0) Gecko/20100101 Firefox/130
Action.c(127):     .0\r\n
Action.c(127):     Accept-Encoding: gzip, deflate\r\n
Action.c(127):     Accept-Language: ru-RU,ru;q=0.8,en-US;q=0.5,en;q=0.3\r\n
Action.c(127):     Accept: */*\r\n
Action.c(127):     Connection: Keep-Alive\r\n
Action.c(127):     Host: localhost:1080\r\n
Action.c(127):     Cookie: MSO=SID&1729527838; MTUserInfo=firstName&&address2&&username&jojo8&hash&88&lastNam
Action.c(127):     e&%0A&address1&&creditCard&&expDate&%0A\r\n
Action.c(127):     \r\n
Action.c(127): t=6946888ms: 297-byte response headers for "http://localhost:1080/WebTours/images/cancelreservation.gif" (RelFrameId=, Internal ID=774)
Action.c(127):     HTTP/1.1 200 OK\r\n
Action.c(127):     Date: Mon, 21 Oct 2024 16:24:29 GMT\r\n
Action.c(127):     Server: Apache/2.2.21 (Win32)\r\n
Action.c(127):     Last-Modified: Thu, 12 Jan 2012 13:30:28 GMT\r\n
Action.c(127):     ETag: "200000000fb04-33f-4b654c0620500"\r\n
Action.c(127):     Accept-Ranges: bytes\r\n
Action.c(127):     Content-Length: 831\r\n
Action.c(127):     Keep-Alive: timeout=5, max=96\r\n
Action.c(127):     Connection: Keep-Alive\r\n
Action.c(127):     Content-Type: image/gif\r\n
Action.c(127):     \r\n
Action.c(127): t=6946888ms: 831-byte response body for "http://localhost:1080/WebTours/images/cancelreservation.gif" (RelFrameId=, Internal ID=774)
Action.c(127): t=6946888ms: Request done "http://localhost:1080/WebTours/images/cancelreservation.gif"  	[MsgId: MMSG-26000]
Action.c(127): t=6946888ms: Already connected [1] to localhost:1080  	[MsgId: MMSG-26000]
Action.c(127): t=6946889ms: 527-byte request headers for "http://localhost:1080/WebTours/images/cancelallreservations.gif" (RelFrameId=, Internal ID=775)
Action.c(127):     GET /WebTours/images/cancelallreservations.gif HTTP/1.1\r\n
Action.c(127):     Referer: http://localhost:1080/cgi-bin/itinerary.pl\r\n
Action.c(127):     Priority: u=4\r\n
Action.c(127):     Upgrade-Insecure-Requests: 1\r\n
Action.c(127):     User-Agent: Mozilla/5.0 (Windows NT 10.0; Win64; x64; rv:130.0) Gecko/20100101 Firefox/130
Action.c(127):     .0\r\n
Action.c(127):     Accept-Encoding: gzip, deflate\r\n
Action.c(127):     Accept-Language: ru-RU,ru;q=0.8,en-US;q=0.5,en;q=0.3\r\n
Action.c(127):     Accept: */*\r\n
Action.c(127):     Connection: Keep-Alive\r\n
Action.c(127):     Host: localhost:1080\r\n
Action.c(127):     Cookie: MSO=SID&1729527838; MTUserInfo=firstName&&address2&&username&jojo8&hash&88&lastNam
Action.c(127):     e&%0A&address1&&creditCard&&expDate&%0A\r\n
Action.c(127):     \r\n
Action.c(127): t=6946890ms: 297-byte response headers for "http://localhost:1080/WebTours/images/cancelallreservations.gif" (RelFrameId=, Internal ID=775)
Action.c(127):     HTTP/1.1 200 OK\r\n
Action.c(127):     Date: Mon, 21 Oct 2024 16:24:29 GMT\r\n
Action.c(127):     Server: Apache/2.2.21 (Win32)\r\n
Action.c(127):     Last-Modified: Thu, 12 Jan 2012 13:30:28 GMT\r\n
Action.c(127):     ETag: "300000000fb03-2e6-4b654c0620500"\r\n
Action.c(127):     Accept-Ranges: bytes\r\n
Action.c(127):     Content-Length: 742\r\n
Action.c(127):     Keep-Alive: timeout=5, max=99\r\n
Action.c(127):     Connection: Keep-Alive\r\n
Action.c(127):     Content-Type: image/gif\r\n
Action.c(127):     \r\n
Action.c(127): t=6946890ms: 742-byte response body for "http://localhost:1080/WebTours/images/cancelallreservations.gif" (RelFrameId=, Internal ID=775)
Action.c(127): t=6946891ms: Request done "http://localhost:1080/WebTours/images/cancelallreservations.gif"  	[MsgId: MMSG-26000]
Action.c(127): Registered web_reg_find successful for "Text=<title>Flights List</title>
" (count=1)  	[MsgId: MMSG-26364]
Action.c(127): web_image("Itinerary Button") was successful, 1041845 body bytes, 1618 header bytes, 1971 chunking overhead bytes  	[MsgId: MMSG-26385]
Action.c(132): Notify: Transaction "open_booking_pages" ended with a "Pass" status (Duration: 2.2069 Wasted Time: 0.0050).	[MsgId: MMSG-16871]
Action.c(133): Notify: Transaction "UC02_search_tickets" ended with a "Pass" status (Duration: 30.8864 Think Time: 26.7392 Wasted Time: 0.0070).	[MsgId: MMSG-16870]
Ending action Action.	[MsgId: MMSG-15918]
Action was aborted.	[MsgId: MMSG-10694]
Ending Vuser...	[MsgId: MMSG-15966]
Starting action vuser_end.	[MsgId: MMSG-15919]
Ending action vuser_end.	[MsgId: MMSG-15918]
Vuser Terminated.	[MsgId: MMSG-15963]
t=6946891ms: Closed connection [0] to localhost:1080 after completing 5 request(s)  	[MsgId: MMSG-26000]
t=6946892ms: Closed connection [1] to localhost:1080 after completing 2 request(s)  	[MsgId: MMSG-26000]
t=6946892ms: Closed connection [2] to localhost:1080 after completing 1 request(s)  	[MsgId: MMSG-26000]
HTML-Mode memory management statistics: Reusable=146, NonReusable=0, CsMemBlockSize=4096, checks disabled  	[MsgId: MMSG-26000]
Vuser 11 (thread 11576), ended OK."	[MsgId: MMSG-10695]
