Action.c(127):     hidden" name=".cgifields" value="660"  /><input type="hidden" name=".cgifields" value="7" 
Action.c(127):      /><input type="hidden" name=".cgifields" value="26"  /><input type="hidden" name=".cgifie
Action.c(127):     lds" value="227"  /><input type="hidden" name=".cgifields" value="977"  /><input type="hid
Action.c(127):     den" name=".cgifields" value="566"  /><input type="hidden" name=".cgifields" value="526"  
Action.c(127):     /><input type="hidden" name=".cgifields" value="806"  /><input type="hidden" name=".cgifie
Action.c(127):     lds" value="264"  /><input type="hidden" name=".cgifields" value="255"  /><input type="hid
Action.c(127):     den" name=".cgifields" value="359"  /><input type="hidden" name=".cgifields" value="182"  
Action.c(127):     /><input type="hidden" name=".cgifields" value="1229"  /><input type="hidden" name=".cgifi
Action.c(127):     elds" value="108"  /><input type="hidden" name=".cgifields" value="604"  /><input type="hi
Action.c(127):     dden" name=".cgifields" value="1001"  /><input type="hidden" name=".cgifields" value="556"
Action.c(127):       /><input type="hidden" name=".cgifields" value="717"  /><input type="hidden" name=".cgif
Action.c(127):     ields" value="232"  /><input type="hidden" name=".cgifields" value="477"  /><input type="h
Action.c(127):     idden" name=".cgifields" value="815"  /><input type="hidden" name=".cgifields" value="671"
Action.c(127):       /><input type="hidden" name=".cgifields" value="1182"  /><input type="hidden" name=".cgi
Action.c(127):     fields" value="225"  /><input type="hidden" name=".cgifields" value="330"  /><input type="
Action.c(127):     hidden" name=".cgifields" value="142"  /><input type="hidden" name=".cgifields" value="207
Action.c(127):     "  /><input type="hidden" name=".cgifields" value="167"  /><input type="hidden" name=".cgi
Action.c(127):     fields" value="48"  /><input type="hidden" name=".cgifields" value="360"  /><input type="h
Action.c(127):     idden" name=".cgifields" value="692"  /><input type="hidden" name=".cgifields" value="663"
Action.c(127):       /><input type="hidden" name=".cgifields" value="854"  /><input type="hidden" name=".cgif
Action.c(127):     ields" value="969"  /><input type="hidden" name=".cgifields" value="1174"  /><input type="
Action.c(127):     hidden" name=".cgifields" value="1076"  /><input type="hidden" name=".cgifields" value="76
Action.c(127):     6"  /><input type="hidden" name=".cgifields" value="510"  /><input type="hidden" name=".cg
Action.c(127):     ifields" value="393"  /><input type="hidden" name=".cgifields" value="449"  /><input type=
Action.c(127):     "hidden" name=".cgifields" value="658"  /><input type="hidden" name=".cgifields" value="27
Action.c(127):     4"  /><input type="hidden" name=".cgifields" value="549"  /><input type="hidden" name=".cg
Action.c(127):     ifields" value="877"  /><input type="hidden" name=".cgifields" value="659"  /><input type=
Action.c(127):     "hidden" name=".cgifields" value="1141"  /><input type="hidden" name=".cgifields" value="1
Action.c(127):     128"  /><input type="hidden" name=".cgifields" value="682"  /><input type="hidden" name=".
Action.c(127):     cgifields" value="353"  /><input type="hidden" name=".cgifields" value="375"  /><input typ
Action.c(127):     e="hidden" name=".cgifields" value="984"  /><input type="hidden" name=".cgifields" value="
Action.c(127):     1155"  /><input type="hidden" name=".cgifields" value="946"  /><input type="hidden" name="
Action.c(127):     .cgifields" value="788"  /><input type="hidden" name=".cgifields" value="128"  /><input ty
Action.c(127):     pe="hidden" name=".cgifields" value="303"  /><input type="hidden" name=".cgifields" value=
Action.c(127):     "250"  /><input type="hidden" name=".cgifields" value="614"  /><input type="hidden" name="
Action.c(127):     .cgifields" value="501"  /><input type="hidden" name=".cgifields" value="278"  /><input ty
Action.c(127):     pe="hidden" name=".cgifields" value="490"  /><input type="hidden" name=".cgifields" value=
Action.c(127):     "130"  /><input type="hidden" name=".cgifields" value="155"  /><input type="hidden" name="
Action.c(127):     .cgifields" value="387"  /><input type="hidden" name=".cgifields" value="53"  /><input typ
Action.c(127):     e="hidden" name=".cgifields" value="1112"  /><i
Action.c(127): t=3834245ms: 12287-byte chunked response body for "http://localhost:1080/cgi-bin/itinerary.pl" (RelFrameId=1.2, Internal ID=3047)
Action.c(127):     nput type="hidden" name=".cgifields" value="626"  /><input type="hidden" name=".cgifields"
Action.c(127):      value="941"  /><input type="hidden" name=".cgifields" value="461"  /><input type="hidden"
Action.c(127):      name=".cgifields" value="583"  /><input type="hidden" name=".cgifields" value="257"  /><i
Action.c(127):     nput type="hidden" name=".cgifields" value="951"  /><input type="hidden" name=".cgifields"
Action.c(127):      value="782"  /><input type="hidden" name=".cgifields" value="85"  /><input type="hidden" 
Action.c(127):     name=".cgifields" value="809"  /><input type="hidden" name=".cgifields" value="1156"  /><i
Action.c(127):     nput type="hidden" name=".cgifields" value="425"  /><input type="hidden" name=".cgifields"
Action.c(127):      value="591"  /><input type="hidden" name=".cgifields" value="832"  /><input type="hidden"
Action.c(127):      name=".cgifields" value="736"  /><input type="hidden" name=".cgifields" value="539"  /><i
Action.c(127):     nput type="hidden" name=".cgifields" value="781"  /><input type="hidden" name=".cgifields"
Action.c(127):      value="828"  /><input type="hidden" name=".cgifields" value="276"  /><input type="hidden"
Action.c(127):      name=".cgifields" value="102"  /><input type="hidden" name=".cgifields" value="520"  /><i
Action.c(127):     nput type="hidden" name=".cgifields" value="1218"  /><input type="hidden" name=".cgifields
Action.c(127):     " value="532"  /><input type="hidden" name=".cgifields" value="1193"  /><input type="hidde
Action.c(127):     n" name=".cgifields" value="55"  /><input type="hidden" name=".cgifields" value="57"  /><i
Action.c(127):     nput type="hidden" name=".cgifields" value="259"  /><input type="hidden" name=".cgifields"
Action.c(127):      value="424"  /><input type="hidden" name=".cgifields" value="872"  /><input type="hidden"
Action.c(127):      name=".cgifields" value="163"  /><input type="hidden" name=".cgifields" value="1106"  /><
Action.c(127):     input type="hidden" name=".cgifields" value="1146"  /><input type="hidden" name=".cgifield
Action.c(127):     s" value="395"  /><input type="hidden" name=".cgifields" value="89"  /><input type="hidden
Action.c(127):     " name=".cgifields" value="175"  /><input type="hidden" name=".cgifields" value="584"  /><
Action.c(127):     input type="hidden" name=".cgifields" value="988"  /><input type="hidden" name=".cgifields
Action.c(127):     " value="35"  /><input type="hidden" name=".cgifields" value="347"  /><input type="hidden"
Action.c(127):      name=".cgifields" value="665"  /><input type="hidden" name=".cgifields" value="434"  /><i
Action.c(127):     nput type="hidden" name=".cgifields" value="1184"  /><input type="hidden" name=".cgifields
Action.c(127):     " value="865"  /><input type="hidden" name=".cgifields" value="1207"  /><input type="hidde
Action.c(127):     n" name=".cgifields" value="904"  /><input type="hidden" name=".cgifields" value="930"  />
Action.c(127):     <input type="hidden" name=".cgifields" value="442"  /><input type="hidden" name=".cgifield
Action.c(127):     s" value="649"  /><input type="hidden" name=".cgifields" value="689"  /><input type="hidde
Action.c(127):     n" name=".cgifields" value="886"  /><input type="hidden" name=".cgifields" value="648"  />
Action.c(127):     <input type="hidden" name=".cgifields" value="642"  /><input type="hidden" name=".cgifield
Action.c(127):     s" value="1116"  /><input type="hidden" name=".cgifields" value="1028"  /><input type="hid
Action.c(127):     den" name=".cgifields" value="198"  /><input type="hidden" name=".cgifields" value="1098" 
Action.c(127):      /><input type="hidden" name=".cgifields" value="1059"  /><input type="hidden" name=".cgif
Action.c(127):     ields" value="727"  /><input type="hidden" name=".cgifields" value="939"  /><input type="h
Action.c(127):     idden" name=".cgifields" value="320"  /><input type="hidden" name=".cgifields" value="913"
Action.c(127):       /><input type="hidden" name=".cgifields" value="811"  /><input type="hidden" name=".cgif
Action.c(127):     ields" value="202"  /><input type="hidden" name=".cgifields" value="249"  /><input type="h
Action.c(127):     idden" name=".cgifields" value="361"  /><input type="hidden" name=".cgifields" value="465"
Action.c(127):       /><input type="hidden" name=".cgifields" value="184"  /><input type="hidden" name=".cgif
Action.c(127):     ields" value="819"  /><input type="hidden" name=".cgifields" value="1189"  /><input type="
Action.c(127):     hidden" name=".cgifields" value="1177"  /><input type="hidden" name=".cgifields" value="11
Action.c(127):     27"  /><input type="hidden" name=".cgifields" value="776"  /><input type="hidden" name=".c
Action.c(127):     gifields" value="894"  /><input type="hidden" name=".cgifields" value="858"  /><input type
Action.c(127):     ="hidden" name=".cgifields" value="140"  /><input type="hidden" name=".cgifields" value="1
Action.c(127):     269"  /><input type="hidden" name=".cgifields" value="181"  /><input type="hidden" name=".
Action.c(127):     cgifields" value="412"  /><input type="hidden" name=".cgifields" value="954"  /><input typ
Action.c(127):     e="hidden" name=".cgifields" value="385"  /><input type="hidden" name=".cgifields" value="
Action.c(127):     307"  /><input type="hidden" name=".cgifields" value="801"  /><input type="hidden" name=".
Action.c(127):     cgifields" value="985"  /><input type="hidden" name=".cgifields" value="971"  /><input typ
Action.c(127):     e="hidden" name=".cgifields" value="830"  /><input type="hidden" name=".cgifields" value="
Action.c(127):     154"  /><input type="hidden" name=".cgifields" value="754"  /><input type="hidden" name=".
Action.c(127):     cgifields" value="847"  /><input type="hidden" name=".cgifields" value="479"  /><input typ
Action.c(127):     e="hidden" name=".cgifields" value="1166"  /><input type="hidden" name=".cgifields" value=
Action.c(127):     "1101"  /><input type="hidden" name=".cgifields" value="704"  /><input type="hidden" name=
Action.c(127):     ".cgifields" value="326"  /><input type="hidden" name=".cgifields" value="1165"  /><input 
Action.c(127):     type="hidden" name=".cgifields" value="1003"  /><input type="hidden" name=".cgifields" val
Action.c(127):     ue="1054"  /><input type="hidden" name=".cgifields" value="681"  /><input type="hidden" na
Action.c(127):     me=".cgifields" value="619"  /><input type="hidden" name=".cgifields" value="335"  /><inpu
Action.c(127):     t type="hidden" name=".cgifields" value="1029"  /><input type="hidden" name=".cgifields" v
Action.c(127):     alue="698"  /><input type="hidden" name=".cgifields" value="5"  /><input type="hidden" nam
Action.c(127):     e=".cgifields" value="621"  /><input type="hidden" name=".cgifields" value="524"  /><input
Action.c(127):      type="hidden" name=".cgifields" value="554"  /><input type="hidden" name=".cgifields" val
Action.c(127):     ue="552"  /><input type="hidden" name=".cgifields" value="598"  /><input type="hidden" nam
Action.c(127):     e=".cgifields" value="780"  /><input type="hidden" name=".cgifields" value="74"  /><input 
Action.c(127):     type="hidden" name=".cgifields" value="240"  /><input type="hidden" name=".cgifields" valu
Action.c(127):     e="890"  /><input type="hidden" name=".cgifields" value="440"  /><input type="hidden" name
Action.c(127):     =".cgifields" value="230"  /><input type="hidden" name=".cgifields" value="115"  /><input 
Action.c(127):     type="hidden" name=".cgifields" value="299"  /><input type="hidden" name=".cgifields" valu
Action.c(127):     e="377"  /><input type="hidden" name=".cgifields" value="922"  /><input type="hidden" name
Action.c(127):     =".cgifields" value="602"  /><input type="hidden" name=".cgifields" value="841"  /><input 
Action.c(127):     type="hidden" name=".cgifields" value="1044"  /><input type="hidden" name=".cgifields" val
Action.c(127):     ue="1072"  /><input type="hidden" name=".cgifields" value="612"  /><input type="hidden" na
Action.c(127):     me=".cgifields" value="936"  /><input type="hidden" name=".cgifields" value="91"  /><input
Action.c(127):      type="hidden" name=".cgifields" value="1240"  /><input type="hidden" name=".cgifields" va
Action.c(127):     lue="1086"  /><input type="hidden" name=".cgifields" value="701"  /><input type="hidden" n
Action.c(127):     ame=".cgifields" value="467"  /><input type="hidden" name=".cgifields" value="474"  /><inp
Action.c(127):     ut type="hidden" name=".cgifields" value="481"  /><input type="hidden" name=".cgifields" v
Action.c(127):     alue="867"  /><input type="hidden" name=".cgifields" value="214"  /><input type="hidden" n
Action.c(127):     ame=".cgifields" value="564"  /><input type="hidden" name=".cgifields" value="817"  /><inp
Action.c(127):     ut type="hidden" name=".cgifields" value="563"  /><input type="hidden" name=".cgifields" v
Action.c(127):     alue="731"  /><input type="hidden" name=".cgifields" value="657"  /><input type="hidden" n
Action.c(127):     ame=".cgifields" value="229"  /><input type="hidden" name=".cgifields" value="768"  /><inp
Action.c(127):     ut type="hidden" name=".cgifields" value="1092"  /><input type="hidden" name=".cgifields" 
Action.c(127):     value="673"  /><input type="hidden" name=".cgifields" value="503"  /><input type="hidden" 
Action.c(127):     name=".cgifields" value="68"  /><input type="hidden" name=".cgifields" value="315"  /><inp
Action.c(127):     ut type="hidden" name=".cgifields" value="338"  /><input type="hidden" name=".cgifields" v
Action.c(127):     alue="761"  /><input type="hidden" name=".cgifields" value="576"  /><input type="hidden" n
Action.c(127):     ame=".cgifields" value="222"  /><input type="hidden" name=".cgifields" value="25"  /><inpu
Action.c(127):     t type="hidden" name=".cgifields" value="738"  /><input type="hidden" name=".cgifields" va
Action.c(127):     lue="484"  /><input type="hidden" name=".cgifields" value="1243"  /><input type="hidden" n
Action.c(127):     ame=".cgifields" value="1078"  /><input type="hidden" name=".cgifields" value="1036"  /><i
Action.c(127):     nput type="hidden" name=".cgifields" value="305"  /><input type="hidden" name=".cgifields"
Action.c(127):      value="1253"  /><input type="hidden" name=".cgifields" value="928"  /><input type="hidden
Action.c(127):     " name=".cgifields" value="1265"  /><input type="hidden" name=".cgifields" value="623"  />
Action.c(127):     <input type="hidden" name=".cgifields" value="544"  /><input type="hidden" name=".cgifield
Action.c(127):     s" value="1196"  /><input type="hidden" name=".cgifields" value="1114"  /><input type="hid
Action.c(127):     den" name=".cgifields" value="217"  /><input type="hidden" name=".cgifields" value="328"  
Action.c(127):     /><input type="hidden" name=".cgifields" value="239"  /><input type="hidden" name=".cgifie
Action.c(127):     lds" value="122"  /><input type="hidden" name=".cgifields" value="1223"  /><input type="hi
Action.c(127):     dden" name=".cgifields" value="878"  /><input type="hidden" name=".cgifields" value="628" 
Action.c(127):      /><input type="hidden" name=".cgifields" value="158"  /><input type="hidden" name=".cgifi
Action.c(127):     elds" value="269"  /><input type="hidden" name=".cgifields" value="281"  /><input type="hi
Action.c(127):     dden" name=".cgifields" value="363"  /><input type="hidden" name=".cgifields" value="46"  
Action.c(127):     /><input type="hidden" name=".cgifields" value="733"  /><input type="hidden" name=".cgifie
Action.c(127):     lds" value="997"  /><input type="hidden" name=".cgifields" value="630"  /><input type="hid
Action.c(127):     den" name=".cgifields" value="36"  /><input type="hidden" name=".cgifields" value="748"  /
Action.c(127):     ><input type="hidden" name=".cgifields" value="472"  /><input type="hidden" name=".cgifiel
Action.c(127):     ds" value="317"  /><input type="hidden" name=".cgifields" value="608"  /><input type="hidd
Action.c(127):     en" name=".cgifields" value="711"  /><input type="hidden" name=".cgifields" value="132"  /
Action.c(127):     ><input type="hidden" name=".cgifields" value="1254"  /><input type="hidden" name=".cgifie
Action.c(127):     lds" value="1234"  /><input type="hidden" name=".cgifields" value="892"  /><input type="hi
Action.c(127):     dden" name=".cgifields" value="546"  /><input type="hidden" name=".cgifields" value="537" 
Action.c(127):      /><input type="hidden" name=".cgifields" value="522"  /><input type="hidden" name=".cgifi
Action.c(127):     elds" value="125"  /><input type="hidden" name=".cgifields" value="1018"  /><input type="h
Action.c(127):     idden" name=".cgifields" value="44"  /><input type="hidden" name=".cgifields" value="1125"
Action.c(127):       /><input type="hidden" name=".cgifields" value="1007"  /><input type="hidden" name=".cgi
Action.c(127):     fields" value="667"  /><input type="hidden" name=".cgifields" value="741"  /><input type="
Action.c(127):     hidden" name=".cgifields" value="1188"  /><input type="hidden" name=".cgifields" value="11
Action.c(127):     86"  /><input type="hidden" name=".cgifields" value="998"  /><input type="hidden" name=".c
Action.c(127):     gifields" value="714"  /><input type="hidden" name=".cgifields" value="313"  /><input type
Action.c(127):     ="hidden" name=".cgifields" value="529"  /><input type="hidden" name=".cgifields" value="1
Action.c(127):     058"  /><input type="hidden" name=".cgifields" value="987"  /><input type="hidden" name=".
Action.c(127):     cgifields" value="397"  /><input type="hidden" name=".cgifields" value="1150"  /><input ty
Action.c(127):     pe="hidden" name=".cgifields" value="1096"  /><input type="hidden" name=".cgifields" value
Action.c(127):     ="908"  /><input type="hidden" name=".cgifields" value="1191"  /><input type="hidden" name
Action.c(127):     =".cgifields" value="459"  /><input type="hidden" name=".cgifields" value="284"  /><input 
Action.c(127):     type="hidden" name=".cgifields" value="823"  /><input type="hidden" name=".cgifields" valu
Action.c(127):     e="903"  /><input type="hidden" name=".cgifields" value="247"  /><input type="hidden" name
Action.c(127):     =".cgifields" value="165"  /><input type="hidden" name=".cgifields" value="289"  /><input 
Action.c(127):     type="hidden" name=".cgifields" value="729"  /><input type="hidden" name=".cgifields" valu
Action.c(127):     e="771"  /><input type="hidden" name=".cgifields" value="2"  /><input type="hidden" name="
Action.c(127):     .cgifields" value="808"  /><input type="hidden" name=".cgifields" value="401"  /><input ty
Action.c(127):     pe="hidden" name=".cgifields" value="845"  /><input type="hidden" name=".cgifields" value=
Action.c(127):     "186"  /><input type="hidden" name=".cgifields" value="1231"  /><input type="hidden" name=
Action.c(127):     ".cgifields" value="1119"  /><input type="hidden" name=".cgifields" value="1249"  /><input
Action.c(127):      type="hidden" name=".cgifields" value="147"  /
Action.c(127): t=3834250ms: 12287-byte chunked response body for "http://localhost:1080/cgi-bin/itinerary.pl" (RelFrameId=1.2, Internal ID=3047)
Action.c(127):     ><input type="hidden" name=".cgifields" value="973"  /><input type="hidden" name=".cgifiel
Action.c(127):     ds" value="1046"  /><input type="hidden" name=".cgifields" value="1142"  /><input type="hi
Action.c(127):     dden" name=".cgifields" value="915"  /><input type="hidden" name=".cgifields" value="319" 
Action.c(127):      /><input type="hidden" name=".cgifields" value="1179"  /><input type="hidden" name=".cgif
Action.c(127):     ields" value="1052"  /><input type="hidden" name=".cgifields" value="735"  /><input type="
Action.c(127):     hidden" name=".cgifields" value="404"  /><input type="hidden" name=".cgifields" value="516
Action.c(127):     "  /><input type="hidden" name=".cgifields" value="974"  /><input type="hidden" name=".cgi
Action.c(127):     fields" value="1271"  /><input type="hidden" name=".cgifields" value="702"  /><input type=
Action.c(127):     "hidden" name=".cgifields" value="344"  /><input type="hidden" name=".cgifields" value="63
Action.c(127):     6"  /><input type="hidden" name=".cgifields" value="1104"  /><input type="hidden" name=".c
Action.c(127):     gifields" value="561"  /><input type="hidden" name=".cgifields" value="1133"  /><input typ
Action.c(127):     e="hidden" name=".cgifields" value="209"  /><input type="hidden" name=".cgifields" value="
Action.c(127):     1118"  /><input type="hidden" name=".cgifields" value="357"  /><input type="hidden" name="
Action.c(127):     .cgifields" value="117"  /><input type="hidden" name=".cgifields" value="455"  /><input ty
Action.c(127):     pe="hidden" name=".cgifields" value="600"  /><input type="hidden" name=".cgifields" value=
Action.c(127):     "80"  /><input type="hidden" name=".cgifields" value="336"  /><input type="hidden" name=".
Action.c(127):     cgifields" value="457"  /><input type="hidden" name=".cgifields" value="821"  /><input typ
Action.c(127):     e="hidden" name=".cgifields" value="696"  /><input type="hidden" name=".cgifields" value="
Action.c(127):     383"  /><input type="hidden" name=".cgifields" value="963"  /><input type="hidden" name=".
Action.c(127):     cgifields" value="297"  /><input type="hidden" name=".cgifields" value="92"  /><input type
Action.c(127):     ="hidden" name=".cgifields" value="1212"  /><input type="hidden" name=".cgifields" value="
Action.c(127):     980"  /><input type="hidden" name=".cgifields" value="10"  /><input type="hidden" name=".c
Action.c(127):     gifields" value="550"  /><input type="hidden" name=".cgifields" value="1164"  /><input typ
Action.c(127):     e="hidden" name=".cgifields" value="1081"  /><input type="hidden" name=".cgifields" value=
Action.c(127):     "505"  /><input type="hidden" name=".cgifields" value="670"  /><input type="hidden" name="
Action.c(127):     .cgifields" value="1094"  /><input type="hidden" name=".cgifields" value="958"  /><input t
Action.c(127):     ype="hidden" name=".cgifields" value="419"  /><input type="hidden" name=".cgifields" value
Action.c(127):     ="995"  /><input type="hidden" name=".cgifields" value="1225"  /><input type="hidden" name
Action.c(127):     =".cgifields" value="837"  /><input type="hidden" name=".cgifields" value="290"  /><input 
Action.c(127):     type="hidden" name=".cgifields" value="625"  /><input type="hidden" name=".cgifields" valu
Action.c(127):     e="592"  /><input type="hidden" name=".cgifields" value="149"  /><input type="hidden" name
Action.c(127):     =".cgifields" value="712"  /><input type="hidden" name=".cgifields" value="210"  /><input 
Action.c(127):     type="hidden" name=".cgifields" value="406"  /><input type="hidden" name=".cgifields" valu
Action.c(127):     e="173"  /><input type="hidden" name=".cgifields" value="530"  /><input type="hidden" name
Action.c(127):     =".cgifields" value="66"  /><input type="hidden" name=".cgifields" value="19"  /><input ty
Action.c(127):     pe="hidden" name=".cgifields" value="1030"  /><input type="hidden" name=".cgifields" value
Action.c(127):     ="365"  /><input type="hidden" name=".cgifields" value="763"  /><input type="hidden" name=
Action.c(127):     ".cgifields" value="470"  /><input type="hidden" name=".cgifields" value="793"  /><input t
Action.c(127):     ype="hidden" name=".cgifields" value="1205"  /><input type="hidden" name=".cgifields" valu
Action.c(127):     e="654"  /><input type="hidden" name=".cgifields" value="570"  /><input type="hidden" name
Action.c(127):     =".cgifields" value="252"  /><input type="hidden" name=".cgifields" value="1159"  /><input
Action.c(127):      type="hidden" name=".cgifields" value="883"  /><input type="hidden" name=".cgifields" val
Action.c(127):     ue="156"  /><input type="hidden" name=".cgifields" value="283"  /><input type="hidden" nam
Action.c(127):     e=".cgifields" value="655"  /><input type="hidden" name=".cgifields" value="59"  /><input 
Action.c(127):     type="hidden" name=".cgifields" value="421"  /><input type="hidden" name=".cgifields" valu
Action.c(127):     e="271"  /><input type="hidden" name=".cgifields" value="1226"  /><input type="hidden" nam
Action.c(127):     e=".cgifields" value="1256"  /><input type="hidden" name=".cgifields" value="1070"  /><inp
Action.c(127):     ut type="hidden" name=".cgifields" value="1024"  /><input type="hidden" name=".cgifields" 
Action.c(127):     value="491"  /><input type="hidden" name=".cgifields" value="864"  /><input type="hidden" 
Action.c(127):     name=".cgifields" value="1016"  /><input type="hidden" name=".cgifields" value="219"  /><i
Action.c(127):     nput type="hidden" name=".cgifields" value="13"  /><input type="hidden" name=".cgifields" 
Action.c(127):     value="1170"  /><input type="hidden" name=".cgifields" value="799"  /><input type="hidden"
Action.c(127):      name=".cgifields" value="105"  /><input type="hidden" name=".cgifields" value="925"  /><i
Action.c(127):     nput type="hidden" name=".cgifields" value="840"  /><input type="hidden" name=".cgifields"
Action.c(127):      value="597"  /><input type="hidden" name=".cgifields" value="390"  /><input type="hidden"
Action.c(127):      name=".cgifields" value="111"  /><input type="hidden" name=".cgifields" value="1042"  /><
Action.c(127):     input type="hidden" name=".cgifields" value="38"  /><input type="hidden" name=".cgifields"
Action.c(127):      value="408"  /><input type="hidden" name=".cgifields" value="196"  /><input type="hidden"
Action.c(127):      name=".cgifields" value="945"  /><input type="hidden" name=".cgifields" value="242"  /><i
Action.c(127):     nput type="hidden" name=".cgifields" value="1169"  /><input type="hidden" name=".cgifields
Action.c(127):     " value="559"  /><input type="hidden" name=".cgifields" value="32"  /><input type="hidden"
Action.c(127):      name=".cgifields" value="118"  /><input type="hidden" name=".cgifields" value="206"  /><i
Action.c(127):     nput type="hidden" name=".cgifields" value="443"  /><input type="hidden" name=".cgifields"
Action.c(127):      value="959"  /><input type="hidden" name=".cgifields" value="1065"  /><input type="hidden
Action.c(127):     " name=".cgifields" value="331"  /><input type="hidden" name=".cgifields" value="358"  /><
Action.c(127):     input type="hidden" name=".cgifields" value="737"  /><input type="hidden" name=".cgifields
Action.c(127):     " value="580"  /><input type="hidden" name=".cgifields" value="767"  /><input type="hidden
Action.c(127):     " name=".cgifields" value="84"  /><input type="hidden" name=".cgifields" value="805"  /><i
Action.c(127):     nput type="hidden" name=".cgifields" value="1020"  /><input type="hidden" name=".cgifields
Action.c(127):     " value="437"  /><input type="hidden" name=".cgifields" value="194"  /><input type="hidden
Action.c(127):     " name=".cgifields" value="220"  /><input type="hidden" name=".cgifields" value="1257"  />
Action.c(127):     <input type="hidden" name=".cgifields" value="846"  /><input type="hidden" name=".cgifield
Action.c(127):     s" value="1021"  /><input type="hidden" name=".cgifields" value="31"  /><input type="hidde
Action.c(127):     n" name=".cgifields" value="1263"  /><input type="hidden" name=".cgifields" value="934"  /
Action.c(127):     ><input type="hidden" name=".cgifields" value="948"  /><input type="hidden" name=".cgifiel
Action.c(127):     ds" value="572"  /><input type="hidden" name=".cgifields" value="968"  /><input type="hidd
Action.c(127):     en" name=".cgifields" value="675"  /><input type="hidden" name=".cgifields" value="226"  /
Action.c(127):     ><input type="hidden" name=".cgifields" value="15"  /><input type="hidden" name=".cgifield
Action.c(127):     s" value="431"  /><input type="hidden" name=".cgifields" value="527"  /><input type="hidde
Action.c(127):     n" name=".cgifields" value="1145"  /><input type="hidden" name=".cgifields" value="382"  /
Action.c(127):     ><input type="hidden" name=".cgifields" value="62"  /><input type="hidden" name=".cgifield
Action.c(127):     s" value="833"  /><input type="hidden" name=".cgifields" value="139"  /><input type="hidde
Action.c(127):     n" name=".cgifields" value="129"  /><input type="hidden" name=".cgifields" value="548"  />
Action.c(127):     <input type="hidden" name=".cgifields" value="926"  /><input type="hidden" name=".cgifield
Action.c(127):     s" value="1246"  /><input type="hidden" name=".cgifields" value="859"  /><input type="hidd
Action.c(127):     en" name=".cgifields" value="1083"  /><input type="hidden" name=".cgifields" value="739"  
Action.c(127):     /><input type="hidden" name=".cgifields" value="1110"  /><input type="hidden" name=".cgifi
Action.c(127):     elds" value="876"  /><input type="hidden" name=".cgifields" value="662"  /><input type="hi
Action.c(127):     dden" name=".cgifields" value="418"  /><input type="hidden" name=".cgifields" value="783" 
Action.c(127):      /><input type="hidden" name=".cgifields" value="933"  /><input type="hidden" name=".cgifi
Action.c(127):     elds" value="168"  /><input type="hidden" name=".cgifields" value="135"  /><input type="hi
Action.c(127):     dden" name=".cgifields" value="348"  /><input type="hidden" name=".cgifields" value="1152"
Action.c(127):       /><input type="hidden" name=".cgifields" value="145"  /><input type="hidden" name=".cgif
Action.c(127):     ields" value="49"  /><input type="hidden" name=".cgifields" value="789"  /><input type="hi
Action.c(127):     dden" name=".cgifields" value="178"  /><input type="hidden" name=".cgifields" value="1131"
Action.c(127):       /><input type="hidden" name=".cgifields" value="124"  /><input type="hidden" name=".cgif
Action.c(127):     ields" value="772"  /><input type="hidden" name=".cgifields" value="1090"  /><input type="
Action.c(127):     hidden" name=".cgifields" value="627"  /><input type="hidden" name=".cgifields" value="993
Action.c(127):     "  /><input type="hidden" name=".cgifields" value="715"  /><input type="hidden" name=".cgi
Action.c(127):     fields" value="23"  /><input type="hidden" name=".cgifields" value="364"  /><input type="h
Action.c(127):     idden" name=".cgifields" value="388"  /><input type="hidden" name=".cgifields" value="653"
Action.c(127):       /><input type="hidden" name=".cgifields" value="950"  /><input type="hidden" name=".cgif
Action.c(127):     ields" value="509"  /><input type="hidden" name=".cgifields" value="1025"  /><input type="
Action.c(127):     hidden" name=".cgifields" value="1015"  /><input type="hidden" name=".cgifields" value="36
Action.c(127):     7"  /><input type="hidden" name=".cgifields" value="976"  /><input type="hidden" name=".cg
Action.c(127):     ifields" value="716"  /><input type="hidden" name=".cgifields" value="940"  /><input type=
Action.c(127):     "hidden" name=".cgifields" value="485"  /><input type="hidden" name=".cgifields" value="68
Action.c(127):     5"  /><input type="hidden" name=".cgifields" value="743"  /><input type="hidden" name=".cg
Action.c(127):     ifields" value="778"  /><input type="hidden" name=".cgifields" value="21"  /><input type="
Action.c(127):     hidden" name=".cgifields" value="523"  /><input type="hidden" name=".cgifields" value="720
Action.c(127):     "  /><input type="hidden" name=".cgifields" value="1270"  /><input type="hidden" name=".cg
Action.c(127):     ifields" value="460"  /><input type="hidden" name=".cgifields" value="324"  /><input type=
Action.c(127):     "hidden" name=".cgifields" value="453"  /><input type="hidden" name=".cgifields" value="72
Action.c(127):     3"  /><input type="hidden" name=".cgifields" value="244"  /><input type="hidden" name=".cg
Action.c(127):     ifields" value="1202"  /><input type="hidden" name=".cgifields" value="637"  /><input type
Action.c(127):     ="hidden" name=".cgifields" value="351"  /><input type="hidden" name=".cgifields" value="1
Action.c(127):     040"  /><input type="hidden" name=".cgifields" value="595"  /><input type="hidden" name=".
Action.c(127):     cgifields" value="1138"  /><input type="hidden" name=".cgifields" value="488"  /><input ty
Action.c(127):     pe="hidden" name=".cgifields" value="752"  /><input type="hidden" name=".cgifields" value=
Action.c(127):     "1232"  /><input type="hidden" name=".cgifields" value="1012"  /><input type="hidden" name
Action.c(127):     =".cgifields" value="835"  /><input type="hidden" name=".cgifields" value="1267"  /><input
Action.c(127):      type="hidden" name=".cgifields" value="379"  /><input type="hidden" name=".cgifields" val
Action.c(127):     ue="1032"  /><input type="hidden" name=".cgifields" value="113"  /><input type="hidden" na
Action.c(127):     me=".cgifields" value="901"  /><input type="hidden" name=".cgifields" value="1035"  /><inp
Action.c(127):     ut type="hidden" name=".cgifields" value="152"  /><input type="hidden" name=".cgifields" v
Action.c(127):     alue="342"  /><input type="hidden" name=".cgifields" value="452"  /><input type="hidden" n
Action.c(127):     ame=".cgifields" value="862"  /><input type="hidden" name=".cgifields" value="295"  /><inp
Action.c(127):     ut type="hidden" name=".cgifields" value="579"  /><input type="hidden" name=".cgifields" v
Action.c(127):     alue="341"  /><input type="hidden" name=".cgifields" value="1056"  /><input type="hidden" 
Action.c(127):     name=".cgifields" value="535"  /><input type="hidden" name=".cgifields" value="77"  /><inp
Action.c(127):     ut type="hidden" name=".cgifields" value="683"  /><input type="hidden" name=".cgifields" v
Action.c(127):     alue="541"  /><input type="hidden" name=".cgifields" value="1215"  /><input type="hidden" 
Action.c(127):     name=".cgifields" value="64"  /><input type="hidden" name=".cgifields" value="765"  /><inp
Action.c(127):     ut type="hidden" name=".cgifields" value="881"  /><input type="hidden" name=".cgifields" v
Action.c(127):     alue="312"  /><input type="hidden" name=".cgifields" value="897"  /><input type="hidden" n
Action.c(127):     ame=".cgifields" value="45"  /><input type="hidden" name=".cgifields" value="405"  /><inpu
Action.c(127):     t type="hidden" name=".cgifields" value="507"  
Action.c(127): t=3834255ms: 12287-byte chunked response body for "http://localhost:1080/cgi-bin/itinerary.pl" (RelFrameId=1.2, Internal ID=3047)
Action.c(127):     /><input type="hidden" name=".cgifields" value="237"  /><input type="hidden" name=".cgifie
Action.c(127):     lds" value="1002"  /><input type="hidden" name=".cgifields" value="1173"  /><input type="h
Action.c(127):     idden" name=".cgifields" value="370"  /><input type="hidden" name=".cgifields" value="309"
Action.c(127):       /><input type="hidden" name=".cgifields" value="567"  /><input type="hidden" name=".cgif
Action.c(127):     ields" value="416"  /><input type="hidden" name=".cgifields" value="100"  /><input type="h
Action.c(127):     idden" name=".cgifields" value="380"  /><input type="hidden" name=".cgifields" value="914"
Action.c(127):       /><input type="hidden" name=".cgifields" value="1258"  /><input type="hidden" name=".cgi
Action.c(127):     fields" value="300"  /><input type="hidden" name=".cgifields" value="965"  /><input type="
Action.c(127):     hidden" name=".cgifields" value="824"  /><input type="hidden" name=".cgifields" value="120
Action.c(127):     "  /><input type="hidden" name=".cgifields" value="286"  /><input type="hidden" name=".cgi
Action.c(127):     fields" value="1075"  /><input type="hidden" name=".cgifields" value="800"  /><input type=
Action.c(127):     "hidden" name=".cgifields" value="1148"  /><input type="hidden" name=".cgifields" value="2
Action.c(127):     54"  /><input type="hidden" name=".cgifields" value="392"  /><input type="hidden" name=".c
Action.c(127):     gifields" value="496"  /><input type="hidden" name=".cgifields" value="605"  /><input type
Action.c(127):     ="hidden" name=".cgifields" value="607"  /><input type="hidden" name=".cgifields" value="8
Action.c(127):     13"  /><input type="hidden" name=".cgifields" value="42"  /><input type="hidden" name=".cg
Action.c(127):     ifields" value="644"  /><input type="hidden" name=".cgifields" value="759"  /><input type=
Action.c(127):     "hidden" name=".cgifields" value="851"  /><input type="hidden" name=".cgifields" value="39
Action.c(127):     9"  /><input type="hidden" name=".cgifields" value="1228"  /><input type="hidden" name=".c
Action.c(127):     gifields" value="1073"  /><input type="hidden" name=".cgifields" value="235"  /><input typ
Action.c(127):     e="hidden" name=".cgifields" value="694"  /><input type="hidden" name=".cgifields" value="
Action.c(127):     436"  /><input type="hidden" name=".cgifields" value="94"  /><input type="hidden" name=".c
Action.c(127):     gifields" value="213"  /><input type="hidden" name=".cgifields" value="816"  /><input type
Action.c(127):     ="hidden" name=".cgifields" value="1103"  /><input type="hidden" name=".cgifields" value="
Action.c(127):     568"  /><input type="hidden" name=".cgifields" value="1062"  /><input type="hidden" name="
Action.c(127):     .cgifields" value="265"  /><input type="hidden" name=".cgifields" value="296"  /><input ty
Action.c(127):     pe="hidden" name=".cgifields" value="1129"  /><input type="hidden" name=".cgifields" value
Action.c(127):     ="791"  /><input type="hidden" name=".cgifields" value="171"  /><input type="hidden" name=
Action.c(127):     ".cgifields" value="1143"  /><input type="hidden" name=".cgifields" value="386"  /><input 
Action.c(127):     type="hidden" name=".cgifields" value="916"  /><input type="hidden" name=".cgifields" valu
Action.c(127):     e="445"  /><input type="hidden" name=".cgifields" value="200"  /><input type="hidden" name
Action.c(127):     =".cgifields" value="1261"  /><input type="hidden" name=".cgifields" value="329"  /><input
Action.c(127):      type="hidden" name=".cgifields" value="525"  /><input type="hidden" name=".cgifields" val
Action.c(127):     ue="27"  /><input type="hidden" name=".cgifields" value="787"  /><input type="hidden" name
Action.c(127):     =".cgifields" value="161"  /><input type="hidden" name=".cgifields" value="582"  /><input 
Action.c(127):     type="hidden" name=".cgifields" value="109"  /><input type="hidden" name=".cgifields" valu
Action.c(127):     e="557"  /><input type="hidden" name=".cgifields" value="718"  /><input type="hidden" name
Action.c(127):     =".cgifields" value="1239"  /><input type="hidden" name=".cgifields" value="441"  /><input
Action.c(127):      type="hidden" name=".cgifields" value="868"  /><input type="hidden" name=".cgifields" val
Action.c(127):     ue="672"  /><input type="hidden" name=".cgifields" value="1140"  /><input type="hidden" na
Action.c(127):     me=".cgifields" value="769"  /><input type="hidden" name=".cgifields" value="1181"  /><inp
Action.c(127):     ut type="hidden" name=".cgifields" value="275"  /><input type="hidden" name=".cgifields" v
Action.c(127):     alue="983"  /><input type="hidden" name=".cgifields" value="803"  /><input type="hidden" n
Action.c(127):     ame=".cgifields" value="197"  /><input type="hidden" name=".cgifields" value="853"  /><inp
Action.c(127):     ut type="hidden" name=".cgifields" value="751"  /><input type="hidden" name=".cgifields" v
Action.c(127):     alue="60"  /><input type="hidden" name=".cgifields" value="1245"  /><input type="hidden" n
Action.c(127):     ame=".cgifields" value="1067"  /><input type="hidden" name=".cgifields" value="691"  /><in
Action.c(127):     put type="hidden" name=".cgifields" value="346"  /><input type="hidden" name=".cgifields" 
Action.c(127):     value="911"  /><input type="hidden" name=".cgifields" value="427"  /><input type="hidden" 
Action.c(127):     name=".cgifields" value="1111"  /><input type="hidden" name=".cgifields" value="677"  /><i
Action.c(127):     nput type="hidden" name=".cgifields" value="907"  /><input type="hidden" name=".cgifields"
Action.c(127):      value="82"  /><input type="hidden" name=".cgifields" value="650"  /><input type="hidden" 
Action.c(127):     name=".cgifields" value="1154"  /><input type="hidden" name=".cgifields" value="1210"  /><
Action.c(127):     input type="hidden" name=".cgifields" value="590"  /><input type="hidden" name=".cgifields
Action.c(127):     " value="895"  /><input type="hidden" name=".cgifields" value="69"  /><input type="hidden"
Action.c(127):      name=".cgifields" value="1157"  /><input type="hidden" name=".cgifields" value="664"  /><
Action.c(127):     input type="hidden" name=".cgifields" value="224"  /><input type="hidden" name=".cgifields
Action.c(127):     " value="79"  /><input type="hidden" name=".cgifields" value="617"  /><input type="hidden"
Action.c(127):      name=".cgifields" value="352"  /><input type="hidden" name=".cgifields" value="1006"  /><
Action.c(127):     input type="hidden" name=".cgifields" value="126"  /><input type="hidden" name=".cgifields
Action.c(127):     " value="1034"  /><input type="hidden" name=".cgifields" value="251"  /><input type="hidde
Action.c(127):     n" name=".cgifields" value="426"  /><input type="hidden" name=".cgifields" value="369"  />
Action.c(127):     <input type="hidden" name=".cgifields" value="996"  /><input type="hidden" name=".cgifield
Action.c(127):     s" value="279"  /><input type="hidden" name=".cgifields" value="651"  /><input type="hidde
Action.c(127):     n" name=".cgifields" value="176"  /><input type="hidden" name=".cgifields" value="956"  />
Action.c(127):     <input type="hidden" name=".cgifields" value="483"  /><input type="hidden" name=".cgifield
Action.c(127):     s" value="498"  /><input type="hidden" name=".cgifields" value="629"  /><input type="hidde
Action.c(127):     n" name=".cgifields" value="947"  /><input type="hidden" name=".cgifields" value="256"  />
Action.c(127):     <input type="hidden" name=".cgifields" value="372"  /><input type="hidden" name=".cgifield
Action.c(127):     s" value="920"  /><input type="hidden" name=".cgifields" value="428"  /><input type="hidde
Action.c(127):     n" name=".cgifields" value="887"  /><input type="hidden" name=".cgifields" value="1160"  /
Action.c(127):     ><input type="hidden" name=".cgifields" value="99"  /><input type="hidden" name=".cgifield
Action.c(127):     s" value="72"  /><input type="hidden" name=".cgifields" value="500"  /><input type="hidden
Action.c(127):     " name=".cgifields" value="869"  /><input type="hidden" name=".cgifields" value="1221"  />
Action.c(127):     <input type="hidden" name=".cgifields" value="1200"  /><input type="hidden" name=".cgifiel
Action.c(127):     ds" value="790"  /><input type="hidden" name=".cgifields" value="533"  /><input type="hidd
Action.c(127):     en" name=".cgifields" value="918"  /><input type="hidden" name=".cgifields" value="1122"  
Action.c(127):     /><input type="hidden" name=".cgifields" value="1108"  /><input type="hidden" name=".cgifi
Action.c(127):     elds" value="1053"  /><input type="hidden" name=".cgifields" value="414"  /><input type="h
Action.c(127):     idden" name=".cgifields" value="462"  /><input type="hidden" name=".cgifields" value="1014
Action.c(127):     "  /><input type="hidden" name=".cgifields" value="843"  /><input type="hidden" name=".cgi
Action.c(127):     fields" value="1209"  /><input type="hidden" name=".cgifields" value="263"  /><input type=
Action.c(127):     "hidden" name=".cgifields" value="632"  /><input type="hidden" name=".cgifields" value="39
Action.c(127):     4"  /><input type="hidden" name=".cgifields" value="991"  /><input type="hidden" name=".cg
Action.c(127):     ifields" value="514"  /><input type="hidden" name=".cgifields" value="610"  /><input type=
Action.c(127):     "hidden" name=".cgifields" value="725"  /><input type="hidden" name=".cgifields" value="93
Action.c(127):     1"  /><input type="hidden" name=".cgifields" value="513"  /><input type="hidden" name=".cg
Action.c(127):     ifields" value="615"  /><input type="hidden" name=".cgifields" value="50"  /><input type="
Action.c(127):     hidden" name=".cgifields" value="476"  /><input type="hidden" name=".cgifields" value="119
Action.c(127):     8"  /><input type="hidden" name=".cgifields" value="797"  /><input type="hidden" name=".cg
Action.c(127):     ifields" value="1077"  /><input type="hidden" name=".cgifields" value="1136"  /><input typ
Action.c(127):     e="hidden" name=".cgifields" value="1175"  /><input type="hidden" name=".cgifields" value=
Action.c(127):     "293"  /><input type="hidden" name=".cgifields" value="1272"  /><input type="hidden" name=
Action.c(127):     ".cgifields" value="1236"  /><input type="hidden" name=".cgifields" value="967"  /><input 
Action.c(127):     type="hidden" name=".cgifields" value="322"  /><input type="hidden" name=".cgifields" valu
Action.c(127):     e="645"  /><input type="hidden" name=".cgifields" value="469"  /><input type="hidden" name
Action.c(127):     =".cgifields" value="635"  /><input type="hidden" name=".cgifields" value="1088"  /><input
Action.c(127):      type="hidden" name=".cgifields" value="575"  /><input type="hidden" name=".cgifields" val
Action.c(127):     ue="1176"  /><input type="hidden" name=".cgifields" value="1039"  /><input type="hidden" n
Action.c(127):     ame=".cgifields" value="979"  /><input type="hidden" name=".cgifields" value="709"  /><inp
Action.c(127):     ut type="hidden" name=".cgifields" value="1005"  /><input type="hidden" name=".cgifields" 
Action.c(127):     value="28"  /><input type="hidden" name=".cgifields" value="40"  /><input type="hidden" na
Action.c(127):     me=".cgifields" value="310"  /><input type="hidden" name=".cgifields" value="192"  /><inpu
Action.c(127):     t type="hidden" name=".cgifields" value="589"  /><input type="hidden" name=".cgifields" va
Action.c(127):     lue="215"  /><input type="hidden" name=".cgifields" value="699"  /><input type="hidden" na
Action.c(127):     me=".cgifields" value="1115"  /><input type="hidden" name=".cgifields" value="687"  /><inp
Action.c(127):     ut type="hidden" name=".cgifields" value="960"  /><input type="hidden" name=".cgifields" v
Action.c(127):     alue="818"  /><input type="hidden" name=".cgifields" value="150"  /><input type="hidden" n
Action.c(127):     ame=".cgifields" value="1038"  /><input type="hidden" name=".cgifields" value="245"  /><in
Action.c(127):     put type="hidden" name=".cgifields" value="267"  /><input type="hidden" name=".cgifields" 
Action.c(127):     value="543"  /><input type="hidden" name=".cgifields" value="826"  /><input type="hidden" 
Action.c(127):     name=".cgifields" value="354"  /><input type="hidden" name=".cgifields" value="1064"  /><i
Action.c(127):     nput type="hidden" name=".cgifields" value="757"  /><input type="hidden" name=".cgifields"
Action.c(127):      value="332"  /><input type="hidden" name=".cgifields" value="9"  /><input type="hidden" n
Action.c(127):     ame=".cgifields" value="1099"  /><input type="hidden" name=".cgifields" value="1217"  /><i
Action.c(127):     nput type="hidden" name=".cgifields" value="34"  /><input type="hidden" name=".cgifields" 
Action.c(127):     value="745"  /><input type="hidden" name=".cgifields" value="603"  /><input type="hidden" 
Action.c(127):     name=".cgifields" value="90"  /><input type="hidden" name=".cgifields" value="565"  /><inp
Action.c(127):     ut type="hidden" name=".cgifields" value="620"  /><input type="hidden" name=".cgifields" v
Action.c(127):     alue="850"  /><input type="hidden" name=".cgifields" value="1045"  /><input type="hidden" 
Action.c(127):     name=".cgifields" value="891"  /><input type="hidden" name=".cgifields" value="937"  /><in
Action.c(127):     put type="hidden" name=".cgifields" value="1004"  /><input type="hidden" name=".cgifields"
Action.c(127):      value="16"  /><input type="hidden" name=".cgifields" value="730"  /><input type="hidden" 
Action.c(127):     name=".cgifields" value="921"  /><input type="hidden" name=".cgifields" value="1069"  /><i
Action.c(127):     nput type="hidden" name=".cgifields" value="233"  /><input type="hidden" name=".cgifields"
Action.c(127):      value="1013"  /><input type="hidden" name=".cgifields" value="1224"  /><input type="hidde
Action.c(127):     n" name=".cgifields" value="368"  /><input type="hidden" name=".cgifields" value="316"  />
Action.c(127):     <input type="hidden" name=".cgifields" value="994"  /><input type="hidden" name=".cgifield
Action.c(127):     s" value="611"  /><input type="hidden" name=".cgifields" value="849"  /><input type="hidde
Action.c(127):     n" name=".cgifields" value="11"  /><input type="hidden" name=".cgifields" value="492"  /><
Action.c(127):     input type="hidden" name=".cgifields" value="208"  /><input type="hidden" name=".cgifields
Action.c(127):     " value="511"  /><input type="hidden" name=".cgifields" value="842"  /><input type="hidden
Action.c(127):     " name=".cgifields" value="93"  /><input type="hidden" name=".cgifields" value="899"  /><i
Action.c(127):     nput type="hidden" name=".cgifields" value="292"  /><input type="hidden" name=".cgifields"
Action.c(127):      value="291"  /><input type="hidden" name=".cgifields" value="374"  /><input type="hidden"
Action.c(127):      name=".cgifields" value="199"  /><input type="hidden" name=".cgifields" value="114"  /><i
Action.c(127):     nput type="hidden" name=".cgifields" value="429
Action.c(127): t=3834259ms: 12287-byte chunked response body for "http://localhost:1080/cgi-bin/itinerary.pl" (RelFrameId=1.2, Internal ID=3047)
Action.c(127):     "  /><input type="hidden" name=".cgifields" value="1091"  /><input type="hidden" name=".cg
Action.c(127):     ifields" value="409"  /><input type="hidden" name=".cgifields" value="73"  /><input type="
Action.c(127):     hidden" name=".cgifields" value="67"  /><input type="hidden" name=".cgifields" value="241"
Action.c(127):       /><input type="hidden" name=".cgifields" value="795"  /><input type="hidden" name=".cgif
Action.c(127):     ields" value="812"  /><input type="hidden" name=".cgifields" value="489"  /><input type="h
Action.c(127):     idden" name=".cgifields" value="585"  /><input type="hidden" name=".cgifields" value="794"
Action.c(127):       /><input type="hidden" name=".cgifields" value="327"  /><input type="hidden" name=".cgif
Action.c(127):     ields" value="1080"  /><input type="hidden" name=".cgifields" value="944"  /><input type="
Action.c(127):     hidden" name=".cgifields" value="1113"  /><input type="hidden" name=".cgifields" value="67
Action.c(127):     4"  /><input type="hidden" name=".cgifields" value="732"  /><input type="hidden" name=".cg
Action.c(127):     ifields" value="280"  /><input type="hidden" name=".cgifields" value="957"  /><input type=
Action.c(127):     "hidden" name=".cgifields" value="273"  /><input type="hidden" name=".cgifields" value="47
Action.c(127):     1"  /><input type="hidden" name=".cgifields" value="622"  /><input type="hidden" name=".cg
Action.c(127):     ifields" value="970"  /><input type="hidden" name=".cgifields" value="24"  /><input type="
Action.c(127):     hidden" name=".cgifields" value="104"  /><input type="hidden" name=".cgifields" value="131
Action.c(127):     "  /><input type="hidden" name=".cgifields" value="502"  /><input type="hidden" name=".cgi
Action.c(127):     fields" value="314"  /><input type="hidden" name=".cgifields" value="1237"  /><input type=
Action.c(127):     "hidden" name=".cgifields" value="1264"  /><input type="hidden" name=".cgifields" value="3
Action.c(127):     55"  /><input type="hidden" name=".cgifields" value="159"  /><input type="hidden" name=".c
Action.c(127):     gifields" value="553"  /><input type="hidden" name=".cgifields" value="747"  /><input type
Action.c(127):     ="hidden" name=".cgifields" value="1252"  /><input type="hidden" name=".cgifields" value="
Action.c(127):     555"  /><input type="hidden" name=".cgifields" value="1037"  /><input type="hidden" name="
Action.c(127):     .cgifields" value="47"  /><input type="hidden" name=".cgifields" value="37"  /><input type
Action.c(127):     ="hidden" name=".cgifields" value="1017"  /><input type="hidden" name=".cgifields" value="
Action.c(127):     855"  /><input type="hidden" name=".cgifields" value="270"  /><input type="hidden" name=".
Action.c(127):     cgifields" value="195"  /><input type="hidden" name=".cgifields" value="1057"  /><input ty
Action.c(127):     pe="hidden" name=".cgifields" value="538"  /><input type="hidden" name=".cgifields" value=
Action.c(127):     "679"  /><input type="hidden" name=".cgifields" value="680"  /><input type="hidden" name="
Action.c(127):     .cgifields" value="831"  /><input type="hidden" name=".cgifields" value="1147"  /><input t
Action.c(127):     ype="hidden" name=".cgifields" value="521"  /><input type="hidden" name=".cgifields" value
Action.c(127):     ="162"  /><input type="hidden" name=".cgifields" value="1241"  /><input type="hidden" name
Action.c(127):     =".cgifields" value="433"  /><input type="hidden" name=".cgifields" value="880"  /><input 
Action.c(127):     type="hidden" name=".cgifields" value="647"  /><input type="hidden" name=".cgifields" valu
Action.c(127):     e="1206"  /><input type="hidden" name=".cgifields" value="334"  /><input type="hidden" nam
Action.c(127):     e=".cgifields" value="786"  /><input type="hidden" name=".cgifields" value="986"  /><input
Action.c(127):      type="hidden" name=".cgifields" value="1117"  /><input type="hidden" name=".cgifields" va
Action.c(127):     lue="740"  /><input type="hidden" name=".cgifields" value="1008"  /><input type="hidden" n
Action.c(127):     ame=".cgifields" value="1027"  /><input type="hidden" name=".cgifields" value="103"  /><in
Action.c(127):     put type="hidden" name=".cgifields" value="201"  /><input type="hidden" name=".cgifields" 
Action.c(127):     value="871"  /><input type="hidden" name=".cgifields" value="423"  /><input type="hidden" 
Action.c(127):     name=".cgifields" value="719"  /><input type="hidden" name=".cgifields" value="1139"  /><i
Action.c(127):     nput type="hidden" name=".cgifields" value="902"  /><input type="hidden" name=".cgifields"
Action.c(127):      value="1222"  /><input type="hidden" name=".cgifields" value="827"  /><input type="hidden
Action.c(127):     " name=".cgifields" value="266"  /><input type="hidden" name=".cgifields" value="174"  /><
Action.c(127):     input type="hidden" name=".cgifields" value="820"  /><input type="hidden" name=".cgifields
Action.c(127):     " value="422"  /><input type="hidden" name=".cgifields" value="1219"  /><input type="hidde
Action.c(127):     n" name=".cgifields" value="905"  /><input type="hidden" name=".cgifields" value="1194"  /
Action.c(127):     ><input type="hidden" name=".cgifields" value="97"  /><input type="hidden" name=".cgifield
Action.c(127):     s" value="41"  /><input type="hidden" name=".cgifields" value="668"  /><input type="hidden
Action.c(127):     " name=".cgifields" value="52"  /><input type="hidden" name=".cgifields" value="688"  /><i
Action.c(127):     nput type="hidden" name=".cgifields" value="750"  /><input type="hidden" name=".cgifields"
Action.c(127):      value="302"  /><input type="hidden" name=".cgifields" value="1126"  /><input type="hidden
Action.c(127):     " name=".cgifields" value="774"  /><input type="hidden" name=".cgifields" value="866"  /><
Action.c(127):     input type="hidden" name=".cgifields" value="910"  /><input type="hidden" name=".cgifields
Action.c(127):     " value="693"  /><input type="hidden" name=".cgifields" value="593"  /><input type="hidden
Action.c(127):     " name=".cgifields" value="770"  /><input type="hidden" name=".cgifields" value="188"  /><
Action.c(127):     input type="hidden" name=".cgifields" value="402"  /><input type="hidden" name=".cgifields
Action.c(127):     " value="1097"  /><input type="hidden" name=".cgifields" value="641"  /><input type="hidde
Action.c(127):     n" name=".cgifields" value="893"  /><input type="hidden" name=".cgifields" value="838"  />
Action.c(127):     <input type="hidden" name=".cgifields" value="616"  /><input type="hidden" name=".cgifield
Action.c(127):     s" value="640"  /><input type="hidden" name=".cgifields" value="1121"  /><input type="hidd
Action.c(127):     en" name=".cgifields" value="83"  /><input type="hidden" name=".cgifields" value="804"  />
Action.c(127):     <input type="hidden" name=".cgifields" value="870"  /><input type="hidden" name=".cgifield
Action.c(127):     s" value="896"  /><input type="hidden" name=".cgifields" value="962"  /><input type="hidde
Action.c(127):     n" name=".cgifields" value="1085"  /><input type="hidden" name=".cgifields" value="755"  /
Action.c(127):     ><input type="hidden" name=".cgifields" value="777"  /><input type="hidden" name=".cgifiel
Action.c(127):     ds" value="143"  /><input type="hidden" name=".cgifields" value="464"  /><input type="hidd
Action.c(127):     en" name=".cgifields" value="1051"  /><input type="hidden" name=".cgifields" value="6"  />
Action.c(127):     <input type="hidden" name=".cgifields" value="562"  /><input type="hidden" name=".cgifield
Action.c(127):     s" value="1102"  /><input type="hidden" name=".cgifields" value="497"  /><input type="hidd
Action.c(127):     en" name=".cgifields" value="183"  /><input type="hidden" name=".cgifields" value="518"  /
Action.c(127):     ><input type="hidden" name=".cgifields" value="1211"  /><input type="hidden" name=".cgifie
Action.c(127):     lds" value="439"  /><input type="hidden" name=".cgifields" value="362"  /><input type="hid
Action.c(127):     den" name=".cgifields" value="411"  /><input type="hidden" name=".cgifields" value="169"  
Action.c(127):     /><input type="hidden" name=".cgifields" value="705"  /><input type="hidden" name=".cgifie
Action.c(127):     lds" value="478"  /><input type="hidden" name=".cgifields" value="398"  /><input type="hid
Action.c(127):     den" name=".cgifields" value="384"  /><input type="hidden" name=".cgifields" value="836"  
Action.c(127):     /><input type="hidden" name=".cgifields" value="942"  /><input type="hidden" name=".cgifie
Action.c(127):     lds" value="955"  /><input type="hidden" name=".cgifields" value="407"  /><input type="hid
Action.c(127):     den" name=".cgifields" value="18"  /><input type="hidden" name=".cgifields" value="376"  /
Action.c(127):     ><input type="hidden" name=".cgifields" value="912"  /><input type="hidden" name=".cgifiel
Action.c(127):     ds" value="785"  /><input type="hidden" name=".cgifields" value="599"  /><input type="hidd
Action.c(127):     en" name=".cgifields" value="1167"  /><input type="hidden" name=".cgifields" value="587"  
Action.c(127):     /><input type="hidden" name=".cgifields" value="609"  /><input type="hidden" name=".cgifie
Action.c(127):     lds" value="1235"  /><input type="hidden" name=".cgifields" value="190"  /><input type="hi
Action.c(127):     dden" name=".cgifields" value="298"  /><input type="hidden" name=".cgifields" value="95"  
Action.c(127):     /><input type="hidden" name=".cgifields" value="923"  /><input type="hidden" name=".cgifie
Action.c(127):     lds" value="601"  /><input type="hidden" name=".cgifields" value="822"  /><input type="hid
Action.c(127):     den" name=".cgifields" value="231"  /><input type="hidden" name=".cgifields" value="243"  
Action.c(127):     /><input type="hidden" name=".cgifields" value="779"  /><input type="hidden" name=".cgifie
Action.c(127):     lds" value="551"  /><input type="hidden" name=".cgifields" value="148"  /><input type="hid
Action.c(127):     den" name=".cgifields" value="504"  /><input type="hidden" name=".cgifields" value="343"  
Action.c(127):     /><input type="hidden" name=".cgifields" value="753"  /><input type="hidden" name=".cgifie
Action.c(127):     lds" value="697"  /><input type="hidden" name=".cgifields" value="981"  /><input type="hid
Action.c(127):     den" name=".cgifields" value="726"  /><input type="hidden" name=".cgifields" value="857"  
Action.c(127):     /><input type="hidden" name=".cgifields" value="106"  /><input type="hidden" name=".cgifie
Action.c(127):     lds" value="707"  /><input type="hidden" name=".cgifields" value="1010"  /><input type="hi
Action.c(127):     dden" name=".cgifields" value="157"  /><input type="hidden" name=".cgifields" value="964" 
Action.c(127):      /><input type="hidden" name=".cgifields" value="65"  /><input type="hidden" name=".cgifie
Action.c(127):     lds" value="935"  /><input type="hidden" name=".cgifields" value="203"  /><input type="hid
Action.c(127):     den" name=".cgifields" value="261"  /><input type="hidden" name=".cgifields" value="1213" 
Action.c(127):      /><input type="hidden" name=".cgifields" value="1093"  /><input type="hidden" name=".cgif
Action.c(127):     ields" value="81"  /><input type="hidden" name=".cgifields" value="1023"  /><input type="h
Action.c(127):     idden" name=".cgifields" value="321"  /><input type="hidden" name=".cgifields" value="1199
Action.c(127):     "  /><input type="hidden" name=".cgifields" value="86"  /><input type="hidden" name=".cgif
Action.c(127):     ields" value="624"  /><input type="hidden" name=".cgifields" value="792"  /><input type="h
Action.c(127):     idden" name=".cgifields" value="1158"  /><input type="hidden" name=".cgifields" value="371
Action.c(127):     "  /><input type="hidden" name=".cgifields" value="656"  /><input type="hidden" name=".cgi
Action.c(127):     fields" value="1248"  /><input type="hidden" name=".cgifields" value="1079"  /><input type
Action.c(127):     ="hidden" name=".cgifields" value="204"  /><input type="hidden" name=".cgifields" value="1
Action.c(127):     041"  /><input type="hidden" name=".cgifields" value="435"  /><input type="hidden" name=".
Action.c(127):     cgifields" value="814"  /><input type="hidden" name=".cgifields" value="924"  /><input typ
Action.c(127):     e="hidden" name=".cgifields" value="885"  /><input type="hidden" name=".cgifields" value="
Action.c(127):     884"  /><input type="hidden" name=".cgifields" value="339"  /><input type="hidden" name=".
Action.c(127):     cgifields" value="228"  /><input type="hidden" name=".cgifields" value="760"  /><input typ
Action.c(127):     e="hidden" name=".cgifields" value="863"  /><input type="hidden" name=".cgifields" value="
Action.c(127):     749"  /><input type="hidden" name=".cgifields" value="268"  /><input type="hidden" name=".
Action.c(127):     cgifields" value="531"  /><input type="hidden" name=".cgifields" value="829"  /><input typ
Action.c(127):     e="hidden" name=".cgifields" value="345"  /><input type="hidden" name=".cgifields" value="
Action.c(127):     172"  /><input type="hidden" name=".cgifields" value="596"  /><input type="hidden" name=".
Action.c(127):     cgifields" value="223"  /><input type="hidden" name=".cgifields" value="613"  /><input typ
Action.c(127):     e="hidden" name=".cgifields" value="721"  /><input type="hidden" name=".cgifields" value="
Action.c(127):     1255"  /><input type="hidden" name=".cgifields" value="1043"  /><input type="hidden" name=
Action.c(127):     ".cgifields" value="282"  /><input type="hidden" name=".cgifields" value="669"  /><input t
Action.c(127):     ype="hidden" name=".cgifields" value="1082"  /><input type="hidden" name=".cgifields" valu
Action.c(127):     e="420"  /><input type="hidden" name=".cgifields" value="1066"  /><input type="hidden" nam
Action.c(127):     e=".cgifields" value="121"  /><input type="hidden" name=".cgifields" value="639"  /><input
Action.c(127):      type="hidden" name=".cgifields" value="952"  /><input type="hidden" name=".cgifields" val
Action.c(127):     ue="989"  /><input type="hidden" name=".cgifields" value="1071"  /><input type="hidden" na
Action.c(127):     me=".cgifields" value="494"  /><input type="hidden" name=".cgifields" value="487"  /><inpu
Action.c(127):     t type="hidden" name=".cgifields" value="238"  /><input type="hidden" name=".cgifields" va
Action.c(127):     lue="873"  /><input type="hidden" name=".cgifields" value="1137"  /><input type="hidden" n
Action.c(127):     ame=".cgifields" value="577"  /><input type="hidden" name=".cgifields" value="253"  /><inp
Action.c(127):     ut type="hidden" name=".cgifields" value="448"  /><input type="hidden" name=".cgifields" v
Action.c(127):     alue="1227"  /><input type="hidden" name=".cgifields" value="216"  /><input type="hidden" 
Action.c(127):     name=".cgifields" value="852"  /><input type="hidden" name=".cgifields" value="643"  /><in
Action.c(127):     put type="hidden" name=".cgifields" value="63" 
Action.c(127): t=3834263ms: 7-byte chunked response overhead for "http://localhost:1080/cgi-bin/itinerary.pl" (RelFrameId=1.2, Internal ID=3047)
Action.c(127):     \r\n
Action.c(127):     323\r\n
Action.c(127): t=3834263ms: 7-byte chunked response overhead for "http://localhost:1080/cgi-bin/itinerary.pl" (RelFrameId=1.2, Internal ID=3047)
Action.c(127):     \r\n
Action.c(127):     0\r\n
Action.c(127):     \r\n
Action.c(127): t=3834263ms: 3780-byte chunked response body for "http://localhost:1080/cgi-bin/itinerary.pl" (RelFrameId=1.2, Internal ID=3047)
Action.c(127):      /><input type="hidden" name=".cgifields" value="1120"  /><input type="hidden" name=".cgif
Action.c(127):     ields" value="179"  /><input type="hidden" name=".cgifields" value="1105"  /><input type="
Action.c(127):     hidden" name=".cgifields" value="1187"  /><input type="hidden" name=".cgifields" value="71
Action.c(127):     3"  /><input type="hidden" name=".cgifields" value="676"  /><input type="hidden" name=".cg
Action.c(127):     ifields" value="1251"  /><input type="hidden" name=".cgifields" value="277"  /><input type
Action.c(127):     ="hidden" name=".cgifields" value="1192"  /><input type="hidden" name=".cgifields" value="
Action.c(127):     879"  /><input type="hidden" name=".cgifields" value="938"  /><input type="hidden" name=".
Action.c(127):     cgifields" value="1095"  /><input type="hidden" name=".cgifields" value="1183"  /><input t
Action.c(127):     ype="hidden" name=".cgifields" value="1262"  /><input type="hidden" name=".cgifields" valu
Action.c(127):     e="1132"  /><input type="hidden" name=".cgifields" value="929"  /><input type="hidden" nam
Action.c(127):     e=".cgifields" value="133"  /><input type="hidden" name=".cgifields" value="123"  /><input
Action.c(127):      type="hidden" name=".cgifields" value="304"  /><input type="hidden" name=".cgifields" val
Action.c(127):     ue="547"  /><input type="hidden" name=".cgifields" value="631"  /><input type="hidden" nam
Action.c(127):     e=".cgifields" value="396"  /><input type="hidden" name=".cgifields" value="258"  /><input
Action.c(127):      type="hidden" name=".cgifields" value="482"  /><input type="hidden" name=".cgifields" val
Action.c(127):     ue="949"  /><input type="hidden" name=".cgifields" value="499"  /><input type="hidden" nam
Action.c(127):     e=".cgifields" value="56"  /><input type="hidden" name=".cgifields" value="1151"  /><input
Action.c(127):      type="hidden" name=".cgifields" value="54"  /><input type="hidden" name=".cgifields" valu
Action.c(127):     e="306"  /><input type="hidden" name=".cgifields" value="1204"  /><input type="hidden" nam
Action.c(127):     e=".cgifields" value="70"  /><input type="hidden" name=".cgifields" value="1047"  /><input
Action.c(127):      type="hidden" name=".cgifields" value="839"  /><input type="hidden" name=".cgifields" val
Action.c(127):     ue="1055"  /><input type="hidden" name=".cgifields" value="166"  /><input type="hidden" na
Action.c(127):     me=".cgifields" value="88"  /><input type="hidden" name=".cgifields" value="1009"  /><inpu
Action.c(127):     t type="hidden" name=".cgifields" value="30"  /><input type="hidden" name=".cgifields" val
Action.c(127):     ue="141"  /><input type="hidden" name=".cgifields" value="909"  /><input type="hidden" nam
Action.c(127):     e=".cgifields" value="403"  /><input type="hidden" name=".cgifields" value="466"  /><input
Action.c(127):      type="hidden" name=".cgifields" value="1124"  /><input type="hidden" name=".cgifields" va
Action.c(127):     lue="1230"  /><input type="hidden" name=".cgifields" value="75"  /><input type="hidden" na
Action.c(127):     me=".cgifields" value="134"  /><input type="hidden" name=".cgifields" value="618"  /><inpu
Action.c(127):     t type="hidden" name=".cgifields" value="848"  /><input type="hidden" name=".cgifields" va
Action.c(127):     lue="1163"  /><input type="hidden" name=".cgifields" value="450"  /><input type="hidden" n
Action.c(127):     ame=".cgifields" value="1060"  /><input type="hidden" name=".cgifields" value="703"  /><in
Action.c(127):     put type="hidden" name=".cgifields" value="900"  /><input type="hidden" name=".cgifields" 
Action.c(127):     value="1134"  /><input type="hidden" name=".cgifields" value="318"  /><input type="hidden"
Action.c(127):      name=".cgifields" value="972"  /><input type="hidden" name=".cgifields" value="1100"  /><
Action.c(127):     input type="hidden" name=".cgifields" value="473"  /><input type="hidden" name=".cgifields
Action.c(127):     " value="3"  /><input type="hidden" name=".cgifields" value="185"  /><input type="hidden" 
Action.c(127):     name=".cgifields" value="248"  /><input type="hidden" name=".cgifields" value="146"  /><in
Action.c(127):     put type="hidden" name=".cgifields" value="356"  /><input type="hidden" name=".cgifields" 
Action.c(127):     value="802"  /><input type="hidden" name=".cgifields" value="4"  /><input type="hidden" na
Action.c(127):     me=".cgifields" value="528"  /><input type="hidden" name=".cgifields" value="164"  /><inpu
Action.c(127):     t type="hidden" name=".cgifields" value="807"  /></div></form>\n
Action.c(127):     \n
Action.c(127):     </center>\n
Action.c(127):     \n
Action.c(127):     </body>\n
Action.c(127):     </html>
Action.c(127): t=3834264ms: Request done "http://localhost:1080/cgi-bin/itinerary.pl"  	[MsgId: MMSG-26000]
Action.c(127): t=3834264ms: Already connected [0] to localhost:1080  	[MsgId: MMSG-26000]
Action.c(127): t=3834264ms: 523-byte request headers for "http://localhost:1080/WebTours/images/cancelreservation.gif" (RelFrameId=, Internal ID=3049)
Action.c(127):     GET /WebTours/images/cancelreservation.gif HTTP/1.1\r\n
Action.c(127):     Referer: http://localhost:1080/cgi-bin/itinerary.pl\r\n
Action.c(127):     Priority: u=4\r\n
Action.c(127):     Upgrade-Insecure-Requests: 1\r\n
Action.c(127):     User-Agent: Mozilla/5.0 (Windows NT 10.0; Win64; x64; rv:130.0) Gecko/20100101 Firefox/130
Action.c(127):     .0\r\n
Action.c(127):     Accept-Encoding: gzip, deflate\r\n
Action.c(127):     Accept-Language: ru-RU,ru;q=0.8,en-US;q=0.5,en;q=0.3\r\n
Action.c(127):     Accept: */*\r\n
Action.c(127):     Connection: Keep-Alive\r\n
Action.c(127):     Host: localhost:1080\r\n
Action.c(127):     Cookie: MSO=SID&1729594990; MTUserInfo=firstName&&address2&&username&jojo7&hash&87&lastNam
Action.c(127):     e&%0A&address1&&creditCard&&expDate&%0A\r\n
Action.c(127):     \r\n
Action.c(127): t=3834265ms: Connecting [2] to host 127.0.0.1:1080  	[MsgId: MMSG-26000]
Action.c(127): t=3834265ms: Connected socket [2] from 127.0.0.1:25562 to 127.0.0.1:1080 in 0 ms  	[MsgId: MMSG-26000]
Action.c(127): t=3834266ms: 527-byte request headers for "http://localhost:1080/WebTours/images/cancelallreservations.gif" (RelFrameId=, Internal ID=3050)
Action.c(127):     GET /WebTours/images/cancelallreservations.gif HTTP/1.1\r\n
Action.c(127):     Referer: http://localhost:1080/cgi-bin/itinerary.pl\r\n
Action.c(127):     Priority: u=4\r\n
Action.c(127):     Upgrade-Insecure-Requests: 1\r\n
Action.c(127):     User-Agent: Mozilla/5.0 (Windows NT 10.0; Win64; x64; rv:130.0) Gecko/20100101 Firefox/130
Action.c(127):     .0\r\n
Action.c(127):     Accept-Encoding: gzip, deflate\r\n
Action.c(127):     Accept-Language: ru-RU,ru;q=0.8,en-US;q=0.5,en;q=0.3\r\n
Action.c(127):     Accept: */*\r\n
Action.c(127):     Connection: Keep-Alive\r\n
Action.c(127):     Host: localhost:1080\r\n
Action.c(127):     Cookie: MSO=SID&1729594990; MTUserInfo=firstName&&address2&&username&jojo7&hash&87&lastNam
Action.c(127):     e&%0A&address1&&creditCard&&expDate&%0A\r\n
Action.c(127):     \r\n
Action.c(127): t=3834266ms: 297-byte response headers for "http://localhost:1080/WebTours/images/cancelreservation.gif" (RelFrameId=, Internal ID=3049)
Action.c(127):     HTTP/1.1 200 OK\r\n
Action.c(127):     Date: Tue, 22 Oct 2024 11:03:35 GMT\r\n
Action.c(127):     Server: Apache/2.2.21 (Win32)\r\n
Action.c(127):     Last-Modified: Thu, 12 Jan 2012 13:30:28 GMT\r\n
Action.c(127):     ETag: "200000000fb04-33f-4b654c0620500"\r\n
Action.c(127):     Accept-Ranges: bytes\r\n
Action.c(127):     Content-Length: 831\r\n
Action.c(127):     Keep-Alive: timeout=5, max=96\r\n
Action.c(127):     Connection: Keep-Alive\r\n
Action.c(127):     Content-Type: image/gif\r\n
Action.c(127):     \r\n
Action.c(127): t=3834267ms: 831-byte response body for "http://localhost:1080/WebTours/images/cancelreservation.gif" (RelFrameId=, Internal ID=3049)
Action.c(127): t=3834267ms: Request done "http://localhost:1080/WebTours/images/cancelreservation.gif"  	[MsgId: MMSG-26000]
Action.c(127): t=3834267ms: 5-byte chunked response overhead for "http://localhost:1080/cgi-bin/nav.pl?page=menu&in=itinerary" (RelFrameId=1.1, Internal ID=3046)
Action.c(127):     0\r\n
Action.c(127):     \r\n
Action.c(127): t=3834267ms: Request done "http://localhost:1080/cgi-bin/nav.pl?page=menu&in=itinerary"  	[MsgId: MMSG-26000]
Action.c(127): t=3834267ms: 298-byte response headers for "http://localhost:1080/WebTours/images/cancelallreservations.gif" (RelFrameId=, Internal ID=3050)
Action.c(127):     HTTP/1.1 200 OK\r\n
Action.c(127):     Date: Tue, 22 Oct 2024 11:03:35 GMT\r\n
Action.c(127):     Server: Apache/2.2.21 (Win32)\r\n
Action.c(127):     Last-Modified: Thu, 12 Jan 2012 13:30:28 GMT\r\n
Action.c(127):     ETag: "300000000fb03-2e6-4b654c0620500"\r\n
Action.c(127):     Accept-Ranges: bytes\r\n
Action.c(127):     Content-Length: 742\r\n
Action.c(127):     Keep-Alive: timeout=5, max=100\r\n
Action.c(127):     Connection: Keep-Alive\r\n
Action.c(127):     Content-Type: image/gif\r\n
Action.c(127):     \r\n
Action.c(127): t=3834268ms: 742-byte response body for "http://localhost:1080/WebTours/images/cancelallreservations.gif" (RelFrameId=, Internal ID=3050)
Action.c(127): t=3834268ms: Request done "http://localhost:1080/WebTours/images/cancelallreservations.gif"  	[MsgId: MMSG-26000]
Action.c(127): Registered web_reg_find successful for "Text=<title>Flights List</title>
" (count=1)  	[MsgId: MMSG-26364]
Action.c(127): web_image("Itinerary Button") was successful, 1467330 body bytes, 1619 header bytes, 2764 chunking overhead bytes  	[MsgId: MMSG-26385]
Action.c(132): Notify: Transaction "open_booking_pages" ended with a "Pass" status (Duration: 2.3597 Wasted Time: 0.0040).	[MsgId: MMSG-16871]
Action.c(133): Notify: Transaction "UC02_search_tickets" ended with a "Pass" status (Duration: 25.3757 Think Time: 20.6478 Wasted Time: 0.0130).	[MsgId: MMSG-16870]
Ending action Action.	[MsgId: MMSG-15918]
Action was aborted.	[MsgId: MMSG-10694]
Ending Vuser...	[MsgId: MMSG-15966]
Starting action vuser_end.	[MsgId: MMSG-15919]
Ending action vuser_end.	[MsgId: MMSG-15918]
Vuser Terminated.	[MsgId: MMSG-15963]
t=3834269ms: Closed connection [0] to localhost:1080 after completing 5 request(s)  	[MsgId: MMSG-26000]
t=3834269ms: Closed connection [1] to localhost:1080 after completing 1 request(s)  	[MsgId: MMSG-26000]
t=3834270ms: Closed connection [2] to localhost:1080 after completing 1 request(s)  	[MsgId: MMSG-26000]
t=3834270ms: Closed connection [3] to localhost:1080 after completing 1 request(s)  	[MsgId: MMSG-26000]
HTML-Mode memory management statistics: Reusable=207, NonReusable=0, CsMemBlockSize=4096, checks disabled  	[MsgId: MMSG-26000]
Vuser 5 (thread 6828), ended OK."	[MsgId: MMSG-10695]
