Action.c(73):     H1 {font-family: tahoma; font-size : 22pt; color: #993333}\n
Action.c(73):     H3 {font-family: tahoma; font-size : 10pt; color: black}\n
Action.c(73):     small {font-family: tahoma; font-size : 8pt}\n
Action.c(73):     </style>\n
Action.c(73):     <form method="post" action="/cgi-bin/login.pl" target="body">\n
Action.c(73):     <input type="hidden" name="userSession" value="140007.347185095HcAVzcHpQcAiDDDDtDcAQpHzHfc
Action.c(73):     f"/>\n
Action.c(73):     <table border="0"><tr><td>&nbsp;</td>\n
Action.c(73):     <td>&nbsp;</td></tr>\n
Action.c(73):     <tr><td>&nbsp;</td>\n
Action.c(73):     <td>&nbsp;</td></tr>\n
Action.c(73):     <tr><td>&nbsp;</td>\n
Action.c(73):     <td><small>&nbsp;Username</small></td></tr>\n
Action.c(73):     <tr><td>&nbsp;</td>\n
Action.c(73):     <td><input type="text" name="username" value="" size="14" maxlength="14"/></td></tr>\n
Action.c(73):     <tr><td>&nbsp;</td>\n
Action.c(73):     <td><small>&nbsp;Password</small></td>\n
Action.c(73):     <tr><td>&nbsp;</td>\n
Action.c(73):     <td><input type="password" name="password" value="" size="14" maxlength="14"/></td></tr>\n
Action.c(73):     <tr><td>&nbsp;</td>\n
Action.c(73):     <td>&nbsp;</td></tr>\n
Action.c(73):     <tr><td>&nbsp;</td>\n
Action.c(73):     <td><input type="image" name="login" value="Login" alt="Login" border="1" \n
Action.c(73):     src="/WebTours/images/mer_login.gif"/></td></tr>\n
Action.c(73):     <tr><td>&nbsp;</td><td>&nbsp;</td></tr>\n
Action.c(73):     </table><input type="hidden" name="JSFormSubmit" value="off"/>\n
Action.c(73):     </form>\n
Action.c(73):     \n
Action.c(73):     </body>\n
Action.c(73):     </html>\n
Action.c(73): Resource "http://localhost:1080/WebTours/images/mer_login.gif" is in the cache already and will not be downloaded again  	[MsgId: MMSG-26655]
Action.c(73): t=261206ms: 5-byte chunked response overhead for "http://localhost:1080/cgi-bin/nav.pl?in=home" (RelFrameId=1.1, Internal ID=124)
Action.c(73):     0\r\n
Action.c(73):     \r\n
Action.c(73): t=261206ms: Request done "http://localhost:1080/cgi-bin/nav.pl?in=home"  	[MsgId: MMSG-26000]
Action.c(73): Registered web_reg_find successful for "Text=Welcome to the Web Tours site." (count=1)  	[MsgId: MMSG-26364]
Action.c(73): web_image("SignOff Button") was successful, 2176 body bytes, 582 header bytes, 24 chunking overhead bytes  	[MsgId: MMSG-26385]
Action.c(78): Notify: Transaction "logout" ended with a "Pass" status (Duration: 0,1512 Wasted Time: 0,0000).	[MsgId: MMSG-16871]
Action.c(79): Notify: Transaction "UC04_check_booking_pages" ended with a "Pass" status (Duration: 39,2618 Think Time: 19,0241 Wasted Time: 0,0002).	[MsgId: MMSG-16870]
Ending action Action.	[MsgId: MMSG-15918]
Action was aborted.	[MsgId: MMSG-10694]
Ending Vuser...	[MsgId: MMSG-15966]
Starting action vuser_end.	[MsgId: MMSG-15919]
Ending action vuser_end.	[MsgId: MMSG-15918]
Vuser Terminated.	[MsgId: MMSG-15963]
t=261208ms: Closed connection [0] to localhost:1080 after completing 4 request(s)  	[MsgId: MMSG-26000]
t=261208ms: Closed connection [1] to localhost:1080 after completing 3 request(s)  	[MsgId: MMSG-26000]
t=261209ms: Closed connection [2] to localhost:1080 after completing 1 request(s)  	[MsgId: MMSG-26000]
t=261209ms: Closed connection [3] to localhost:1080 after completing 1 request(s)  	[MsgId: MMSG-26000]
HTML-Mode memory management statistics: Reusable=7, NonReusable=0, CsMemBlockSize=4096, checks disabled  	[MsgId: MMSG-26000]
Vuser 2 (thread 10360), ended OK."	[MsgId: MMSG-10695]
Action.c(69): Notify: Transaction "logout" started.	[MsgId: MMSG-16999]
Action.c(71): web_reg_find started  	[MsgId: MMSG-26355]
Action.c(71): Registering web_reg_find was successful  	[MsgId: MMSG-26390]
Action.c(73): web_image("SignOff Button") started  	[MsgId: MMSG-26355]
Action.c(73): Image-linking to "http://localhost:1080/cgi-bin/welcome.pl?signOff=1", Target Frame="body"  	[MsgId: MMSG-27993]
Action.c(73): t=262804ms: Already connected [0] to localhost:1080  	[MsgId: MMSG-26000]
Action.c(73): t=262805ms: 531-byte request headers for "http://localhost:1080/cgi-bin/welcome.pl?signOff=1" (RelFrameId=1, Internal ID=48)
Action.c(73):     GET /cgi-bin/welcome.pl?signOff=1 HTTP/1.1\r\n
Action.c(73):     Referer: http://localhost:1080/cgi-bin/nav.pl?page=menu&in=itinerary\r\n
Action.c(73):     Priority: u=4\r\n
Action.c(73):     Upgrade-Insecure-Requests: 1\r\n
Action.c(73):     User-Agent: Mozilla/5.0 (Windows NT 10.0; Win64; x64; rv:130.0) Gecko/20100101 Firefox/130
Action.c(73):     .0\r\n
Action.c(73):     Accept-Encoding: gzip, deflate\r\n
Action.c(73):     Accept-Language: ru-RU,ru;q=0.8,en-US;q=0.5,en;q=0.3\r\n
Action.c(73):     Accept: */*\r\n
Action.c(73):     Connection: Keep-Alive\r\n
Action.c(73):     Host: localhost:1080\r\n
Action.c(73):     Cookie: MSO=SID&1728390677; MTUserInfo=firstName&&address2&&username&jojo7&hash&87&lastNam
Action.c(73):     e&%0A&address1&&creditCard&&expDate&%0A\r\n
Action.c(73):     \r\n
Action.c(73): t=262880ms: 327-byte response headers for "http://localhost:1080/cgi-bin/welcome.pl?signOff=1" (RelFrameId=1, Internal ID=48)
Action.c(73):     HTTP/1.1 200 OK\r\n
Action.c(73):     Date: Tue, 08 Oct 2024 12:31:43 GMT\r\n
Action.c(73):     Server: Apache/2.2.21 (Win32)\r\n
Action.c(73):     Set-Cookie: MSO=SID&1728390703; path=/\r\n
Action.c(73):     Set-Cookie: MTUserInfo=; path=/; expires=Mon, 07-Oct-2024 12:31:43 GMT\r\n
Action.c(73):     Keep-Alive: timeout=5, max=97\r\n
Action.c(73):     Connection: Keep-Alive\r\n
Action.c(73):     Transfer-Encoding: chunked\r\n
Action.c(73):     Content-Type: text/html; charset=ISO-8859-1\r\n
Action.c(73):     \r\n
Action.c(73): t=262881ms: 5-byte chunked response overhead for "http://localhost:1080/cgi-bin/welcome.pl?signOff=1" (RelFrameId=1, Internal ID=48)
Action.c(73):     2ae\r\n
Action.c(73): t=262881ms: 2-byte chunked response overhead for "http://localhost:1080/cgi-bin/welcome.pl?signOff=1" (RelFrameId=1, Internal ID=48)
Action.c(73):     \r\n
Action.c(73): t=262881ms: 686-byte chunked response body for "http://localhost:1080/cgi-bin/welcome.pl?signOff=1" (RelFrameId=1, Internal ID=48)
Action.c(73):     <!-- \n
Action.c(73):      A Session ID has been created and loaded into a cookie called MSO.\n
Action.c(73):      Also, the server options have been loaded into the cookie called\n
Action.c(73):      MSO as well.  The server options can be set via the Admin page.\n
Action.c(73):      --->\n
Action.c(73):     \n
Action.c(73):     <html>\n
Action.c(73):     <title>Web Tours</title>\n
Action.c(73):        <!-- Frame Set -->\n
Action.c(73):        <frameset cols="160,*" border="1" frameborder="1">\n
Action.c(73):           <!-- Navigation Frame -->\n
Action.c(73):           <frame src="nav.pl?in=home" name="navbar" marginheight="2" marginwidth="2" \n
Action.c(73):                 noresize="noresize" scrolling="auto"/>\n
Action.c(73):           <!-- Home Frame -->\n
Action.c(73):           <frame src="/WebTours/home.html" name="info" marginheight="2" marginwidth="2" \n
Action.c(73):                 noresize="noresize" scrolling="auto"/>\n
Action.c(73):        </frameset>\n
Action.c(73):     </html>\n
Action.c(73):     \n
Action.c(73):     </body>\n
Action.c(73):     </html>
Action.c(73): Detected non-resource "http://localhost:1080/cgi-bin/nav.pl?in=home" in "http://localhost:1080/cgi-bin/welcome.pl?signOff=1"  	[MsgId: MMSG-26574]
Action.c(73): Detected non-resource "http://localhost:1080/WebTours/home.html" in "http://localhost:1080/cgi-bin/welcome.pl?signOff=1"  	[MsgId: MMSG-26574]
Action.c(73): Retrieving data from cache for "http://localhost:1080/WebTours/home.html"  	[MsgId: MMSG-26558]
Action.c(73): t=262881ms: 1361-byte response body retrieved from cache for "http://localhost:1080/WebTours/home.html" (RelFrameId=1.2, Internal ID=50)
Action.c(73):     <HTML>\n
Action.c(73):     <HEAD>\n
Action.c(73):     \t<title>Web Tours</title>\n
Action.c(73):     </HEAD>\n
Action.c(73):     <style>\n
Action.c(73):     \tblockquote {font-family: tahoma; font-size : 10pt}\n
Action.c(73):     \tH1 {font-family: tahoma; font-size : 22pt; color: #003366}\n
Action.c(73):     \tsmall {font-family: tahoma; font-size : 8pt}\n
Action.c(73):     \tH3{font-family: tahoma; font-size : 10pt; color: black}\n
Action.c(73):     \tA {FONT-WEIGHT: bold; FONT-SIZE: 10pt; COLOR: black; FONT-FAMILY: Tahoma; TEXT-DECORATIO
Action.c(73):     N: none}\n
Action.c(73):     \tA:hover{ FONT-WEIGHT: bold; FONT-SIZE: 10pt; COLOR: #993333; FONT-FAMILY: Tahoma;TEXT-DE
Action.c(73):     CORATION: underline}\n
Action.c(73):     \tTD {font-family: tahoma; font-size : 10pt; color: black}\n
Action.c(73):     </style>\n
Action.c(73):     <body bgcolor="#e0e7f1">\n
Action.c(73):     <BR/>\n
Action.c(73):     <BR/>\n
Action.c(73):     <BR/>\n
Action.c(73):     <br/>\n
Action.c(73):     <table border="0">\n
Action.c(73):     <tr><td></td></tr>\n
Action.c(73):     <TR><TD></TD></TR>\n
Action.c(73):     <TR><TD>\n
Action.c(73):     <blockquote>\n
Action.c(73):     <H1><b>Web Tours</b></H1>\n
Action.c(73):     Welcome to the Web Tours site.\n
Action.c(73):     <br/>\n
Action.c(73):     To make reservations,please enter your account information to the left.\n
Action.c(73):     <br/>\n
Action.c(73):     If you haven't registered yet, <A href="/cgi-bin/login.pl?username=&amp;password=&amp;getI
Action.c(73):     nfo=true" ><B>sign up now</B></A> to get access to all our resources.\n
Action.c(73):     <br/>\n
Action.c(73):     To configure the server options, use <A href="/cgi-bin/admin.pl" target="body" ><b>adminis
Action.c(73):     tration</b></A> link.\n
Action.c(73):     <br/><br/><br/><br/><br/><br/>\n
Action.c(73):     <br/><small>\n
Action.c(73):     This product uses parts of the SMT Kernel, Copyright (c) 1991-99 <A href="http://www.imati
Action.c(73):     x.com" target="new"><B><small>iMatix Corporation</small></B></A> \n
Action.c(73):     </small>\n
Action.c(73):     </blockquote></TD>\n
Action.c(73):     <TD></TD></TR>\n
Action.c(73):     </table>\n
Action.c(73):     </body>\n
Action.c(73):     </HTML>\n
Action.c(73): t=262883ms: Already connected [1] to localhost:1080  	[MsgId: MMSG-26000]
Action.c(73): t=262883ms: 413-byte request headers for "http://localhost:1080/cgi-bin/nav.pl?in=home" (RelFrameId=1.1, Internal ID=49)
Action.c(73):     GET /cgi-bin/nav.pl?in=home HTTP/1.1\r\n
Action.c(73):     Referer: http://localhost:1080/cgi-bin/welcome.pl?signOff=1\r\n
Action.c(73):     Priority: u=4\r\n
Action.c(73):     Upgrade-Insecure-Requests: 1\r\n
Action.c(73):     User-Agent: Mozilla/5.0 (Windows NT 10.0; Win64; x64; rv:130.0) Gecko/20100101 Firefox/130
Action.c(73):     .0\r\n
Action.c(73):     Accept-Encoding: gzip, deflate\r\n
Action.c(73):     Accept-Language: ru-RU,ru;q=0.8,en-US;q=0.5,en;q=0.3\r\n
Action.c(73):     Accept: */*\r\n
Action.c(73):     Connection: Keep-Alive\r\n
Action.c(73):     Host: localhost:1080\r\n
Action.c(73):     Cookie: MSO=SID&1728390703\r\n
Action.c(73):     \r\n
Action.c(73): t=262884ms: 5-byte chunked response overhead for "http://localhost:1080/cgi-bin/welcome.pl?signOff=1" (RelFrameId=1, Internal ID=48)
Action.c(73):     0\r\n
Action.c(73):     \r\n
Action.c(73): t=262884ms: Request done "http://localhost:1080/cgi-bin/welcome.pl?signOff=1"  	[MsgId: MMSG-26000]
Action.c(73): t=262949ms: 255-byte response headers for "http://localhost:1080/cgi-bin/nav.pl?in=home" (RelFrameId=1.1, Internal ID=49)
Action.c(73):     HTTP/1.1 200 OK\r\n
Action.c(73):     Date: Tue, 08 Oct 2024 12:31:43 GMT\r\n
Action.c(73):     Server: Apache/2.2.21 (Win32)\r\n
Action.c(73):     Expires: Mon, 07 Oct 2024 12:31:43 GMT\r\n
Action.c(73):     Keep-Alive: timeout=5, max=98\r\n
Action.c(73):     Connection: Keep-Alive\r\n
Action.c(73):     Transfer-Encoding: chunked\r\n
Action.c(73):     Content-Type: text/html; charset=ISO-8859-1\r\n
Action.c(73):     \r\n
Action.c(73): t=262950ms: 5-byte chunked response overhead for "http://localhost:1080/cgi-bin/nav.pl?in=home" (RelFrameId=1.1, Internal ID=49)
Action.c(73):     5d2\r\n
Action.c(73): t=262950ms: 2-byte chunked response overhead for "http://localhost:1080/cgi-bin/nav.pl?in=home" (RelFrameId=1.1, Internal ID=49)
Action.c(73):     \r\n
Action.c(73): t=262950ms: 1490-byte chunked response body for "http://localhost:1080/cgi-bin/nav.pl?in=home" (RelFrameId=1.1, Internal ID=49)
Action.c(73):     <!DOCTYPE html\n
Action.c(73):     \tPUBLIC "-//W3C//DTD XHTML 1.0 Transitional//EN"\n
Action.c(73):     \t "http://www.w3.org/TR/xhtml1/DTD/xhtml1-transitional.dtd">\n
Action.c(73):     <html xmlns="http://www.w3.org/1999/xhtml" lang="en-US" xml:lang="en-US">\n
Action.c(73):     <head>\n
Action.c(73):     <title>Web Tours Navigation Bar</title>\n
Action.c(73):     <meta http-equiv="Content-Type" content="text/html; charset=iso-8859-1" />\n
Action.c(73):     </head>\n
Action.c(73):     <body bgcolor="#E0E7F1">\n
Action.c(73):     <style>\n
Action.c(73):     blockquote {font-family: tahoma; font-size : 10pt}\n
Action.c(73):     H1 {font-family: tahoma; font-size : 22pt; color: #993333}\n
Action.c(73):     H3 {font-family: tahoma; font-size : 10pt; color: black}\n
Action.c(73):     small {font-family: tahoma; font-size : 8pt}\n
Action.c(73):     </style>\n
Action.c(73):     <form method="post" action="/cgi-bin/login.pl" target="body">\n
Action.c(73):     <input type="hidden" name="userSession" value="140007.347347104HcAVzcHpQcQVzzzHtDcAQpHzHfH
Action.c(73):     f"/>\n
Action.c(73):     <table border="0"><tr><td>&nbsp;</td>\n
Action.c(73):     <td>&nbsp;</td></tr>\n
Action.c(73):     <tr><td>&nbsp;</td>\n
Action.c(73):     <td>&nbsp;</td></tr>\n
Action.c(73):     <tr><td>&nbsp;</td>\n
Action.c(73):     <td><small>&nbsp;Username</small></td></tr>\n
Action.c(73):     <tr><td>&nbsp;</td>\n
Action.c(73):     <td><input type="text" name="username" value="" size="14" maxlength="14"/></td></tr>\n
Action.c(73):     <tr><td>&nbsp;</td>\n
Action.c(73):     <td><small>&nbsp;Password</small></td>\n
Action.c(73):     <tr><td>&nbsp;</td>\n
Action.c(73):     <td><input type="password" name="password" value="" size="14" maxlength="14"/></td></tr>\n
Action.c(73):     <tr><td>&nbsp;</td>\n
Action.c(73):     <td>&nbsp;</td></tr>\n
Action.c(73):     <tr><td>&nbsp;</td>\n
Action.c(73):     <td><input type="image" name="login" value="Login" alt="Login" border="1" \n
Action.c(73):     src="/WebTours/images/mer_login.gif"/></td></tr>\n
Action.c(73):     <tr><td>&nbsp;</td><td>&nbsp;</td></tr>\n
Action.c(73):     </table><input type="hidden" name="JSFormSubmit" value="off"/>\n
Action.c(73):     </form>\n
Action.c(73):     \n
Action.c(73):     </body>\n
Action.c(73):     </html>\n
Action.c(73): Resource "http://localhost:1080/WebTours/images/mer_login.gif" is in the cache already and will not be downloaded again  	[MsgId: MMSG-26655]
Action.c(73): t=262953ms: 5-byte chunked response overhead for "http://localhost:1080/cgi-bin/nav.pl?in=home" (RelFrameId=1.1, Internal ID=49)
Action.c(73):     0\r\n
Action.c(73):     \r\n
Action.c(73): t=262953ms: Request done "http://localhost:1080/cgi-bin/nav.pl?in=home"  	[MsgId: MMSG-26000]
Action.c(73): Registered web_reg_find successful for "Text=Welcome to the Web Tours site." (count=1)  	[MsgId: MMSG-26364]
Action.c(73): web_image("SignOff Button") was successful, 2176 body bytes, 582 header bytes, 24 chunking overhead bytes  	[MsgId: MMSG-26385]
Action.c(78): Notify: Transaction "logout" ended with a "Pass" status (Duration: 0,1492 Wasted Time: 0,0000).	[MsgId: MMSG-16871]
Action.c(79): Notify: Transaction "UC04_check_booking_pages" ended with a "Pass" status (Duration: 34,3802 Think Time: 20,2363 Wasted Time: 0,0002).	[MsgId: MMSG-16870]
Ending action Action.	[MsgId: MMSG-15918]
Action was aborted.	[MsgId: MMSG-10694]
Ending Vuser...	[MsgId: MMSG-15966]
Starting action vuser_end.	[MsgId: MMSG-15919]
Ending action vuser_end.	[MsgId: MMSG-15918]
Vuser Terminated.	[MsgId: MMSG-15963]
t=262954ms: Closed connection [0] to localhost:1080 after completing 4 request(s)  	[MsgId: MMSG-26000]
t=262954ms: Closed connection [1] to localhost:1080 after completing 3 request(s)  	[MsgId: MMSG-26000]
t=262954ms: Closed connection [2] to localhost:1080 after completing 1 request(s)  	[MsgId: MMSG-26000]
t=262954ms: Closed connection [3] to localhost:1080 after completing 1 request(s)  	[MsgId: MMSG-26000]
HTML-Mode memory management statistics: Reusable=6, NonReusable=0, CsMemBlockSize=4096, checks disabled  	[MsgId: MMSG-26000]
Vuser 5 (thread 12316), ended OK."	[MsgId: MMSG-10695]
