Virtual User Script started at: 21.10.2024 22:21:33	[MsgId: MMSG-15967]
Starting action vuser_init.	[MsgId: MMSG-15919]
Web Turbo Replay of LoadRunner 2020.0.0 for Windows 10; build 793 (ноя 27 2019 19:51:20)  	[MsgId: MMSG-26983]
Run mode: HTML  	[MsgId: MMSG-26993]
Replay user agent: Mozilla/5.0 (Windows NT 10.0; Win64; x64; rv:130.0) Gecko/20100101 Firefox/130.0  	[MsgId: MMSG-26988]
Runtime Settings file: "C:\Users\GeT\AppData\Local\Temp\lr5tmpdirJpO.138\lrcfgx8e.139\cfgwz8.150"  	[MsgId: MMSG-27141]
Vuser directory: "C:\Users\GeT\Desktop\lr_hw\Scripts\UC04_check_booking_pages"  	[MsgId: MMSG-27052]
Vuser output directory: "C:\Users\GeT\Desktop\lr_hw\Scripts\UC04_check_booking_pages"  	[MsgId: MMSG-27050]
Operating system's current working directory: "C:\Users\GeT\Desktop\lr_hw\Scripts\UC04_check_booking_pages"  	[MsgId: MMSG-27048]
UTC (GMT) start date/time   : 2024-10-21 19:21:33  	[MsgId: MMSG-26992]
LOCAL start date/time       : 2024-10-21 22:21:33  	[MsgId: MMSG-26991]
Local daylight-Savings-Time : No  	[MsgId: MMSG-26990]
Some of the Runtime Settings:  	[MsgId: MMSG-27142]
    Download non-HTML resources: Yes  	[MsgId: MMSG-27018]
    Verification checks: No  	[MsgId: MMSG-27017]
    Convert from/to UTF-8: No  	[MsgId: MMSG-27016]
    Simulate a new user each iteration: Yes  	[MsgId: MMSG-27009]
    Non-critical item errors as warnings: Yes  	[MsgId: MMSG-27008]
    HTTP errors as warnings: No  	[MsgId: MMSG-27007]
    WinInet replay instead of Sockets: No  	[MsgId: MMSG-27006]
    HTTP version: 1.1  	[MsgId: MMSG-27005]
    Keep-Alive HTTP connections: Yes  	[MsgId: MMSG-27004]
    Max self Meta refresh updates: 2  	[MsgId: MMSG-27003]
    No proxy is used (direct connection to the Internet)  	[MsgId: MMSG-27171]
    DNS caching: Yes  	[MsgId: MMSG-27035]
    Simulate browser cache: Yes  	[MsgId: MMSG-27034]
        Cache URLs requiring content (e.g., HTMLs): Yes  	[MsgId: MMSG-27033]
            Additional URLs requiring content: None  	[MsgId: MMSG-27032]
        Check for newer versions every visit to the page: No  	[MsgId: MMSG-27031]
    Page download timeout (sec): 120  	[MsgId: MMSG-27030]
    Resource Page Timeout is a Warning: No  	[MsgId: MMSG-27029]
    ContentCheck enabled: Yes  	[MsgId: MMSG-27028]
    ContentCheck script-level file: "C:\Users\GeT\AppData\Local\Temp\lr5tmpdirJpO.138\lrcfgx8e.139\LrwiAedScript.xml"  	[MsgId: MMSG-27027]
    Enable Web Page Breakdown: Yes  	[MsgId: MMSG-27026]
    Enable connection data points: Yes  	[MsgId: MMSG-27023]
    Process socket after reschedule: Yes  	[MsgId: MMSG-27022]
    Snapshot on error: No  	[MsgId: MMSG-27021]
    Define each step as a transaction: No  	[MsgId: MMSG-27020]
    Read beyond Content-Length: No  	[MsgId: MMSG-26994]
    Parse HTML Content-Type: TEXT  	[MsgId: MMSG-26999]
    Graph hits per second and HTTP status codes: Yes  	[MsgId: MMSG-26998]
    Graph response bytes per second: Yes  	[MsgId: MMSG-26997]
    Graph pages per second: No  	[MsgId: MMSG-26996]
    Web recorder version ID: 10  	[MsgId: MMSG-26995]
Ending action vuser_init.	[MsgId: MMSG-15918]
Running Vuser...	[MsgId: MMSG-15964]
Starting iteration 1.	[MsgId: MMSG-15968]
Maximum number of concurrent connections per server: 6  	[MsgId: MMSG-26989]
Starting action Action.	[MsgId: MMSG-15919]
Action.c(3): Notify: Transaction "UC04_check_booking_pages" started.	[MsgId: MMSG-16999]
Action.c(4): Notify: Transaction "open_webtours" started.	[MsgId: MMSG-16999]
Action.c(6): web_websocket_send started  	[MsgId: MMSG-26355]
Action.c(6): Warning: The string '"remote-settings/monitor_changes":"\"1727734884245\""' with parameter delimiters is not a parameter.	[MsgId: MWAR-13987]
Action.c(6): Warning -35046: The WebSocket whose ID is "0" is not connected  	[MsgId: MWAR-35046]
Action.c(6): web_websocket_send highest severity level was "warning"  	[MsgId: MMSG-26391]
Action.c(13): web_reg_find started  	[MsgId: MMSG-26355]
Action.c(13): Registering web_reg_find was successful  	[MsgId: MMSG-26390]
Action.c(15): web_set_sockets_option started  	[MsgId: MMSG-26355]
Action.c(15): web_set_sockets_option was successful  	[MsgId: MMSG-26392]
Action.c(17): web_add_auto_header("Priority") started  	[MsgId: MMSG-26355]
Action.c(17): An unrecognized header ("Priority") is being added  	[MsgId: MMSG-26595]
Action.c(17): "Priority: u=0, i" header registered for adding to requests from all following Action functions  	[MsgId: MMSG-26505]
Action.c(17): web_add_auto_header("Priority") was successful  	[MsgId: MMSG-26392]
Action.c(20): web_add_auto_header("Upgrade-Insecure-Requests") started  	[MsgId: MMSG-26355]
Action.c(20): An unrecognized header ("Upgrade-Insecure-Requests") is being added  	[MsgId: MMSG-26595]
Action.c(20): "Upgrade-Insecure-Requests: 1" header registered for adding to requests from all following Action functions  	[MsgId: MMSG-26505]
Action.c(20): web_add_auto_header("Upgrade-Insecure-Requests") was successful  	[MsgId: MMSG-26392]
Action.c(23): web_url("WebTours") started  	[MsgId: MMSG-26355]
Action.c(23): t=460ms: Connecting [0] to host 127.0.0.1:1080  	[MsgId: MMSG-26000]
Action.c(23): Error -27792: Failed to connect to server "localhost:1080": [10061] Connection refused  	[MsgId: MERR-27792]
Action.c(23): t=2536ms: Closed connection [0] to localhost:1080 after completing 0 request(s)  	[MsgId: MMSG-26000]
Action.c(23): Error -26366: "Text=Welcome to the Web Tours site." not found for web_reg_find  	[MsgId: MERR-26366]
Action.c(23): Error -26374: The above "not found" error(s) may be explained by header and body byte counts being 0 and 0, respectively.  	[MsgId: MERR-26374]
Action.c(23): web_url("WebTours") highest severity level was "ERROR", 0 body bytes, 0 header bytes  	[MsgId: MMSG-26388]
Action.c(23): Notify: Transaction "open_webtours" ended with a "Fail" status (Duration: 2.0823).	[MsgId: MMSG-16873]
Action.c(23): Notify: Transaction "open_webtours" has 3 error message(s).	[MsgId: MMSG-16818]
Action.c(23): Notify: The 1st error message associated with transaction "open_webtours" is "Error -27792: Failed to connect to server "localhost:1080": [10061] Connection refused"	[MsgId: MMSG-16819]
Action.c(23): Notify: The 2nd error message associated with transaction "open_webtours" is "Error -26366: "Text=Welcome to the Web Tours site." not found for web_reg_find"	[MsgId: MMSG-16819]
Action.c(23): Notify: The 3rd error message associated with transaction "open_webtours" is "Error -26374: The above "not found" error(s) may be explained by header and body byte counts being 0 and 0, respectively."	[MsgId: MMSG-16819]
Action.c(23): Notify: Transaction "UC04_check_booking_pages" ended with a "Fail" status (Duration: 2.0824).	[MsgId: MMSG-16873]
Action.c(23): Notify: Transaction "UC04_check_booking_pages" has 3 error message(s).	[MsgId: MMSG-16818]
Action.c(23): Notify: The 1st error message associated with transaction "UC04_check_booking_pages" is "Error -27792: Failed to connect to server "localhost:1080": [10061] Connection refused"	[MsgId: MMSG-16819]
Action.c(23): Notify: The 2nd error message associated with transaction "UC04_check_booking_pages" is "Error -26366: "Text=Welcome to the Web Tours site." not found for web_reg_find"	[MsgId: MMSG-16819]
Action.c(23): Notify: The 3rd error message associated with transaction "UC04_check_booking_pages" is "Error -26374: The above "not found" error(s) may be explained by header and body byte counts being 0 and 0, respectively."	[MsgId: MMSG-16819]
Ending action Action.	[MsgId: MMSG-15918]
Ending iteration 1.	[MsgId: MMSG-15965]
Starting iteration 2.	[MsgId: MMSG-15968]
Action.c(23): Resetting all proxy auto-configuration information  	[MsgId: MMSG-26000]
Notify: Next row for parameter login = 5 [table  = login].	[MsgId: MMSG-13876]
Notify: Getting new value for parameter 'login': table = '..\data\users.dat' column = '0' row = '5'.	[MsgId: MMSG-13877]
Notify: Next row for parameter password = 5 [table  = password].	[MsgId: MMSG-13876]
Notify: Getting new value for parameter 'password': table = '..\data\users.dat' column = '1' row = '5'.	[MsgId: MMSG-13877]
Starting action Action.	[MsgId: MMSG-15919]
Action.c(3): Notify: Transaction "UC04_check_booking_pages" started.	[MsgId: MMSG-16999]
Action.c(4): Notify: Transaction "open_webtours" started.	[MsgId: MMSG-16999]
Action.c(6): web_websocket_send started  	[MsgId: MMSG-26355]
Action.c(6): Warning: The string '"remote-settings/monitor_changes":"\"1727734884245\""' with parameter delimiters is not a parameter.	[MsgId: MWAR-13987]
Action.c(6): Warning -35046: The WebSocket whose ID is "0" is not connected  	[MsgId: MWAR-35046]
Action.c(6): web_websocket_send highest severity level was "warning"  	[MsgId: MMSG-26391]
Action.c(13): web_reg_find started  	[MsgId: MMSG-26355]
Action.c(13): Registering web_reg_find was successful  	[MsgId: MMSG-26390]
Action.c(15): web_set_sockets_option started  	[MsgId: MMSG-26355]
Action.c(15): web_set_sockets_option was successful  	[MsgId: MMSG-26392]
Action.c(17): web_add_auto_header("Priority") started  	[MsgId: MMSG-26355]
Action.c(17): An unrecognized header ("Priority") is being added  	[MsgId: MMSG-26595]
Action.c(17): "Priority: u=0, i" header registered for adding to requests from all following Action functions  	[MsgId: MMSG-26505]
Action.c(17): web_add_auto_header("Priority") was successful  	[MsgId: MMSG-26392]
Action.c(20): web_add_auto_header("Upgrade-Insecure-Requests") started  	[MsgId: MMSG-26355]
Action.c(20): An unrecognized header ("Upgrade-Insecure-Requests") is being added  	[MsgId: MMSG-26595]
Action.c(20): "Upgrade-Insecure-Requests: 1" header registered for adding to requests from all following Action functions  	[MsgId: MMSG-26505]
Action.c(20): web_add_auto_header("Upgrade-Insecure-Requests") was successful  	[MsgId: MMSG-26392]
Action.c(23): web_url("WebTours") started  	[MsgId: MMSG-26355]
Action.c(23): t=2540ms: Connecting [0] to host 127.0.0.1:1080  	[MsgId: MMSG-26000]
Action.c(23): Error -27792: Failed to connect to server "localhost:1080": [10061] Connection refused  	[MsgId: MERR-27792]
Action.c(23): t=4582ms: Closed connection [0] to localhost:1080 after completing 0 request(s)  	[MsgId: MMSG-26000]
Action.c(23): Error -26366: "Text=Welcome to the Web Tours site." not found for web_reg_find  	[MsgId: MERR-26366]
Action.c(23): Error -26374: The above "not found" error(s) may be explained by header and body byte counts being 0 and 0, respectively.  	[MsgId: MERR-26374]
Action.c(23): web_url("WebTours") highest severity level was "ERROR", 0 body bytes, 0 header bytes  	[MsgId: MMSG-26388]
Action.c(23): Notify: Transaction "open_webtours" ended with a "Fail" status (Duration: 2.0442).	[MsgId: MMSG-16873]
Action.c(23): Notify: Transaction "open_webtours" has 3 error message(s).	[MsgId: MMSG-16818]
Action.c(23): Notify: The 1st error message associated with transaction "open_webtours" is "Error -27792: Failed to connect to server "localhost:1080": [10061] Connection refused"	[MsgId: MMSG-16819]
Action.c(23): Notify: The 2nd error message associated with transaction "open_webtours" is "Error -26366: "Text=Welcome to the Web Tours site." not found for web_reg_find"	[MsgId: MMSG-16819]
Action.c(23): Notify: The 3rd error message associated with transaction "open_webtours" is "Error -26374: The above "not found" error(s) may be explained by header and body byte counts being 0 and 0, respectively."	[MsgId: MMSG-16819]
Action.c(23): Notify: Transaction "UC04_check_booking_pages" ended with a "Fail" status (Duration: 2.0443).	[MsgId: MMSG-16873]
Action.c(23): Notify: Transaction "UC04_check_booking_pages" has 3 error message(s).	[MsgId: MMSG-16818]
Action.c(23): Notify: The 1st error message associated with transaction "UC04_check_booking_pages" is "Error -27792: Failed to connect to server "localhost:1080": [10061] Connection refused"	[MsgId: MMSG-16819]
Action.c(23): Notify: The 2nd error message associated with transaction "UC04_check_booking_pages" is "Error -26366: "Text=Welcome to the Web Tours site." not found for web_reg_find"	[MsgId: MMSG-16819]
Action.c(23): Notify: The 3rd error message associated with transaction "UC04_check_booking_pages" is "Error -26374: The above "not found" error(s) may be explained by header and body byte counts being 0 and 0, respectively."	[MsgId: MMSG-16819]
Ending action Action.	[MsgId: MMSG-15918]
Ending iteration 2.	[MsgId: MMSG-15965]
Starting iteration 3.	[MsgId: MMSG-15968]
Action.c(23): Resetting all proxy auto-configuration information  	[MsgId: MMSG-26000]
Notify: Next row for parameter login = 9 [table  = login].	[MsgId: MMSG-13876]
Notify: Getting new value for parameter 'login': table = '..\data\users.dat' column = '0' row = '9'.	[MsgId: MMSG-13877]
Notify: Next row for parameter password = 9 [table  = password].	[MsgId: MMSG-13876]
Notify: Getting new value for parameter 'password': table = '..\data\users.dat' column = '1' row = '9'.	[MsgId: MMSG-13877]
Starting action Action.	[MsgId: MMSG-15919]
Action.c(3): Notify: Transaction "UC04_check_booking_pages" started.	[MsgId: MMSG-16999]
Action.c(4): Notify: Transaction "open_webtours" started.	[MsgId: MMSG-16999]
Action.c(6): web_websocket_send started  	[MsgId: MMSG-26355]
Action.c(6): Warning: The string '"remote-settings/monitor_changes":"\"1727734884245\""' with parameter delimiters is not a parameter.	[MsgId: MWAR-13987]
Action.c(6): Warning -35046: The WebSocket whose ID is "0" is not connected  	[MsgId: MWAR-35046]
Action.c(6): web_websocket_send highest severity level was "warning"  	[MsgId: MMSG-26391]
Action.c(13): web_reg_find started  	[MsgId: MMSG-26355]
Action.c(13): Registering web_reg_find was successful  	[MsgId: MMSG-26390]
Action.c(15): web_set_sockets_option started  	[MsgId: MMSG-26355]
Action.c(15): web_set_sockets_option was successful  	[MsgId: MMSG-26392]
Action.c(17): web_add_auto_header("Priority") started  	[MsgId: MMSG-26355]
Action.c(17): An unrecognized header ("Priority") is being added  	[MsgId: MMSG-26595]
Action.c(17): "Priority: u=0, i" header registered for adding to requests from all following Action functions  	[MsgId: MMSG-26505]
Action.c(17): web_add_auto_header("Priority") was successful  	[MsgId: MMSG-26392]
Action.c(20): web_add_auto_header("Upgrade-Insecure-Requests") started  	[MsgId: MMSG-26355]
Action.c(20): An unrecognized header ("Upgrade-Insecure-Requests") is being added  	[MsgId: MMSG-26595]
Action.c(20): "Upgrade-Insecure-Requests: 1" header registered for adding to requests from all following Action functions  	[MsgId: MMSG-26505]
Action.c(20): web_add_auto_header("Upgrade-Insecure-Requests") was successful  	[MsgId: MMSG-26392]
Action.c(23): web_url("WebTours") started  	[MsgId: MMSG-26355]
Action.c(23): t=4586ms: Connecting [0] to host 127.0.0.1:1080  	[MsgId: MMSG-26000]
Action.c(23): Error -27792: Failed to connect to server "localhost:1080": [10061] Connection refused  	[MsgId: MERR-27792]
Action.c(23): t=6748ms: Closed connection [0] to localhost:1080 after completing 0 request(s)  	[MsgId: MMSG-26000]
Action.c(23): Error -26366: "Text=Welcome to the Web Tours site." not found for web_reg_find  	[MsgId: MERR-26366]
Action.c(23): Error -26374: The above "not found" error(s) may be explained by header and body byte counts being 0 and 0, respectively.  	[MsgId: MERR-26374]
Action.c(23): web_url("WebTours") highest severity level was "ERROR", 0 body bytes, 0 header bytes  	[MsgId: MMSG-26388]
Action.c(23): Notify: Transaction "open_webtours" ended with a "Fail" status (Duration: 2.1646).	[MsgId: MMSG-16873]
Action.c(23): Notify: Transaction "open_webtours" has 3 error message(s).	[MsgId: MMSG-16818]
Action.c(23): Notify: The 1st error message associated with transaction "open_webtours" is "Error -27792: Failed to connect to server "localhost:1080": [10061] Connection refused"	[MsgId: MMSG-16819]
Action.c(23): Notify: The 2nd error message associated with transaction "open_webtours" is "Error -26366: "Text=Welcome to the Web Tours site." not found for web_reg_find"	[MsgId: MMSG-16819]
Action.c(23): Notify: The 3rd error message associated with transaction "open_webtours" is "Error -26374: The above "not found" error(s) may be explained by header and body byte counts being 0 and 0, respectively."	[MsgId: MMSG-16819]
Action.c(23): Notify: Transaction "UC04_check_booking_pages" ended with a "Fail" status (Duration: 2.1647).	[MsgId: MMSG-16873]
Action.c(23): Notify: Transaction "UC04_check_booking_pages" has 3 error message(s).	[MsgId: MMSG-16818]
Action.c(23): Notify: The 1st error message associated with transaction "UC04_check_booking_pages" is "Error -27792: Failed to connect to server "localhost:1080": [10061] Connection refused"	[MsgId: MMSG-16819]
Action.c(23): Notify: The 2nd error message associated with transaction "UC04_check_booking_pages" is "Error -26366: "Text=Welcome to the Web Tours site." not found for web_reg_find"	[MsgId: MMSG-16819]
Action.c(23): Notify: The 3rd error message associated with transaction "UC04_check_booking_pages" is "Error -26374: The above "not found" error(s) may be explained by header and body byte counts being 0 and 0, respectively."	[MsgId: MMSG-16819]
Ending action Action.	[MsgId: MMSG-15918]
Ending iteration 3.	[MsgId: MMSG-15965]
Starting iteration 4.	[MsgId: MMSG-15968]
Action.c(23): Resetting all proxy auto-configuration information  	[MsgId: MMSG-26000]
Notify: Next row for parameter login = 6 [table  = login].	[MsgId: MMSG-13876]
Notify: Getting new value for parameter 'login': table = '..\data\users.dat' column = '0' row = '6'.	[MsgId: MMSG-13877]
Notify: Next row for parameter password = 6 [table  = password].	[MsgId: MMSG-13876]
Notify: Getting new value for parameter 'password': table = '..\data\users.dat' column = '1' row = '6'.	[MsgId: MMSG-13877]
Starting action Action.	[MsgId: MMSG-15919]
Action.c(3): Notify: Transaction "UC04_check_booking_pages" started.	[MsgId: MMSG-16999]
Action.c(4): Notify: Transaction "open_webtours" started.	[MsgId: MMSG-16999]
Action.c(6): web_websocket_send started  	[MsgId: MMSG-26355]
Action.c(6): Warning: The string '"remote-settings/monitor_changes":"\"1727734884245\""' with parameter delimiters is not a parameter.	[MsgId: MWAR-13987]
Action.c(6): Warning -35046: The WebSocket whose ID is "0" is not connected  	[MsgId: MWAR-35046]
Action.c(6): web_websocket_send highest severity level was "warning"  	[MsgId: MMSG-26391]
Action.c(13): web_reg_find started  	[MsgId: MMSG-26355]
Action.c(13): Registering web_reg_find was successful  	[MsgId: MMSG-26390]
Action.c(15): web_set_sockets_option started  	[MsgId: MMSG-26355]
Action.c(15): web_set_sockets_option was successful  	[MsgId: MMSG-26392]
Action.c(17): web_add_auto_header("Priority") started  	[MsgId: MMSG-26355]
Action.c(17): An unrecognized header ("Priority") is being added  	[MsgId: MMSG-26595]
Action.c(17): "Priority: u=0, i" header registered for adding to requests from all following Action functions  	[MsgId: MMSG-26505]
Action.c(17): web_add_auto_header("Priority") was successful  	[MsgId: MMSG-26392]
Action.c(20): web_add_auto_header("Upgrade-Insecure-Requests") started  	[MsgId: MMSG-26355]
Action.c(20): An unrecognized header ("Upgrade-Insecure-Requests") is being added  	[MsgId: MMSG-26595]
Action.c(20): "Upgrade-Insecure-Requests: 1" header registered for adding to requests from all following Action functions  	[MsgId: MMSG-26505]
Action.c(20): web_add_auto_header("Upgrade-Insecure-Requests") was successful  	[MsgId: MMSG-26392]
Action.c(23): web_url("WebTours") started  	[MsgId: MMSG-26355]
Action.c(23): t=6753ms: Connecting [0] to host 127.0.0.1:1080  	[MsgId: MMSG-26000]
Action.c(23): Error -27792: Failed to connect to server "localhost:1080": [10061] Connection refused  	[MsgId: MERR-27792]
Action.c(23): t=8837ms: Closed connection [0] to localhost:1080 after completing 0 request(s)  	[MsgId: MMSG-26000]
Action.c(23): Error -26366: "Text=Welcome to the Web Tours site." not found for web_reg_find  	[MsgId: MERR-26366]
Action.c(23): Error -26374: The above "not found" error(s) may be explained by header and body byte counts being 0 and 0, respectively.  	[MsgId: MERR-26374]
Action.c(23): web_url("WebTours") highest severity level was "ERROR", 0 body bytes, 0 header bytes  	[MsgId: MMSG-26388]
Action.c(23): Notify: Transaction "open_webtours" ended with a "Fail" status (Duration: 2.0876).	[MsgId: MMSG-16873]
Action.c(23): Notify: Transaction "open_webtours" has 3 error message(s).	[MsgId: MMSG-16818]
Action.c(23): Notify: The 1st error message associated with transaction "open_webtours" is "Error -27792: Failed to connect to server "localhost:1080": [10061] Connection refused"	[MsgId: MMSG-16819]
Action.c(23): Notify: The 2nd error message associated with transaction "open_webtours" is "Error -26366: "Text=Welcome to the Web Tours site." not found for web_reg_find"	[MsgId: MMSG-16819]
Action.c(23): Notify: The 3rd error message associated with transaction "open_webtours" is "Error -26374: The above "not found" error(s) may be explained by header and body byte counts being 0 and 0, respectively."	[MsgId: MMSG-16819]
Action.c(23): Notify: Transaction "UC04_check_booking_pages" ended with a "Fail" status (Duration: 2.0877).	[MsgId: MMSG-16873]
Action.c(23): Notify: Transaction "UC04_check_booking_pages" has 3 error message(s).	[MsgId: MMSG-16818]
Action.c(23): Notify: The 1st error message associated with transaction "UC04_check_booking_pages" is "Error -27792: Failed to connect to server "localhost:1080": [10061] Connection refused"	[MsgId: MMSG-16819]
Action.c(23): Notify: The 2nd error message associated with transaction "UC04_check_booking_pages" is "Error -26366: "Text=Welcome to the Web Tours site." not found for web_reg_find"	[MsgId: MMSG-16819]
Action.c(23): Notify: The 3rd error message associated with transaction "UC04_check_booking_pages" is "Error -26374: The above "not found" error(s) may be explained by header and body byte counts being 0 and 0, respectively."	[MsgId: MMSG-16819]
Ending action Action.	[MsgId: MMSG-15918]
Ending iteration 4.	[MsgId: MMSG-15965]
Starting iteration 5.	[MsgId: MMSG-15968]
Action.c(23): Resetting all proxy auto-configuration information  	[MsgId: MMSG-26000]
Notify: Next row for parameter login = 7 [table  = login].	[MsgId: MMSG-13876]
Notify: Getting new value for parameter 'login': table = '..\data\users.dat' column = '0' row = '7'.	[MsgId: MMSG-13877]
Notify: Next row for parameter password = 7 [table  = password].	[MsgId: MMSG-13876]
Notify: Getting new value for parameter 'password': table = '..\data\users.dat' column = '1' row = '7'.	[MsgId: MMSG-13877]
Starting action Action.	[MsgId: MMSG-15919]
Action.c(3): Notify: Transaction "UC04_check_booking_pages" started.	[MsgId: MMSG-16999]
Action.c(4): Notify: Transaction "open_webtours" started.	[MsgId: MMSG-16999]
Action.c(6): web_websocket_send started  	[MsgId: MMSG-26355]
Action.c(6): Warning: The string '"remote-settings/monitor_changes":"\"1727734884245\""' with parameter delimiters is not a parameter.	[MsgId: MWAR-13987]
Action.c(6): Warning -35046: The WebSocket whose ID is "0" is not connected  	[MsgId: MWAR-35046]
Action.c(6): web_websocket_send highest severity level was "warning"  	[MsgId: MMSG-26391]
Action.c(13): web_reg_find started  	[MsgId: MMSG-26355]
Action.c(13): Registering web_reg_find was successful  	[MsgId: MMSG-26390]
Action.c(15): web_set_sockets_option started  	[MsgId: MMSG-26355]
Action.c(15): web_set_sockets_option was successful  	[MsgId: MMSG-26392]
Action.c(17): web_add_auto_header("Priority") started  	[MsgId: MMSG-26355]
Action.c(17): An unrecognized header ("Priority") is being added  	[MsgId: MMSG-26595]
Action.c(17): "Priority: u=0, i" header registered for adding to requests from all following Action functions  	[MsgId: MMSG-26505]
Action.c(17): web_add_auto_header("Priority") was successful  	[MsgId: MMSG-26392]
Action.c(20): web_add_auto_header("Upgrade-Insecure-Requests") started  	[MsgId: MMSG-26355]
Action.c(20): An unrecognized header ("Upgrade-Insecure-Requests") is being added  	[MsgId: MMSG-26595]
Action.c(20): "Upgrade-Insecure-Requests: 1" header registered for adding to requests from all following Action functions  	[MsgId: MMSG-26505]
Action.c(20): web_add_auto_header("Upgrade-Insecure-Requests") was successful  	[MsgId: MMSG-26392]
Action.c(23): web_url("WebTours") started  	[MsgId: MMSG-26355]
Action.c(23): t=8840ms: Connecting [0] to host 127.0.0.1:1080  	[MsgId: MMSG-26000]
Action.c(23): Error -27792: Failed to connect to server "localhost:1080": [10061] Connection refused  	[MsgId: MERR-27792]
Action.c(23): t=10944ms: Closed connection [0] to localhost:1080 after completing 0 request(s)  	[MsgId: MMSG-26000]
Action.c(23): Error -26366: "Text=Welcome to the Web Tours site." not found for web_reg_find  	[MsgId: MERR-26366]
Action.c(23): Error -26374: The above "not found" error(s) may be explained by header and body byte counts being 0 and 0, respectively.  	[MsgId: MERR-26374]
Action.c(23): web_url("WebTours") highest severity level was "ERROR", 0 body bytes, 0 header bytes  	[MsgId: MMSG-26388]
Action.c(23): Notify: Transaction "open_webtours" ended with a "Fail" status (Duration: 2.1064).	[MsgId: MMSG-16873]
Action.c(23): Notify: Transaction "open_webtours" has 3 error message(s).	[MsgId: MMSG-16818]
Action.c(23): Notify: The 1st error message associated with transaction "open_webtours" is "Error -27792: Failed to connect to server "localhost:1080": [10061] Connection refused"	[MsgId: MMSG-16819]
Action.c(23): Notify: The 2nd error message associated with transaction "open_webtours" is "Error -26366: "Text=Welcome to the Web Tours site." not found for web_reg_find"	[MsgId: MMSG-16819]
Action.c(23): Notify: The 3rd error message associated with transaction "open_webtours" is "Error -26374: The above "not found" error(s) may be explained by header and body byte counts being 0 and 0, respectively."	[MsgId: MMSG-16819]
Action.c(23): Notify: Transaction "UC04_check_booking_pages" ended with a "Fail" status (Duration: 2.1065).	[MsgId: MMSG-16873]
Action.c(23): Notify: Transaction "UC04_check_booking_pages" has 3 error message(s).	[MsgId: MMSG-16818]
Action.c(23): Notify: The 1st error message associated with transaction "UC04_check_booking_pages" is "Error -27792: Failed to connect to server "localhost:1080": [10061] Connection refused"	[MsgId: MMSG-16819]
Action.c(23): Notify: The 2nd error message associated with transaction "UC04_check_booking_pages" is "Error -26366: "Text=Welcome to the Web Tours site." not found for web_reg_find"	[MsgId: MMSG-16819]
Action.c(23): Notify: The 3rd error message associated with transaction "UC04_check_booking_pages" is "Error -26374: The above "not found" error(s) may be explained by header and body byte counts being 0 and 0, respectively."	[MsgId: MMSG-16819]
Ending action Action.	[MsgId: MMSG-15918]
Ending iteration 5.	[MsgId: MMSG-15965]
Starting iteration 6.	[MsgId: MMSG-15968]
Action.c(23): Resetting all proxy auto-configuration information  	[MsgId: MMSG-26000]
Notify: Next row for parameter login = 3 [table  = login].	[MsgId: MMSG-13876]
Notify: Getting new value for parameter 'login': table = '..\data\users.dat' column = '0' row = '3'.	[MsgId: MMSG-13877]
Notify: Next row for parameter password = 3 [table  = password].	[MsgId: MMSG-13876]
Notify: Getting new value for parameter 'password': table = '..\data\users.dat' column = '1' row = '3'.	[MsgId: MMSG-13877]
Starting action Action.	[MsgId: MMSG-15919]
Action.c(3): Notify: Transaction "UC04_check_booking_pages" started.	[MsgId: MMSG-16999]
Action.c(4): Notify: Transaction "open_webtours" started.	[MsgId: MMSG-16999]
Action.c(6): web_websocket_send started  	[MsgId: MMSG-26355]
Action.c(6): Warning: The string '"remote-settings/monitor_changes":"\"1727734884245\""' with parameter delimiters is not a parameter.	[MsgId: MWAR-13987]
Action.c(6): Warning -35046: The WebSocket whose ID is "0" is not connected  	[MsgId: MWAR-35046]
Action.c(6): web_websocket_send highest severity level was "warning"  	[MsgId: MMSG-26391]
Action.c(13): web_reg_find started  	[MsgId: MMSG-26355]
Action.c(13): Registering web_reg_find was successful  	[MsgId: MMSG-26390]
Action.c(15): web_set_sockets_option started  	[MsgId: MMSG-26355]
Action.c(15): web_set_sockets_option was successful  	[MsgId: MMSG-26392]
Action.c(17): web_add_auto_header("Priority") started  	[MsgId: MMSG-26355]
Action.c(17): An unrecognized header ("Priority") is being added  	[MsgId: MMSG-26595]
Action.c(17): "Priority: u=0, i" header registered for adding to requests from all following Action functions  	[MsgId: MMSG-26505]
Action.c(17): web_add_auto_header("Priority") was successful  	[MsgId: MMSG-26392]
Action.c(20): web_add_auto_header("Upgrade-Insecure-Requests") started  	[MsgId: MMSG-26355]
Action.c(20): An unrecognized header ("Upgrade-Insecure-Requests") is being added  	[MsgId: MMSG-26595]
Action.c(20): "Upgrade-Insecure-Requests: 1" header registered for adding to requests from all following Action functions  	[MsgId: MMSG-26505]
Action.c(20): web_add_auto_header("Upgrade-Insecure-Requests") was successful  	[MsgId: MMSG-26392]
Action.c(23): web_url("WebTours") started  	[MsgId: MMSG-26355]
Action.c(23): t=10948ms: Connecting [0] to host 127.0.0.1:1080  	[MsgId: MMSG-26000]
Action.c(23): Error -27792: Failed to connect to server "localhost:1080": [10061] Connection refused  	[MsgId: MERR-27792]
Action.c(23): t=13045ms: Closed connection [0] to localhost:1080 after completing 0 request(s)  	[MsgId: MMSG-26000]
Action.c(23): Error -26366: "Text=Welcome to the Web Tours site." not found for web_reg_find  	[MsgId: MERR-26366]
Action.c(23): Error -26374: The above "not found" error(s) may be explained by header and body byte counts being 0 and 0, respectively.  	[MsgId: MERR-26374]
Action.c(23): web_url("WebTours") highest severity level was "ERROR", 0 body bytes, 0 header bytes  	[MsgId: MMSG-26388]
Action.c(23): Notify: Transaction "open_webtours" ended with a "Fail" status (Duration: 2.0999).	[MsgId: MMSG-16873]
Action.c(23): Notify: Transaction "open_webtours" has 3 error message(s).	[MsgId: MMSG-16818]
Action.c(23): Notify: The 1st error message associated with transaction "open_webtours" is "Error -27792: Failed to connect to server "localhost:1080": [10061] Connection refused"	[MsgId: MMSG-16819]
Action.c(23): Notify: The 2nd error message associated with transaction "open_webtours" is "Error -26366: "Text=Welcome to the Web Tours site." not found for web_reg_find"	[MsgId: MMSG-16819]
Action.c(23): Notify: The 3rd error message associated with transaction "open_webtours" is "Error -26374: The above "not found" error(s) may be explained by header and body byte counts being 0 and 0, respectively."	[MsgId: MMSG-16819]
Action.c(23): Notify: Transaction "UC04_check_booking_pages" ended with a "Fail" status (Duration: 2.0999).	[MsgId: MMSG-16873]
Action.c(23): Notify: Transaction "UC04_check_booking_pages" has 3 error message(s).	[MsgId: MMSG-16818]
Action.c(23): Notify: The 1st error message associated with transaction "UC04_check_booking_pages" is "Error -27792: Failed to connect to server "localhost:1080": [10061] Connection refused"	[MsgId: MMSG-16819]
Action.c(23): Notify: The 2nd error message associated with transaction "UC04_check_booking_pages" is "Error -26366: "Text=Welcome to the Web Tours site." not found for web_reg_find"	[MsgId: MMSG-16819]
Action.c(23): Notify: The 3rd error message associated with transaction "UC04_check_booking_pages" is "Error -26374: The above "not found" error(s) may be explained by header and body byte counts being 0 and 0, respectively."	[MsgId: MMSG-16819]
Ending action Action.	[MsgId: MMSG-15918]
Ending iteration 6.	[MsgId: MMSG-15965]
Starting iteration 7.	[MsgId: MMSG-15968]
Action.c(23): Resetting all proxy auto-configuration information  	[MsgId: MMSG-26000]
Notify: Next row for parameter login = 3 [table  = login].	[MsgId: MMSG-13876]
Notify: Getting new value for parameter 'login': table = '..\data\users.dat' column = '0' row = '3'.	[MsgId: MMSG-13877]
Notify: Next row for parameter password = 3 [table  = password].	[MsgId: MMSG-13876]
Notify: Getting new value for parameter 'password': table = '..\data\users.dat' column = '1' row = '3'.	[MsgId: MMSG-13877]
Starting action Action.	[MsgId: MMSG-15919]
Action.c(3): Notify: Transaction "UC04_check_booking_pages" started.	[MsgId: MMSG-16999]
Action.c(4): Notify: Transaction "open_webtours" started.	[MsgId: MMSG-16999]
Action.c(6): web_websocket_send started  	[MsgId: MMSG-26355]
Action.c(6): Warning: The string '"remote-settings/monitor_changes":"\"1727734884245\""' with parameter delimiters is not a parameter.	[MsgId: MWAR-13987]
Action.c(6): Warning -35046: The WebSocket whose ID is "0" is not connected  	[MsgId: MWAR-35046]
Action.c(6): web_websocket_send highest severity level was "warning"  	[MsgId: MMSG-26391]
Action.c(13): web_reg_find started  	[MsgId: MMSG-26355]
Action.c(13): Registering web_reg_find was successful  	[MsgId: MMSG-26390]
Action.c(15): web_set_sockets_option started  	[MsgId: MMSG-26355]
Action.c(15): web_set_sockets_option was successful  	[MsgId: MMSG-26392]
Action.c(17): web_add_auto_header("Priority") started  	[MsgId: MMSG-26355]
Action.c(17): An unrecognized header ("Priority") is being added  	[MsgId: MMSG-26595]
Action.c(17): "Priority: u=0, i" header registered for adding to requests from all following Action functions  	[MsgId: MMSG-26505]
Action.c(17): web_add_auto_header("Priority") was successful  	[MsgId: MMSG-26392]
Action.c(20): web_add_auto_header("Upgrade-Insecure-Requests") started  	[MsgId: MMSG-26355]
Action.c(20): An unrecognized header ("Upgrade-Insecure-Requests") is being added  	[MsgId: MMSG-26595]
Action.c(20): "Upgrade-Insecure-Requests: 1" header registered for adding to requests from all following Action functions  	[MsgId: MMSG-26505]
Action.c(20): web_add_auto_header("Upgrade-Insecure-Requests") was successful  	[MsgId: MMSG-26392]
Action.c(23): web_url("WebTours") started  	[MsgId: MMSG-26355]
Action.c(23): t=13049ms: Connecting [0] to host 127.0.0.1:1080  	[MsgId: MMSG-26000]
Action.c(23): Error -27792: Failed to connect to server "localhost:1080": [10061] Connection refused  	[MsgId: MERR-27792]
Action.c(23): t=15115ms: Closed connection [0] to localhost:1080 after completing 0 request(s)  	[MsgId: MMSG-26000]
Action.c(23): Error -26366: "Text=Welcome to the Web Tours site." not found for web_reg_find  	[MsgId: MERR-26366]
Action.c(23): Error -26374: The above "not found" error(s) may be explained by header and body byte counts being 0 and 0, respectively.  	[MsgId: MERR-26374]
Action.c(23): web_url("WebTours") highest severity level was "ERROR", 0 body bytes, 0 header bytes  	[MsgId: MMSG-26388]
Action.c(23): Notify: Transaction "open_webtours" ended with a "Fail" status (Duration: 2.0685).	[MsgId: MMSG-16873]
Action.c(23): Notify: Transaction "open_webtours" has 3 error message(s).	[MsgId: MMSG-16818]
Action.c(23): Notify: The 1st error message associated with transaction "open_webtours" is "Error -27792: Failed to connect to server "localhost:1080": [10061] Connection refused"	[MsgId: MMSG-16819]
Action.c(23): Notify: The 2nd error message associated with transaction "open_webtours" is "Error -26366: "Text=Welcome to the Web Tours site." not found for web_reg_find"	[MsgId: MMSG-16819]
Action.c(23): Notify: The 3rd error message associated with transaction "open_webtours" is "Error -26374: The above "not found" error(s) may be explained by header and body byte counts being 0 and 0, respectively."	[MsgId: MMSG-16819]
Action.c(23): Notify: Transaction "UC04_check_booking_pages" ended with a "Fail" status (Duration: 2.0687).	[MsgId: MMSG-16873]
Action.c(23): Notify: Transaction "UC04_check_booking_pages" has 3 error message(s).	[MsgId: MMSG-16818]
Action.c(23): Notify: The 1st error message associated with transaction "UC04_check_booking_pages" is "Error -27792: Failed to connect to server "localhost:1080": [10061] Connection refused"	[MsgId: MMSG-16819]
Action.c(23): Notify: The 2nd error message associated with transaction "UC04_check_booking_pages" is "Error -26366: "Text=Welcome to the Web Tours site." not found for web_reg_find"	[MsgId: MMSG-16819]
Action.c(23): Notify: The 3rd error message associated with transaction "UC04_check_booking_pages" is "Error -26374: The above "not found" error(s) may be explained by header and body byte counts being 0 and 0, respectively."	[MsgId: MMSG-16819]
Ending action Action.	[MsgId: MMSG-15918]
Ending iteration 7.	[MsgId: MMSG-15965]
Starting iteration 8.	[MsgId: MMSG-15968]
Action.c(23): Resetting all proxy auto-configuration information  	[MsgId: MMSG-26000]
Notify: Next row for parameter login = 8 [table  = login].	[MsgId: MMSG-13876]
Notify: Getting new value for parameter 'login': table = '..\data\users.dat' column = '0' row = '8'.	[MsgId: MMSG-13877]
Notify: Next row for parameter password = 8 [table  = password].	[MsgId: MMSG-13876]
Notify: Getting new value for parameter 'password': table = '..\data\users.dat' column = '1' row = '8'.	[MsgId: MMSG-13877]
Starting action Action.	[MsgId: MMSG-15919]
Action.c(3): Notify: Transaction "UC04_check_booking_pages" started.	[MsgId: MMSG-16999]
Action.c(4): Notify: Transaction "open_webtours" started.	[MsgId: MMSG-16999]
Action.c(6): web_websocket_send started  	[MsgId: MMSG-26355]
Action.c(6): Warning: The string '"remote-settings/monitor_changes":"\"1727734884245\""' with parameter delimiters is not a parameter.	[MsgId: MWAR-13987]
Action.c(6): Warning -35046: The WebSocket whose ID is "0" is not connected  	[MsgId: MWAR-35046]
Action.c(6): web_websocket_send highest severity level was "warning"  	[MsgId: MMSG-26391]
Action.c(13): web_reg_find started  	[MsgId: MMSG-26355]
Action.c(13): Registering web_reg_find was successful  	[MsgId: MMSG-26390]
Action.c(15): web_set_sockets_option started  	[MsgId: MMSG-26355]
Action.c(15): web_set_sockets_option was successful  	[MsgId: MMSG-26392]
Action.c(17): web_add_auto_header("Priority") started  	[MsgId: MMSG-26355]
Action.c(17): An unrecognized header ("Priority") is being added  	[MsgId: MMSG-26595]
Action.c(17): "Priority: u=0, i" header registered for adding to requests from all following Action functions  	[MsgId: MMSG-26505]
Action.c(17): web_add_auto_header("Priority") was successful  	[MsgId: MMSG-26392]
Action.c(20): web_add_auto_header("Upgrade-Insecure-Requests") started  	[MsgId: MMSG-26355]
Action.c(20): An unrecognized header ("Upgrade-Insecure-Requests") is being added  	[MsgId: MMSG-26595]
Action.c(20): "Upgrade-Insecure-Requests: 1" header registered for adding to requests from all following Action functions  	[MsgId: MMSG-26505]
Action.c(20): web_add_auto_header("Upgrade-Insecure-Requests") was successful  	[MsgId: MMSG-26392]
Action.c(23): web_url("WebTours") started  	[MsgId: MMSG-26355]
Action.c(23): t=15118ms: Connecting [0] to host 127.0.0.1:1080  	[MsgId: MMSG-26000]
Action.c(23): Error -27792: Failed to connect to server "localhost:1080": [10061] Connection refused  	[MsgId: MERR-27792]
Action.c(23): t=17158ms: Closed connection [0] to localhost:1080 after completing 0 request(s)  	[MsgId: MMSG-26000]
Action.c(23): Error -26366: "Text=Welcome to the Web Tours site." not found for web_reg_find  	[MsgId: MERR-26366]
Action.c(23): Error -26374: The above "not found" error(s) may be explained by header and body byte counts being 0 and 0, respectively.  	[MsgId: MERR-26374]
Action.c(23): web_url("WebTours") highest severity level was "ERROR", 0 body bytes, 0 header bytes  	[MsgId: MMSG-26388]
Action.c(23): Notify: Transaction "open_webtours" ended with a "Fail" status (Duration: 2.0415).	[MsgId: MMSG-16873]
Action.c(23): Notify: Transaction "open_webtours" has 3 error message(s).	[MsgId: MMSG-16818]
Action.c(23): Notify: The 1st error message associated with transaction "open_webtours" is "Error -27792: Failed to connect to server "localhost:1080": [10061] Connection refused"	[MsgId: MMSG-16819]
Action.c(23): Notify: The 2nd error message associated with transaction "open_webtours" is "Error -26366: "Text=Welcome to the Web Tours site." not found for web_reg_find"	[MsgId: MMSG-16819]
Action.c(23): Notify: The 3rd error message associated with transaction "open_webtours" is "Error -26374: The above "not found" error(s) may be explained by header and body byte counts being 0 and 0, respectively."	[MsgId: MMSG-16819]
Action.c(23): Notify: Transaction "UC04_check_booking_pages" ended with a "Fail" status (Duration: 2.0415).	[MsgId: MMSG-16873]
Action.c(23): Notify: Transaction "UC04_check_booking_pages" has 3 error message(s).	[MsgId: MMSG-16818]
Action.c(23): Notify: The 1st error message associated with transaction "UC04_check_booking_pages" is "Error -27792: Failed to connect to server "localhost:1080": [10061] Connection refused"	[MsgId: MMSG-16819]
Action.c(23): Notify: The 2nd error message associated with transaction "UC04_check_booking_pages" is "Error -26366: "Text=Welcome to the Web Tours site." not found for web_reg_find"	[MsgId: MMSG-16819]
Action.c(23): Notify: The 3rd error message associated with transaction "UC04_check_booking_pages" is "Error -26374: The above "not found" error(s) may be explained by header and body byte counts being 0 and 0, respectively."	[MsgId: MMSG-16819]
Ending action Action.	[MsgId: MMSG-15918]
Ending iteration 8.	[MsgId: MMSG-15965]
Starting iteration 9.	[MsgId: MMSG-15968]
Action.c(23): Resetting all proxy auto-configuration information  	[MsgId: MMSG-26000]
Notify: Next row for parameter login = 9 [table  = login].	[MsgId: MMSG-13876]
Notify: Getting new value for parameter 'login': table = '..\data\users.dat' column = '0' row = '9'.	[MsgId: MMSG-13877]
Notify: Next row for parameter password = 9 [table  = password].	[MsgId: MMSG-13876]
Notify: Getting new value for parameter 'password': table = '..\data\users.dat' column = '1' row = '9'.	[MsgId: MMSG-13877]
Starting action Action.	[MsgId: MMSG-15919]
Action.c(3): Notify: Transaction "UC04_check_booking_pages" started.	[MsgId: MMSG-16999]
Action.c(4): Notify: Transaction "open_webtours" started.	[MsgId: MMSG-16999]
Action.c(6): web_websocket_send started  	[MsgId: MMSG-26355]
Action.c(6): Warning: The string '"remote-settings/monitor_changes":"\"1727734884245\""' with parameter delimiters is not a parameter.	[MsgId: MWAR-13987]
Action.c(6): Warning -35046: The WebSocket whose ID is "0" is not connected  	[MsgId: MWAR-35046]
Action.c(6): web_websocket_send highest severity level was "warning"  	[MsgId: MMSG-26391]
Action.c(13): web_reg_find started  	[MsgId: MMSG-26355]
Action.c(13): Registering web_reg_find was successful  	[MsgId: MMSG-26390]
Action.c(15): web_set_sockets_option started  	[MsgId: MMSG-26355]
Action.c(15): web_set_sockets_option was successful  	[MsgId: MMSG-26392]
Action.c(17): web_add_auto_header("Priority") started  	[MsgId: MMSG-26355]
Action.c(17): An unrecognized header ("Priority") is being added  	[MsgId: MMSG-26595]
Action.c(17): "Priority: u=0, i" header registered for adding to requests from all following Action functions  	[MsgId: MMSG-26505]
Action.c(17): web_add_auto_header("Priority") was successful  	[MsgId: MMSG-26392]
Action.c(20): web_add_auto_header("Upgrade-Insecure-Requests") started  	[MsgId: MMSG-26355]
Action.c(20): An unrecognized header ("Upgrade-Insecure-Requests") is being added  	[MsgId: MMSG-26595]
Action.c(20): "Upgrade-Insecure-Requests: 1" header registered for adding to requests from all following Action functions  	[MsgId: MMSG-26505]
Action.c(20): web_add_auto_header("Upgrade-Insecure-Requests") was successful  	[MsgId: MMSG-26392]
Action.c(23): web_url("WebTours") started  	[MsgId: MMSG-26355]
Action.c(23): t=17160ms: Connecting [0] to host 127.0.0.1:1080  	[MsgId: MMSG-26000]
Action.c(23): Error -27792: Failed to connect to server "localhost:1080": [10061] Connection refused  	[MsgId: MERR-27792]
Action.c(23): t=19277ms: Closed connection [0] to localhost:1080 after completing 0 request(s)  	[MsgId: MMSG-26000]
Action.c(23): Error -26366: "Text=Welcome to the Web Tours site." not found for web_reg_find  	[MsgId: MERR-26366]
Action.c(23): Error -26374: The above "not found" error(s) may be explained by header and body byte counts being 0 and 0, respectively.  	[MsgId: MERR-26374]
Action.c(23): web_url("WebTours") highest severity level was "ERROR", 0 body bytes, 0 header bytes  	[MsgId: MMSG-26388]
Action.c(23): Notify: Transaction "open_webtours" ended with a "Fail" status (Duration: 2.1178).	[MsgId: MMSG-16873]
Action.c(23): Notify: Transaction "open_webtours" has 3 error message(s).	[MsgId: MMSG-16818]
Action.c(23): Notify: The 1st error message associated with transaction "open_webtours" is "Error -27792: Failed to connect to server "localhost:1080": [10061] Connection refused"	[MsgId: MMSG-16819]
Action.c(23): Notify: The 2nd error message associated with transaction "open_webtours" is "Error -26366: "Text=Welcome to the Web Tours site." not found for web_reg_find"	[MsgId: MMSG-16819]
Action.c(23): Notify: The 3rd error message associated with transaction "open_webtours" is "Error -26374: The above "not found" error(s) may be explained by header and body byte counts being 0 and 0, respectively."	[MsgId: MMSG-16819]
Action.c(23): Notify: Transaction "UC04_check_booking_pages" ended with a "Fail" status (Duration: 2.1179).	[MsgId: MMSG-16873]
Action.c(23): Notify: Transaction "UC04_check_booking_pages" has 3 error message(s).	[MsgId: MMSG-16818]
Action.c(23): Notify: The 1st error message associated with transaction "UC04_check_booking_pages" is "Error -27792: Failed to connect to server "localhost:1080": [10061] Connection refused"	[MsgId: MMSG-16819]
Action.c(23): Notify: The 2nd error message associated with transaction "UC04_check_booking_pages" is "Error -26366: "Text=Welcome to the Web Tours site." not found for web_reg_find"	[MsgId: MMSG-16819]
Action.c(23): Notify: The 3rd error message associated with transaction "UC04_check_booking_pages" is "Error -26374: The above "not found" error(s) may be explained by header and body byte counts being 0 and 0, respectively."	[MsgId: MMSG-16819]
Ending action Action.	[MsgId: MMSG-15918]
Ending iteration 9.	[MsgId: MMSG-15965]
Starting iteration 10.	[MsgId: MMSG-15968]
Action.c(23): Resetting all proxy auto-configuration information  	[MsgId: MMSG-26000]
Notify: Next row for parameter login = 6 [table  = login].	[MsgId: MMSG-13876]
Notify: Getting new value for parameter 'login': table = '..\data\users.dat' column = '0' row = '6'.	[MsgId: MMSG-13877]
Notify: Next row for parameter password = 6 [table  = password].	[MsgId: MMSG-13876]
Notify: Getting new value for parameter 'password': table = '..\data\users.dat' column = '1' row = '6'.	[MsgId: MMSG-13877]
Starting action Action.	[MsgId: MMSG-15919]
Action.c(3): Notify: Transaction "UC04_check_booking_pages" started.	[MsgId: MMSG-16999]
Action.c(4): Notify: Transaction "open_webtours" started.	[MsgId: MMSG-16999]
Action.c(6): web_websocket_send started  	[MsgId: MMSG-26355]
Action.c(6): Warning: The string '"remote-settings/monitor_changes":"\"1727734884245\""' with parameter delimiters is not a parameter.	[MsgId: MWAR-13987]
Action.c(6): Warning -35046: The WebSocket whose ID is "0" is not connected  	[MsgId: MWAR-35046]
Action.c(6): web_websocket_send highest severity level was "warning"  	[MsgId: MMSG-26391]
Action.c(13): web_reg_find started  	[MsgId: MMSG-26355]
Action.c(13): Registering web_reg_find was successful  	[MsgId: MMSG-26390]
Action.c(15): web_set_sockets_option started  	[MsgId: MMSG-26355]
Action.c(15): web_set_sockets_option was successful  	[MsgId: MMSG-26392]
Action.c(17): web_add_auto_header("Priority") started  	[MsgId: MMSG-26355]
Action.c(17): An unrecognized header ("Priority") is being added  	[MsgId: MMSG-26595]
Action.c(17): "Priority: u=0, i" header registered for adding to requests from all following Action functions  	[MsgId: MMSG-26505]
Action.c(17): web_add_auto_header("Priority") was successful  	[MsgId: MMSG-26392]
Action.c(20): web_add_auto_header("Upgrade-Insecure-Requests") started  	[MsgId: MMSG-26355]
Action.c(20): An unrecognized header ("Upgrade-Insecure-Requests") is being added  	[MsgId: MMSG-26595]
Action.c(20): "Upgrade-Insecure-Requests: 1" header registered for adding to requests from all following Action functions  	[MsgId: MMSG-26505]
Action.c(20): web_add_auto_header("Upgrade-Insecure-Requests") was successful  	[MsgId: MMSG-26392]
Action.c(23): web_url("WebTours") started  	[MsgId: MMSG-26355]
Action.c(23): t=19280ms: Connecting [0] to host 127.0.0.1:1080  	[MsgId: MMSG-26000]
Action.c(23): Error -27792: Failed to connect to server "localhost:1080": [10061] Connection refused  	[MsgId: MERR-27792]
Action.c(23): t=21374ms: Closed connection [0] to localhost:1080 after completing 0 request(s)  	[MsgId: MMSG-26000]
Action.c(23): Error -26366: "Text=Welcome to the Web Tours site." not found for web_reg_find  	[MsgId: MERR-26366]
Action.c(23): Error -26374: The above "not found" error(s) may be explained by header and body byte counts being 0 and 0, respectively.  	[MsgId: MERR-26374]
Action.c(23): web_url("WebTours") highest severity level was "ERROR", 0 body bytes, 0 header bytes  	[MsgId: MMSG-26388]
Action.c(23): Notify: Transaction "open_webtours" ended with a "Fail" status (Duration: 2.0968).	[MsgId: MMSG-16873]
Action.c(23): Notify: Transaction "open_webtours" has 3 error message(s).	[MsgId: MMSG-16818]
Action.c(23): Notify: The 1st error message associated with transaction "open_webtours" is "Error -27792: Failed to connect to server "localhost:1080": [10061] Connection refused"	[MsgId: MMSG-16819]
Action.c(23): Notify: The 2nd error message associated with transaction "open_webtours" is "Error -26366: "Text=Welcome to the Web Tours site." not found for web_reg_find"	[MsgId: MMSG-16819]
Action.c(23): Notify: The 3rd error message associated with transaction "open_webtours" is "Error -26374: The above "not found" error(s) may be explained by header and body byte counts being 0 and 0, respectively."	[MsgId: MMSG-16819]
Action.c(23): Notify: Transaction "UC04_check_booking_pages" ended with a "Fail" status (Duration: 2.0968).	[MsgId: MMSG-16873]
Action.c(23): Notify: Transaction "UC04_check_booking_pages" has 3 error message(s).	[MsgId: MMSG-16818]
Action.c(23): Notify: The 1st error message associated with transaction "UC04_check_booking_pages" is "Error -27792: Failed to connect to server "localhost:1080": [10061] Connection refused"	[MsgId: MMSG-16819]
Action.c(23): Notify: The 2nd error message associated with transaction "UC04_check_booking_pages" is "Error -26366: "Text=Welcome to the Web Tours site." not found for web_reg_find"	[MsgId: MMSG-16819]
Action.c(23): Notify: The 3rd error message associated with transaction "UC04_check_booking_pages" is "Error -26374: The above "not found" error(s) may be explained by header and body byte counts being 0 and 0, respectively."	[MsgId: MMSG-16819]
Ending action Action.	[MsgId: MMSG-15918]
Ending iteration 10.	[MsgId: MMSG-15965]
Starting iteration 11.	[MsgId: MMSG-15968]
Action.c(23): Resetting all proxy auto-configuration information  	[MsgId: MMSG-26000]
Notify: Next row for parameter login = 5 [table  = login].	[MsgId: MMSG-13876]
Notify: Getting new value for parameter 'login': table = '..\data\users.dat' column = '0' row = '5'.	[MsgId: MMSG-13877]
Notify: Next row for parameter password = 5 [table  = password].	[MsgId: MMSG-13876]
Notify: Getting new value for parameter 'password': table = '..\data\users.dat' column = '1' row = '5'.	[MsgId: MMSG-13877]
Starting action Action.	[MsgId: MMSG-15919]
Action.c(3): Notify: Transaction "UC04_check_booking_pages" started.	[MsgId: MMSG-16999]
Action.c(4): Notify: Transaction "open_webtours" started.	[MsgId: MMSG-16999]
Action.c(6): web_websocket_send started  	[MsgId: MMSG-26355]
Action.c(6): Warning: The string '"remote-settings/monitor_changes":"\"1727734884245\""' with parameter delimiters is not a parameter.	[MsgId: MWAR-13987]
Action.c(6): Warning -35046: The WebSocket whose ID is "0" is not connected  	[MsgId: MWAR-35046]
Action.c(6): web_websocket_send highest severity level was "warning"  	[MsgId: MMSG-26391]
Action.c(13): web_reg_find started  	[MsgId: MMSG-26355]
Action.c(13): Registering web_reg_find was successful  	[MsgId: MMSG-26390]
Action.c(15): web_set_sockets_option started  	[MsgId: MMSG-26355]
Action.c(15): web_set_sockets_option was successful  	[MsgId: MMSG-26392]
Action.c(17): web_add_auto_header("Priority") started  	[MsgId: MMSG-26355]
Action.c(17): An unrecognized header ("Priority") is being added  	[MsgId: MMSG-26595]
Action.c(17): "Priority: u=0, i" header registered for adding to requests from all following Action functions  	[MsgId: MMSG-26505]
Action.c(17): web_add_auto_header("Priority") was successful  	[MsgId: MMSG-26392]
Action.c(20): web_add_auto_header("Upgrade-Insecure-Requests") started  	[MsgId: MMSG-26355]
Action.c(20): An unrecognized header ("Upgrade-Insecure-Requests") is being added  	[MsgId: MMSG-26595]
Action.c(20): "Upgrade-Insecure-Requests: 1" header registered for adding to requests from all following Action functions  	[MsgId: MMSG-26505]
Action.c(20): web_add_auto_header("Upgrade-Insecure-Requests") was successful  	[MsgId: MMSG-26392]
Action.c(23): web_url("WebTours") started  	[MsgId: MMSG-26355]
Action.c(23): t=21377ms: Connecting [0] to host 127.0.0.1:1080  	[MsgId: MMSG-26000]
Action.c(23): Error -27792: Failed to connect to server "localhost:1080": [10061] Connection refused  	[MsgId: MERR-27792]
Action.c(23): t=23436ms: Closed connection [0] to localhost:1080 after completing 0 request(s)  	[MsgId: MMSG-26000]
Action.c(23): Error -26366: "Text=Welcome to the Web Tours site." not found for web_reg_find  	[MsgId: MERR-26366]
Action.c(23): Error -26374: The above "not found" error(s) may be explained by header and body byte counts being 0 and 0, respectively.  	[MsgId: MERR-26374]
Action.c(23): web_url("WebTours") highest severity level was "ERROR", 0 body bytes, 0 header bytes  	[MsgId: MMSG-26388]
Action.c(23): Notify: Transaction "open_webtours" ended with a "Fail" status (Duration: 2.0602).	[MsgId: MMSG-16873]
Action.c(23): Notify: Transaction "open_webtours" has 3 error message(s).	[MsgId: MMSG-16818]
Action.c(23): Notify: The 1st error message associated with transaction "open_webtours" is "Error -27792: Failed to connect to server "localhost:1080": [10061] Connection refused"	[MsgId: MMSG-16819]
Action.c(23): Notify: The 2nd error message associated with transaction "open_webtours" is "Error -26366: "Text=Welcome to the Web Tours site." not found for web_reg_find"	[MsgId: MMSG-16819]
Action.c(23): Notify: The 3rd error message associated with transaction "open_webtours" is "Error -26374: The above "not found" error(s) may be explained by header and body byte counts being 0 and 0, respectively."	[MsgId: MMSG-16819]
Action.c(23): Notify: Transaction "UC04_check_booking_pages" ended with a "Fail" status (Duration: 2.0602).	[MsgId: MMSG-16873]
Action.c(23): Notify: Transaction "UC04_check_booking_pages" has 3 error message(s).	[MsgId: MMSG-16818]
Action.c(23): Notify: The 1st error message associated with transaction "UC04_check_booking_pages" is "Error -27792: Failed to connect to server "localhost:1080": [10061] Connection refused"	[MsgId: MMSG-16819]
Action.c(23): Notify: The 2nd error message associated with transaction "UC04_check_booking_pages" is "Error -26366: "Text=Welcome to the Web Tours site." not found for web_reg_find"	[MsgId: MMSG-16819]
Action.c(23): Notify: The 3rd error message associated with transaction "UC04_check_booking_pages" is "Error -26374: The above "not found" error(s) may be explained by header and body byte counts being 0 and 0, respectively."	[MsgId: MMSG-16819]
Ending action Action.	[MsgId: MMSG-15918]
Ending iteration 11.	[MsgId: MMSG-15965]
Starting iteration 12.	[MsgId: MMSG-15968]
Action.c(23): Resetting all proxy auto-configuration information  	[MsgId: MMSG-26000]
Notify: Next row for parameter login = 3 [table  = login].	[MsgId: MMSG-13876]
Notify: Getting new value for parameter 'login': table = '..\data\users.dat' column = '0' row = '3'.	[MsgId: MMSG-13877]
Notify: Next row for parameter password = 3 [table  = password].	[MsgId: MMSG-13876]
Notify: Getting new value for parameter 'password': table = '..\data\users.dat' column = '1' row = '3'.	[MsgId: MMSG-13877]
Starting action Action.	[MsgId: MMSG-15919]
Action.c(3): Notify: Transaction "UC04_check_booking_pages" started.	[MsgId: MMSG-16999]
Action.c(4): Notify: Transaction "open_webtours" started.	[MsgId: MMSG-16999]
Action.c(6): web_websocket_send started  	[MsgId: MMSG-26355]
Action.c(6): Warning: The string '"remote-settings/monitor_changes":"\"1727734884245\""' with parameter delimiters is not a parameter.	[MsgId: MWAR-13987]
Action.c(6): Warning -35046: The WebSocket whose ID is "0" is not connected  	[MsgId: MWAR-35046]
Action.c(6): web_websocket_send highest severity level was "warning"  	[MsgId: MMSG-26391]
Action.c(13): web_reg_find started  	[MsgId: MMSG-26355]
Action.c(13): Registering web_reg_find was successful  	[MsgId: MMSG-26390]
Action.c(15): web_set_sockets_option started  	[MsgId: MMSG-26355]
Action.c(15): web_set_sockets_option was successful  	[MsgId: MMSG-26392]
Action.c(17): web_add_auto_header("Priority") started  	[MsgId: MMSG-26355]
Action.c(17): An unrecognized header ("Priority") is being added  	[MsgId: MMSG-26595]
Action.c(17): "Priority: u=0, i" header registered for adding to requests from all following Action functions  	[MsgId: MMSG-26505]
Action.c(17): web_add_auto_header("Priority") was successful  	[MsgId: MMSG-26392]
Action.c(20): web_add_auto_header("Upgrade-Insecure-Requests") started  	[MsgId: MMSG-26355]
Action.c(20): An unrecognized header ("Upgrade-Insecure-Requests") is being added  	[MsgId: MMSG-26595]
Action.c(20): "Upgrade-Insecure-Requests: 1" header registered for adding to requests from all following Action functions  	[MsgId: MMSG-26505]
Action.c(20): web_add_auto_header("Upgrade-Insecure-Requests") was successful  	[MsgId: MMSG-26392]
Action.c(23): web_url("WebTours") started  	[MsgId: MMSG-26355]
Action.c(23): t=23439ms: Connecting [0] to host 127.0.0.1:1080  	[MsgId: MMSG-26000]
Action.c(23): Error -27792: Failed to connect to server "localhost:1080": [10061] Connection refused  	[MsgId: MERR-27792]
Action.c(23): t=25520ms: Closed connection [0] to localhost:1080 after completing 0 request(s)  	[MsgId: MMSG-26000]
Action.c(23): Error -26366: "Text=Welcome to the Web Tours site." not found for web_reg_find  	[MsgId: MERR-26366]
Action.c(23): Error -26374: The above "not found" error(s) may be explained by header and body byte counts being 0 and 0, respectively.  	[MsgId: MERR-26374]
Action.c(23): web_url("WebTours") highest severity level was "ERROR", 0 body bytes, 0 header bytes  	[MsgId: MMSG-26388]
Action.c(23): Notify: Transaction "open_webtours" ended with a "Fail" status (Duration: 2.0830).	[MsgId: MMSG-16873]
Action.c(23): Notify: Transaction "open_webtours" has 3 error message(s).	[MsgId: MMSG-16818]
Action.c(23): Notify: The 1st error message associated with transaction "open_webtours" is "Error -27792: Failed to connect to server "localhost:1080": [10061] Connection refused"	[MsgId: MMSG-16819]
Action.c(23): Notify: The 2nd error message associated with transaction "open_webtours" is "Error -26366: "Text=Welcome to the Web Tours site." not found for web_reg_find"	[MsgId: MMSG-16819]
Action.c(23): Notify: The 3rd error message associated with transaction "open_webtours" is "Error -26374: The above "not found" error(s) may be explained by header and body byte counts being 0 and 0, respectively."	[MsgId: MMSG-16819]
Action.c(23): Notify: Transaction "UC04_check_booking_pages" ended with a "Fail" status (Duration: 2.0831).	[MsgId: MMSG-16873]
Action.c(23): Notify: Transaction "UC04_check_booking_pages" has 3 error message(s).	[MsgId: MMSG-16818]
Action.c(23): Notify: The 1st error message associated with transaction "UC04_check_booking_pages" is "Error -27792: Failed to connect to server "localhost:1080": [10061] Connection refused"	[MsgId: MMSG-16819]
Action.c(23): Notify: The 2nd error message associated with transaction "UC04_check_booking_pages" is "Error -26366: "Text=Welcome to the Web Tours site." not found for web_reg_find"	[MsgId: MMSG-16819]
Action.c(23): Notify: The 3rd error message associated with transaction "UC04_check_booking_pages" is "Error -26374: The above "not found" error(s) may be explained by header and body byte counts being 0 and 0, respectively."	[MsgId: MMSG-16819]
Ending action Action.	[MsgId: MMSG-15918]
Ending iteration 12.	[MsgId: MMSG-15965]
Starting iteration 13.	[MsgId: MMSG-15968]
Action.c(23): Resetting all proxy auto-configuration information  	[MsgId: MMSG-26000]
Notify: Next row for parameter login = 7 [table  = login].	[MsgId: MMSG-13876]
Notify: Getting new value for parameter 'login': table = '..\data\users.dat' column = '0' row = '7'.	[MsgId: MMSG-13877]
Notify: Next row for parameter password = 7 [table  = password].	[MsgId: MMSG-13876]
Notify: Getting new value for parameter 'password': table = '..\data\users.dat' column = '1' row = '7'.	[MsgId: MMSG-13877]
Starting action Action.	[MsgId: MMSG-15919]
Action.c(3): Notify: Transaction "UC04_check_booking_pages" started.	[MsgId: MMSG-16999]
Action.c(4): Notify: Transaction "open_webtours" started.	[MsgId: MMSG-16999]
Action.c(6): web_websocket_send started  	[MsgId: MMSG-26355]
Action.c(6): Warning: The string '"remote-settings/monitor_changes":"\"1727734884245\""' with parameter delimiters is not a parameter.	[MsgId: MWAR-13987]
Action.c(6): Warning -35046: The WebSocket whose ID is "0" is not connected  	[MsgId: MWAR-35046]
Action.c(6): web_websocket_send highest severity level was "warning"  	[MsgId: MMSG-26391]
Action.c(13): web_reg_find started  	[MsgId: MMSG-26355]
Action.c(13): Registering web_reg_find was successful  	[MsgId: MMSG-26390]
Action.c(15): web_set_sockets_option started  	[MsgId: MMSG-26355]
Action.c(15): web_set_sockets_option was successful  	[MsgId: MMSG-26392]
Action.c(17): web_add_auto_header("Priority") started  	[MsgId: MMSG-26355]
Action.c(17): An unrecognized header ("Priority") is being added  	[MsgId: MMSG-26595]
Action.c(17): "Priority: u=0, i" header registered for adding to requests from all following Action functions  	[MsgId: MMSG-26505]
Action.c(17): web_add_auto_header("Priority") was successful  	[MsgId: MMSG-26392]
Action.c(20): web_add_auto_header("Upgrade-Insecure-Requests") started  	[MsgId: MMSG-26355]
Action.c(20): An unrecognized header ("Upgrade-Insecure-Requests") is being added  	[MsgId: MMSG-26595]
Action.c(20): "Upgrade-Insecure-Requests: 1" header registered for adding to requests from all following Action functions  	[MsgId: MMSG-26505]
Action.c(20): web_add_auto_header("Upgrade-Insecure-Requests") was successful  	[MsgId: MMSG-26392]
Action.c(23): web_url("WebTours") started  	[MsgId: MMSG-26355]
Action.c(23): t=25523ms: Connecting [0] to host 127.0.0.1:1080  	[MsgId: MMSG-26000]
Action.c(23): Error -27792: Failed to connect to server "localhost:1080": [10061] Connection refused  	[MsgId: MERR-27792]
Action.c(23): t=27597ms: Closed connection [0] to localhost:1080 after completing 0 request(s)  	[MsgId: MMSG-26000]
Action.c(23): Error -26366: "Text=Welcome to the Web Tours site." not found for web_reg_find  	[MsgId: MERR-26366]
Action.c(23): Error -26374: The above "not found" error(s) may be explained by header and body byte counts being 0 and 0, respectively.  	[MsgId: MERR-26374]
Action.c(23): web_url("WebTours") highest severity level was "ERROR", 0 body bytes, 0 header bytes  	[MsgId: MMSG-26388]
Action.c(23): Notify: Transaction "open_webtours" ended with a "Fail" status (Duration: 2.0759).	[MsgId: MMSG-16873]
Action.c(23): Notify: Transaction "open_webtours" has 3 error message(s).	[MsgId: MMSG-16818]
Action.c(23): Notify: The 1st error message associated with transaction "open_webtours" is "Error -27792: Failed to connect to server "localhost:1080": [10061] Connection refused"	[MsgId: MMSG-16819]
Action.c(23): Notify: The 2nd error message associated with transaction "open_webtours" is "Error -26366: "Text=Welcome to the Web Tours site." not found for web_reg_find"	[MsgId: MMSG-16819]
Action.c(23): Notify: The 3rd error message associated with transaction "open_webtours" is "Error -26374: The above "not found" error(s) may be explained by header and body byte counts being 0 and 0, respectively."	[MsgId: MMSG-16819]
Action.c(23): Notify: Transaction "UC04_check_booking_pages" ended with a "Fail" status (Duration: 2.0759).	[MsgId: MMSG-16873]
Action.c(23): Notify: Transaction "UC04_check_booking_pages" has 3 error message(s).	[MsgId: MMSG-16818]
Action.c(23): Notify: The 1st error message associated with transaction "UC04_check_booking_pages" is "Error -27792: Failed to connect to server "localhost:1080": [10061] Connection refused"	[MsgId: MMSG-16819]
Action.c(23): Notify: The 2nd error message associated with transaction "UC04_check_booking_pages" is "Error -26366: "Text=Welcome to the Web Tours site." not found for web_reg_find"	[MsgId: MMSG-16819]
Action.c(23): Notify: The 3rd error message associated with transaction "UC04_check_booking_pages" is "Error -26374: The above "not found" error(s) may be explained by header and body byte counts being 0 and 0, respectively."	[MsgId: MMSG-16819]
Ending action Action.	[MsgId: MMSG-15918]
Action was aborted.	[MsgId: MMSG-10694]
Ending Vuser...	[MsgId: MMSG-15966]
Starting action vuser_end.	[MsgId: MMSG-15919]
Ending action vuser_end.	[MsgId: MMSG-15918]
Vuser Terminated.	[MsgId: MMSG-15963]
HTML-Mode memory management statistics: Reusable=0, NonReusable=0, CsMemBlockSize=4096, checks disabled  	[MsgId: MMSG-26000]
Vuser 0 (thread 648), ended OK."	[MsgId: MMSG-10695]
