Action.c(62):               Rsecond street<br/>\n
Action.c(62):               London<br/>\n
Action.c(62):               <br/>\n
Action.c(62):               Total Charge: $ 1672 <BR/> (CC: x-9791)\n
Action.c(62):           </td> </tr> </table>\n
Action.c(62):           </center>\n
Action.c(62):       </TD>\n
Action.c(62):     </TR>\n
Action.c(62):     <TR bgcolor="#EFF2F7">\n
Action.c(62):       <TD COLSPAN="3">\n
Action.c(62):       <b>Flight Details:</b><BR/>  <center>\n
Action.c(62):       10/21/2024\n
Action.c(62):      :  5pm : Flight 182 leaves Frankfurt  for Sydney.<br>  </center>\n
Action.c(62):       </TD>\n
Action.c(62):     </TR>\n
Action.c(62):     \n
Action.c(62):     <TR bgcolor="#EFF2F7">\n
Action.c(62):       <TD COLSPAN="4">\n
Action.c(62):       <hr/>\n
Action.c(62):       </TD>\n
Action.c(62):     </TR>\n
Action.c(62):     \n
Action.c(62):     <!-- Flight #1 -->\n
Action.c(62):     <TR bgcolor="#EFF2F7">\n
Action.c(62):       <TD width="5%" rowspan="2" align="left" valign="top">\n
Action.c(62):     <b>\n
Action.c(62):     <label><input type="checkbox" name="360" value="on" /></label></font></b>\n
Action.c(62):     <input type="hidden" name="flightID" value="362630020-276966-TS"  />\n
Action.c(62):       </TD>\n
Action.c(62):       <TD width="45%" valign="top">\n
Action.c(62):           <b>&nbsp;&nbsp;A Business class ticket for :</b><br/>\n
Action.c(62):           <center><table border="0" width="85%"><tr><td>\n
Action.c(62):           <li><i>Timothy Smith\n
Action.c(62):           <li><i></i>\n
Action.c(62):           </td></tr></table></center>\n
Action.c(62):       </TD>\n
Action.c(62):       <TD width="5%" >.<br/>.<br/>.<br/>.</TD>\n
Action.c(62):       <TD width="45%" valign=top><b>Invoice sent to:</b><br/>\n
Action.c(62):           <center>\n
Action.c(62):           <Table width="80%" cellspacing="0" > <tr> <td>\n
Action.c(62):               Timothy Smith\n
Action.c(62):     <br/>\n
Action.c(62):               Rsecond street<br/>\n
Action.c(62):               London<br/>\n
Action.c(62):               <br/>\n
Action.c(62):               Total Charge: $ 559 <BR/> (CC: x-9791)\n
Action.c(62):           </td> </tr> </table>\n
Action.c(62):           </center>\n
Action.c(62):       </TD>\n
Action.c(62):     </TR>\n
Action.c(62):     <TR bgcolor="#EFF2F7">\n
Action.c(62):       <TD COLSPAN="3">\n
Action.c(62):       <b>Flight Details:</b><BR/>  <center>\n
Action.c(62):       10/21/2024\n
Action.c(62):      :  8am : Flight 010 leaves Denver  for Frankfurt.<br>  </center>\n
Action.c(62):       </TD>\n
Action.c(62):     </TR>\n
Action.c(62):     \n
Action.c(62):     <TR bgcolor="#EFF2F7">\n
Action.c(62):       <TD COLSPAN="4">\n
Action.c(62):       <hr/>\n
Action.c(62):       </TD>\n
Action.c(62):     </TR>\n
Action.c(62):     \n
Action.c(62):     <!-- Flight #1 -->\n
Action.c(62):     <TR bgcolor="#EFF2F7">\n
Action.c(62):       <TD width="5%" rowspan="2" align="left" valign="top">\n
Action.c(62):     <b>\n
Action.c(62):     <label><input type="checkbox" name="361" value="on" /></label></font></b>\n
Action.c(62):     <input type="hidden" name="flightID" value="362643003-277700-TS"  />\n
Action.c(62):       </TD>\n
Action.c(62):       <TD width="45%" valign="top">\n
Action.c(62):           <b>&nbsp;&n
Action.c(62): t=6906313ms: 8-byte chunked response overhead for "http://localhost:1080/cgi-bin/itinerary.pl" (RelFrameId=1.2, Internal ID=7293)
Action.c(62):     \r\n
Action.c(62):     1000\r\n
Action.c(62): t=6906313ms: 8-byte chunked response overhead for "http://localhost:1080/cgi-bin/itinerary.pl" (RelFrameId=1.2, Internal ID=7293)
Action.c(62):     \r\n
Action.c(62):     1000\r\n
Action.c(62): t=6906314ms: 8-byte chunked response overhead for "http://localhost:1080/cgi-bin/itinerary.pl" (RelFrameId=1.2, Internal ID=7293)
Action.c(62):     \r\n
Action.c(62):     1000\r\n
Action.c(62): t=6906315ms: 12263-byte chunked response body for "http://localhost:1080/cgi-bin/itinerary.pl" (RelFrameId=1.2, Internal ID=7293)
Action.c(62):     bsp;A First class ticket for :</b><br/>\n
Action.c(62):           <center><table border="0" width="85%"><tr><td>\n
Action.c(62):           <li><i>Timothy Smith\n
Action.c(62):           <li><i></i>\n
Action.c(62):           </td></tr></table></center>\n
Action.c(62):       </TD>\n
Action.c(62):       <TD width="5%" >.<br/>.<br/>.<br/>.</TD>\n
Action.c(62):       <TD width="45%" valign=top><b>Invoice sent to:</b><br/>\n
Action.c(62):           <center>\n
Action.c(62):           <Table width="80%" cellspacing="0" > <tr> <td>\n
Action.c(62):               Timothy Smith\n
Action.c(62):     <br/>\n
Action.c(62):               Rsecond street<br/>\n
Action.c(62):               London<br/>\n
Action.c(62):               <br/>\n
Action.c(62):               Total Charge: $ 101 <BR/> (CC: x-9791)\n
Action.c(62):           </td> </tr> </table>\n
Action.c(62):           </center>\n
Action.c(62):       </TD>\n
Action.c(62):     </TR>\n
Action.c(62):     <TR bgcolor="#EFF2F7">\n
Action.c(62):       <TD COLSPAN="3">\n
Action.c(62):       <b>Flight Details:</b><BR/>  <center>\n
Action.c(62):       10/21/2024\n
Action.c(62):      :  1pm : Flight 361 leaves Los Angeles  for San Francisco.<br>  </center>\n
Action.c(62):       </TD>\n
Action.c(62):     </TR>\n
Action.c(62):     \n
Action.c(62):     <TR bgcolor="#EFF2F7">\n
Action.c(62):       <TD COLSPAN="4">\n
Action.c(62):       <hr/>\n
Action.c(62):       </TD>\n
Action.c(62):     </TR>\n
Action.c(62):     \n
Action.c(62):     <!-- Flight #1 -->\n
Action.c(62):     <TR bgcolor="#EFF2F7">\n
Action.c(62):       <TD width="5%" rowspan="2" align="left" valign="top">\n
Action.c(62):     <b>\n
Action.c(62):     <label><input type="checkbox" name="362" value="on" /></label></font></b>\n
Action.c(62):     <input type="hidden" name="flightID" value="362634565-278482-TS"  />\n
Action.c(62):       </TD>\n
Action.c(62):       <TD width="45%" valign="top">\n
Action.c(62):           <b>&nbsp;&nbsp;A Coach class ticket for :</b><br/>\n
Action.c(62):           <center><table border="0" width="85%"><tr><td>\n
Action.c(62):           <li><i>Timothy Smith\n
Action.c(62):           <li><i></i>\n
Action.c(62):           </td></tr></table></center>\n
Action.c(62):       </TD>\n
Action.c(62):       <TD width="5%" >.<br/>.<br/>.<br/>.</TD>\n
Action.c(62):       <TD width="45%" valign=top><b>Invoice sent to:</b><br/>\n
Action.c(62):           <center>\n
Action.c(62):           <Table width="80%" cellspacing="0" > <tr> <td>\n
Action.c(62):               Timothy Smith\n
Action.c(62):     <br/>\n
Action.c(62):               Rsecond street<br/>\n
Action.c(62):               London<br/>\n
Action.c(62):               <br/>\n
Action.c(62):               Total Charge: $ 266 <BR/> (CC: x-9791)\n
Action.c(62):           </td> </tr> </table>\n
Action.c(62):           </center>\n
Action.c(62):       </TD>\n
Action.c(62):     </TR>\n
Action.c(62):     <TR bgcolor="#EFF2F7">\n
Action.c(62):       <TD COLSPAN="3">\n
Action.c(62):       <b>Flight Details:</b><BR/>  <center>\n
Action.c(62):       10/21/2024\n
Action.c(62):      :  11pm : Flight 133 leaves Frankfurt  for Los Angeles.<br>  </center>\n
Action.c(62):       </TD>\n
Action.c(62):     </TR>\n
Action.c(62):     \n
Action.c(62):     <TR bgcolor="#EFF2F7">\n
Action.c(62):       <TD COLSPAN="4">\n
Action.c(62):       <hr/>\n
Action.c(62):       </TD>\n
Action.c(62):     </TR>\n
Action.c(62):     \n
Action.c(62):     <!-- Flight #1 -->\n
Action.c(62):     <TR bgcolor="#EFF2F7">\n
Action.c(62):       <TD width="5%" rowspan="2" align="left" valign="top">\n
Action.c(62):     <b>\n
Action.c(62):     <label><input type="checkbox" name="363" value="on" /></label></font></b>\n
Action.c(62):     <input type="hidden" name="flightID" value="362657820-279241-TS"  />\n
Action.c(62):       </TD>\n
Action.c(62):       <TD width="45%" valign="top">\n
Action.c(62):           <b>&nbsp;&nbsp;A First class ticket for :</b><br/>\n
Action.c(62):           <center><table border="0" width="85%"><tr><td>\n
Action.c(62):           <li><i>Timothy Smith\n
Action.c(62):           <li><i></i>\n
Action.c(62):           </td></tr></table></center>\n
Action.c(62):       </TD>\n
Action.c(62):       <TD width="5%" >.<br/>.<br/>.<br/>.</TD>\n
Action.c(62):       <TD width="45%" valign=top><b>Invoice sent to:</b><br/>\n
Action.c(62):           <center>\n
Action.c(62):           <Table width="80%" cellspacing="0" > <tr> <td>\n
Action.c(62):               Timothy Smith\n
Action.c(62):     <br/>\n
Action.c(62):               Rsecond street<br/>\n
Action.c(62):               London<br/>\n
Action.c(62):               <br/>\n
Action.c(62):               Total Charge: $ 145 <BR/> (CC: x-9791)\n
Action.c(62):           </td> </tr> </table>\n
Action.c(62):           </center>\n
Action.c(62):       </TD>\n
Action.c(62):     </TR>\n
Action.c(62):     <TR bgcolor="#EFF2F7">\n
Action.c(62):       <TD COLSPAN="3">\n
Action.c(62):       <b>Flight Details:</b><BR/>  <center>\n
Action.c(62):       10/21/2024\n
Action.c(62):      :  1pm : Flight 761 leaves Seattle  for San Francisco.<br>  </center>\n
Action.c(62):       </TD>\n
Action.c(62):     </TR>\n
Action.c(62):     \n
Action.c(62):     <TR bgcolor="#EFF2F7">\n
Action.c(62):       <TD COLSPAN="4">\n
Action.c(62):       <hr/>\n
Action.c(62):       </TD>\n
Action.c(62):     </TR>\n
Action.c(62):     \n
Action.c(62):     <!-- Flight #1 -->\n
Action.c(62):     <TR bgcolor="#EFF2F7">\n
Action.c(62):       <TD width="5%" rowspan="2" align="left" valign="top">\n
Action.c(62):     <b>\n
Action.c(62):     <label><input type="checkbox" name="364" value="on" /></label></font></b>\n
Action.c(62):     <input type="hidden" name="flightID" value="362652238-280033-TS"  />\n
Action.c(62):       </TD>\n
Action.c(62):       <TD width="45%" valign="top">\n
Action.c(62):           <b>&nbsp;&nbsp;A Coach class ticket for :</b><br/>\n
Action.c(62):           <center><table border="0" width="85%"><tr><td>\n
Action.c(62):           <li><i>Timothy Smith\n
Action.c(62):           <li><i></i>\n
Action.c(62):           </td></tr></table></center>\n
Action.c(62):       </TD>\n
Action.c(62):       <TD width="5%" >.<br/>.<br/>.<br/>.</TD>\n
Action.c(62):       <TD width="45%" valign=top><b>Invoice sent to:</b><br/>\n
Action.c(62):           <center>\n
Action.c(62):           <Table width="80%" cellspacing="0" > <tr> <td>\n
Action.c(62):               Timothy Smith\n
Action.c(62):     <br/>\n
Action.c(62):               Rsecond street<br/>\n
Action.c(62):               London<br/>\n
Action.c(62):               <br/>\n
Action.c(62):               Total Charge: $ 431 <BR/> (CC: x-9791)\n
Action.c(62):           </td> </tr> </table>\n
Action.c(62):           </center>\n
Action.c(62):       </TD>\n
Action.c(62):     </TR>\n
Action.c(62):     <TR bgcolor="#EFF2F7">\n
Action.c(62):       <TD COLSPAN="3">\n
Action.c(62):       <b>Flight Details:</b><BR/>  <center>\n
Action.c(62):       10/21/2024\n
Action.c(62):      :  8am : Flight 610 leaves San Francisco  for Frankfurt.<br>  </center>\n
Action.c(62):       </TD>\n
Action.c(62):     </TR>\n
Action.c(62):     \n
Action.c(62):     <TR bgcolor="#EFF2F7">\n
Action.c(62):       <TD COLSPAN="4">\n
Action.c(62):       <hr/>\n
Action.c(62):       </TD>\n
Action.c(62):     </TR>\n
Action.c(62):     \n
Action.c(62):     <!-- Flight #1 -->\n
Action.c(62):     <TR bgcolor="#EFF2F7">\n
Action.c(62):       <TD width="5%" rowspan="2" align="left" valign="top">\n
Action.c(62):     <b>\n
Action.c(62):     <label><input type="checkbox" name="365" value="on" /></label></font></b>\n
Action.c(62):     <input type="hidden" name="flightID" value="362634535-280803-TS"  />\n
Action.c(62):       </TD>\n
Action.c(62):       <TD width="45%" valign="top">\n
Action.c(62):           <b>&nbsp;&nbsp;A Business class ticket for :</b><br/>\n
Action.c(62):           <center><table border="0" width="85%"><tr><td>\n
Action.c(62):           <li><i>Timothy Smith\n
Action.c(62):           <li><i></i>\n
Action.c(62):           </td></tr></table></center>\n
Action.c(62):       </TD>\n
Action.c(62):       <TD width="5%" >.<br/>.<br/>.<br/>.</TD>\n
Action.c(62):       <TD width="45%" valign=top><b>Invoice sent to:</b><br/>\n
Action.c(62):           <center>\n
Action.c(62):           <Table width="80%" cellspacing="0" > <tr> <td>\n
Action.c(62):               Timothy Smith\n
Action.c(62):     <br/>\n
Action.c(62):               Rsecond street<br/>\n
Action.c(62):               London<br/>\n
Action.c(62):               <br/>\n
Action.c(62):               Total Charge: $ 446 <BR/> (CC: x-9791)\n
Action.c(62):           </td> </tr> </table>\n
Action.c(62):           </center>\n
Action.c(62):       </TD>\n
Action.c(62):     </TR>\n
Action.c(62):     <TR bgcolor="#EFF2F7">\n
Action.c(62):       <TD COLSPAN="3">\n
Action.c(62):       <b>Flight Details:</b><BR/>  <center>\n
Action.c(62):       10/21/2024\n
Action.c(62):      :  5pm : Flight 132 leaves Frankfurt  for Los Angeles.<br>  </center>\n
Action.c(62):       </TD>\n
Action.c(62):     </TR>\n
Action.c(62):     \n
Action.c(62):     <TR bgcolor="#EFF2F7">\n
Action.c(62):       <TD COLSPAN="4">\n
Action.c(62):       <hr/>\n
Action.c(62):       </TD>\n
Action.c(62):     </TR>\n
Action.c(62):     \n
Action.c(62):     <!-- Flight #1 -->\n
Action.c(62):     <TR bgcolor="#EFF2F7">\n
Action.c(62):       <TD width="5%" rowspan="2" align="left" valign="top">\n
Action.c(62):     <b>\n
Action.c(62):     <label><input type="checkbox" name="366" value="on" /></label></font></b>\n
Action.c(62):     <input type="hidden" name="flightID" value="362656399-281598-TS"  />\n
Action.c(62):       </TD>\n
Action.c(62):       <TD width="45%" valign="top">\n
Action.c(62):           <b>&nbsp;&nbsp;A Business class ticket for :</b><br/>\n
Action.c(62):           <center><table border="0" width="85%"><tr><td>\n
Action.c(62):           <li><i>Timothy Smith\n
Action.c(62):           <li><i></i>\n
Action.c(62):           </td></tr></table></center>\n
Action.c(62):       </TD>\n
Action.c(62):       <TD width="5%" >.<br/>.<br/>.<br/>.</TD>\n
Action.c(62):       <TD width="45%" valign=top><b>Invoice sent to:</b><br/>\n
Action.c(62):           <center>\n
Action.c(62):           <Table width="80%" cellspacing="0" > <tr> <td>\n
Action.c(62):               Timothy Smith\n
Action.c(62):     <br/>\n
Action.c(62):               Rsecond street<br/>\n
Action.c(62):               London<br/>\n
Action.c(62):               <br/>\n
Action.c(62):               Total Charge: $ 775 <BR/> (CC: x-9791)\n
Action.c(62):           </td> </tr> </table>\n
Action.c(62):           </center>\n
Action.c(62):       </TD>\n
Action.c(62):     </TR>\n
Action.c(62):     <TR bgcolor="#EFF2F7">\n
Action.c(62):       <TD COLSPAN="3">\n
Action.c(62):       <b>Flight Details:</b><BR/>  <center>\n
Action.c(62):       10/21/2024\n
Action.c(62):      :  5pm : Flight 722 leaves Seattle  for London.<br>  </center>\n
Action.c(62):       </TD>\n
Action.c(62):     </TR>\n
Action.c(62):     \n
Action.c(62):     <TR bgcolor="#EFF2F7">\n
Action.c(62):       <TD COLSPAN="4">\n
Action.c(62):       <hr/>\n
Action.c(62):       </TD>\n
Action.c(62):     </TR>\n
Action.c(62):     \n
Action.c(62):     <!-- Flight #1 -->\n
Action.c(62):     <TR bgcolor="#EFF2F7">\n
Action.c(62):       <TD width="5%" rowspan="2" align="left" valign="top">\n
Action.c(62):     <b>\n
Action.c(62):     <label><input type="checkbox" name="367" value="on" /></label></font></b>\n
Action.c(62):     <input type="hidden" name="flightID" value="3626615592-2823154-TS"  />\n
Action.c(62):       </TD>\n
Action.c(62):       <TD width="45%" valign="top">\n
Action.c(62):           <b>&nbsp;&nbsp;A Business class ticket for :</b><br/>\n
Action.c(62):           <center><table border="0" width="85%"><tr><td>\n
Action.c(62):           <li><i>Timothy Smith\n
Action.c(62):           <li><i></i>\n
Action.c(62):           </td></tr></table></center>\n
Action.c(62):       </TD>\n
Action.c(62):       <TD width="5%" >.<br/>.<br/>.<br/>.</TD>\n
Action.c(62):       <TD width="45%" valign=top><b>Invoice sent to:</b><br/>\n
Action.c(62):           <center>\n
Action.c(62):           <Table width="80%" cellspacing="0" > <tr> <td>\n
Action.c(62):               Timothy Smith\n
Action.c(62):     <br/>\n
Action.c(62):               Rsecond street<br/>\n
Action.c(62):               London<br/>\n
Action.c(62):               <br/>\n
Action.c(62):               Total Charge: $ 1008 <BR/> (CC: x-9791)\n
Action.c(62):           </td> </tr> </table>\n
Action.c(62):           </center>\n
Action.c(62):       </TD>\n
Action.c(62):     </TR>\n
Action.c(62):     <TR bgcolor="#EFF2F7">\n
Action.c(62):       <TD COLSPAN="3">\n
Action.c(62):       <b>Flight Details:</b><BR/>  <center>\n
Action.c(62):       10/21/2024\n
Action.c(62):      :  5pm : Flight 862 leaves Sydney  for San Francisco.<br>  </center>\n
Action.c(62):       </TD>\n
Action.c(62):     </TR>\n
Action.c(62):     \n
Action.c(62):     <TR bgcolor="#EFF2F7">\n
Action.c(62):       <TD COLSPAN="4">\n
Action.c(62):       <hr/>\n
Action.c(62):       </TD>\n
Action.c(62):     </TR>\n
Action.c(62):     \n
Action.c(62):     <!-- Flight #1 -->\n
Action.c(62):     <TR bgcolor="#EFF2F7">\n
Action.c(62):       <TD width="5%" rowspan="2" align="left" valign="top">\n
Action.c(62):     <b>\n
Action.c(62):     <label><input type="checkbox" name="368" value="on" /></label></font></b>\n
Action.c(62):     <input type="hidden" name="flightID" value="362639659-283139-TS"  />\n
Action.c(62):       </TD>\n
Action.c(62):       <TD width="45%" valign="top">\n
Action.c(62):           <b>&nbsp;&nbsp;A Business class ticket for :</b><br/>\n
Action.c(62):           <center><table border="0" width="85%"><tr><td>\n
Action.c(62):           <li><i>Timothy Smith\n
Action.c(62):           <li><i></i>\n
Action.c(62):           </td></tr></table></center>\n
Action.c(62):       </TD>\n
Action.c(62):       <TD width="5%" >.<br/>.<br/>.<br/>.</TD>\n
Action.c(62):       <TD width="45%" valign=top><b>Invoice sent to:</b><br/>\n
Action.c(62):           <center>\n
Action.c(62):           <Table width="80%" cellspacing="0" > <tr> <td>\n
Action.c(62):               Timothy Smith\n
Action.c(62):     <br/>\n
Action.c(62):               Rsecond street<br/>\n
Action.c(62):               London<br/>\n
Action.c(62):               <br/>\n
Action.c(62):               Total Charge: $ 819 <BR/> (CC: x-9791)\n
Action.c(62):           </td> </tr> </table>\n
Action.c(62):           </center>\n
Action.c(62):       </TD>\n
Action.c(62):     </TR>\n
Action.c(62):     <TR bgcolor="#EFF2F7">\n
Action.c(62):       <TD COLSPAN="3">\n
Action.c(62):       <b>Flight Details:</b><BR/>  <center>\n
Action.c(62):       10/21/2024\n
Action.c(62):      :  8am : Flight 270 leaves London  for Seattle.<br>  </center>\n
Action.c(62):       </TD>\n
Action.c(62):     </TR>\n
Action.c(62):     \n
Action.c(62):     <TR bgcolor="#EFF2F7">\n
Action.c(62):       <TD COLSPAN="4">\n
Action.c(62):       <hr/>\n
Action.c(62):       </TD>\n
Action.c(62):     </TR>\n
Action.c(62):     \n
Action.c(62):     <!-- Flight #1 -->\n
Action.c(62):     <TR bgcolor="#EFF2F7">\n
Action.c(62):       <TD width="5%" rowspan="2" align="left" valign="top">\n
Action.c(62):     <b>\n
Action.c(62):     <label><input type="checkbox" name="369" value="on" /></label></font></b>\n
Action.c(62):     <input type="hidden" name="flightID" value="362656025-283899-TS"  />\n
Action.c(62):       </TD>\n
Action.c(62):       <TD width="45%" valign="top">\n
Action.c(62):           <b>&nbsp;&nbsp;A Business class ticket for :</b><br/>\n
Action.c(62):           <center><table border="0" width="85%"><tr><td>\n
Action.c(62):           <li><i>Timothy Smith\n
Action.c(62):           <li><i></i>\n
Action.c(62):           </td></tr></table></center>\n
Action.c(62):       </TD>\n
Action.c(62):       <TD width="5%" >.<br/>.<br/>.<br/>.</TD>\n
Action.c(62):       <TD width="45%" valign=top><b>Invoice sent to:</b><br/>\n
Action.c(62):           <center>\n
Action.c(62):           <Table width="80%" cellspacing="0" > <tr> <td>\n
Action.c(62):               Timothy Smith\n
Action.c(62):     <br/>\n
Action.c(62):               Rsecond street<br/>\n
Action.c(62):               London<br/>\n
Action.c(62):               <br/>\n
Action.c(62):               Total Charge: $ 699 <BR/> (CC: x-9791)\n
Action.c(62):           </td> </tr> </table>\n
Action.c(62):           </center>\n
Action.c(62):       </TD>\n
Action.c(62):     </TR>\n
Action.c(62):     <TR bgcolor="#EFF2F7">\n
Action.c(62):       <TD COLSPAN="3">\n
Action.c(62):       <b>Flight Details:</b><BR/>  <center>\n
Action.c(62):       10/21/2024\n
Action.c(62):      :  5pm : Flight 712 leaves Seattle  for Frankfurt.<br>  </center>\n
Action.c(62):       </TD>\n
Action.c(62):     </TR>\n
Action.c(62):     \n
Action.c(62):     <TR bgcolor="#EFF2F7">\n
Action.c(62):       <TD COLSPAN="4">\n
Action.c(62):       <hr/>\n
Action.c(62):       </TD>\n
Action.c(62):     </TR>\n
Action.c(62):     \n
Action.c(62):     <!-- Flight #1 -->\n
Action.c(62):     <TR bgcolor="#EFF2F7">\n
Action.c(62):       <TD width="5%" rowspan="2" align="left" valign="top">\n
Action.c(62):     <b>\n
Action.c(62):     <label><input type="checkbox" name="370" value="on" /></label></font></b>\n
Action.c(62):     <input type="hidden" name="flightID" value="362650745-284624-TS"  />\n
Action.c(62):       </TD>\n
Action.c(62):       <TD width="45%" valign="top">\n
Action.c(62):           <b>&nbsp;&nbsp;A First class ticket for :</b><br/>\n
Action.c(62):           <center><table border="0" width="85%"><tr><td>\n
Action.c(62):           <li><i>Timothy Smith\n
Action.c(62):           <li><i></i>\n
Action.c(62):           </td></tr></table></center>\n
Action.c(62):       </TD>\n
Action.c(62):       <TD width="5%" >.<br/>.<br/>.<br/>.</TD>\n
Action.c(62):       <TD width="45%" valign=top><b>Invoice sent to:</b><br/>\n
Action.c(62):           <center>\n
Action.c(62):           <Table width="80%" cellspacing="0" > <tr> <td>\n
Action.c(62):               Timothy Smith\n
Action.c(62):     <br/>\n
Action.c(62):               Rsecond street<br/>\n
Action.c(62):               London<br/>\n
Action.c(62):               <br/>\n
Action.c(62):               Total Charge: $ 121 <BR/> (CC: x-9791)\n
Action.c(62):           </td> </tr> </table>\n
Action.c(62):           </center>\n
Action.c(62):       </TD>\n
Action.c(62):     </TR>\n
Action.c(62):     <TR bgcolor="#EFF2F7">\n
Action.c(62):       <TD COLSPAN="3">\n
Action.c(62):       <b>Flight Details:</b><BR/>  <center>\n
Action.c(62):       10/21/2024\n
Action.c(62):      :  8am : Flight 570 leaves Portland  for Seattle.<br>  </center>\n
Action.c(62):       </TD>\n
Action.c(62):     </TR>\n
Action.c(62):     \n
Action.c(62):     <TR bgcolor="#EFF2F7">\n
Action.c(62):       <TD COLSPAN="4">\n
Action.c(62):       <hr/>\n
Action.c(62):       </TD>\n
Action.c(62):     </TR>\n
Action.c(62):     \n
Action.c(62):     <!-- Flight #1 -->\n
Action.c(62):     <TR bgcolor="#EFF2F7">\n
Action.c(62):       <TD width="5%" rowspan="2" align="left" valign="top">\n
Action.c(62):     <b>\n
Action.c(62):     <label><input type="checkbox" name="371" value="on" /></label></font></b>\n
Action.c(62):     <input type="hidden" name="flightID" value="362658940-285415-TS"  />\n
Action.c(62):       </TD>\n
Action.c(62):       <TD width="45%" valign="top">\n
Action.c(62):           <b>&nbsp;&nbsp;A Coach class ticket for :</b><br/>\n
Action.c(62):           <center><table border="0" width="85%"><tr><td>\n
Action.c(62):           <li><i>Timothy Smith\n
Action.c(62):           <li><i></i>\n
Action.c(62):           </td></tr></table></center>\n
Action.c(62):       </TD>\n
Action.c(62):       <TD width="5%" >.<br/>.<br/>.<br/>.</TD>\n
Action.c(62):       <TD width="45%" valign=top><b>Invoice sent to:</b><br/>\n
Action.c(62):           <center>\n
Action.c(62):           <Table width="80%" cellspacing="0" > <tr> <td>\n
Action.c(62):               Timothy Smith\n
Action.c(62):     <br/>\n
Action.c(62):               Rsecond street<br/>\n
Action.c(62):               London<br/>\n
Action.c(62):               <br/>\n
Action.c(62):               Total Charge: $ 398 <BR/> (CC: x-9791)\n
Action.c(62):           </td> </tr> </table>\n
Action.c(62):           </center>\n
Action.c(62):       </TD>\n
Action.c(62):     </TR>\n
Action.c(62):     <TR bgcolor="#EFF2F7">\n
Action.c(62):       <TD COLSPAN="3">\n
Action.c(62):       <b>Flight Details:</b><BR/>  <center>\n
Action.c(62):       10/21/2024\n
Action.c(62):      :  1pm : Flight 791 leaves Seattle  for Zurich.<br>  </center>\n
Action.c(62):       </TD>\n
Action.c(62):     </TR>\n
Action.c(62):     \n
Action.c(62):     <TR bgcolor="#EFF2F7">\n
Action.c(62):       <TD COLSPAN="4">\n
Action.c(62):       <hr/>\n
Action.c(62):       </TD>\n
Action.c(62):     </TR>\n
Action.c(62):     \n
Action.c(62):     <!-- Flight #1 -->\n
Action.c(62):     <TR bgcolor="#EFF2F7">\n
Action.c(62):       <TD width="5%" rowspan="2" align="left" valign="top">\n
Action.c(62):     <b>\n
Action.c(62):     <label><input type="checkbox" name="372" value="on" /></label></font></b>\n
Action.c(62):     <input type="hidden" name="flightID" value="3626363746-2861627-TS"  />\n
Action.c(62):       </TD>\n
Action.c(62):       <TD width="45%" valign="top">\n
Action.c(62):           <b>&nbsp;&nbsp;A Coach class ticket for :</b><br/>\n
Action.c(62):           <center><table border="0" width="85%"><tr><td>\n
Action.c(62):           <li><i>Timothy Smith\n
Action.c(62):           <li><i></i>\n
Action.c(62):           </td></tr></
Action.c(62): t=6906337ms: 8-byte chunked response overhead for "http://localhost:1080/cgi-bin/itinerary.pl" (RelFrameId=1.2, Internal ID=7293)
Action.c(62):     \r\n
Action.c(62):     1000\r\n
Action.c(62): t=6906337ms: 8-byte chunked response overhead for "http://localhost:1080/cgi-bin/itinerary.pl" (RelFrameId=1.2, Internal ID=7293)
Action.c(62):     \r\n
Action.c(62):     1000\r\n
Action.c(62): t=6906337ms: 8-byte chunked response overhead for "http://localhost:1080/cgi-bin/itinerary.pl" (RelFrameId=1.2, Internal ID=7293)
Action.c(62):     \r\n
Action.c(62):     1000\r\n
Action.c(62): t=6906337ms: 12263-byte chunked response body for "http://localhost:1080/cgi-bin/itinerary.pl" (RelFrameId=1.2, Internal ID=7293)
Action.c(62):     table></center>\n
Action.c(62):       </TD>\n
Action.c(62):       <TD width="5%" >.<br/>.<br/>.<br/>.</TD>\n
Action.c(62):       <TD width="45%" valign=top><b>Invoice sent to:</b><br/>\n
Action.c(62):           <center>\n
Action.c(62):           <Table width="80%" cellspacing="0" > <tr> <td>\n
Action.c(62):               Timothy Smith\n
Action.c(62):     <br/>\n
Action.c(62):               Rsecond street<br/>\n
Action.c(62):               London<br/>\n
Action.c(62):               <br/>\n
Action.c(62):               Total Charge: $ 1153 <BR/> (CC: x-9791)\n
Action.c(62):           </td> </tr> </table>\n
Action.c(62):           </center>\n
Action.c(62):       </TD>\n
Action.c(62):     </TR>\n
Action.c(62):     <TR bgcolor="#EFF2F7">\n
Action.c(62):       <TD COLSPAN="3">\n
Action.c(62):       <b>Flight Details:</b><BR/>  <center>\n
Action.c(62):       10/21/2024\n
Action.c(62):      :  5pm : Flight 182 leaves Frankfurt  for Sydney.<br>  </center>\n
Action.c(62):       </TD>\n
Action.c(62):     </TR>\n
Action.c(62):     \n
Action.c(62):     <TR bgcolor="#EFF2F7">\n
Action.c(62):       <TD COLSPAN="4">\n
Action.c(62):       <hr/>\n
Action.c(62):       </TD>\n
Action.c(62):     </TR>\n
Action.c(62):     \n
Action.c(62):     <!-- Flight #1 -->\n
Action.c(62):     <TR bgcolor="#EFF2F7">\n
Action.c(62):       <TD width="5%" rowspan="2" align="left" valign="top">\n
Action.c(62):     <b>\n
Action.c(62):     <label><input type="checkbox" name="373" value="on" /></label></font></b>\n
Action.c(62):     <input type="hidden" name="flightID" value="362657485-286931-TS"  />\n
Action.c(62):       </TD>\n
Action.c(62):       <TD width="45%" valign="top">\n
Action.c(62):           <b>&nbsp;&nbsp;A First class ticket for :</b><br/>\n
Action.c(62):           <center><table border="0" width="85%"><tr><td>\n
Action.c(62):           <li><i>Timothy Smith\n
Action.c(62):           <li><i></i>\n
Action.c(62):           </td></tr></table></center>\n
Action.c(62):       </TD>\n
Action.c(62):       <TD width="5%" >.<br/>.<br/>.<br/>.</TD>\n
Action.c(62):       <TD width="45%" valign=top><b>Invoice sent to:</b><br/>\n
Action.c(62):           <center>\n
Action.c(62):           <Table width="80%" cellspacing="0" > <tr> <td>\n
Action.c(62):               Timothy Smith\n
Action.c(62):     <br/>\n
Action.c(62):               Rsecond street<br/>\n
Action.c(62):               London<br/>\n
Action.c(62):               <br/>\n
Action.c(62):               Total Charge: $ 115 <BR/> (CC: x-9791)\n
Action.c(62):           </td> </tr> </table>\n
Action.c(62):           </center>\n
Action.c(62):       </TD>\n
Action.c(62):     </TR>\n
Action.c(62):     <TR bgcolor="#EFF2F7">\n
Action.c(62):       <TD COLSPAN="3">\n
Action.c(62):       <b>Flight Details:</b><BR/>  <center>\n
Action.c(62):       10/21/2024\n
Action.c(62):      :  5pm : Flight 752 leaves Seattle  for Portland.<br>  </center>\n
Action.c(62):       </TD>\n
Action.c(62):     </TR>\n
Action.c(62):     \n
Action.c(62):     <TR bgcolor="#EFF2F7">\n
Action.c(62):       <TD COLSPAN="4">\n
Action.c(62):       <hr/>\n
Action.c(62):       </TD>\n
Action.c(62):     </TR>\n
Action.c(62):     \n
Action.c(62):     <!-- Flight #1 -->\n
Action.c(62):     <TR bgcolor="#EFF2F7">\n
Action.c(62):       <TD width="5%" rowspan="2" align="left" valign="top">\n
Action.c(62):     <b>\n
Action.c(62):     <label><input type="checkbox" name="374" value="on" /></label></font></b>\n
Action.c(62):     <input type="hidden" name="flightID" value="3626593000-2877001-TS"  />\n
Action.c(62):       </TD>\n
Action.c(62):       <TD width="45%" valign="top">\n
Action.c(62):           <b>&nbsp;&nbsp;A Business class ticket for :</b><br/>\n
Action.c(62):           <center><table border="0" width="85%"><tr><td>\n
Action.c(62):           <li><i>Timothy Smith\n
Action.c(62):           <li><i></i>\n
Action.c(62):           </td></tr></table></center>\n
Action.c(62):       </TD>\n
Action.c(62):       <TD width="5%" >.<br/>.<br/>.<br/>.</TD>\n
Action.c(62):       <TD width="45%" valign=top><b>Invoice sent to:</b><br/>\n
Action.c(62):           <center>\n
Action.c(62):           <Table width="80%" cellspacing="0" > <tr> <td>\n
Action.c(62):               Timothy Smith\n
Action.c(62):     <br/>\n
Action.c(62):               Rsecond street<br/>\n
Action.c(62):               London<br/>\n
Action.c(62):               <br/>\n
Action.c(62):               Total Charge: $ 1023 <BR/> (CC: x-9791)\n
Action.c(62):           </td> </tr> </table>\n
Action.c(62):           </center>\n
Action.c(62):       </TD>\n
Action.c(62):     </TR>\n
Action.c(62):     <TR bgcolor="#EFF2F7">\n
Action.c(62):       <TD COLSPAN="3">\n
Action.c(62):       <b>Flight Details:</b><BR/>  <center>\n
Action.c(62):       10/21/2024\n
Action.c(62):      :  1pm : Flight 801 leaves Sydney  for Denver.<br>  </center>\n
Action.c(62):       </TD>\n
Action.c(62):     </TR>\n
Action.c(62):     \n
Action.c(62):     <TR bgcolor="#EFF2F7">\n
Action.c(62):       <TD COLSPAN="4">\n
Action.c(62):       <hr/>\n
Action.c(62):       </TD>\n
Action.c(62):     </TR>\n
Action.c(62):     \n
Action.c(62):     <!-- Flight #1 -->\n
Action.c(62):     <TR bgcolor="#EFF2F7">\n
Action.c(62):       <TD width="5%" rowspan="2" align="left" valign="top">\n
Action.c(62):     <b>\n
Action.c(62):     <label><input type="checkbox" name="375" value="on" /></label></font></b>\n
Action.c(62):     <input type="hidden" name="flightID" value="3626604488-2884706-TS"  />\n
Action.c(62):       </TD>\n
Action.c(62):       <TD width="45%" valign="top">\n
Action.c(62):           <b>&nbsp;&nbsp;A First class ticket for :</b><br/>\n
Action.c(62):           <center><table border="0" width="85%"><tr><td>\n
Action.c(62):           <li><i>Timothy Smith\n
Action.c(62):           <li><i></i>\n
Action.c(62):           </td></tr></table></center>\n
Action.c(62):       </TD>\n
Action.c(62):       <TD width="5%" >.<br/>.<br/>.<br/>.</TD>\n
Action.c(62):       <TD width="45%" valign=top><b>Invoice sent to:</b><br/>\n
Action.c(62):           <center>\n
Action.c(62):           <Table width="80%" cellspacing="0" > <tr> <td>\n
Action.c(62):               Timothy Smith\n
Action.c(62):     <br/>\n
Action.c(62):               Rsecond street<br/>\n
Action.c(62):               London<br/>\n
Action.c(62):               <br/>\n
Action.c(62):               Total Charge: $ 1187 <BR/> (CC: x-9791)\n
Action.c(62):           </td> </tr> </table>\n
Action.c(62):           </center>\n
Action.c(62):       </TD>\n
Action.c(62):     </TR>\n
Action.c(62):     <TR bgcolor="#EFF2F7">\n
Action.c(62):       <TD COLSPAN="3">\n
Action.c(62):       <b>Flight Details:</b><BR/>  <center>\n
Action.c(62):       10/21/2024\n
Action.c(62):      :  5pm : Flight 832 leaves Sydney  for Los Angeles.<br>  </center>\n
Action.c(62):       </TD>\n
Action.c(62):     </TR>\n
Action.c(62):     \n
Action.c(62):     <TR bgcolor="#EFF2F7">\n
Action.c(62):       <TD COLSPAN="4">\n
Action.c(62):       <hr/>\n
Action.c(62):       </TD>\n
Action.c(62):     </TR>\n
Action.c(62):     \n
Action.c(62):     <!-- Flight #1 -->\n
Action.c(62):     <TR bgcolor="#EFF2F7">\n
Action.c(62):       <TD width="5%" rowspan="2" align="left" valign="top">\n
Action.c(62):     <b>\n
Action.c(62):     <label><input type="checkbox" name="376" value="on" /></label></font></b>\n
Action.c(62):     <input type="hidden" name="flightID" value="362644893-289240-TS"  />\n
Action.c(62):       </TD>\n
Action.c(62):       <TD width="45%" valign="top">\n
Action.c(62):           <b>&nbsp;&nbsp;A Coach class ticket for :</b><br/>\n
Action.c(62):           <center><table border="0" width="85%"><tr><td>\n
Action.c(62):           <li><i>Timothy Smith\n
Action.c(62):           <li><i></i>\n
Action.c(62):           </td></tr></table></center>\n
Action.c(62):       </TD>\n
Action.c(62):       <TD width="5%" >.<br/>.<br/>.<br/>.</TD>\n
Action.c(62):       <TD width="45%" valign=top><b>Invoice sent to:</b><br/>\n
Action.c(62):           <center>\n
Action.c(62):           <Table width="80%" cellspacing="0" > <tr> <td>\n
Action.c(62):               Timothy Smith\n
Action.c(62):     <br/>\n
Action.c(62):               Rsecond street<br/>\n
Action.c(62):               London<br/>\n
Action.c(62):               <br/>\n
Action.c(62):               Total Charge: $ 121 <BR/> (CC: x-9791)\n
Action.c(62):           </td> </tr> </table>\n
Action.c(62):           </center>\n
Action.c(62):       </TD>\n
Action.c(62):     </TR>\n
Action.c(62):     <TR bgcolor="#EFF2F7">\n
Action.c(62):       <TD COLSPAN="3">\n
Action.c(62):       <b>Flight Details:</b><BR/>  <center>\n
Action.c(62):       10/21/2024\n
Action.c(62):      :  5pm : Flight 412 leaves Paris  for Frankfurt.<br>  </center>\n
Action.c(62):       </TD>\n
Action.c(62):     </TR>\n
Action.c(62):     \n
Action.c(62):     <TR bgcolor="#EFF2F7">\n
Action.c(62):       <TD COLSPAN="4">\n
Action.c(62):       <hr/>\n
Action.c(62):       </TD>\n
Action.c(62):     </TR>\n
Action.c(62):     \n
Action.c(62):     <!-- Flight #1 -->\n
Action.c(62):     <TR bgcolor="#EFF2F7">\n
Action.c(62):       <TD width="5%" rowspan="2" align="left" valign="top">\n
Action.c(62):     <b>\n
Action.c(62):     <label><input type="checkbox" name="377" value="on" /></label></font></b>\n
Action.c(62):     <input type="hidden" name="flightID" value="362640862-290022-TS"  />\n
Action.c(62):       </TD>\n
Action.c(62):       <TD width="45%" valign="top">\n
Action.c(62):           <b>&nbsp;&nbsp;A Business class ticket for :</b><br/>\n
Action.c(62):           <center><table border="0" width="85%"><tr><td>\n
Action.c(62):           <li><i>Timothy Smith\n
Action.c(62):           <li><i></i>\n
Action.c(62):           </td></tr></table></center>\n
Action.c(62):       </TD>\n
Action.c(62):       <TD width="5%" >.<br/>.<br/>.<br/>.</TD>\n
Action.c(62):       <TD width="45%" valign=top><b>Invoice sent to:</b><br/>\n
Action.c(62):           <center>\n
Action.c(62):           <Table width="80%" cellspacing="0" > <tr> <td>\n
Action.c(62):               Timothy Smith\n
Action.c(62):     <br/>\n
Action.c(62):               Rsecond street<br/>\n
Action.c(62):               London<br/>\n
Action.c(62):               <br/>\n
Action.c(62):               Total Charge: $ 298 <BR/> (CC: x-9791)\n
Action.c(62):           </td> </tr> </table>\n
Action.c(62):           </center>\n
Action.c(62):       </TD>\n
Action.c(62):     </TR>\n
Action.c(62):     <TR bgcolor="#EFF2F7">\n
Action.c(62):       <TD COLSPAN="3">\n
Action.c(62):       <b>Flight Details:</b><BR/>  <center>\n
Action.c(62):       10/21/2024\n
Action.c(62):      :  11pm : Flight 303 leaves Los Angeles  for Denver.<br>  </center>\n
Action.c(62):       </TD>\n
Action.c(62):     </TR>\n
Action.c(62):     \n
Action.c(62):     <TR bgcolor="#EFF2F7">\n
Action.c(62):       <TD COLSPAN="4">\n
Action.c(62):       <hr/>\n
Action.c(62):       </TD>\n
Action.c(62):     </TR>\n
Action.c(62):     \n
Action.c(62):     <!-- Flight #1 -->\n
Action.c(62):     <TR bgcolor="#EFF2F7">\n
Action.c(62):       <TD width="5%" rowspan="2" align="left" valign="top">\n
Action.c(62):     <b>\n
Action.c(62):     <label><input type="checkbox" name="378" value="on" /></label></font></b>\n
Action.c(62):     <input type="hidden" name="flightID" value="36265788-29083-TS"  />\n
Action.c(62):       </TD>\n
Action.c(62):       <TD width="45%" valign="top">\n
Action.c(62):           <b>&nbsp;&nbsp;A Coach class ticket for :</b><br/>\n
Action.c(62):           <center><table border="0" width="85%"><tr><td>\n
Action.c(62):           <li><i>Timothy Smith\n
Action.c(62):           <li><i></i>\n
Action.c(62):           </td></tr></table></center>\n
Action.c(62):       </TD>\n
Action.c(62):       <TD width="5%" >.<br/>.<br/>.<br/>.</TD>\n
Action.c(62):       <TD width="45%" valign=top><b>Invoice sent to:</b><br/>\n
Action.c(62):           <center>\n
Action.c(62):           <Table width="80%" cellspacing="0" > <tr> <td>\n
Action.c(62):               Timothy Smith\n
Action.c(62):     <br/>\n
Action.c(62):               Rsecond street<br/>\n
Action.c(62):               London<br/>\n
Action.c(62):               <br/>\n
Action.c(62):               Total Charge: $ 82 <BR/> (CC: x-9791)\n
Action.c(62):           </td> </tr> </table>\n
Action.c(62):           </center>\n
Action.c(62):       </TD>\n
Action.c(62):     </TR>\n
Action.c(62):     <TR bgcolor="#EFF2F7">\n
Action.c(62):       <TD COLSPAN="3">\n
Action.c(62):       <b>Flight Details:</b><BR/>  <center>\n
Action.c(62):       10/21/2024\n
Action.c(62):      :  5pm : Flight 762 leaves Seattle  for San Francisco.<br>  </center>\n
Action.c(62):       </TD>\n
Action.c(62):     </TR>\n
Action.c(62):     \n
Action.c(62):     <TR bgcolor="#EFF2F7">\n
Action.c(62):       <TD COLSPAN="4">\n
Action.c(62):       <hr/>\n
Action.c(62):       </TD>\n
Action.c(62):     </TR>\n
Action.c(62):     \n
Action.c(62):     <!-- Flight #1 -->\n
Action.c(62):     <TR bgcolor="#EFF2F7">\n
Action.c(62):       <TD width="5%" rowspan="2" align="left" valign="top">\n
Action.c(62):     <b>\n
Action.c(62):     <label><input type="checkbox" name="379" value="on" /></label></font></b>\n
Action.c(62):     <input type="hidden" name="flightID" value="362660510-291599-TS"  />\n
Action.c(62):       </TD>\n
Action.c(62):       <TD width="45%" valign="top">\n
Action.c(62):           <b>&nbsp;&nbsp;A Business class ticket for :</b><br/>\n
Action.c(62):           <center><table border="0" width="85%"><tr><td>\n
Action.c(62):           <li><i>Timothy Smith\n
Action.c(62):           <li><i></i>\n
Action.c(62):           </td></tr></table></center>\n
Action.c(62):       </TD>\n
Action.c(62):       <TD width="5%" >.<br/>.<br/>.<br/>.</TD>\n
Action.c(62):       <TD width="45%" valign=top><b>Invoice sent to:</b><br/>\n
Action.c(62):           <center>\n
Action.c(62):           <Table width="80%" cellspacing="0" > <tr> <td>\n
Action.c(62):               Timothy Smith\n
Action.c(62):     <br/>\n
Action.c(62):               Rsecond street<br/>\n
Action.c(62):               London<br/>\n
Action.c(62):               <br/>\n
Action.c(62):               Total Charge: $ 794 <BR/> (CC: x-9791)\n
Action.c(62):           </td> </tr> </table>\n
Action.c(62):           </center>\n
Action.c(62):       </TD>\n
Action.c(62):     </TR>\n
Action.c(62):     <TR bgcolor="#EFF2F7">\n
Action.c(62):       <TD COLSPAN="3">\n
Action.c(62):       <b>Flight Details:</b><BR/>  <center>\n
Action.c(62):       10/21/2024\n
Action.c(62):      :  11pm : Flight 833 leaves Sydney  for Los Angeles.<br>  </center>\n
Action.c(62):       </TD>\n
Action.c(62):     </TR>\n
Action.c(62):     \n
Action.c(62):     <TR bgcolor="#EFF2F7">\n
Action.c(62):       <TD COLSPAN="4">\n
Action.c(62):       <hr/>\n
Action.c(62):       </TD>\n
Action.c(62):     </TR>\n
Action.c(62):     \n
Action.c(62):     <!-- Flight #1 -->\n
Action.c(62):     <TR bgcolor="#EFF2F7">\n
Action.c(62):       <TD width="5%" rowspan="2" align="left" valign="top">\n
Action.c(62):     <b>\n
Action.c(62):     <label><input type="checkbox" name="380" value="on" /></label></font></b>\n
Action.c(62):     <input type="hidden" name="flightID" value="362663790-292333-TS"  />\n
Action.c(62):       </TD>\n
Action.c(62):       <TD width="45%" valign="top">\n
Action.c(62):           <b>&nbsp;&nbsp;A First class ticket for :</b><br/>\n
Action.c(62):           <center><table border="0" width="85%"><tr><td>\n
Action.c(62):           <li><i>Timothy Smith\n
Action.c(62):           <li><i></i>\n
Action.c(62):           </td></tr></table></center>\n
Action.c(62):       </TD>\n
Action.c(62):       <TD width="5%" >.<br/>.<br/>.<br/>.</TD>\n
Action.c(62):       <TD width="45%" valign=top><b>Invoice sent to:</b><br/>\n
Action.c(62):           <center>\n
Action.c(62):           <Table width="80%" cellspacing="0" > <tr> <td>\n
Action.c(62):               Timothy Smith\n
Action.c(62):     <br/>\n
Action.c(62):               Rsecond street<br/>\n
Action.c(62):               London<br/>\n
Action.c(62):               <br/>\n
Action.c(62):               Total Charge: $ 331 <BR/> (CC: x-9791)\n
Action.c(62):           </td> </tr> </table>\n
Action.c(62):           </center>\n
Action.c(62):       </TD>\n
Action.c(62):     </TR>\n
Action.c(62):     <TR bgcolor="#EFF2F7">\n
Action.c(62):       <TD COLSPAN="3">\n
Action.c(62):       <b>Flight Details:</b><BR/>  <center>\n
Action.c(62):       10/21/2024\n
Action.c(62):      :  5pm : Flight 922 leaves Zurich  for London.<br>  </center>\n
Action.c(62):       </TD>\n
Action.c(62):     </TR>\n
Action.c(62):     \n
Action.c(62):     <TR bgcolor="#EFF2F7">\n
Action.c(62):       <TD COLSPAN="4">\n
Action.c(62):       <hr/>\n
Action.c(62):       </TD>\n
Action.c(62):     </TR>\n
Action.c(62):     \n
Action.c(62):     <!-- Flight #1 -->\n
Action.c(62):     <TR bgcolor="#EFF2F7">\n
Action.c(62):       <TD width="5%" rowspan="2" align="left" valign="top">\n
Action.c(62):     <b>\n
Action.c(62):     <label><input type="checkbox" name="381" value="on" /></label></font></b>\n
Action.c(62):     <input type="hidden" name="flightID" value="3626512267-2930864-TS"  />\n
Action.c(62):       </TD>\n
Action.c(62):       <TD width="45%" valign="top">\n
Action.c(62):           <b>&nbsp;&nbsp;A First class ticket for :</b><br/>\n
Action.c(62):           <center><table border="0" width="85%"><tr><td>\n
Action.c(62):           <li><i>Timothy Smith\n
Action.c(62):           <li><i></i>\n
Action.c(62):           </td></tr></table></center>\n
Action.c(62):       </TD>\n
Action.c(62):       <TD width="5%" >.<br/>.<br/>.<br/>.</TD>\n
Action.c(62):       <TD width="45%" valign=top><b>Invoice sent to:</b><br/>\n
Action.c(62):           <center>\n
Action.c(62):           <Table width="80%" cellspacing="0" > <tr> <td>\n
Action.c(62):               Timothy Smith\n
Action.c(62):     <br/>\n
Action.c(62):               Rsecond street<br/>\n
Action.c(62):               London<br/>\n
Action.c(62):               <br/>\n
Action.c(62):               Total Charge: $ 1235 <BR/> (CC: x-9791)\n
Action.c(62):           </td> </tr> </table>\n
Action.c(62):           </center>\n
Action.c(62):       </TD>\n
Action.c(62):     </TR>\n
Action.c(62):     <TR bgcolor="#EFF2F7">\n
Action.c(62):       <TD COLSPAN="3">\n
Action.c(62):       <b>Flight Details:</b><BR/>  <center>\n
Action.c(62):       10/21/2024\n
Action.c(62):      :  11pm : Flight 583 leaves Portland  for Sydney.<br>  </center>\n
Action.c(62):       </TD>\n
Action.c(62):     </TR>\n
Action.c(62):     \n
Action.c(62):     <TR bgcolor="#EFF2F7">\n
Action.c(62):       <TD COLSPAN="4">\n
Action.c(62):       <hr/>\n
Action.c(62):       </TD>\n
Action.c(62):     </TR>\n
Action.c(62):     \n
Action.c(62):     <!-- Flight #1 -->\n
Action.c(62):     <TR bgcolor="#EFF2F7">\n
Action.c(62):       <TD width="5%" rowspan="2" align="left" valign="top">\n
Action.c(62):     <b>\n
Action.c(62):     <label><input type="checkbox" name="382" value="on" /></label></font></b>\n
Action.c(62):     <input type="hidden" name="flightID" value="362659322-293900-TS"  />\n
Action.c(62):       </TD>\n
Action.c(62):       <TD width="45%" valign="top">\n
Action.c(62):           <b>&nbsp;&nbsp;A Coach class ticket for :</b><br/>\n
Action.c(62):           <center><table border="0" width="85%"><tr><td>\n
Action.c(62):           <li><i>Timothy Smith\n
Action.c(62):           <li><i></i>\n
Action.c(62):           </td></tr></table></center>\n
Action.c(62):       </TD>\n
Action.c(62):       <TD width="5%" >.<br/>.<br/>.<br/>.</TD>\n
Action.c(62):       <TD width="45%" valign=top><b>Invoice sent to:</b><br/>\n
Action.c(62):           <center>\n
Action.c(62):           <Table width="80%" cellspacing="0" > <tr> <td>\n
Action.c(62):               Timothy Smith\n
Action.c(62):     <br/>\n
Action.c(62):               Rsecond street<br/>\n
Action.c(62):               London<br/>\n
Action.c(62):               <br/>\n
Action.c(62):               Total Charge: $ 705 <BR/> (CC: x-9791)\n
Action.c(62):           </td> </tr> </table>\n
Action.c(62):           </center>\n
Action.c(62):       </TD>\n
Action.c(62):     </TR>\n
Action.c(62):     <TR bgcolor="#EFF2F7">\n
Action.c(62):       <TD COLSPAN="3">\n
Action.c(62):       <b>Flight Details:</b><BR/>  <center>\n
Action.c(62):       10/21/2024\n
Action.c(62):      :  1pm : Flight 801 leaves Sydney  for Denver.<br>  </center>\n
Action.c(62):       </TD>\n
Action.c(62):     </TR>\n
Action.c(62):     \n
Action.c(62):     <TR bgcolor="#EFF2F7">\n
Action.c(62):       <TD COLSPAN="4">\n
Action.c(62):       <hr/>\n
Action.c(62):       </TD>\n
Action.c(62):     </TR>\n
Action.c(62):     \n
Action.c(62):     <!-- Flight #1 -->\n
Action.c(62):     <TR bgcolor="#EFF2F7">\n
Action.c(62):       <TD width="5%" rowspan="2" align="left" valign="top">\n
Action.c(62):     <b>\n
Action.c(62):     <label><input type="checkbox" name="383" value="on" /></label></font></b>\n
Action.c(62):     <input type="hidden" name="flightID" value="362655571-294648-TS"  />\n
Action.c(62):       </TD>\n
Action.c(62):       <TD width="45%" valign="top">\n
Action.c(62):           <b>&nbsp;&nbsp;A Business class ticket for :</b><br/>\n
Action.c(62):           <center><table border="0" width="85%"><tr><td>\n
Action.c(62):           <li><i>Timothy Smith\n
Action.c(62):           <li><i></i>\n
Action.c(62):           </td></tr></table></center>\n
Action.c(62):       </TD>\n
Action.c(62):       <TD width="5%" >.<br/>.<br/>.<br/>.</TD>\n
Action.c(62):       <TD width="45%" valign=top><b>Invoice sent to:</b><br/>\n
Action.c(62):           <center>\n
Action.c(62):           <Table width="80%" cellspacing="0" > <t
Action.c(62): t=6906511ms: 8-byte chunked response overhead for "http://localhost:1080/cgi-bin/itinerary.pl" (RelFrameId=1.2, Internal ID=7293)
Action.c(62):     \r\n
Action.c(62):     5000\r\n
Action.c(62): t=6906511ms: 12279-byte chunked response body for "http://localhost:1080/cgi-bin/itinerary.pl" (RelFrameId=1.2, Internal ID=7293)
Action.c(62):     r> <td>\n
Action.c(62):               Timothy Smith\n
Action.c(62):     <br/>\n
Action.c(62):               Rsecond street<br/>\n
Action.c(62):               London<br/>\n
Action.c(62):               <br/>\n
Action.c(62):               Total Charge: $ 424 <BR/> (CC: x-9791)\n
Action.c(62):           </td> </tr> </table>\n
Action.c(62):           </center>\n
Action.c(62):       </TD>\n
Action.c(62):     </TR>\n
Action.c(62):     <TR bgcolor="#EFF2F7">\n
Action.c(62):       <TD COLSPAN="3">\n
Action.c(62):       <b>Flight Details:</b><BR/>  <center>\n
Action.c(62):       10/21/2024\n
Action.c(62):      :  8am : Flight 700 leaves Seattle  for Denver.<br>  </center>\n
Action.c(62):       </TD>\n
Action.c(62):     </TR>\n
Action.c(62):     \n
Action.c(62):     <TR bgcolor="#EFF2F7">\n
Action.c(62):       <TD COLSPAN="4">\n
Action.c(62):       <hr/>\n
Action.c(62):       </TD>\n
Action.c(62):     </TR>\n
Action.c(62):     \n
Action.c(62):     <!-- Flight #1 -->\n
Action.c(62):     <TR bgcolor="#EFF2F7">\n
Action.c(62):       <TD width="5%" rowspan="2" align="left" valign="top">\n
Action.c(62):     <b>\n
Action.c(62):     <label><input type="checkbox" name="384" value="on" /></label></font></b>\n
Action.c(62):     <input type="hidden" name="flightID" value="362663020-295426-TS"  />\n
Action.c(62):       </TD>\n
Action.c(62):       <TD width="45%" valign="top">\n
Action.c(62):           <b>&nbsp;&nbsp;A Business class ticket for :</b><br/>\n
Action.c(62):           <center><table border="0" width="85%"><tr><td>\n
Action.c(62):           <li><i>Timothy Smith\n
Action.c(62):           <li><i></i>\n
Action.c(62):           </td></tr></table></center>\n
Action.c(62):       </TD>\n
Action.c(62):       <TD width="5%" >.<br/>.<br/>.<br/>.</TD>\n
Action.c(62):       <TD width="45%" valign=top><b>Invoice sent to:</b><br/>\n
Action.c(62):           <center>\n
Action.c(62):           <Table width="80%" cellspacing="0" > <tr> <td>\n
Action.c(62):               Timothy Smith\n
Action.c(62):     <br/>\n
Action.c(62):               Rsecond street<br/>\n
Action.c(62):               London<br/>\n
Action.c(62):               <br/>\n
Action.c(62):               Total Charge: $ 544 <BR/> (CC: x-9791)\n
Action.c(62):           </td> </tr> </table>\n
Action.c(62):           </center>\n
Action.c(62):       </TD>\n
Action.c(62):     </TR>\n
Action.c(62):     <TR bgcolor="#EFF2F7">\n
Action.c(62):       <TD COLSPAN="3">\n
Action.c(62):       <b>Flight Details:</b><BR/>  <center>\n
Action.c(62):       10/21/2024\n
Action.c(62):      :  1pm : Flight 901 leaves Zurich  for Denver.<br>  </center>\n
Action.c(62):       </TD>\n
Action.c(62):     </TR>\n
Action.c(62):     \n
Action.c(62):     <TR bgcolor="#EFF2F7">\n
Action.c(62):       <TD COLSPAN="4">\n
Action.c(62):       <hr/>\n
Action.c(62):       </TD>\n
Action.c(62):     </TR>\n
Action.c(62):     \n
Action.c(62):     <!-- Flight #1 -->\n
Action.c(62):     <TR bgcolor="#EFF2F7">\n
Action.c(62):       <TD width="5%" rowspan="2" align="left" valign="top">\n
Action.c(62):     <b>\n
Action.c(62):     <label><input type="checkbox" name="385" value="on" /></label></font></b>\n
Action.c(62):     <input type="hidden" name="flightID" value="362640450-296167-TS"  />\n
Action.c(62):       </TD>\n
Action.c(62):       <TD width="45%" valign="top">\n
Action.c(62):           <b>&nbsp;&nbsp;A Coach class ticket for :</b><br/>\n
Action.c(62):           <center><table border="0" width="85%"><tr><td>\n
Action.c(62):           <li><i>Timothy Smith\n
Action.c(62):           <li><i></i>\n
Action.c(62):           </td></tr></table></center>\n
Action.c(62):       </TD>\n
Action.c(62):       <TD width="5%" >.<br/>.<br/>.<br/>.</TD>\n
Action.c(62):       <TD width="45%" valign=top><b>Invoice sent to:</b><br/>\n
Action.c(62):           <center>\n
Action.c(62):           <Table width="80%" cellspacing="0" > <tr> <td>\n
Action.c(62):               Timothy Smith\n
Action.c(62):     <br/>\n
Action.c(62):               Rsecond street<br/>\n
Action.c(62):               London<br/>\n
Action.c(62):               <br/>\n
Action.c(62):               Total Charge: $ 176 <BR/> (CC: x-9791)\n
Action.c(62):           </td> </tr> </table>\n
Action.c(62):           </center>\n
Action.c(62):       </TD>\n
Action.c(62):     </TR>\n
Action.c(62):     <TR bgcolor="#EFF2F7">\n
Action.c(62):       <TD COLSPAN="3">\n
Action.c(62):       <b>Flight Details:</b><BR/>  <center>\n
Action.c(62):       10/21/2024\n
Action.c(62):      :  5pm : Flight 292 leaves London  for Zurich.<br>  </center>\n
Action.c(62):       </TD>\n
Action.c(62):     </TR>\n
Action.c(62):     \n
Action.c(62):     <TR bgcolor="#EFF2F7">\n
Action.c(62):       <TD COLSPAN="4">\n
Action.c(62):       <hr/>\n
Action.c(62):       </TD>\n
Action.c(62):     </TR>\n
Action.c(62):     <TR>\n
Action.c(62):        <TD align="center" COLSPAN="4">\n
Action.c(62):        <b>A total of 385 scheduled flights.</font></b>\n
Action.c(62):        </TD>\n
Action.c(62):     </TR>\n
Action.c(62):     </TABLE>\n
Action.c(62):     \n
Action.c(62):     <TABLE WIDTH="87%" BORDER="0" CELLSPACING="0">\n
Action.c(62):     <TR>\n
Action.c(62):     <TD align="left" width="50%" >\n
Action.c(62):     <input type="image" name="removeFlights" src="/WebTours/images/cancelreservation.gif" bord
Action.c(62):     er="0" /></TD>\n
Action.c(62):     <TD align="right" width="50%" >\n
Action.c(62):     <input type="image" name="removeAllFlights" src="/WebTours/images/cancelallreservations.gi
Action.c(62):     f" border="0" /></TD>\n
Action.c(62):     </TABLE>\n
Action.c(62):     \n
Action.c(62):     <div><input type="hidden" name=".cgifields" value="127"  /><input type="hidden" name=".cgi
Action.c(62):     fields" value="32"  /><input type="hidden" name=".cgifields" value="276"  /><input type="h
Action.c(62):     idden" name=".cgifields" value="90"  /><input type="hidden" name=".cgifields" value="206" 
Action.c(62):      /><input type="hidden" name=".cgifields" value="118"  /><input type="hidden" name=".cgifi
Action.c(62):     elds" value="71"  /><input type="hidden" name=".cgifields" value="102"  /><input type="hid
Action.c(62):     den" name=".cgifields" value="358"  /><input type="hidden" name=".cgifields" value="331"  
Action.c(62):     /><input type="hidden" name=".cgifields" value="16"  /><input type="hidden" name=".cgifiel
Action.c(62):     ds" value="55"  /><input type="hidden" name=".cgifields" value="84"  /><input type="hidden
Action.c(62):     " name=".cgifields" value="233"  /><input type="hidden" name=".cgifields" value="259"  /><
Action.c(62):     input type="hidden" name=".cgifields" value="194"  /><input type="hidden" name=".cgifields
Action.c(62):     " value="57"  /><input type="hidden" name=".cgifields" value="368"  /><input type="hidden"
Action.c(62):      name=".cgifields" value="220"  /><input type="hidden" name=".cgifields" value="316"  /><i
Action.c(62):     nput type="hidden" name=".cgifields" value="163"  /><input type="hidden" name=".cgifields"
Action.c(62):      value="89"  /><input type="hidden" name=".cgifields" value="175"  /><input type="hidden" 
Action.c(62):     name=".cgifields" value="31"  /><input type="hidden" name=".cgifields" value="35"  /><inpu
Action.c(62):     t type="hidden" name=".cgifields" value="11"  /><input type="hidden" name=".cgifields" val
Action.c(62):     ue="347"  /><input type="hidden" name=".cgifields" value="208"  /><input type="hidden" nam
Action.c(62):     e=".cgifields" value="93"  /><input type="hidden" name=".cgifields" value="292"  /><input 
Action.c(62):     type="hidden" name=".cgifields" value="378"  /><input type="hidden" name=".cgifields" valu
Action.c(62):     e="325"  /><input type="hidden" name=".cgifields" value="29"  /><input type="hidden" name=
Action.c(62):     ".cgifields" value="350"  /><input type="hidden" name=".cgifields" value="291"  /><input t
Action.c(62):     ype="hidden" name=".cgifields" value="374"  /><input type="hidden" name=".cgifields" value
Action.c(62):     ="199"  /><input type="hidden" name=".cgifields" value="114"  /><input type="hidden" name=
Action.c(62):     ".cgifields" value="226"  /><input type="hidden" name=".cgifields" value="58"  /><input ty
Action.c(62):     pe="hidden" name=".cgifields" value="211"  /><input type="hidden" name=".cgifields" value=
Action.c(62):     "153"  /><input type="hidden" name=".cgifields" value="15"  /><input type="hidden" name=".
Action.c(62):     cgifields" value="382"  /><input type="hidden" name=".cgifields" value="337"  /><input typ
Action.c(62):     e="hidden" name=".cgifields" value="101"  /><input type="hidden" name=".cgifields" value="
Action.c(62):     73"  /><input type="hidden" name=".cgifields" value="340"  /><input type="hidden" name=".c
Action.c(62):     gifields" value="76"  /><input type="hidden" name=".cgifields" value="311"  /><input type=
Action.c(62):     "hidden" name=".cgifields" value="62"  /><input type="hidden" name=".cgifields" value="67"
Action.c(62):       /><input type="hidden" name=".cgifields" value="241"  /><input type="hidden" name=".cgif
Action.c(62):     ields" value="198"  /><input type="hidden" name=".cgifields" value="139"  /><input type="h
Action.c(62):     idden" name=".cgifields" value="129"  /><input type="hidden" name=".cgifields" value="327"
Action.c(62):       /><input type="hidden" name=".cgifields" value="320"  /><input type="hidden" name=".cgif
Action.c(62):     ields" value="280"  /><input type="hidden" name=".cgifields" value="273"  /><input type="h
Action.c(62):     idden" name=".cgifields" value="236"  /><input type="hidden" name=".cgifields" value="361"
Action.c(62):       /><input type="hidden" name=".cgifields" value="249"  /><input type="hidden" name=".cgif
Action.c(62):     ields" value="218"  /><input type="hidden" name=".cgifields" value="202"  /><input type="h
Action.c(62):     idden" name=".cgifields" value="168"  /><input type="hidden" name=".cgifields" value="184"
Action.c(62):       /><input type="hidden" name=".cgifields" value="135"  /><input type="hidden" name=".cgif
Action.c(62):     ields" value="14"  /><input type="hidden" name=".cgifields" value="348"  /><input type="hi
Action.c(62):     dden" name=".cgifields" value="145"  /><input type="hidden" name=".cgifields" value="49"  
Action.c(62):     /><input type="hidden" name=".cgifields" value="178"  /><input type="hidden" name=".cgifie
Action.c(62):     lds" value="24"  /><input type="hidden" name=".cgifields" value="285"  /><input type="hidd
Action.c(62):     en" name=".cgifields" value="140"  /><input type="hidden" name=".cgifields" value="124"  /
Action.c(62):     ><input type="hidden" name=".cgifields" value="104"  /><input type="hidden" name=".cgifiel
Action.c(62):     ds" value="131"  /><input type="hidden" name=".cgifields" value="181"  /><input type="hidd
Action.c(62):     en" name=".cgifields" value="385"  /><input type="hidden" name=".cgifields" value="234"  /
Action.c(62):     ><input type="hidden" name=".cgifields" value="314"  /><input type="hidden" name=".cgifiel
Action.c(62):     ds" value="307"  /><input type="hidden" name=".cgifields" value="154"  /><input type="hidd
Action.c(62):     en" name=".cgifields" value="23"  /><input type="hidden" name=".cgifields" value="364"  />
Action.c(62):     <input type="hidden" name=".cgifields" value="96"  /><input type="hidden" name=".cgifields
Action.c(62):     " value="355"  /><input type="hidden" name=".cgifields" value="159"  /><input type="hidden
Action.c(62):     " name=".cgifields" value="326"  /><input type="hidden" name=".cgifields" value="160"  /><
Action.c(62):     input type="hidden" name=".cgifields" value="47"  /><input type="hidden" name=".cgifields"
Action.c(62):      value="367"  /><input type="hidden" name=".cgifields" value="8"  /><input type="hidden" n
Action.c(62):     ame=".cgifields" value="98"  /><input type="hidden" name=".cgifields" value="335"  /><inpu
Action.c(62):     t type="hidden" name=".cgifields" value="37"  /><input type="hidden" name=".cgifields" val
Action.c(62):     ue="43"  /><input type="hidden" name=".cgifields" value="270"  /><input type="hidden" name
Action.c(62):     =".cgifields" value="195"  /><input type="hidden" name=".cgifields" value="5"  /><input ty
Action.c(62):     pe="hidden" name=".cgifields" value="21"  /><input type="hidden" name=".cgifields" value="
Action.c(62):     288"  /><input type="hidden" name=".cgifields" value="193"  /><input type="hidden" name=".
Action.c(62):     cgifields" value="119"  /><input type="hidden" name=".cgifields" value="324"  /><input typ
Action.c(62):     e="hidden" name=".cgifields" value="180"  /><input type="hidden" name=".cgifields" value="
Action.c(62):     244"  /><input type="hidden" name=".cgifields" value="162"  /><input type="hidden" name=".
Action.c(62):     cgifields" value="351"  /><input type="hidden" name=".cgifields" value="246"  /><input typ
Action.c(62):     e="hidden" name=".cgifields" value="240"  /><input type="hidden" name=".cgifields" value="
Action.c(62):     74"  /><input type="hidden" name=".cgifields" value="334"  /><input type="hidden" name=".c
Action.c(62):     gifields" value="61"  /><input type="hidden" name=".cgifields" value="230"  /><input type=
Action.c(62):     "hidden" name=".cgifields" value="299"  /><input type="hidden" name=".cgifields" value="11
Action.c(62):     5"  /><input type="hidden" name=".cgifields" value="377"  /><input type="hidden" name=".cg
Action.c(62):     ifields" value="103"  /><input type="hidden" name=".cgifields" value="201"  /><input type=
Action.c(62):     "hidden" name=".cgifields" value="379"  /><input type="hidden" name=".cgifields" value="11
Action.c(62):     3"  /><input type="hidden" name=".cgifields" value="152"  /><input type="hidden" name=".cg
Action.c(62):     ifields" value="189"  /><input type="hidden" name=".cgifields" value="342"  /><input type=
Action.c(62):     "hidden" name=".cgifields" value="295"  /><input type="hidden" name=".cgifields" value="26
Action.c(62):     6"  /><input type="hidden" name=".cgifields" value="91"  /><input type="hidden" name=".cgi
Action.c(62):     fields" value="341"  /><input type="hidden" name=".cgifields" value="107"  /><input type="
Action.c(62):     hidden" name=".cgifields" value="87"  /><input type="hidden" name=".cgifields" value="174"
Action.c(62):       /><input type="hidden" name=".cgifields" value="77"  /><input type="hidden" name=".cgifi
Action.c(62):     elds" value="214"  /><input type="hidden" name=".cgifields" value="221"  /><input type="hi
Action.c(62):     dden" name=".cgifields" value="39"  /><input type="hidden" name=".cgifields" value="64"  /
Action.c(62):     ><input type="hidden" name=".cgifields" value="97"  /><input type="hidden" name=".cgifield
Action.c(62):     s" value="12"  /><input type="hidden" name=".cgifields" value="41"  /><input type="hidden"
Action.c(62):      name=".cgifields" value="52"  /><input type="hidden" name=".cgifields" value="312"  /><in
Action.c(62):     put type="hidden" name=".cgifields" value="302"  /><input type="hidden" name=".cgifields" 
Action.c(62):     value="229"  /><input type="hidden" name=".cgifields" value="45"  /><input type="hidden" n
Action.c(62):     ame=".cgifields" value="260"  /><input type="hidden" name=".cgifields" value="237"  /><inp
Action.c(62):     ut type="hidden" name=".cgifields" value="370"  /><input type="hidden" name=".cgifields" v
Action.c(62):     alue="309"  /><input type="hidden" name=".cgifields" value="188"  /><input type="hidden" n
Action.c(62):     ame=".cgifields" value="68"  /><input type="hidden" name=".cgifields" value="315"  /><inpu
Action.c(62):     t type="hidden" name=".cgifields" value="1"  /><input type="hidden" name=".cgifields" valu
Action.c(62):     e="136"  /><input type="hidden" name=".cgifields" value="116"  /><input type="hidden" name
Action.c(62):     =".cgifields" value="338"  /><input type="hidden" name=".cgifields" value="144"  /><input 
Action.c(62):     type="hidden" name=".cgifields" value="380"  /><input type="hidden" name=".cgifields" valu
Action.c(62):     e="100"  /><input type="hidden" name=".cgifields" value="300"  /><input type="hidden" name
Action.c(62):     =".cgifields" value="222"  /><input type="hidden" name=".cgifields" value="25"  /><input t
Action.c(62):     ype="hidden" name=".cgifields" value="286"  /><input type="hidden" name=".cgifields" value
Action.c(62):     ="120"  /><input type="hidden" name=".cgifields" value="83"  /><input type="hidden" name="
Action.c(62):     .cgifields" value="381"  /><input type="hidden" name=".cgifields" value="305"  /><input ty
Action.c(62):     pe="hidden" name=".cgifields" value="308"  /><input type="hidden" name=".cgifields" value=
Action.c(62):     "2
Action.c(62): Found resource "http://localhost:1080/WebTours/images/cancelreservation.gif" in HTML "http://localhost:1080/cgi-bin/itinerary.pl"  	[MsgId: MMSG-26659]
Action.c(62): Found resource "http://localhost:1080/WebTours/images/cancelallreservations.gif" in HTML "http://localhost:1080/cgi-bin/itinerary.pl"  	[MsgId: MMSG-26659]
Action.c(62): t=6906527ms: 7-byte chunked response overhead for "http://localhost:1080/cgi-bin/itinerary.pl" (RelFrameId=1.2, Internal ID=7293)
Action.c(62):     \r\n
Action.c(62):     9c1\r\n
Action.c(62): t=6906527ms: 7-byte chunked response overhead for "http://localhost:1080/cgi-bin/itinerary.pl" (RelFrameId=1.2, Internal ID=7293)
Action.c(62):     \r\n
Action.c(62):     0\r\n
Action.c(62):     \r\n
Action.c(62): t=6906528ms: 11546-byte chunked response body for "http://localhost:1080/cgi-bin/itinerary.pl" (RelFrameId=1.2, Internal ID=7293)
Action.c(62):     54"  /><input type="hidden" name=".cgifields" value="177"  /><input type="hidden" name=".c
Action.c(62):     gifields" value="373"  /><input type="hidden" name=".cgifields" value="217"  /><input type
Action.c(62):     ="hidden" name=".cgifields" value="328"  /><input type="hidden" name=".cgifields" value="2
Action.c(62):     39"  /><input type="hidden" name=".cgifields" value="122"  /><input type="hidden" name=".c
Action.c(62):     gifields" value="143"  /><input type="hidden" name=".cgifields" value="281"  /><input type
Action.c(62):     ="hidden" name=".cgifields" value="269"  /><input type="hidden" name=".cgifields" value="2
Action.c(62):     05"  /><input type="hidden" name=".cgifields" value="158"  /><input type="hidden" name=".c
Action.c(62):     gifields" value="42"  /><input type="hidden" name=".cgifields" value="22"  /><input type="
Action.c(62):     hidden" name=".cgifields" value="363"  /><input type="hidden" name=".cgifields" value="46"
Action.c(62):       /><input type="hidden" name=".cgifields" value="235"  /><input type="hidden" name=".cgif
Action.c(62):     ields" value="301"  /><input type="hidden" name=".cgifields" value="6"  /><input type="hid
Action.c(62):     den" name=".cgifields" value="36"  /><input type="hidden" name=".cgifields" value="213"  /
Action.c(62):     ><input type="hidden" name=".cgifields" value="183"  /><input type="hidden" name=".cgifiel
Action.c(62):     ds" value="94"  /><input type="hidden" name=".cgifields" value="51"  /><input type="hidden
Action.c(62):     " name=".cgifields" value="362"  /><input type="hidden" name=".cgifields" value="317"  /><
Action.c(62):     input type="hidden" name=".cgifields" value="296"  /><input type="hidden" name=".cgifields
Action.c(62):     " value="265"  /><input type="hidden" name=".cgifields" value="169"  /><input type="hidden
Action.c(62):     " name=".cgifields" value="132"  /><input type="hidden" name=".cgifields" value="171"  /><
Action.c(62):     input type="hidden" name=".cgifields" value="384"  /><input type="hidden" name=".cgifields
Action.c(62):     " value="200"  /><input type="hidden" name=".cgifields" value="18"  /><input type="hidden"
Action.c(62):      name=".cgifields" value="376"  /><input type="hidden" name=".cgifields" value="366"  /><i
Action.c(62):     nput type="hidden" name=".cgifields" value="125"  /><input type="hidden" name=".cgifields"
Action.c(62):      value="329"  /><input type="hidden" name=".cgifields" value="44"  /><input type="hidden" 
Action.c(62):     name=".cgifields" value="27"  /><input type="hidden" name=".cgifields" value="272"  /><inp
Action.c(62):     ut type="hidden" name=".cgifields" value="161"  /><input type="hidden" name=".cgifields" v
Action.c(62):     alue="190"  /><input type="hidden" name=".cgifields" value="298"  /><input type="hidden" n
Action.c(62):     ame=".cgifields" value="95"  /><input type="hidden" name=".cgifields" value="313"  /><inpu
Action.c(62):     t type="hidden" name=".cgifields" value="20"  /><input type="hidden" name=".cgifields" val
Action.c(62):     ue="109"  /><input type="hidden" name=".cgifields" value="231"  /><input type="hidden" nam
Action.c(62):     e=".cgifields" value="243"  /><input type="hidden" name=".cgifields" value="151"  /><input
Action.c(62):      type="hidden" name=".cgifields" value="148"  /><input type="hidden" name=".cgifields" val
Action.c(62):     ue="343"  /><input type="hidden" name=".cgifields" value="287"  /><input type="hidden" nam
Action.c(62):     e=".cgifields" value="78"  /><input type="hidden" name=".cgifields" value="294"  /><input 
Action.c(62):     type="hidden" name=".cgifields" value="349"  /><input type="hidden" name=".cgifields" valu
Action.c(62):     e="106"  /><input type="hidden" name=".cgifields" value="275"  /><input type="hidden" name
Action.c(62):     =".cgifields" value="157"  /><input type="hidden" name=".cgifields" value="65"  /><input t
Action.c(62):     ype="hidden" name=".cgifields" value="197"  /><input type="hidden" name=".cgifields" value
Action.c(62):     ="203"  /><input type="hidden" name=".cgifields" value="261"  /><input type="hidden" name=
Action.c(62):     ".cgifields" value="138"  /><input type="hidden" name=".cgifields" value="81"  /><input ty
Action.c(62):     pe="hidden" name=".cgifields" value="137"  /><input type="hidden" name=".cgifields" value=
Action.c(62):     "60"  /><input type="hidden" name=".cgifields" value="321"  /><input type="hidden" name=".
Action.c(62):     cgifields" value="284"  /><input type="hidden" name=".cgifields" value="86"  /><input type
Action.c(62):     ="hidden" name=".cgifields" value="247"  /><input type="hidden" name=".cgifields" value="3
Action.c(62):     71"  /><input type="hidden" name=".cgifields" value="204"  /><input type="hidden" name=".c
Action.c(62):     gifields" value="289"  /><input type="hidden" name=".cgifields" value="165"  /><input type
Action.c(62):     ="hidden" name=".cgifields" value="346"  /><input type="hidden" name=".cgifields" value="1
Action.c(62):     7"  /><input type="hidden" name=".cgifields" value="2"  /><input type="hidden" name=".cgif
Action.c(62):     ields" value="186"  /><input type="hidden" name=".cgifields" value="82"  /><input type="hi
Action.c(62):     dden" name=".cgifields" value="110"  /><input type="hidden" name=".cgifields" value="147" 
Action.c(62):      /><input type="hidden" name=".cgifields" value="333"  /><input type="hidden" name=".cgifi
Action.c(62):     elds" value="339"  /><input type="hidden" name=".cgifields" value="228"  /><input type="hi
Action.c(62):     dden" name=".cgifields" value="323"  /><input type="hidden" name=".cgifields" value="268" 
Action.c(62):      /><input type="hidden" name=".cgifields" value="345"  /><input type="hidden" name=".cgifi
Action.c(62):     elds" value="69"  /><input type="hidden" name=".cgifields" value="112"  /><input type="hid
Action.c(62):     den" name=".cgifields" value="319"  /><input type="hidden" name=".cgifields" value="172"  
Action.c(62):     /><input type="hidden" name=".cgifields" value="191"  /><input type="hidden" name=".cgifie
Action.c(62):     lds" value="224"  /><input type="hidden" name=".cgifields" value="187"  /><input type="hid
Action.c(62):     den" name=".cgifields" value="223"  /><input type="hidden" name=".cgifields" value="282"  
Action.c(62):     /><input type="hidden" name=".cgifields" value="262"  /><input type="hidden" name=".cgifie
Action.c(62):     lds" value="79"  /><input type="hidden" name=".cgifields" value="121"  /><input type="hidd
Action.c(62):     en" name=".cgifields" value="212"  /><input type="hidden" name=".cgifields" value="352"  /
Action.c(62):     ><input type="hidden" name=".cgifields" value="344"  /><input type="hidden" name=".cgifiel
Action.c(62):     ds" value="126"  /><input type="hidden" name=".cgifields" value="238"  /><input type="hidd
Action.c(62):     en" name=".cgifields" value="251"  /><input type="hidden" name=".cgifields" value="369"  /
Action.c(62):     ><input type="hidden" name=".cgifields" value="253"  /><input type="hidden" name=".cgifiel
Action.c(62):     ds" value="279"  /><input type="hidden" name=".cgifields" value="176"  /><input type="hidd
Action.c(62):     en" name=".cgifields" value="209"  /><input type="hidden" name=".cgifields" value="357"  /
Action.c(62):     ><input type="hidden" name=".cgifields" value="216"  /><input type="hidden" name=".cgifiel
Action.c(62):     ds" value="256"  /><input type="hidden" name=".cgifields" value="372"  /><input type="hidd
Action.c(62):     en" name=".cgifields" value="117"  /><input type="hidden" name=".cgifields" value="170"  /
Action.c(62):     ><input type="hidden" name=".cgifields" value="33"  /><input type="hidden" name=".cgifield
Action.c(62):     s" value="63"  /><input type="hidden" name=".cgifields" value="7"  /><input type="hidden" 
Action.c(62):     name=".cgifields" value="80"  /><input type="hidden" name=".cgifields" value="26"  /><inpu
Action.c(62):     t type="hidden" name=".cgifields" value="227"  /><input type="hidden" name=".cgifields" va
Action.c(62):     lue="336"  /><input type="hidden" name=".cgifields" value="99"  /><input type="hidden" nam
Action.c(62):     e=".cgifields" value="72"  /><input type="hidden" name=".cgifields" value="179"  /><input 
Action.c(62):     type="hidden" name=".cgifields" value="383"  /><input type="hidden" name=".cgifields" valu
Action.c(62):     e="264"  /><input type="hidden" name=".cgifields" value="255"  /><input type="hidden" name
Action.c(62):     =".cgifields" value="297"  /><input type="hidden" name=".cgifields" value="359"  /><input 
Action.c(62):     type="hidden" name=".cgifields" value="182"  /><input type="hidden" name=".cgifields" valu
Action.c(62):     e="108"  /><input type="hidden" name=".cgifields" value="277"  /><input type="hidden" name
Action.c(62):     =".cgifields" value="92"  /><input type="hidden" name=".cgifields" value="232"  /><input t
Action.c(62):     ype="hidden" name=".cgifields" value="10"  /><input type="hidden" name=".cgifields" value=
Action.c(62):     "225"  /><input type="hidden" name=".cgifields" value="330"  /><input type="hidden" name="
Action.c(62):     .cgifields" value="142"  /><input type="hidden" name=".cgifields" value="207"  /><input ty
Action.c(62):     pe="hidden" name=".cgifields" value="263"  /><input type="hidden" name=".cgifields" value=
Action.c(62):     "167"  /><input type="hidden" name=".cgifields" value="48"  /><input type="hidden" name=".
Action.c(62):     cgifields" value="360"  /><input type="hidden" name=".cgifields" value="133"  /><input typ
Action.c(62):     e="hidden" name=".cgifields" value="290"  /><input type="hidden" name=".cgifields" value="
Action.c(62):     123"  /><input type="hidden" name=".cgifields" value="149"  /><input type="hidden" name=".
Action.c(62):     cgifields" value="304"  /><input type="hidden" name=".cgifields" value="50"  /><input type
Action.c(62):     ="hidden" name=".cgifields" value="210"  /><input type="hidden" name=".cgifields" value="2
Action.c(62):     58"  /><input type="hidden" name=".cgifields" value="173"  /><input type="hidden" name=".c
Action.c(62):     gifields" value="56"  /><input type="hidden" name=".cgifields" value="66"  /><input type="
Action.c(62):     hidden" name=".cgifields" value="19"  /><input type="hidden" name=".cgifields" value="293"
Action.c(62):       /><input type="hidden" name=".cgifields" value="54"  /><input type="hidden" name=".cgifi
Action.c(62):     elds" value="365"  /><input type="hidden" name=".cgifields" value="274"  /><input type="hi
Action.c(62):     dden" name=".cgifields" value="306"  /><input type="hidden" name=".cgifields" value="70"  
Action.c(62):     /><input type="hidden" name=".cgifields" value="322"  /><input type="hidden" name=".cgifie
Action.c(62):     lds" value="353"  /><input type="hidden" name=".cgifields" value="166"  /><input type="hid
Action.c(62):     den" name=".cgifields" value="375"  /><input type="hidden" name=".cgifields" value="88"  /
Action.c(62):     ><input type="hidden" name=".cgifields" value="30"  /><input type="hidden" name=".cgifield
Action.c(62):     s" value="141"  /><input type="hidden" name=".cgifields" value="128"  /><input type="hidde
Action.c(62):     n" name=".cgifields" value="252"  /><input type="hidden" name=".cgifields" value="28"  /><
Action.c(62):     input type="hidden" name=".cgifields" value="310"  /><input type="hidden" name=".cgifields
Action.c(62):     " value="283"  /><input type="hidden" name=".cgifields" value="75"  /><input type="hidden"
Action.c(62):      name=".cgifields" value="40"  /><input type="hidden" name=".cgifields" value="134"  /><in
Action.c(62):     put type="hidden" name=".cgifields" value="156"  /><input type="hidden" name=".cgifields" 
Action.c(62):     value="303"  /><input type="hidden" name=".cgifields" value="192"  /><input type="hidden" 
Action.c(62):     name=".cgifields" value="250"  /><input type="hidden" name=".cgifields" value="59"  /><inp
Action.c(62):     ut type="hidden" name=".cgifields" value="215"  /><input type="hidden" name=".cgifields" v
Action.c(62):     alue="278"  /><input type="hidden" name=".cgifields" value="150"  /><input type="hidden" n
Action.c(62):     ame=".cgifields" value="271"  /><input type="hidden" name=".cgifields" value="130"  /><inp
Action.c(62):     ut type="hidden" name=".cgifields" value="155"  /><input type="hidden" name=".cgifields" v
Action.c(62):     alue="53"  /><input type="hidden" name=".cgifields" value="245"  /><input type="hidden" na
Action.c(62):     me=".cgifields" value="267"  /><input type="hidden" name=".cgifields" value="354"  /><inpu
Action.c(62):     t type="hidden" name=".cgifields" value="219"  /><input type="hidden" name=".cgifields" va
Action.c(62):     lue="318"  /><input type="hidden" name=".cgifields" value="13"  /><input type="hidden" nam
Action.c(62):     e=".cgifields" value="257"  /><input type="hidden" name=".cgifields" value="105"  /><input
Action.c(62):      type="hidden" name=".cgifields" value="85"  /><input type="hidden" name=".cgifields" valu
Action.c(62):     e="3"  /><input type="hidden" name=".cgifields" value="185"  /><input type="hidden" name="
Action.c(62):     .cgifields" value="332"  /><input type="hidden" name=".cgifields" value="248"  /><input ty
Action.c(62):     pe="hidden" name=".cgifields" value="111"  /><input type="hidden" name=".cgifields" value=
Action.c(62):     "9"  /><input type="hidden" name=".cgifields" value="146"  /><input type="hidden" name=".c
Action.c(62):     gifields" value="356"  /><input type="hidden" name=".cgifields" value="38"  /><input type=
Action.c(62):     "hidden" name=".cgifields" value="4"  /><input type="hidden" name=".cgifields" value="34" 
Action.c(62):      /><input type="hidden" name=".cgifields" value="164"  /><input type="hidden" name=".cgifi
Action.c(62):     elds" value="196"  /><input type="hidden" name=".cgifields" value="242"  /></div></form>\n
Action.c(62):     \n
Action.c(62):     </center>\n
Action.c(62):     \n
Action.c(62):     </body>\n
Action.c(62):     </html>
Action.c(62): t=6906533ms: Request done "http://localhost:1080/cgi-bin/itinerary.pl"  	[MsgId: MMSG-26000]
Action.c(62): t=6906533ms: Already connected [0] to localhost:1080  	[MsgId: MMSG-26000]
Action.c(62): t=6906533ms: 523-byte request headers for "http://localhost:1080/WebTours/images/cancelreservation.gif" (RelFrameId=, Internal ID=7296)
Action.c(62):     GET /WebTours/images/cancelreservation.gif HTTP/1.1\r\n
Action.c(62):     Referer: http://localhost:1080/cgi-bin/itinerary.pl\r\n
Action.c(62):     Priority: u=4\r\n
Action.c(62):     Upgrade-Insecure-Requests: 1\r\n
Action.c(62):     User-Agent: Mozilla/5.0 (Windows NT 10.0; Win64; x64; rv:130.0) Gecko/20100101 Firefox/130
Action.c(62):     .0\r\n
Action.c(62):     Accept-Encoding: gzip, deflate\r\n
Action.c(62):     Accept-Language: ru-RU,ru;q=0.8,en-US;q=0.5,en;q=0.3\r\n
Action.c(62):     Accept: */*\r\n
Action.c(62):     Connection: Keep-Alive\r\n
Action.c(62):     Host: localhost:1080\r\n
Action.c(62):     Cookie: MSO=SID&1729456374; MTUserInfo=firstName&&address2&&username&jojo1&hash&81&lastNam
Action.c(62):     e&%0A&address1&&creditCard&&expDate&%0A\r\n
Action.c(62):     \r\n
Action.c(62): t=6906535ms: 297-byte response headers for "http://localhost:1080/WebTours/images/cancelreservation.gif" (RelFrameId=, Internal ID=7296)
Action.c(62):     HTTP/1.1 200 OK\r\n
Action.c(62):     Date: Sun, 20 Oct 2024 20:33:15 GMT\r\n
Action.c(62):     Server: Apache/2.2.21 (Win32)\r\n
Action.c(62):     Last-Modified: Thu, 12 Jan 2012 13:30:28 GMT\r\n
Action.c(62):     ETag: "200000000fb04-33f-4b654c0620500"\r\n
Action.c(62):     Accept-Ranges: bytes\r\n
Action.c(62):     Content-Length: 831\r\n
Action.c(62):     Keep-Alive: timeout=5, max=96\r\n
Action.c(62):     Connection: Keep-Alive\r\n
Action.c(62):     Content-Type: image/gif\r\n
Action.c(62):     \r\n
Action.c(62): t=6906536ms: 831-byte response body for "http://localhost:1080/WebTours/images/cancelreservation.gif" (RelFrameId=, Internal ID=7296)
Action.c(62): t=6906536ms: Request done "http://localhost:1080/WebTours/images/cancelreservation.gif"  	[MsgId: MMSG-26000]
Action.c(62): t=6906536ms: Already connected [1] to localhost:1080  	[MsgId: MMSG-26000]
Action.c(62): t=6906536ms: 527-byte request headers for "http://localhost:1080/WebTours/images/cancelallreservations.gif" (RelFrameId=, Internal ID=7297)
Action.c(62):     GET /WebTours/images/cancelallreservations.gif HTTP/1.1\r\n
Action.c(62):     Referer: http://localhost:1080/cgi-bin/itinerary.pl\r\n
Action.c(62):     Priority: u=4\r\n
Action.c(62):     Upgrade-Insecure-Requests: 1\r\n
Action.c(62):     User-Agent: Mozilla/5.0 (Windows NT 10.0; Win64; x64; rv:130.0) Gecko/20100101 Firefox/130
Action.c(62):     .0\r\n
Action.c(62):     Accept-Encoding: gzip, deflate\r\n
Action.c(62):     Accept-Language: ru-RU,ru;q=0.8,en-US;q=0.5,en;q=0.3\r\n
Action.c(62):     Accept: */*\r\n
Action.c(62):     Connection: Keep-Alive\r\n
Action.c(62):     Host: localhost:1080\r\n
Action.c(62):     Cookie: MSO=SID&1729456374; MTUserInfo=firstName&&address2&&username&jojo1&hash&81&lastNam
Action.c(62):     e&%0A&address1&&creditCard&&expDate&%0A\r\n
Action.c(62):     \r\n
Action.c(62): t=6906538ms: 297-byte response headers for "http://localhost:1080/WebTours/images/cancelallreservations.gif" (RelFrameId=, Internal ID=7297)
Action.c(62):     HTTP/1.1 200 OK\r\n
Action.c(62):     Date: Sun, 20 Oct 2024 20:33:15 GMT\r\n
Action.c(62):     Server: Apache/2.2.21 (Win32)\r\n
Action.c(62):     Last-Modified: Thu, 12 Jan 2012 13:30:28 GMT\r\n
Action.c(62):     ETag: "300000000fb03-2e6-4b654c0620500"\r\n
Action.c(62):     Accept-Ranges: bytes\r\n
Action.c(62):     Content-Length: 742\r\n
Action.c(62):     Keep-Alive: timeout=5, max=98\r\n
Action.c(62):     Connection: Keep-Alive\r\n
Action.c(62):     Content-Type: image/gif\r\n
Action.c(62):     \r\n
Action.c(62): t=6906538ms: 742-byte response body for "http://localhost:1080/WebTours/images/cancelallreservations.gif" (RelFrameId=, Internal ID=7297)
Action.c(62): t=6906538ms: Request done "http://localhost:1080/WebTours/images/cancelallreservations.gif"  	[MsgId: MMSG-26000]
Action.c(62): Registered web_reg_find successful for "Text=<title>Flights List</title>
" (count=1)  	[MsgId: MMSG-26364]
Action.c(62): web_image("Itinerary Button") was successful, 449808 body bytes, 1913 header bytes, 867 chunking overhead bytes  	[MsgId: MMSG-26385]
Action.c(67): Notify: Transaction "open_booking_pages" ended with a "Pass" status (Duration: 3.3541 Wasted Time: 0.0020).	[MsgId: MMSG-16871]
Action.c(68): lr_think_time: 1.00 seconds.	[MsgId: MMSG-15948]
Action.c(69): Notify: Transaction "logout" started.	[MsgId: MMSG-16999]
Action.c(71): web_reg_find started  	[MsgId: MMSG-26355]
Action.c(71): Registering web_reg_find was successful  	[MsgId: MMSG-26390]
Action.c(73): web_image("SignOff Button") started  	[MsgId: MMSG-26355]
Action.c(73): Image-linking to "http://localhost:1080/cgi-bin/welcome.pl?signOff=1", Target Frame="body"  	[MsgId: MMSG-27993]
Action.c(73): t=6907560ms: Already connected [0] to localhost:1080  	[MsgId: MMSG-26000]
Action.c(73): t=6907560ms: 531-byte request headers for "http://localhost:1080/cgi-bin/welcome.pl?signOff=1" (RelFrameId=1, Internal ID=7298)
Action.c(73):     GET /cgi-bin/welcome.pl?signOff=1 HTTP/1.1\r\n
Action.c(73):     Referer: http://localhost:1080/cgi-bin/nav.pl?page=menu&in=itinerary\r\n
Action.c(73):     Priority: u=4\r\n
Action.c(73):     Upgrade-Insecure-Requests: 1\r\n
Action.c(73):     User-Agent: Mozilla/5.0 (Windows NT 10.0; Win64; x64; rv:130.0) Gecko/20100101 Firefox/130
Action.c(73):     .0\r\n
Action.c(73):     Accept-Encoding: gzip, deflate\r\n
Action.c(73):     Accept-Language: ru-RU,ru;q=0.8,en-US;q=0.5,en;q=0.3\r\n
Action.c(73):     Accept: */*\r\n
Action.c(73):     Connection: Keep-Alive\r\n
Action.c(73):     Host: localhost:1080\r\n
Action.c(73):     Cookie: MSO=SID&1729456374; MTUserInfo=firstName&&address2&&username&jojo1&hash&81&lastNam
Action.c(73):     e&%0A&address1&&creditCard&&expDate&%0A\r\n
Action.c(73):     \r\n
Action.c(73): t=6908005ms: 327-byte response headers for "http://localhost:1080/cgi-bin/welcome.pl?signOff=1" (RelFrameId=1, Internal ID=7298)
Action.c(73):     HTTP/1.1 200 OK\r\n
Action.c(73):     Date: Sun, 20 Oct 2024 20:33:16 GMT\r\n
Action.c(73):     Server: Apache/2.2.21 (Win32)\r\n
Action.c(73):     Set-Cookie: MSO=SID&1729456396; path=/\r\n
Action.c(73):     Set-Cookie: MTUserInfo=; path=/; expires=Sat, 19-Oct-2024 20:33:16 GMT\r\n
Action.c(73):     Keep-Alive: timeout=5, max=95\r\n
Action.c(73):     Connection: Keep-Alive\r\n
Action.c(73):     Transfer-Encoding: chunked\r\n
Action.c(73):     Content-Type: text/html; charset=ISO-8859-1\r\n
Action.c(73):     \r\n
Action.c(73): t=6908007ms: 5-byte chunked response overhead for "http://localhost:1080/cgi-bin/welcome.pl?signOff=1" (RelFrameId=1, Internal ID=7298)
Action.c(73):     2ae\r\n
Action.c(73): t=6908007ms: 7-byte chunked response overhead for "http://localhost:1080/cgi-bin/welcome.pl?signOff=1" (RelFrameId=1, Internal ID=7298)
Action.c(73):     \r\n
Action.c(73):     0\r\n
Action.c(73):     \r\n
Action.c(73): t=6908008ms: 686-byte chunked response body for "http://localhost:1080/cgi-bin/welcome.pl?signOff=1" (RelFrameId=1, Internal ID=7298)
Action.c(73):     <!-- \n
Action.c(73):      A Session ID has been created and loaded into a cookie called MSO.\n
Action.c(73):      Also, the server options have been loaded into the cookie called\n
Action.c(73):      MSO as well.  The server options can be set via the Admin page.\n
Action.c(73):      --->\n
Action.c(73):     \n
Action.c(73):     <html>\n
Action.c(73):     <title>Web Tours</title>\n
Action.c(73):        <!-- Frame Set -->\n
Action.c(73):        <frameset cols="160,*" border="1" frameborder="1">\n
Action.c(73):           <!-- Navigation Frame -->\n
Action.c(73):           <frame src="nav.pl?in=home" name="navbar" marginheight="2" marginwidth="2" \n
Action.c(73):                 noresize="noresize" scrolling="auto"/>\n
Action.c(73):           <!-- Home Frame -->\n
Action.c(73):           <frame src="/WebTours/home.html" name="info" marginheight="2" marginwidth="2" \n
Action.c(73):                 noresize="noresize" scrolling="auto"/>\n
Action.c(73):        </frameset>\n
Action.c(73):     </html>\n
Action.c(73):     \n
Action.c(73):     </body>\n
Action.c(73):     </html>
Action.c(73): Detected non-resource "http://localhost:1080/cgi-bin/nav.pl?in=home" in "http://localhost:1080/cgi-bin/welcome.pl?signOff=1"  	[MsgId: MMSG-26574]
Action.c(73): Detected non-resource "http://localhost:1080/WebTours/home.html" in "http://localhost:1080/cgi-bin/welcome.pl?signOff=1"  	[MsgId: MMSG-26574]
Action.c(73): Retrieving data from cache for "http://localhost:1080/WebTours/home.html"  	[MsgId: MMSG-26558]
Action.c(73): t=6908009ms: 1361-byte response body retrieved from cache for "http://localhost:1080/WebTours/home.html" (RelFrameId=1.2, Internal ID=7300)
Action.c(73):     <HTML>\n
Action.c(73):     <HEAD>\n
Action.c(73):     \t<title>Web Tours</title>\n
Action.c(73):     </HEAD>\n
Action.c(73):     <style>\n
Action.c(73):     \tblockquote {font-family: tahoma; font-size : 10pt}\n
Action.c(73):     \tH1 {font-family: tahoma; font-size : 22pt; color: #003366}\n
Action.c(73):     \tsmall {font-family: tahoma; font-size : 8pt}\n
Action.c(73):     \tH3{font-family: tahoma; font-size : 10pt; color: black}\n
Action.c(73):     \tA {FONT-WEIGHT: bold; FONT-SIZE: 10pt; COLOR: black; FONT-FAMILY: Tahoma; TEXT-DECORATIO
Action.c(73):     N: none}\n
Action.c(73):     \tA:hover{ FONT-WEIGHT: bold; FONT-SIZE: 10pt; COLOR: #993333; FONT-FAMILY: Tahoma;TEXT-DE
Action.c(73):     CORATION: underline}\n
Action.c(73):     \tTD {font-family: tahoma; font-size : 10pt; color: black}\n
Action.c(73):     </style>\n
Action.c(73):     <body bgcolor="#e0e7f1">\n
Action.c(73):     <BR/>\n
Action.c(73):     <BR/>\n
Action.c(73):     <BR/>\n
Action.c(73):     <br/>\n
Action.c(73):     <table border="0">\n
Action.c(73):     <tr><td></td></tr>\n
Action.c(73):     <TR><TD></TD></TR>\n
Action.c(73):     <TR><TD>\n
Action.c(73):     <blockquote>\n
Action.c(73):     <H1><b>Web Tours</b></H1>\n
Action.c(73):     Welcome to the Web Tours site.\n
Action.c(73):     <br/>\n
Action.c(73):     To make reservations,please enter your account information to the left.\n
Action.c(73):     <br/>\n
Action.c(73):     If you haven't registered yet, <A href="/cgi-bin/login.pl?username=&amp;password=&amp;getI
Action.c(73):     nfo=true" ><B>sign up now</B></A> to get access to all our resources.\n
Action.c(73):     <br/>\n
Action.c(73):     To configure the server options, use <A href="/cgi-bin/admin.pl" target="body" ><b>adminis
Action.c(73):     tration</b></A> link.\n
Action.c(73):     <br/><br/><br/><br/><br/><br/>\n
Action.c(73):     <br/><small>\n
Action.c(73):     This product uses parts of the SMT Kernel, Copyright (c) 1991-99 <A href="http://www.imati
Action.c(73):     x.com" target="new"><B><small>iMatix Corporation</small></B></A> \n
Action.c(73):     </small>\n
Action.c(73):     </blockquote></TD>\n
Action.c(73):     <TD></TD></TR>\n
Action.c(73):     </table>\n
Action.c(73):     </body>\n
Action.c(73):     </HTML>\n
Action.c(73): t=6908010ms: Request done "http://localhost:1080/cgi-bin/welcome.pl?signOff=1"  	[MsgId: MMSG-26000]
Action.c(73): t=6908010ms: Already connected [1] to localhost:1080  	[MsgId: MMSG-26000]
Action.c(73): t=6908010ms: 413-byte request headers for "http://localhost:1080/cgi-bin/nav.pl?in=home" (RelFrameId=1.1, Internal ID=7299)
Action.c(73):     GET /cgi-bin/nav.pl?in=home HTTP/1.1\r\n
Action.c(73):     Referer: http://localhost:1080/cgi-bin/welcome.pl?signOff=1\r\n
Action.c(73):     Priority: u=4\r\n
Action.c(73):     Upgrade-Insecure-Requests: 1\r\n
Action.c(73):     User-Agent: Mozilla/5.0 (Windows NT 10.0; Win64; x64; rv:130.0) Gecko/20100101 Firefox/130
Action.c(73):     .0\r\n
Action.c(73):     Accept-Encoding: gzip, deflate\r\n
Action.c(73):     Accept-Language: ru-RU,ru;q=0.8,en-US;q=0.5,en;q=0.3\r\n
Action.c(73):     Accept: */*\r\n
Action.c(73):     Connection: Keep-Alive\r\n
Action.c(73):     Host: localhost:1080\r\n
Action.c(73):     Cookie: MSO=SID&1729456396\r\n
Action.c(73):     \r\n
Action.c(73): t=6908081ms: Inactive socket [4] was closed by localhost:1080, probably due to Keep-Alive timeout  	[MsgId: MMSG-26000]
Action.c(73): t=6908092ms: Closed connection [4] to localhost:1080 after completing 1 request(s)  	[MsgId: MMSG-26000]
Action.c(73): t=6908092ms: Inactive socket [5] was closed by localhost:1080, probably due to Keep-Alive timeout  	[MsgId: MMSG-26000]
Action.c(73): t=6908093ms: Closed connection [5] to localhost:1080 after completing 1 request(s)  	[MsgId: MMSG-26000]
Action.c(73): t=6908101ms: 255-byte response headers for "http://localhost:1080/cgi-bin/nav.pl?in=home" (RelFrameId=1.1, Internal ID=7299)
Action.c(73):     HTTP/1.1 200 OK\r\n
Action.c(73):     Date: Sun, 20 Oct 2024 20:33:17 GMT\r\n
Action.c(73):     Server: Apache/2.2.21 (Win32)\r\n
Action.c(73):     Expires: Sat, 19 Oct 2024 20:33:17 GMT\r\n
Action.c(73):     Keep-Alive: timeout=5, max=97\r\n
Action.c(73):     Connection: Keep-Alive\r\n
Action.c(73):     Transfer-Encoding: chunked\r\n
Action.c(73):     Content-Type: text/html; charset=ISO-8859-1\r\n
Action.c(73):     \r\n
Action.c(73): t=6908101ms: 5-byte chunked response overhead for "http://localhost:1080/cgi-bin/nav.pl?in=home" (RelFrameId=1.1, Internal ID=7299)
Action.c(73):     5d0\r\n
Action.c(73): t=6908101ms: 2-byte chunked response overhead for "http://localhost:1080/cgi-bin/nav.pl?in=home" (RelFrameId=1.1, Internal ID=7299)
Action.c(73):     \r\n
Action.c(73): t=6908101ms: 1488-byte chunked response body for "http://localhost:1080/cgi-bin/nav.pl?in=home" (RelFrameId=1.1, Internal ID=7299)
Action.c(73):     <!DOCTYPE html\n
Action.c(73):     \tPUBLIC "-//W3C//DTD XHTML 1.0 Transitional//EN"\n
Action.c(73):     \t "http://www.w3.org/TR/xhtml1/DTD/xhtml1-transitional.dtd">\n
Action.c(73):     <html xmlns="http://www.w3.org/1999/xhtml" lang="en-US" xml:lang="en-US">\n
Action.c(73):     <head>\n
Action.c(73):     <title>Web Tours Navigation Bar</title>\n
Action.c(73):     <meta http-equiv="Content-Type" content="text/html; charset=iso-8859-1" />\n
Action.c(73):     </head>\n
Action.c(73):     <body bgcolor="#E0E7F1">\n
Action.c(73):     <style>\n
Action.c(73):     blockquote {font-family: tahoma; font-size : 10pt}\n
Action.c(73):     H1 {font-family: tahoma; font-size : 22pt; color: #993333}\n
Action.c(73):     H3 {font-family: tahoma; font-size : 10pt; color: black}\n
Action.c(73):     small {font-family: tahoma; font-size : 8pt}\n
Action.c(73):     </style>\n
Action.c(73):     <form method="post" action="/cgi-bin/login.pl" target="body">\n
Action.c(73):     <input type="hidden" name="userSession" value="140093.673228028HcAzAzipDVzzzzzHtDcDzptAQQ"
Action.c(73):     />\n
Action.c(73):     <table border="0"><tr><td>&nbsp;</td>\n
Action.c(73):     <td>&nbsp;</td></tr>\n
Action.c(73):     <tr><td>&nbsp;</td>\n
Action.c(73):     <td>&nbsp;</td></tr>\n
Action.c(73):     <tr><td>&nbsp;</td>\n
Action.c(73):     <td><small>&nbsp;Username</small></td></tr>\n
Action.c(73):     <tr><td>&nbsp;</td>\n
Action.c(73):     <td><input type="text" name="username" value="" size="14" maxlength="14"/></td></tr>\n
Action.c(73):     <tr><td>&nbsp;</td>\n
Action.c(73):     <td><small>&nbsp;Password</small></td>\n
Action.c(73):     <tr><td>&nbsp;</td>\n
Action.c(73):     <td><input type="password" name="password" value="" size="14" maxlength="14"/></td></tr>\n
Action.c(73):     <tr><td>&nbsp;</td>\n
Action.c(73):     <td>&nbsp;</td></tr>\n
Action.c(73):     <tr><td>&nbsp;</td>\n
Action.c(73):     <td><input type="image" name="login" value="Login" alt="Login" border="1" \n
Action.c(73):     src="/WebTours/images/mer_login.gif"/></td></tr>\n
Action.c(73):     <tr><td>&nbsp;</td><td>&nbsp;</td></tr>\n
Action.c(73):     </table><input type="hidden" name="JSFormSubmit" value="off"/>\n
Action.c(73):     </form>\n
Action.c(73):     \n
Action.c(73):     </body>\n
Action.c(73):     </html>\n
Action.c(73): Resource "http://localhost:1080/WebTours/images/mer_login.gif" is in the cache already and will not be downloaded again  	[MsgId: MMSG-26655]
Action.c(73): t=6908105ms: 5-byte chunked response overhead for "http://localhost:1080/cgi-bin/nav.pl?in=home" (RelFrameId=1.1, Internal ID=7299)
Action.c(73):     0\r\n
Action.c(73):     \r\n
Action.c(73): t=6908106ms: Request done "http://localhost:1080/cgi-bin/nav.pl?in=home"  	[MsgId: MMSG-26000]
Action.c(73): Registered web_reg_find successful for "Text=Welcome to the Web Tours site." (count=1)  	[MsgId: MMSG-26364]
Action.c(73): web_image("SignOff Button") was successful, 2174 body bytes, 582 header bytes, 24 chunking overhead bytes  	[MsgId: MMSG-26385]
Action.c(78): Notify: Transaction "logout" ended with a "Pass" status (Duration: 0.5463).	[MsgId: MMSG-16873]
Action.c(79): Notify: Transaction "UC04_check_booking_pages" ended with a "Pass" status (Duration: 33.2352 Think Time: 5.5129 Wasted Time: 0.0020).	[MsgId: MMSG-16870]
Ending action Action.	[MsgId: MMSG-15918]
Action was aborted.	[MsgId: MMSG-10694]
Ending Vuser...	[MsgId: MMSG-15966]
Starting action vuser_end.	[MsgId: MMSG-15919]
Ending action vuser_end.	[MsgId: MMSG-15918]
Vuser Terminated.	[MsgId: MMSG-15963]
t=6908107ms: Closed connection [0] to localhost:1080 after completing 6 request(s)  	[MsgId: MMSG-26000]
t=6908107ms: Closed connection [1] to localhost:1080 after completing 4 request(s)  	[MsgId: MMSG-26000]
t=6908107ms: Closed connection [2] to localhost:1080 after completing 2 request(s)  	[MsgId: MMSG-26000]
t=6908107ms: Closed connection [3] to localhost:1080 after completing 2 request(s)  	[MsgId: MMSG-26000]
HTML-Mode memory management statistics: Reusable=78, NonReusable=0, CsMemBlockSize=4096, checks disabled  	[MsgId: MMSG-26000]
Vuser 1 (thread 12668), ended OK."	[MsgId: MMSG-10695]
