Vuser Terminated.	[MsgId: MMSG-15963]
t=1776147ms: Closed connection [0] to localhost:1080 after completing 1 request(s)  	[MsgId: MMSG-26000]
t=1776147ms: Closed connection [1] to localhost:1080 after completing 1 request(s)  	[MsgId: MMSG-26000]
HTML-Mode memory management statistics: Reusable=7, NonReusable=0, CsMemBlockSize=4096, checks disabled  	[MsgId: MMSG-26000]
Vuser 0 (thread 3680), ended OK."	[MsgId: MMSG-10695]
Action.c(50): Notify: Transaction "logout" started.	[MsgId: MMSG-16999]
Action.c(52): web_reg_find started  	[MsgId: MMSG-26355]
Action.c(52): Registering web_reg_find was successful  	[MsgId: MMSG-26390]
Action.c(54): web_image("SignOff Button") started  	[MsgId: MMSG-26355]
Action.c(54): Image-linking to "http://localhost:1080/cgi-bin/welcome.pl?signOff=1", Target Frame="body"  	[MsgId: MMSG-27993]
Action.c(54): t=1777480ms: Closed connection [2] to localhost:1080 after completing 1 request(s)  	[MsgId: MMSG-26000]
Action.c(54): t=1777480ms: Connecting [2] to host 127.0.0.1:1080  	[MsgId: MMSG-26000]
Action.c(54): t=1777481ms: Connected socket [2] from 127.0.0.1:3229 to 127.0.0.1:1080 in 1 ms  	[MsgId: MMSG-26000]
Action.c(54): t=1777481ms: 526-byte request headers for "http://localhost:1080/cgi-bin/welcome.pl?signOff=1" (RelFrameId=1, Internal ID=250)
Action.c(54):     GET /cgi-bin/welcome.pl?signOff=1 HTTP/1.1\r\n
Action.c(54):     Referer: http://localhost:1080/cgi-bin/nav.pl?page=menu&in=home\r\n
Action.c(54):     Priority: u=4\r\n
Action.c(54):     Upgrade-Insecure-Requests: 1\r\n
Action.c(54):     User-Agent: Mozilla/5.0 (Windows NT 10.0; Win64; x64; rv:130.0) Gecko/20100101 Firefox/130
Action.c(54):     .0\r\n
Action.c(54):     Accept-Encoding: gzip, deflate\r\n
Action.c(54):     Accept-Language: ru-RU,ru;q=0.8,en-US;q=0.5,en;q=0.3\r\n
Action.c(54):     Accept: */*\r\n
Action.c(54):     Connection: Keep-Alive\r\n
Action.c(54):     Host: localhost:1080\r\n
Action.c(54):     Cookie: MSO=SID&1729271015; MTUserInfo=firstName&&address2&&username&jojo5&hash&85&lastNam
Action.c(54):     e&%0A&address1&&creditCard&&expDate&%0A\r\n
Action.c(54):     \r\n
Action.c(54): t=1777506ms: Inactive socket [3] was closed by localhost:1080, probably due to Keep-Alive timeout  	[MsgId: MMSG-26000]
Action.c(54): t=1777506ms: Closed connection [3] to localhost:1080 after completing 1 request(s)  	[MsgId: MMSG-26000]
Action.c(54): t=1777506ms: Inactive socket [4] was closed by localhost:1080, probably due to Keep-Alive timeout  	[MsgId: MMSG-26000]
Action.c(54): t=1777506ms: Closed connection [4] to localhost:1080 after completing 1 request(s)  	[MsgId: MMSG-26000]
Action.c(54): t=1777506ms: Inactive socket [5] was closed by localhost:1080, probably due to Keep-Alive timeout  	[MsgId: MMSG-26000]
Action.c(54): t=1777506ms: Closed connection [5] to localhost:1080 after completing 1 request(s)  	[MsgId: MMSG-26000]
Action.c(54): t=1777580ms: 328-byte response headers for "http://localhost:1080/cgi-bin/welcome.pl?signOff=1" (RelFrameId=1, Internal ID=250)
Action.c(54):     HTTP/1.1 200 OK\r\n
Action.c(54):     Date: Fri, 18 Oct 2024 17:04:07 GMT\r\n
Action.c(54):     Server: Apache/2.2.21 (Win32)\r\n
Action.c(54):     Set-Cookie: MSO=SID&1729271048; path=/\r\n
Action.c(54):     Set-Cookie: MTUserInfo=; path=/; expires=Thu, 17-Oct-2024 17:04:08 GMT\r\n
Action.c(54):     Keep-Alive: timeout=5, max=100\r\n
Action.c(54):     Connection: Keep-Alive\r\n
Action.c(54):     Transfer-Encoding: chunked\r\n
Action.c(54):     Content-Type: text/html; charset=ISO-8859-1\r\n
Action.c(54):     \r\n
Action.c(54): t=1777580ms: 5-byte chunked response overhead for "http://localhost:1080/cgi-bin/welcome.pl?signOff=1" (RelFrameId=1, Internal ID=250)
Action.c(54):     2ae\r\n
Action.c(54): t=1777581ms: 2-byte chunked response overhead for "http://localhost:1080/cgi-bin/welcome.pl?signOff=1" (RelFrameId=1, Internal ID=250)
Action.c(54):     \r\n
Action.c(54): t=1777581ms: 686-byte chunked response body for "http://localhost:1080/cgi-bin/welcome.pl?signOff=1" (RelFrameId=1, Internal ID=250)
Action.c(54):     <!-- \n
Action.c(54):      A Session ID has been created and loaded into a cookie called MSO.\n
Action.c(54):      Also, the server options have been loaded into the cookie called\n
Action.c(54):      MSO as well.  The server options can be set via the Admin page.\n
Action.c(54):      --->\n
Action.c(54):     \n
Action.c(54):     <html>\n
Action.c(54):     <title>Web Tours</title>\n
Action.c(54):        <!-- Frame Set -->\n
Action.c(54):        <frameset cols="160,*" border="1" frameborder="1">\n
Action.c(54):           <!-- Navigation Frame -->\n
Action.c(54):           <frame src="nav.pl?in=home" name="navbar" marginheight="2" marginwidth="2" \n
Action.c(54):                 noresize="noresize" scrolling="auto"/>\n
Action.c(54):           <!-- Home Frame -->\n
Action.c(54):           <frame src="/WebTours/home.html" name="info" marginheight="2" marginwidth="2" \n
Action.c(54):                 noresize="noresize" scrolling="auto"/>\n
Action.c(54):        </frameset>\n
Action.c(54):     </html>\n
Action.c(54):     \n
Action.c(54):     </body>\n
Action.c(54):     </html>
Action.c(54): Detected non-resource "http://localhost:1080/cgi-bin/nav.pl?in=home" in "http://localhost:1080/cgi-bin/welcome.pl?signOff=1"  	[MsgId: MMSG-26574]
Action.c(54): Detected non-resource "http://localhost:1080/WebTours/home.html" in "http://localhost:1080/cgi-bin/welcome.pl?signOff=1"  	[MsgId: MMSG-26574]
Action.c(54): Retrieving data from cache for "http://localhost:1080/WebTours/home.html"  	[MsgId: MMSG-26558]
Action.c(54): t=1777582ms: 1361-byte response body retrieved from cache for "http://localhost:1080/WebTours/home.html" (RelFrameId=1.2, Internal ID=252)
Action.c(54):     <HTML>\n
Action.c(54):     <HEAD>\n
Action.c(54):     \t<title>Web Tours</title>\n
Action.c(54):     </HEAD>\n
Action.c(54):     <style>\n
Action.c(54):     \tblockquote {font-family: tahoma; font-size : 10pt}\n
Action.c(54):     \tH1 {font-family: tahoma; font-size : 22pt; color: #003366}\n
Action.c(54):     \tsmall {font-family: tahoma; font-size : 8pt}\n
Action.c(54):     \tH3{font-family: tahoma; font-size : 10pt; color: black}\n
Action.c(54):     \tA {FONT-WEIGHT: bold; FONT-SIZE: 10pt; COLOR: black; FONT-FAMILY: Tahoma; TEXT-DECORATIO
Action.c(54):     N: none}\n
Action.c(54):     \tA:hover{ FONT-WEIGHT: bold; FONT-SIZE: 10pt; COLOR: #993333; FONT-FAMILY: Tahoma;TEXT-DE
Action.c(54):     CORATION: underline}\n
Action.c(54):     \tTD {font-family: tahoma; font-size : 10pt; color: black}\n
Action.c(54):     </style>\n
Action.c(54):     <body bgcolor="#e0e7f1">\n
Action.c(54):     <BR/>\n
Action.c(54):     <BR/>\n
Action.c(54):     <BR/>\n
Action.c(54):     <br/>\n
Action.c(54):     <table border="0">\n
Action.c(54):     <tr><td></td></tr>\n
Action.c(54):     <TR><TD></TD></TR>\n
Action.c(54):     <TR><TD>\n
Action.c(54):     <blockquote>\n
Action.c(54):     <H1><b>Web Tours</b></H1>\n
Action.c(54):     Welcome to the Web Tours site.\n
Action.c(54):     <br/>\n
Action.c(54):     To make reservations,please enter your account information to the left.\n
Action.c(54):     <br/>\n
Action.c(54):     If you haven't registered yet, <A href="/cgi-bin/login.pl?username=&amp;password=&amp;getI
Action.c(54):     nfo=true" ><B>sign up now</B></A> to get access to all our resources.\n
Action.c(54):     <br/>\n
Action.c(54):     To configure the server options, use <A href="/cgi-bin/admin.pl" target="body" ><b>adminis
Action.c(54):     tration</b></A> link.\n
Action.c(54):     <br/><br/><br/><br/><br/><br/>\n
Action.c(54):     <br/><small>\n
Action.c(54):     This product uses parts of the SMT Kernel, Copyright (c) 1991-99 <A href="http://www.imati
Action.c(54):     x.com" target="new"><B><small>iMatix Corporation</small></B></A> \n
Action.c(54):     </small>\n
Action.c(54):     </blockquote></TD>\n
Action.c(54):     <TD></TD></TR>\n
Action.c(54):     </table>\n
Action.c(54):     </body>\n
Action.c(54):     </HTML>\n
Action.c(54): t=1777593ms: Connecting [0] to host 127.0.0.1:1080  	[MsgId: MMSG-26000]
Action.c(54): t=1777594ms: 5-byte chunked response overhead for "http://localhost:1080/cgi-bin/welcome.pl?signOff=1" (RelFrameId=1, Internal ID=250)
Action.c(54):     0\r\n
Action.c(54):     \r\n
Action.c(54): t=1777595ms: Request done "http://localhost:1080/cgi-bin/welcome.pl?signOff=1"  	[MsgId: MMSG-26000]
Action.c(54): t=1777595ms: Connected socket [0] from 127.0.0.1:3230 to 127.0.0.1:1080 in 1 ms  	[MsgId: MMSG-26000]
Action.c(54): t=1777595ms: 413-byte request headers for "http://localhost:1080/cgi-bin/nav.pl?in=home" (RelFrameId=1.1, Internal ID=251)
Action.c(54):     GET /cgi-bin/nav.pl?in=home HTTP/1.1\r\n
Action.c(54):     Referer: http://localhost:1080/cgi-bin/welcome.pl?signOff=1\r\n
Action.c(54):     Priority: u=4\r\n
Action.c(54):     Upgrade-Insecure-Requests: 1\r\n
Action.c(54):     User-Agent: Mozilla/5.0 (Windows NT 10.0; Win64; x64; rv:130.0) Gecko/20100101 Firefox/130
Action.c(54):     .0\r\n
Action.c(54):     Accept-Encoding: gzip, deflate\r\n
Action.c(54):     Accept-Language: ru-RU,ru;q=0.8,en-US;q=0.5,en;q=0.3\r\n
Action.c(54):     Accept: */*\r\n
Action.c(54):     Connection: Keep-Alive\r\n
Action.c(54):     Host: localhost:1080\r\n
Action.c(54):     Cookie: MSO=SID&1729271048\r\n
Action.c(54):     \r\n
Action.c(54): t=1777692ms: 256-byte response headers for "http://localhost:1080/cgi-bin/nav.pl?in=home" (RelFrameId=1.1, Internal ID=251)
Action.c(54):     HTTP/1.1 200 OK\r\n
Action.c(54):     Date: Fri, 18 Oct 2024 17:04:08 GMT\r\n
Action.c(54):     Server: Apache/2.2.21 (Win32)\r\n
Action.c(54):     Expires: Thu, 17 Oct 2024 17:04:08 GMT\r\n
Action.c(54):     Keep-Alive: timeout=5, max=100\r\n
Action.c(54):     Connection: Keep-Alive\r\n
Action.c(54):     Transfer-Encoding: chunked\r\n
Action.c(54):     Content-Type: text/html; charset=ISO-8859-1\r\n
Action.c(54):     \r\n
Action.c(54): t=1777693ms: 5-byte chunked response overhead for "http://localhost:1080/cgi-bin/nav.pl?in=home" (RelFrameId=1.1, Internal ID=251)
Action.c(54):     5d0\r\n
Action.c(54): t=1777693ms: 2-byte chunked response overhead for "http://localhost:1080/cgi-bin/nav.pl?in=home" (RelFrameId=1.1, Internal ID=251)
Action.c(54):     \r\n
Action.c(54): t=1777693ms: 1488-byte chunked response body for "http://localhost:1080/cgi-bin/nav.pl?in=home" (RelFrameId=1.1, Internal ID=251)
Action.c(54):     <!DOCTYPE html\n
Action.c(54):     \tPUBLIC "-//W3C//DTD XHTML 1.0 Transitional//EN"\n
Action.c(54):     \t "http://www.w3.org/TR/xhtml1/DTD/xhtml1-transitional.dtd">\n
Action.c(54):     <html xmlns="http://www.w3.org/1999/xhtml" lang="en-US" xml:lang="en-US">\n
Action.c(54):     <head>\n
Action.c(54):     <title>Web Tours Navigation Bar</title>\n
Action.c(54):     <meta http-equiv="Content-Type" content="text/html; charset=iso-8859-1" />\n
Action.c(54):     </head>\n
Action.c(54):     <body bgcolor="#E0E7F1">\n
Action.c(54):     <style>\n
Action.c(54):     blockquote {font-family: tahoma; font-size : 10pt}\n
Action.c(54):     H1 {font-family: tahoma; font-size : 22pt; color: #993333}\n
Action.c(54):     H3 {font-family: tahoma; font-size : 10pt; color: black}\n
Action.c(54):     small {font-family: tahoma; font-size : 8pt}\n
Action.c(54):     </style>\n
Action.c(54):     <form method="post" action="/cgi-bin/login.pl" target="body">\n
Action.c(54):     <input type="hidden" name="userSession" value="140078.659214257HcAfcQzpADDDDDDDtDcDVpHHzc"
Action.c(54):     />\n
Action.c(54):     <table border="0"><tr><td>&nbsp;</td>\n
Action.c(54):     <td>&nbsp;</td></tr>\n
Action.c(54):     <tr><td>&nbsp;</td>\n
Action.c(54):     <td>&nbsp;</td></tr>\n
Action.c(54):     <tr><td>&nbsp;</td>\n
Action.c(54):     <td><small>&nbsp;Username</small></td></tr>\n
Action.c(54):     <tr><td>&nbsp;</td>\n
Action.c(54):     <td><input type="text" name="username" value="" size="14" maxlength="14"/></td></tr>\n
Action.c(54):     <tr><td>&nbsp;</td>\n
Action.c(54):     <td><small>&nbsp;Password</small></td>\n
Action.c(54):     <tr><td>&nbsp;</td>\n
Action.c(54):     <td><input type="password" name="password" value="" size="14" maxlength="14"/></td></tr>\n
Action.c(54):     <tr><td>&nbsp;</td>\n
Action.c(54):     <td>&nbsp;</td></tr>\n
Action.c(54):     <tr><td>&nbsp;</td>\n
Action.c(54):     <td><input type="image" name="login" value="Login" alt="Login" border="1" \n
Action.c(54):     src="/WebTours/images/mer_login.gif"/></td></tr>\n
Action.c(54):     <tr><td>&nbsp;</td><td>&nbsp;</td></tr>\n
Action.c(54):     </table><input type="hidden" name="JSFormSubmit" value="off"/>\n
Action.c(54):     </form>\n
Action.c(54):     \n
Action.c(54):     </body>\n
Action.c(54):     </html>\n
Action.c(54): Resource "http://localhost:1080/WebTours/images/mer_login.gif" is in the cache already and will not be downloaded again  	[MsgId: MMSG-26655]
Action.c(54): t=1777700ms: 5-byte chunked response overhead for "http://localhost:1080/cgi-bin/nav.pl?in=home" (RelFrameId=1.1, Internal ID=251)
Action.c(54):     0\r\n
Action.c(54):     \r\n
Action.c(54): t=1777701ms: Request done "http://localhost:1080/cgi-bin/nav.pl?in=home"  	[MsgId: MMSG-26000]
Action.c(54): Registered web_reg_find successful for "Text=Welcome to the Web Tours site." (count=1)  	[MsgId: MMSG-26364]
Action.c(54): web_image("SignOff Button") was successful, 2174 body bytes, 584 header bytes, 24 chunking overhead bytes  	[MsgId: MMSG-26385]
Action.c(59): Notify: Transaction "logout" ended with a "Pass" status (Duration: 0,2208).	[MsgId: MMSG-16873]
Action.c(60): Notify: Transaction "UC01_login_logout" ended with a "Pass" status (Duration: 36,5760 Think Time: 17,2325 Wasted Time: 0,0010).	[MsgId: MMSG-16870]
Ending action Action.	[MsgId: MMSG-15918]
Action was aborted.	[MsgId: MMSG-10694]
Ending Vuser...	[MsgId: MMSG-15966]
Starting action vuser_end.	[MsgId: MMSG-15919]
Ending action vuser_end.	[MsgId: MMSG-15918]
Vuser Terminated.	[MsgId: MMSG-15963]
t=1777702ms: Closed connection [0] to localhost:1080 after completing 1 request(s)  	[MsgId: MMSG-26000]
t=1777702ms: Closed connection [2] to localhost:1080 after completing 1 request(s)  	[MsgId: MMSG-26000]
HTML-Mode memory management statistics: Reusable=7, NonReusable=0, CsMemBlockSize=4096, checks disabled  	[MsgId: MMSG-26000]
Vuser 2 (thread 7980), ended OK."	[MsgId: MMSG-10695]
Action.c(50): Notify: Transaction "logout" started.	[MsgId: MMSG-16999]
Action.c(52): web_reg_find started  	[MsgId: MMSG-26355]
Action.c(52): Registering web_reg_find was successful  	[MsgId: MMSG-26390]
Action.c(54): web_image("SignOff Button") started  	[MsgId: MMSG-26355]
Action.c(54): Image-linking to "http://localhost:1080/cgi-bin/welcome.pl?signOff=1", Target Frame="body"  	[MsgId: MMSG-27993]
Action.c(54): t=1778254ms: Closed connection [3] to localhost:1080 after completing 1 request(s)  	[MsgId: MMSG-26000]
Action.c(54): t=1778255ms: Connecting [3] to host 127.0.0.1:1080  	[MsgId: MMSG-26000]
Action.c(54): t=1778256ms: Connected socket [3] from 127.0.0.1:3233 to 127.0.0.1:1080 in 1 ms  	[MsgId: MMSG-26000]
Action.c(54): t=1778256ms: 526-byte request headers for "http://localhost:1080/cgi-bin/welcome.pl?signOff=1" (RelFrameId=1, Internal ID=334)
Action.c(54):     GET /cgi-bin/welcome.pl?signOff=1 HTTP/1.1\r\n
Action.c(54):     Referer: http://localhost:1080/cgi-bin/nav.pl?page=menu&in=home\r\n
Action.c(54):     Priority: u=4\r\n
Action.c(54):     Upgrade-Insecure-Requests: 1\r\n
Action.c(54):     User-Agent: Mozilla/5.0 (Windows NT 10.0; Win64; x64; rv:130.0) Gecko/20100101 Firefox/130
Action.c(54):     .0\r\n
Action.c(54):     Accept-Encoding: gzip, deflate\r\n
Action.c(54):     Accept-Language: ru-RU,ru;q=0.8,en-US;q=0.5,en;q=0.3\r\n
Action.c(54):     Accept: */*\r\n
Action.c(54):     Connection: Keep-Alive\r\n
Action.c(54):     Host: localhost:1080\r\n
Action.c(54):     Cookie: MSO=SID&1729271015; MTUserInfo=firstName&&address2&&username&jojo8&hash&88&lastNam
Action.c(54):     e&%0A&address1&&creditCard&&expDate&%0A\r\n
Action.c(54):     \r\n
Action.c(54): t=1778258ms: Inactive socket [4] was closed by localhost:1080, probably due to Keep-Alive timeout  	[MsgId: MMSG-26000]
Action.c(54): t=1778258ms: Closed connection [4] to localhost:1080 after completing 1 request(s)  	[MsgId: MMSG-26000]
Action.c(54): t=1778258ms: Inactive socket [5] was closed by localhost:1080, probably due to Keep-Alive timeout  	[MsgId: MMSG-26000]
Action.c(54): t=1778259ms: Closed connection [5] to localhost:1080 after completing 1 request(s)  	[MsgId: MMSG-26000]
Action.c(54): t=1778358ms: 328-byte response headers for "http://localhost:1080/cgi-bin/welcome.pl?signOff=1" (RelFrameId=1, Internal ID=334)
Action.c(54):     HTTP/1.1 200 OK\r\n
Action.c(54):     Date: Fri, 18 Oct 2024 17:04:08 GMT\r\n
Action.c(54):     Server: Apache/2.2.21 (Win32)\r\n
Action.c(54):     Set-Cookie: MSO=SID&1729271048; path=/\r\n
Action.c(54):     Set-Cookie: MTUserInfo=; path=/; expires=Thu, 17-Oct-2024 17:04:08 GMT\r\n
Action.c(54):     Keep-Alive: timeout=5, max=100\r\n
Action.c(54):     Connection: Keep-Alive\r\n
Action.c(54):     Transfer-Encoding: chunked\r\n
Action.c(54):     Content-Type: text/html; charset=ISO-8859-1\r\n
Action.c(54):     \r\n
Action.c(54): t=1778358ms: 5-byte chunked response overhead for "http://localhost:1080/cgi-bin/welcome.pl?signOff=1" (RelFrameId=1, Internal ID=334)
Action.c(54):     2ae\r\n
Action.c(54): t=1778358ms: 2-byte chunked response overhead for "http://localhost:1080/cgi-bin/welcome.pl?signOff=1" (RelFrameId=1, Internal ID=334)
Action.c(54):     \r\n
Action.c(54): t=1778358ms: 686-byte chunked response body for "http://localhost:1080/cgi-bin/welcome.pl?signOff=1" (RelFrameId=1, Internal ID=334)
Action.c(54):     <!-- \n
Action.c(54):      A Session ID has been created and loaded into a cookie called MSO.\n
Action.c(54):      Also, the server options have been loaded into the cookie called\n
Action.c(54):      MSO as well.  The server options can be set via the Admin page.\n
Action.c(54):      --->\n
Action.c(54):     \n
Action.c(54):     <html>\n
Action.c(54):     <title>Web Tours</title>\n
Action.c(54):        <!-- Frame Set -->\n
Action.c(54):        <frameset cols="160,*" border="1" frameborder="1">\n
Action.c(54):           <!-- Navigation Frame -->\n
Action.c(54):           <frame src="nav.pl?in=home" name="navbar" marginheight="2" marginwidth="2" \n
Action.c(54):                 noresize="noresize" scrolling="auto"/>\n
Action.c(54):           <!-- Home Frame -->\n
Action.c(54):           <frame src="/WebTours/home.html" name="info" marginheight="2" marginwidth="2" \n
Action.c(54):                 noresize="noresize" scrolling="auto"/>\n
Action.c(54):        </frameset>\n
Action.c(54):     </html>\n
Action.c(54):     \n
Action.c(54):     </body>\n
Action.c(54):     </html>
Action.c(54): Detected non-resource "http://localhost:1080/cgi-bin/nav.pl?in=home" in "http://localhost:1080/cgi-bin/welcome.pl?signOff=1"  	[MsgId: MMSG-26574]
Action.c(54): Detected non-resource "http://localhost:1080/WebTours/home.html" in "http://localhost:1080/cgi-bin/welcome.pl?signOff=1"  	[MsgId: MMSG-26574]
Action.c(54): Retrieving data from cache for "http://localhost:1080/WebTours/home.html"  	[MsgId: MMSG-26558]
Action.c(54): t=1778360ms: 1361-byte response body retrieved from cache for "http://localhost:1080/WebTours/home.html" (RelFrameId=1.2, Internal ID=336)
Action.c(54):     <HTML>\n
Action.c(54):     <HEAD>\n
Action.c(54):     \t<title>Web Tours</title>\n
Action.c(54):     </HEAD>\n
Action.c(54):     <style>\n
Action.c(54):     \tblockquote {font-family: tahoma; font-size : 10pt}\n
Action.c(54):     \tH1 {font-family: tahoma; font-size : 22pt; color: #003366}\n
Action.c(54):     \tsmall {font-family: tahoma; font-size : 8pt}\n
Action.c(54):     \tH3{font-family: tahoma; font-size : 10pt; color: black}\n
Action.c(54):     \tA {FONT-WEIGHT: bold; FONT-SIZE: 10pt; COLOR: black; FONT-FAMILY: Tahoma; TEXT-DECORATIO
Action.c(54):     N: none}\n
Action.c(54):     \tA:hover{ FONT-WEIGHT: bold; FONT-SIZE: 10pt; COLOR: #993333; FONT-FAMILY: Tahoma;TEXT-DE
Action.c(54):     CORATION: underline}\n
Action.c(54):     \tTD {font-family: tahoma; font-size : 10pt; color: black}\n
Action.c(54):     </style>\n
Action.c(54):     <body bgcolor="#e0e7f1">\n
Action.c(54):     <BR/>\n
Action.c(54):     <BR/>\n
Action.c(54):     <BR/>\n
Action.c(54):     <br/>\n
Action.c(54):     <table border="0">\n
Action.c(54):     <tr><td></td></tr>\n
Action.c(54):     <TR><TD></TD></TR>\n
Action.c(54):     <TR><TD>\n
Action.c(54):     <blockquote>\n
Action.c(54):     <H1><b>Web Tours</b></H1>\n
Action.c(54):     Welcome to the Web Tours site.\n
Action.c(54):     <br/>\n
Action.c(54):     To make reservations,please enter your account information to the left.\n
Action.c(54):     <br/>\n
Action.c(54):     If you haven't registered yet, <A href="/cgi-bin/login.pl?username=&amp;password=&amp;getI
Action.c(54):     nfo=true" ><B>sign up now</B></A> to get access to all our resources.\n
Action.c(54):     <br/>\n
Action.c(54):     To configure the server options, use <A href="/cgi-bin/admin.pl" target="body" ><b>adminis
Action.c(54):     tration</b></A> link.\n
Action.c(54):     <br/><br/><br/><br/><br/><br/>\n
Action.c(54):     <br/><small>\n
Action.c(54):     This product uses parts of the SMT Kernel, Copyright (c) 1991-99 <A href="http://www.imati
Action.c(54):     x.com" target="new"><B><small>iMatix Corporation</small></B></A> \n
Action.c(54):     </small>\n
Action.c(54):     </blockquote></TD>\n
Action.c(54):     <TD></TD></TR>\n
Action.c(54):     </table>\n
Action.c(54):     </body>\n
Action.c(54):     </HTML>\n
Action.c(54): t=1778366ms: Connecting [0] to host 127.0.0.1:1080  	[MsgId: MMSG-26000]
Action.c(54): t=1778367ms: 5-byte chunked response overhead for "http://localhost:1080/cgi-bin/welcome.pl?signOff=1" (RelFrameId=1, Internal ID=334)
Action.c(54):     0\r\n
Action.c(54):     \r\n
Action.c(54): t=1778367ms: Request done "http://localhost:1080/cgi-bin/welcome.pl?signOff=1"  	[MsgId: MMSG-26000]
Action.c(54): t=1778367ms: Connected socket [0] from 127.0.0.1:3236 to 127.0.0.1:1080 in 1 ms  	[MsgId: MMSG-26000]
Action.c(54): t=1778367ms: 413-byte request headers for "http://localhost:1080/cgi-bin/nav.pl?in=home" (RelFrameId=1.1, Internal ID=335)
Action.c(54):     GET /cgi-bin/nav.pl?in=home HTTP/1.1\r\n
Action.c(54):     Referer: http://localhost:1080/cgi-bin/welcome.pl?signOff=1\r\n
Action.c(54):     Priority: u=4\r\n
Action.c(54):     Upgrade-Insecure-Requests: 1\r\n
Action.c(54):     User-Agent: Mozilla/5.0 (Windows NT 10.0; Win64; x64; rv:130.0) Gecko/20100101 Firefox/130
Action.c(54):     .0\r\n
Action.c(54):     Accept-Encoding: gzip, deflate\r\n
Action.c(54):     Accept-Language: ru-RU,ru;q=0.8,en-US;q=0.5,en;q=0.3\r\n
Action.c(54):     Accept: */*\r\n
Action.c(54):     Connection: Keep-Alive\r\n
Action.c(54):     Host: localhost:1080\r\n
Action.c(54):     Cookie: MSO=SID&1729271048\r\n
Action.c(54):     \r\n
Action.c(54): t=1778459ms: 256-byte response headers for "http://localhost:1080/cgi-bin/nav.pl?in=home" (RelFrameId=1.1, Internal ID=335)
Action.c(54):     HTTP/1.1 200 OK\r\n
Action.c(54):     Date: Fri, 18 Oct 2024 17:04:08 GMT\r\n
Action.c(54):     Server: Apache/2.2.21 (Win32)\r\n
Action.c(54):     Expires: Thu, 17 Oct 2024 17:04:08 GMT\r\n
Action.c(54):     Keep-Alive: timeout=5, max=100\r\n
Action.c(54):     Connection: Keep-Alive\r\n
Action.c(54):     Transfer-Encoding: chunked\r\n
Action.c(54):     Content-Type: text/html; charset=ISO-8859-1\r\n
Action.c(54):     \r\n
Action.c(54): t=1778459ms: 5-byte chunked response overhead for "http://localhost:1080/cgi-bin/nav.pl?in=home" (RelFrameId=1.1, Internal ID=335)
Action.c(54):     5d0\r\n
Action.c(54): t=1778459ms: 2-byte chunked response overhead for "http://localhost:1080/cgi-bin/nav.pl?in=home" (RelFrameId=1.1, Internal ID=335)
Action.c(54):     \r\n
Action.c(54): t=1778459ms: 1488-byte chunked response body for "http://localhost:1080/cgi-bin/nav.pl?in=home" (RelFrameId=1.1, Internal ID=335)
Action.c(54):     <!DOCTYPE html\n
Action.c(54):     \tPUBLIC "-//W3C//DTD XHTML 1.0 Transitional//EN"\n
Action.c(54):     \t "http://www.w3.org/TR/xhtml1/DTD/xhtml1-transitional.dtd">\n
Action.c(54):     <html xmlns="http://www.w3.org/1999/xhtml" lang="en-US" xml:lang="en-US">\n
Action.c(54):     <head>\n
Action.c(54):     <title>Web Tours Navigation Bar</title>\n
Action.c(54):     <meta http-equiv="Content-Type" content="text/html; charset=iso-8859-1" />\n
Action.c(54):     </head>\n
Action.c(54):     <body bgcolor="#E0E7F1">\n
Action.c(54):     <style>\n
Action.c(54):     blockquote {font-family: tahoma; font-size : 10pt}\n
Action.c(54):     H1 {font-family: tahoma; font-size : 22pt; color: #993333}\n
Action.c(54):     H3 {font-family: tahoma; font-size : 10pt; color: black}\n
Action.c(54):     small {font-family: tahoma; font-size : 8pt}\n
Action.c(54):     </style>\n
Action.c(54):     <form method="post" action="/cgi-bin/login.pl" target="body">\n
Action.c(54):     <input type="hidden" name="userSession" value="140078.659214257HcAfcQzpADDDDDDDtDcDVpHHzc"
Action.c(54):     />\n
Action.c(54):     <table border="0"><tr><td>&nbsp;</td>\n
Action.c(54):     <td>&nbsp;</td></tr>\n
Action.c(54):     <tr><td>&nbsp;</td>\n
Action.c(54):     <td>&nbsp;</td></tr>\n
Action.c(54):     <tr><td>&nbsp;</td>\n
Action.c(54):     <td><small>&nbsp;Username</small></td></tr>\n
Action.c(54):     <tr><td>&nbsp;</td>\n
Action.c(54):     <td><input type="text" name="username" value="" size="14" maxlength="14"/></td></tr>\n
Action.c(54):     <tr><td>&nbsp;</td>\n
Action.c(54):     <td><small>&nbsp;Password</small></td>\n
Action.c(54):     <tr><td>&nbsp;</td>\n
Action.c(54):     <td><input type="password" name="password" value="" size="14" maxlength="14"/></td></tr>\n
Action.c(54):     <tr><td>&nbsp;</td>\n
Action.c(54):     <td>&nbsp;</td></tr>\n
Action.c(54):     <tr><td>&nbsp;</td>\n
Action.c(54):     <td><input type="image" name="login" value="Login" alt="Login" border="1" \n
Action.c(54):     src="/WebTours/images/mer_login.gif"/></td></tr>\n
Action.c(54):     <tr><td>&nbsp;</td><td>&nbsp;</td></tr>\n
Action.c(54):     </table><input type="hidden" name="JSFormSubmit" value="off"/>\n
Action.c(54):     </form>\n
Action.c(54):     \n
Action.c(54):     </body>\n
Action.c(54):     </html>\n
Action.c(54): Resource "http://localhost:1080/WebTours/images/mer_login.gif" is in the cache already and will not be downloaded again  	[MsgId: MMSG-26655]
Action.c(54): t=1778468ms: 5-byte chunked response overhead for "http://localhost:1080/cgi-bin/nav.pl?in=home" (RelFrameId=1.1, Internal ID=335)
Action.c(54):     0\r\n
Action.c(54):     \r\n
Action.c(54): t=1778468ms: Request done "http://localhost:1080/cgi-bin/nav.pl?in=home"  	[MsgId: MMSG-26000]
Action.c(54): Registered web_reg_find successful for "Text=Welcome to the Web Tours site." (count=1)  	[MsgId: MMSG-26364]
Action.c(54): web_image("SignOff Button") was successful, 2174 body bytes, 584 header bytes, 24 chunking overhead bytes  	[MsgId: MMSG-26385]
Action.c(59): Notify: Transaction "logout" ended with a "Pass" status (Duration: 0,2140).	[MsgId: MMSG-16873]
Action.c(60): Notify: Transaction "UC01_login_logout" ended with a "Pass" status (Duration: 37,3437 Think Time: 17,0847).	[MsgId: MMSG-16872]
Ending action Action.	[MsgId: MMSG-15918]
Action was aborted.	[MsgId: MMSG-10694]
Ending Vuser...	[MsgId: MMSG-15966]
Starting action vuser_end.	[MsgId: MMSG-15919]
Ending action vuser_end.	[MsgId: MMSG-15918]
Vuser Terminated.	[MsgId: MMSG-15963]
t=1778469ms: Closed connection [0] to localhost:1080 after completing 1 request(s)  	[MsgId: MMSG-26000]
t=1778469ms: Closed connection [3] to localhost:1080 after completing 1 request(s)  	[MsgId: MMSG-26000]
HTML-Mode memory management statistics: Reusable=7, NonReusable=0, CsMemBlockSize=4096, checks disabled  	[MsgId: MMSG-26000]
Vuser 1 (thread 10172), ended OK."	[MsgId: MMSG-10695]
Action.c(50): Notify: Transaction "logout" started.	[MsgId: MMSG-16999]
Action.c(52): web_reg_find started  	[MsgId: MMSG-26355]
Action.c(52): Registering web_reg_find was successful  	[MsgId: MMSG-26390]
Action.c(54): web_image("SignOff Button") started  	[MsgId: MMSG-26355]
Action.c(54): Image-linking to "http://localhost:1080/cgi-bin/welcome.pl?signOff=1", Target Frame="body"  	[MsgId: MMSG-27993]
Action.c(54): t=1779182ms: Closed connection [0] to localhost:1080 after completing 2 request(s)  	[MsgId: MMSG-26000]
Action.c(54): t=1779182ms: Connecting [0] to host 127.0.0.1:1080  	[MsgId: MMSG-26000]
Action.c(54): t=1779183ms: Connected socket [0] from 127.0.0.1:3240 to 127.0.0.1:1080 in 1 ms  	[MsgId: MMSG-26000]
Action.c(54): t=1779183ms: 533-byte request headers for "http://localhost:1080/cgi-bin/welcome.pl?signOff=1" (RelFrameId=1, Internal ID=166)
Action.c(54):     GET /cgi-bin/welcome.pl?signOff=1 HTTP/1.1\r\n
Action.c(54):     Referer: http://localhost:1080/cgi-bin/nav.pl?page=menu&in=home\r\n
Action.c(54):     Priority: u=4\r\n
Action.c(54):     Upgrade-Insecure-Requests: 1\r\n
Action.c(54):     User-Agent: Mozilla/5.0 (Windows NT 10.0; Win64; x64; rv:130.0) Gecko/20100101 Firefox/130
Action.c(54):     .0\r\n
Action.c(54):     Accept-Encoding: gzip, deflate\r\n
Action.c(54):     Accept-Language: ru-RU,ru;q=0.8,en-US;q=0.5,en;q=0.3\r\n
Action.c(54):     Accept: */*\r\n
Action.c(54):     Connection: Keep-Alive\r\n
Action.c(54):     Host: localhost:1080\r\n
Action.c(54):     Cookie: MSO=SID&1729271015; MTUserInfo=firstName&Jojo&address2&&username&jojo&hash&47&last
Action.c(54):     Name&Bean%0A&address1&&creditCard&&expDate&%0A\r\n
Action.c(54):     \r\n
Action.c(54): t=1779292ms: 328-byte response headers for "http://localhost:1080/cgi-bin/welcome.pl?signOff=1" (RelFrameId=1, Internal ID=166)
Action.c(54):     HTTP/1.1 200 OK\r\n
Action.c(54):     Date: Fri, 18 Oct 2024 17:04:09 GMT\r\n
Action.c(54):     Server: Apache/2.2.21 (Win32)\r\n
Action.c(54):     Set-Cookie: MSO=SID&1729271049; path=/\r\n
Action.c(54):     Set-Cookie: MTUserInfo=; path=/; expires=Thu, 17-Oct-2024 17:04:09 GMT\r\n
Action.c(54):     Keep-Alive: timeout=5, max=100\r\n
Action.c(54):     Connection: Keep-Alive\r\n
Action.c(54):     Transfer-Encoding: chunked\r\n
Action.c(54):     Content-Type: text/html; charset=ISO-8859-1\r\n
Action.c(54):     \r\n
Action.c(54): t=1779292ms: 5-byte chunked response overhead for "http://localhost:1080/cgi-bin/welcome.pl?signOff=1" (RelFrameId=1, Internal ID=166)
Action.c(54):     2ae\r\n
Action.c(54): t=1779292ms: 7-byte chunked response overhead for "http://localhost:1080/cgi-bin/welcome.pl?signOff=1" (RelFrameId=1, Internal ID=166)
Action.c(54):     \r\n
Action.c(54):     0\r\n
Action.c(54):     \r\n
Action.c(54): t=1779293ms: 686-byte chunked response body for "http://localhost:1080/cgi-bin/welcome.pl?signOff=1" (RelFrameId=1, Internal ID=166)
Action.c(54):     <!-- \n
Action.c(54):      A Session ID has been created and loaded into a cookie called MSO.\n
Action.c(54):      Also, the server options have been loaded into the cookie called\n
Action.c(54):      MSO as well.  The server options can be set via the Admin page.\n
Action.c(54):      --->\n
Action.c(54):     \n
Action.c(54):     <html>\n
Action.c(54):     <title>Web Tours</title>\n
Action.c(54):        <!-- Frame Set -->\n
Action.c(54):        <frameset cols="160,*" border="1" frameborder="1">\n
Action.c(54):           <!-- Navigation Frame -->\n
Action.c(54):           <frame src="nav.pl?in=home" name="navbar" marginheight="2" marginwidth="2" \n
Action.c(54):                 noresize="noresize" scrolling="auto"/>\n
Action.c(54):           <!-- Home Frame -->\n
Action.c(54):           <frame src="/WebTours/home.html" name="info" marginheight="2" marginwidth="2" \n
Action.c(54):                 noresize="noresize" scrolling="auto"/>\n
Action.c(54):        </frameset>\n
Action.c(54):     </html>\n
Action.c(54):     \n
Action.c(54):     </body>\n
Action.c(54):     </html>
Action.c(54): Detected non-resource "http://localhost:1080/cgi-bin/nav.pl?in=home" in "http://localhost:1080/cgi-bin/welcome.pl?signOff=1"  	[MsgId: MMSG-26574]
Action.c(54): Detected non-resource "http://localhost:1080/WebTours/home.html" in "http://localhost:1080/cgi-bin/welcome.pl?signOff=1"  	[MsgId: MMSG-26574]
Action.c(54): Retrieving data from cache for "http://localhost:1080/WebTours/home.html"  	[MsgId: MMSG-26558]
Action.c(54): t=1779294ms: 1361-byte response body retrieved from cache for "http://localhost:1080/WebTours/home.html" (RelFrameId=1.2, Internal ID=168)
Action.c(54):     <HTML>\n
Action.c(54):     <HEAD>\n
Action.c(54):     \t<title>Web Tours</title>\n
Action.c(54):     </HEAD>\n
Action.c(54):     <style>\n
Action.c(54):     \tblockquote {font-family: tahoma; font-size : 10pt}\n
Action.c(54):     \tH1 {font-family: tahoma; font-size : 22pt; color: #003366}\n
Action.c(54):     \tsmall {font-family: tahoma; font-size : 8pt}\n
Action.c(54):     \tH3{font-family: tahoma; font-size : 10pt; color: black}\n
Action.c(54):     \tA {FONT-WEIGHT: bold; FONT-SIZE: 10pt; COLOR: black; FONT-FAMILY: Tahoma; TEXT-DECORATIO
Action.c(54):     N: none}\n
Action.c(54):     \tA:hover{ FONT-WEIGHT: bold; FONT-SIZE: 10pt; COLOR: #993333; FONT-FAMILY: Tahoma;TEXT-DE
Action.c(54):     CORATION: underline}\n
Action.c(54):     \tTD {font-family: tahoma; font-size : 10pt; color: black}\n
Action.c(54):     </style>\n
Action.c(54):     <body bgcolor="#e0e7f1">\n
Action.c(54):     <BR/>\n
Action.c(54):     <BR/>\n
Action.c(54):     <BR/>\n
Action.c(54):     <br/>\n
Action.c(54):     <table border="0">\n
Action.c(54):     <tr><td></td></tr>\n
Action.c(54):     <TR><TD></TD></TR>\n
Action.c(54):     <TR><TD>\n
Action.c(54):     <blockquote>\n
Action.c(54):     <H1><b>Web Tours</b></H1>\n
Action.c(54):     Welcome to the Web Tours site.\n
Action.c(54):     <br/>\n
Action.c(54):     To make reservations,please enter your account information to the left.\n
Action.c(54):     <br/>\n
Action.c(54):     If you haven't registered yet, <A href="/cgi-bin/login.pl?username=&amp;password=&amp;getI
Action.c(54):     nfo=true" ><B>sign up now</B></A> to get access to all our resources.\n
Action.c(54):     <br/>\n
Action.c(54):     To configure the server options, use <A href="/cgi-bin/admin.pl" target="body" ><b>adminis
Action.c(54):     tration</b></A> link.\n
Action.c(54):     <br/><br/><br/><br/><br/><br/>\n
Action.c(54):     <br/><small>\n
Action.c(54):     This product uses parts of the SMT Kernel, Copyright (c) 1991-99 <A href="http://www.imati
Action.c(54):     x.com" target="new"><B><small>iMatix Corporation</small></B></A> \n
Action.c(54):     </small>\n
Action.c(54):     </blockquote></TD>\n
Action.c(54):     <TD></TD></TR>\n
Action.c(54):     </table>\n
Action.c(54):     </body>\n
Action.c(54):     </HTML>\n
Action.c(54): t=1779296ms: Request done "http://localhost:1080/cgi-bin/welcome.pl?signOff=1"  	[MsgId: MMSG-26000]
Action.c(54): t=1779296ms: Closed connection [1] to localhost:1080 after completing 1 request(s)  	[MsgId: MMSG-26000]
Action.c(54): t=1779296ms: Connecting [1] to host 127.0.0.1:1080  	[MsgId: MMSG-26000]
Action.c(54): t=1779297ms: Connected socket [1] from 127.0.0.1:3241 to 127.0.0.1:1080 in 1 ms  	[MsgId: MMSG-26000]
Action.c(54): t=1779297ms: 413-byte request headers for "http://localhost:1080/cgi-bin/nav.pl?in=home" (RelFrameId=1.1, Internal ID=167)
Action.c(54):     GET /cgi-bin/nav.pl?in=home HTTP/1.1\r\n
Action.c(54):     Referer: http://localhost:1080/cgi-bin/welcome.pl?signOff=1\r\n
Action.c(54):     Priority: u=4\r\n
Action.c(54):     Upgrade-Insecure-Requests: 1\r\n
Action.c(54):     User-Agent: Mozilla/5.0 (Windows NT 10.0; Win64; x64; rv:130.0) Gecko/20100101 Firefox/130
Action.c(54):     .0\r\n
Action.c(54):     Accept-Encoding: gzip, deflate\r\n
Action.c(54):     Accept-Language: ru-RU,ru;q=0.8,en-US;q=0.5,en;q=0.3\r\n
Action.c(54):     Accept: */*\r\n
Action.c(54):     Connection: Keep-Alive\r\n
Action.c(54):     Host: localhost:1080\r\n
Action.c(54):     Cookie: MSO=SID&1729271049\r\n
Action.c(54):     \r\n
Action.c(54): t=1779409ms: Inactive socket [2] was closed by localhost:1080, probably due to Keep-Alive timeout  	[MsgId: MMSG-26000]
Action.c(54): t=1779409ms: Closed connection [2] to localhost:1080 after completing 1 request(s)  	[MsgId: MMSG-26000]
Action.c(54): t=1779409ms: 256-byte response headers for "http://localhost:1080/cgi-bin/nav.pl?in=home" (RelFrameId=1.1, Internal ID=167)
Action.c(54):     HTTP/1.1 200 OK\r\n
Action.c(54):     Date: Fri, 18 Oct 2024 17:04:09 GMT\r\n
Action.c(54):     Server: Apache/2.2.21 (Win32)\r\n
Action.c(54):     Expires: Thu, 17 Oct 2024 17:04:09 GMT\r\n
Action.c(54):     Keep-Alive: timeout=5, max=100\r\n
Action.c(54):     Connection: Keep-Alive\r\n
Action.c(54):     Transfer-Encoding: chunked\r\n
Action.c(54):     Content-Type: text/html; charset=ISO-8859-1\r\n
Action.c(54):     \r\n
Action.c(54): t=1779410ms: 5-byte chunked response overhead for "http://localhost:1080/cgi-bin/nav.pl?in=home" (RelFrameId=1.1, Internal ID=167)
Action.c(54):     5ce\r\n
Action.c(54): t=1779410ms: 7-byte chunked response overhead for "http://localhost:1080/cgi-bin/nav.pl?in=home" (RelFrameId=1.1, Internal ID=167)
Action.c(54):     \r\n
Action.c(54):     0\r\n
Action.c(54):     \r\n
Action.c(54): t=1779410ms: 1486-byte chunked response body for "http://localhost:1080/cgi-bin/nav.pl?in=home" (RelFrameId=1.1, Internal ID=167)
Action.c(54):     <!DOCTYPE html\n
Action.c(54):     \tPUBLIC "-//W3C//DTD XHTML 1.0 Transitional//EN"\n
Action.c(54):     \t "http://www.w3.org/TR/xhtml1/DTD/xhtml1-transitional.dtd">\n
Action.c(54):     <html xmlns="http://www.w3.org/1999/xhtml" lang="en-US" xml:lang="en-US">\n
Action.c(54):     <head>\n
Action.c(54):     <title>Web Tours Navigation Bar</title>\n
Action.c(54):     <meta http-equiv="Content-Type" content="text/html; charset=iso-8859-1" />\n
Action.c(54):     </head>\n
Action.c(54):     <body bgcolor="#E0E7F1">\n
Action.c(54):     <style>\n
Action.c(54):     blockquote {font-family: tahoma; font-size : 10pt}\n
Action.c(54):     H1 {font-family: tahoma; font-size : 22pt; color: #993333}\n
Action.c(54):     H3 {font-family: tahoma; font-size : 10pt; color: black}\n
Action.c(54):     small {font-family: tahoma; font-size : 8pt}\n
Action.c(54):     </style>\n
Action.c(54):     <form method="post" action="/cgi-bin/login.pl" target="body">\n
Action.c(54):     <input type="hidden" name="userSession" value="140078.659295261HcAfcQzpADHftDcDVpHHzccf"/>
Action.c(54):     \n
Action.c(54):     <table border="0"><tr><td>&nbsp;</td>\n
Action.c(54):     <td>&nbsp;</td></tr>\n
Action.c(54):     <tr><td>&nbsp;</td>\n
Action.c(54):     <td>&nbsp;</td></tr>\n
Action.c(54):     <tr><td>&nbsp;</td>\n
Action.c(54):     <td><small>&nbsp;Username</small></td></tr>\n
Action.c(54):     <tr><td>&nbsp;</td>\n
Action.c(54):     <td><input type="text" name="username" value="" size="14" maxlength="14"/></td></tr>\n
Action.c(54):     <tr><td>&nbsp;</td>\n
Action.c(54):     <td><small>&nbsp;Password</small></td>\n
Action.c(54):     <tr><td>&nbsp;</td>\n
Action.c(54):     <td><input type="password" name="password" value="" size="14" maxlength="14"/></td></tr>\n
Action.c(54):     <tr><td>&nbsp;</td>\n
Action.c(54):     <td>&nbsp;</td></tr>\n
Action.c(54):     <tr><td>&nbsp;</td>\n
Action.c(54):     <td><input type="image" name="login" value="Login" alt="Login" border="1" \n
Action.c(54):     src="/WebTours/images/mer_login.gif"/></td></tr>\n
Action.c(54):     <tr><td>&nbsp;</td><td>&nbsp;</td></tr>\n
Action.c(54):     </table><input type="hidden" name="JSFormSubmit" value="off"/>\n
Action.c(54):     </form>\n
Action.c(54):     \n
Action.c(54):     </body>\n
Action.c(54):     </html>\n
Action.c(54): Resource "http://localhost:1080/WebTours/images/mer_login.gif" is in the cache already and will not be downloaded again  	[MsgId: MMSG-26655]
Action.c(54): t=1779412ms: Request done "http://localhost:1080/cgi-bin/nav.pl?in=home"  	[MsgId: MMSG-26000]
Action.c(54): Registered web_reg_find successful for "Text=Welcome to the Web Tours site." (count=1)  	[MsgId: MMSG-26364]
Action.c(54): web_image("SignOff Button") was successful, 2172 body bytes, 584 header bytes, 24 chunking overhead bytes  	[MsgId: MMSG-26385]
Action.c(59): Notify: Transaction "logout" ended with a "Pass" status (Duration: 0,2310).	[MsgId: MMSG-16873]
Action.c(60): Notify: Transaction "UC01_login_logout" ended with a "Pass" status (Duration: 38,0674 Think Time: 17,5878).	[MsgId: MMSG-16872]
Ending action Action.	[MsgId: MMSG-15918]
Action was aborted.	[MsgId: MMSG-10694]
Ending Vuser...	[MsgId: MMSG-15966]
Starting action vuser_end.	[MsgId: MMSG-15919]
Ending action vuser_end.	[MsgId: MMSG-15918]
Vuser Terminated.	[MsgId: MMSG-15963]
t=1779413ms: Closed connection [0] to localhost:1080 after completing 1 request(s)  	[MsgId: MMSG-26000]
t=1779413ms: Closed connection [1] to localhost:1080 after completing 1 request(s)  	[MsgId: MMSG-26000]
t=1779413ms: Closed connection [3] to localhost:1080 after completing 1 request(s)  	[MsgId: MMSG-26000]
t=1779414ms: Closed connection [4] to localhost:1080 after completing 1 request(s)  	[MsgId: MMSG-26000]
t=1779414ms: Closed connection [5] to localhost:1080 after completing 1 request(s)  	[MsgId: MMSG-26000]
HTML-Mode memory management statistics: Reusable=7, NonReusable=0, CsMemBlockSize=4096, checks disabled  	[MsgId: MMSG-26000]
Vuser 3 (thread 6544), ended OK."	[MsgId: MMSG-10695]
Action.c(50): Notify: Transaction "logout" started.	[MsgId: MMSG-16999]
Action.c(52): web_reg_find started  	[MsgId: MMSG-26355]
Action.c(52): Registering web_reg_find was successful  	[MsgId: MMSG-26390]
Action.c(54): web_image("SignOff Button") started  	[MsgId: MMSG-26355]
Action.c(54): Image-linking to "http://localhost:1080/cgi-bin/welcome.pl?signOff=1", Target Frame="body"  	[MsgId: MMSG-27993]
Action.c(54): t=1779507ms: Closed connection [0] to localhost:1080 after completing 2 request(s)  	[MsgId: MMSG-26000]
Action.c(54): t=1779508ms: Connecting [0] to host 127.0.0.1:1080  	[MsgId: MMSG-26000]
Action.c(54): t=1779509ms: Connected socket [0] from 127.0.0.1:3242 to 127.0.0.1:1080 in 0 ms  	[MsgId: MMSG-26000]
Action.c(54): t=1779509ms: 533-byte request headers for "http://localhost:1080/cgi-bin/welcome.pl?signOff=1" (RelFrameId=1, Internal ID=82)
Action.c(54):     GET /cgi-bin/welcome.pl?signOff=1 HTTP/1.1\r\n
Action.c(54):     Referer: http://localhost:1080/cgi-bin/nav.pl?page=menu&in=home\r\n
Action.c(54):     Priority: u=4\r\n
Action.c(54):     Upgrade-Insecure-Requests: 1\r\n
Action.c(54):     User-Agent: Mozilla/5.0 (Windows NT 10.0; Win64; x64; rv:130.0) Gecko/20100101 Firefox/130
Action.c(54):     .0\r\n
Action.c(54):     Accept-Encoding: gzip, deflate\r\n
Action.c(54):     Accept-Language: ru-RU,ru;q=0.8,en-US;q=0.5,en;q=0.3\r\n
Action.c(54):     Accept: */*\r\n
Action.c(54):     Connection: Keep-Alive\r\n
Action.c(54):     Host: localhost:1080\r\n
Action.c(54):     Cookie: MSO=SID&1729271015; MTUserInfo=firstName&Jojo&address2&&username&jojo&hash&47&last
Action.c(54):     Name&Bean%0A&address1&&creditCard&&expDate&%0A\r\n
Action.c(54):     \r\n
Action.c(54): t=1779597ms: Inactive socket [1] was closed by localhost:1080, probably due to Keep-Alive timeout  	[MsgId: MMSG-26000]
Action.c(54): t=1779598ms: Closed connection [1] to localhost:1080 after completing 1 request(s)  	[MsgId: MMSG-26000]
Action.c(54): t=1779598ms: Inactive socket [2] was closed by localhost:1080, probably due to Keep-Alive timeout  	[MsgId: MMSG-26000]
Action.c(54): t=1779598ms: Closed connection [2] to localhost:1080 after completing 1 request(s)  	[MsgId: MMSG-26000]
Action.c(54): t=1779598ms: Inactive socket [3] was closed by localhost:1080, probably due to Keep-Alive timeout  	[MsgId: MMSG-26000]
Action.c(54): t=1779598ms: Closed connection [3] to localhost:1080 after completing 1 request(s)  	[MsgId: MMSG-26000]
Action.c(54): t=1779598ms: Inactive socket [4] was closed by localhost:1080, probably due to Keep-Alive timeout  	[MsgId: MMSG-26000]
Action.c(54): t=1779598ms: Closed connection [4] to localhost:1080 after completing 1 request(s)  	[MsgId: MMSG-26000]
Action.c(54): t=1779599ms: Inactive socket [5] was closed by localhost:1080, probably due to Keep-Alive timeout  	[MsgId: MMSG-26000]
Action.c(54): t=1779599ms: Closed connection [5] to localhost:1080 after completing 1 request(s)  	[MsgId: MMSG-26000]
Action.c(54): t=1779619ms: 328-byte response headers for "http://localhost:1080/cgi-bin/welcome.pl?signOff=1" (RelFrameId=1, Internal ID=82)
Action.c(54):     HTTP/1.1 200 OK\r\n
Action.c(54):     Date: Fri, 18 Oct 2024 17:04:09 GMT\r\n
Action.c(54):     Server: Apache/2.2.21 (Win32)\r\n
Action.c(54):     Set-Cookie: MSO=SID&1729271050; path=/\r\n
Action.c(54):     Set-Cookie: MTUserInfo=; path=/; expires=Thu, 17-Oct-2024 17:04:10 GMT\r\n
Action.c(54):     Keep-Alive: timeout=5, max=100\r\n
Action.c(54):     Connection: Keep-Alive\r\n
Action.c(54):     Transfer-Encoding: chunked\r\n
Action.c(54):     Content-Type: text/html; charset=ISO-8859-1\r\n
Action.c(54):     \r\n
Action.c(54): t=1779620ms: 5-byte chunked response overhead for "http://localhost:1080/cgi-bin/welcome.pl?signOff=1" (RelFrameId=1, Internal ID=82)
Action.c(54):     2ae\r\n
Action.c(54): t=1779620ms: 2-byte chunked response overhead for "http://localhost:1080/cgi-bin/welcome.pl?signOff=1" (RelFrameId=1, Internal ID=82)
Action.c(54):     \r\n
Action.c(54): t=1779620ms: 686-byte chunked response body for "http://localhost:1080/cgi-bin/welcome.pl?signOff=1" (RelFrameId=1, Internal ID=82)
Action.c(54):     <!-- \n
Action.c(54):      A Session ID has been created and loaded into a cookie called MSO.\n
Action.c(54):      Also, the server options have been loaded into the cookie called\n
Action.c(54):      MSO as well.  The server options can be set via the Admin page.\n
Action.c(54):      --->\n
Action.c(54):     \n
Action.c(54):     <html>\n
Action.c(54):     <title>Web Tours</title>\n
Action.c(54):        <!-- Frame Set -->\n
Action.c(54):        <frameset cols="160,*" border="1" frameborder="1">\n
Action.c(54):           <!-- Navigation Frame -->\n
Action.c(54):           <frame src="nav.pl?in=home" name="navbar" marginheight="2" marginwidth="2" \n
Action.c(54):                 noresize="noresize" scrolling="auto"/>\n
Action.c(54):           <!-- Home Frame -->\n
Action.c(54):           <frame src="/WebTours/home.html" name="info" marginheight="2" marginwidth="2" \n
Action.c(54):                 noresize="noresize" scrolling="auto"/>\n
Action.c(54):        </frameset>\n
Action.c(54):     </html>\n
Action.c(54):     \n
Action.c(54):     </body>\n
Action.c(54):     </html>
Action.c(54): Detected non-resource "http://localhost:1080/cgi-bin/nav.pl?in=home" in "http://localhost:1080/cgi-bin/welcome.pl?signOff=1"  	[MsgId: MMSG-26574]
Action.c(54): Detected non-resource "http://localhost:1080/WebTours/home.html" in "http://localhost:1080/cgi-bin/welcome.pl?signOff=1"  	[MsgId: MMSG-26574]
Action.c(54): Retrieving data from cache for "http://localhost:1080/WebTours/home.html"  	[MsgId: MMSG-26558]
Action.c(54): t=1779621ms: 1361-byte response body retrieved from cache for "http://localhost:1080/WebTours/home.html" (RelFrameId=1.2, Internal ID=84)
Action.c(54):     <HTML>\n
Action.c(54):     <HEAD>\n
Action.c(54):     \t<title>Web Tours</title>\n
Action.c(54):     </HEAD>\n
Action.c(54):     <style>\n
Action.c(54):     \tblockquote {font-family: tahoma; font-size : 10pt}\n
Action.c(54):     \tH1 {font-family: tahoma; font-size : 22pt; color: #003366}\n
Action.c(54):     \tsmall {font-family: tahoma; font-size : 8pt}\n
Action.c(54):     \tH3{font-family: tahoma; font-size : 10pt; color: black}\n
Action.c(54):     \tA {FONT-WEIGHT: bold; FONT-SIZE: 10pt; COLOR: black; FONT-FAMILY: Tahoma; TEXT-DECORATIO
Action.c(54):     N: none}\n
Action.c(54):     \tA:hover{ FONT-WEIGHT: bold; FONT-SIZE: 10pt; COLOR: #993333; FONT-FAMILY: Tahoma;TEXT-DE
Action.c(54):     CORATION: underline}\n
Action.c(54):     \tTD {font-family: tahoma; font-size : 10pt; color: black}\n
Action.c(54):     </style>\n
Action.c(54):     <body bgcolor="#e0e7f1">\n
Action.c(54):     <BR/>\n
Action.c(54):     <BR/>\n
Action.c(54):     <BR/>\n
Action.c(54):     <br/>\n
Action.c(54):     <table border="0">\n
Action.c(54):     <tr><td></td></tr>\n
Action.c(54):     <TR><TD></TD></TR>\n
Action.c(54):     <TR><TD>\n
Action.c(54):     <blockquote>\n
Action.c(54):     <H1><b>Web Tours</b></H1>\n
Action.c(54):     Welcome to the Web Tours site.\n
Action.c(54):     <br/>\n
Action.c(54):     To make reservations,please enter your account information to the left.\n
Action.c(54):     <br/>\n
Action.c(54):     If you haven't registered yet, <A href="/cgi-bin/login.pl?username=&amp;password=&amp;getI
Action.c(54):     nfo=true" ><B>sign up now</B></A> to get access to all our resources.\n
Action.c(54):     <br/>\n
Action.c(54):     To configure the server options, use <A href="/cgi-bin/admin.pl" target="body" ><b>adminis
Action.c(54):     tration</b></A> link.\n
Action.c(54):     <br/><br/><br/><br/><br/><br/>\n
Action.c(54):     <br/><small>\n
Action.c(54):     This product uses parts of the SMT Kernel, Copyright (c) 1991-99 <A href="http://www.imati
Action.c(54):     x.com" target="new"><B><small>iMatix Corporation</small></B></A> \n
Action.c(54):     </small>\n
Action.c(54):     </blockquote></TD>\n
Action.c(54):     <TD></TD></TR>\n
Action.c(54):     </table>\n
Action.c(54):     </body>\n
Action.c(54):     </HTML>\n
Action.c(54): t=1779623ms: Connecting [1] to host 127.0.0.1:1080  	[MsgId: MMSG-26000]
Action.c(54): t=1779624ms: Connected socket [1] from 127.0.0.1:3243 to 127.0.0.1:1080 in 1 ms  	[MsgId: MMSG-26000]
Action.c(54): t=1779624ms: 413-byte request headers for "http://localhost:1080/cgi-bin/nav.pl?in=home" (RelFrameId=1.1, Internal ID=83)
Action.c(54):     GET /cgi-bin/nav.pl?in=home HTTP/1.1\r\n
Action.c(54):     Referer: http://localhost:1080/cgi-bin/welcome.pl?signOff=1\r\n
Action.c(54):     Priority: u=4\r\n
Action.c(54):     Upgrade-Insecure-Requests: 1\r\n
Action.c(54):     User-Agent: Mozilla/5.0 (Windows NT 10.0; Win64; x64; rv:130.0) Gecko/20100101 Firefox/130
Action.c(54):     .0\r\n
Action.c(54):     Accept-Encoding: gzip, deflate\r\n
Action.c(54):     Accept-Language: ru-RU,ru;q=0.8,en-US;q=0.5,en;q=0.3\r\n
Action.c(54):     Accept: */*\r\n
Action.c(54):     Connection: Keep-Alive\r\n
Action.c(54):     Host: localhost:1080\r\n
Action.c(54):     Cookie: MSO=SID&1729271050\r\n
Action.c(54):     \r\n
Action.c(54): t=1779671ms: 5-byte chunked response overhead for "http://localhost:1080/cgi-bin/welcome.pl?signOff=1" (RelFrameId=1, Internal ID=82)
Action.c(54):     0\r\n
Action.c(54):     \r\n
Action.c(54): t=1779671ms: Request done "http://localhost:1080/cgi-bin/welcome.pl?signOff=1"  	[MsgId: MMSG-26000]
Action.c(54): t=1779744ms: 256-byte response headers for "http://localhost:1080/cgi-bin/nav.pl?in=home" (RelFrameId=1.1, Internal ID=83)
Action.c(54):     HTTP/1.1 200 OK\r\n
Action.c(54):     Date: Fri, 18 Oct 2024 17:04:10 GMT\r\n
Action.c(54):     Server: Apache/2.2.21 (Win32)\r\n
Action.c(54):     Expires: Thu, 17 Oct 2024 17:04:10 GMT\r\n
Action.c(54):     Keep-Alive: timeout=5, max=100\r\n
Action.c(54):     Connection: Keep-Alive\r\n
Action.c(54):     Transfer-Encoding: chunked\r\n
Action.c(54):     Content-Type: text/html; charset=ISO-8859-1\r\n
Action.c(54):     \r\n
Action.c(54): t=1779745ms: 5-byte chunked response overhead for "http://localhost:1080/cgi-bin/nav.pl?in=home" (RelFrameId=1.1, Internal ID=83)
Action.c(54):     5d1\r\n
Action.c(54): t=1779745ms: 2-byte chunked response overhead for "http://localhost:1080/cgi-bin/nav.pl?in=home" (RelFrameId=1.1, Internal ID=83)
Action.c(54):     \r\n
Action.c(54): t=1779745ms: 1489-byte chunked response body for "http://localhost:1080/cgi-bin/nav.pl?in=home" (RelFrameId=1.1, Internal ID=83)
Action.c(54):     <!DOCTYPE html\n
Action.c(54):     \tPUBLIC "-//W3C//DTD XHTML 1.0 Transitional//EN"\n
Action.c(54):     \t "http://www.w3.org/TR/xhtml1/DTD/xhtml1-transitional.dtd">\n
Action.c(54):     <html xmlns="http://www.w3.org/1999/xhtml" lang="en-US" xml:lang="en-US">\n
Action.c(54):     <head>\n
Action.c(54):     <title>Web Tours Navigation Bar</title>\n
Action.c(54):     <meta http-equiv="Content-Type" content="text/html; charset=iso-8859-1" />\n
Action.c(54):     </head>\n
Action.c(54):     <body bgcolor="#E0E7F1">\n
Action.c(54):     <style>\n
Action.c(54):     blockquote {font-family: tahoma; font-size : 10pt}\n
Action.c(54):     H1 {font-family: tahoma; font-size : 22pt; color: #993333}\n
Action.c(54):     H3 {font-family: tahoma; font-size : 10pt; color: black}\n
Action.c(54):     small {font-family: tahoma; font-size : 8pt}\n
Action.c(54):     </style>\n
Action.c(54):     <form method="post" action="/cgi-bin/login.pl" target="body">\n
Action.c(54):     <input type="hidden" name="userSession" value="140078.659376266HcAfcQzpAtVzzzzHtDcDVpHHzcf
Action.c(54):     "/>\n
Action.c(54):     <table border="0"><tr><td>&nbsp;</td>\n
Action.c(54):     <td>&nbsp;</td></tr>\n
Action.c(54):     <tr><td>&nbsp;</td>\n
Action.c(54):     <td>&nbsp;</td></tr>\n
Action.c(54):     <tr><td>&nbsp;</td>\n
Action.c(54):     <td><small>&nbsp;Username</small></td></tr>\n
Action.c(54):     <tr><td>&nbsp;</td>\n
Action.c(54):     <td><input type="text" name="username" value="" size="14" maxlength="14"/></td></tr>\n
Action.c(54):     <tr><td>&nbsp;</td>\n
Action.c(54):     <td><small>&nbsp;Password</small></td>\n
Action.c(54):     <tr><td>&nbsp;</td>\n
Action.c(54):     <td><input type="password" name="password" value="" size="14" maxlength="14"/></td></tr>\n
Action.c(54):     <tr><td>&nbsp;</td>\n
Action.c(54):     <td>&nbsp;</td></tr>\n
Action.c(54):     <tr><td>&nbsp;</td>\n
Action.c(54):     <td><input type="image" name="login" value="Login" alt="Login" border="1" \n
Action.c(54):     src="/WebTours/images/mer_login.gif"/></td></tr>\n
Action.c(54):     <tr><td>&nbsp;</td><td>&nbsp;</td></tr>\n
Action.c(54):     </table><input type="hidden" name="JSFormSubmit" value="off"/>\n
Action.c(54):     </form>\n
Action.c(54):     \n
Action.c(54):     </body>\n
Action.c(54):     </html>\n
Action.c(54): Resource "http://localhost:1080/WebTours/images/mer_login.gif" is in the cache already and will not be downloaded again  	[MsgId: MMSG-26655]
Action.c(54): t=1779760ms: 5-byte chunked response overhead for "http://localhost:1080/cgi-bin/nav.pl?in=home" (RelFrameId=1.1, Internal ID=83)
Action.c(54):     0\r\n
Action.c(54):     \r\n
Action.c(54): t=1779760ms: Request done "http://localhost:1080/cgi-bin/nav.pl?in=home"  	[MsgId: MMSG-26000]
Action.c(54): Registered web_reg_find successful for "Text=Welcome to the Web Tours site." (count=1)  	[MsgId: MMSG-26364]
Action.c(54): web_image("SignOff Button") was successful, 2175 body bytes, 584 header bytes, 24 chunking overhead bytes  	[MsgId: MMSG-26385]
Action.c(59): Notify: Transaction "logout" ended with a "Pass" status (Duration: 0,2560).	[MsgId: MMSG-16873]
Action.c(60): Notify: Transaction "UC01_login_logout" ended with a "Pass" status (Duration: 38,1319 Think Time: 17,7109).	[MsgId: MMSG-16872]
Ending action Action.	[MsgId: MMSG-15918]
Action was aborted.	[MsgId: MMSG-10694]
Ending Vuser...	[MsgId: MMSG-15966]
Starting action vuser_end.	[MsgId: MMSG-15919]
Ending action vuser_end.	[MsgId: MMSG-15918]
Vuser Terminated.	[MsgId: MMSG-15963]
t=1779762ms: Closed connection [0] to localhost:1080 after completing 1 request(s)  	[MsgId: MMSG-26000]
t=1779763ms: Closed connection [1] to localhost:1080 after completing 1 request(s)  	[MsgId: MMSG-26000]
HTML-Mode memory management statistics: Reusable=7, NonReusable=0, CsMemBlockSize=4096, checks disabled  	[MsgId: MMSG-26000]
Vuser 4 (thread 8508), ended OK."	[MsgId: MMSG-10695]
