Virtual User Script started at: 05.10.2024 0:41:06	[MsgId: MMSG-15967]
Starting action vuser_init.	[MsgId: MMSG-15919]
Web Turbo Replay of LoadRunner 2020.0.0 for Windows 10; build 793 (ноя 27 2019 19:51:20)  	[MsgId: MMSG-26983]
Run mode: HTML  	[MsgId: MMSG-26993]
Replay user agent: Mozilla/5.0 (Windows NT 10.0; Win64; x64; rv:130.0) Gecko/20100101 Firefox/130.0  	[MsgId: MMSG-26988]
Runtime Settings file: "C:\Users\GeT\AppData\Local\Temp\lr5tmpdir2Yc.820\lrcfgnTb.826\cfgxjf.827"  	[MsgId: MMSG-27141]
Vuser directory: "C:\Users\GeT\Desktop\lr_hw\Скрипты\BuyTickets"  	[MsgId: MMSG-27052]
Vuser output directory: "C:\Users\GeT\Desktop\lr_hw\Скрипты\BuyTickets"  	[MsgId: MMSG-27050]
Operating system's current working directory: "C:\Users\GeT\Desktop\lr_hw\Скрипты\BuyTickets"  	[MsgId: MMSG-27048]
UTC (GMT) start date/time   : 2024-10-04 21:41:06  	[MsgId: MMSG-26992]
LOCAL start date/time       : 2024-10-05 00:41:06  	[MsgId: MMSG-26991]
Local daylight-Savings-Time : No  	[MsgId: MMSG-26990]
Some of the Runtime Settings:  	[MsgId: MMSG-27142]
    Download non-HTML resources: Yes  	[MsgId: MMSG-27018]
    Verification checks: No  	[MsgId: MMSG-27017]
    Convert from/to UTF-8: No  	[MsgId: MMSG-27016]
    Simulate a new user each iteration: Yes  	[MsgId: MMSG-27009]
    Non-critical item errors as warnings: Yes  	[MsgId: MMSG-27008]
    HTTP errors as warnings: No  	[MsgId: MMSG-27007]
    WinInet replay instead of Sockets: No  	[MsgId: MMSG-27006]
    HTTP version: 1.1  	[MsgId: MMSG-27005]
    Keep-Alive HTTP connections: Yes  	[MsgId: MMSG-27004]
    Max self Meta refresh updates: 2  	[MsgId: MMSG-27003]
    No proxy is used (direct connection to the Internet)  	[MsgId: MMSG-27171]
    DNS caching: Yes  	[MsgId: MMSG-27035]
    Simulate browser cache: Yes  	[MsgId: MMSG-27034]
        Cache URLs requiring content (e.g., HTMLs): Yes  	[MsgId: MMSG-27033]
            Additional URLs requiring content: None  	[MsgId: MMSG-27032]
        Check for newer versions every visit to the page: No  	[MsgId: MMSG-27031]
    Page download timeout (sec): 120  	[MsgId: MMSG-27030]
    Resource Page Timeout is a Warning: No  	[MsgId: MMSG-27029]
    ContentCheck enabled: Yes  	[MsgId: MMSG-27028]
    ContentCheck script-level file: "C:\Users\GeT\AppData\Local\Temp\lr5tmpdir2Yc.820\lrcfgnTb.826\LrwiAedScript.xml"  	[MsgId: MMSG-27027]
    Enable Web Page Breakdown: Yes  	[MsgId: MMSG-27026]
    Enable connection data points: Yes  	[MsgId: MMSG-27023]
    Process socket after reschedule: Yes  	[MsgId: MMSG-27022]
    Snapshot on error: No  	[MsgId: MMSG-27021]
    Define each step as a transaction: No  	[MsgId: MMSG-27020]
    Read beyond Content-Length: No  	[MsgId: MMSG-26994]
    Parse HTML Content-Type: TEXT  	[MsgId: MMSG-26999]
    Graph hits per second and HTTP status codes: Yes  	[MsgId: MMSG-26998]
    Graph response bytes per second: Yes  	[MsgId: MMSG-26997]
    Graph pages per second: No  	[MsgId: MMSG-26996]
    Web recorder version ID: 10  	[MsgId: MMSG-26995]
Ending action vuser_init.	[MsgId: MMSG-15918]
Running Vuser...	[MsgId: MMSG-15964]
Starting iteration 1.	[MsgId: MMSG-15968]
Maximum number of concurrent connections per server: 6  	[MsgId: MMSG-26989]
Starting action Action.	[MsgId: MMSG-15919]
Action.c(4): Notify: Transaction "UC_03_BuyTickets" started.	[MsgId: MMSG-16999]
Action.c(5): Notify: Transaction "open_WebTours" started.	[MsgId: MMSG-16999]
Action.c(7): web_reg_find started  	[MsgId: MMSG-26355]
Action.c(7): Registering web_reg_find was successful  	[MsgId: MMSG-26390]
Action.c(9): web_set_sockets_option started  	[MsgId: MMSG-26355]
Action.c(9): web_set_sockets_option was successful  	[MsgId: MMSG-26392]
Action.c(11): web_add_auto_header("Priority") started  	[MsgId: MMSG-26355]
Action.c(11): An unrecognized header ("Priority") is being added  	[MsgId: MMSG-26595]
Action.c(11): "Priority: u=4" header registered for adding to requests from all following Action functions  	[MsgId: MMSG-26505]
Action.c(11): web_add_auto_header("Priority") was successful  	[MsgId: MMSG-26392]
Action.c(14): web_add_auto_header("Upgrade-Insecure-Requests") started  	[MsgId: MMSG-26355]
Action.c(14): An unrecognized header ("Upgrade-Insecure-Requests") is being added  	[MsgId: MMSG-26595]
Action.c(14): "Upgrade-Insecure-Requests: 1" header registered for adding to requests from all following Action functions  	[MsgId: MMSG-26505]
Action.c(14): web_add_auto_header("Upgrade-Insecure-Requests") was successful  	[MsgId: MMSG-26392]
Action.c(17): web_url("welcome.pl") started  	[MsgId: MMSG-26355]
Action.c(17): t=1419ms: Connecting [0] to host 127.0.0.1:1080  	[MsgId: MMSG-26000]
Action.c(17): Error -27792: Failed to connect to server "localhost:1080": [10061] Connection refused  	[MsgId: MERR-27792]
Action.c(17): t=3455ms: Closed connection [0] to localhost:1080 after completing 0 request(s)  	[MsgId: MMSG-26000]
Action.c(17): Error -26366: "Text=Welcome to the Web Tours site." not found for web_reg_find  	[MsgId: MERR-26366]
Action.c(17): Error -26374: The above "not found" error(s) may be explained by header and body byte counts being 0 and 0, respectively.  	[MsgId: MERR-26374]
Action.c(17): web_url("welcome.pl") highest severity level was "ERROR", 0 body bytes, 0 header bytes  	[MsgId: MMSG-26388]
Action.c(17): Notify: Transaction "open_WebTours" ended with a "Fail" status (Duration: 2,0516).	[MsgId: MMSG-16873]
Action.c(17): Notify: Transaction "open_WebTours" has 3 error message(s).	[MsgId: MMSG-16818]
Action.c(17): Notify: The 1st error message associated with transaction "open_WebTours" is "Error -27792: Failed to connect to server "localhost:1080": [10061] Connection refused"	[MsgId: MMSG-16819]
Action.c(17): Notify: The 2nd error message associated with transaction "open_WebTours" is "Error -26366: "Text=Welcome to the Web Tours site." not found for web_reg_find"	[MsgId: MMSG-16819]
Action.c(17): Notify: The 3rd error message associated with transaction "open_WebTours" is "Error -26374: The above "not found" error(s) may be explained by header and body byte counts being 0 and 0, respectively."	[MsgId: MMSG-16819]
Action.c(17): Notify: Transaction "UC_03_BuyTickets" ended with a "Fail" status (Duration: 2,0517).	[MsgId: MMSG-16873]
Action.c(17): Notify: Transaction "UC_03_BuyTickets" has 3 error message(s).	[MsgId: MMSG-16818]
Action.c(17): Notify: The 1st error message associated with transaction "UC_03_BuyTickets" is "Error -27792: Failed to connect to server "localhost:1080": [10061] Connection refused"	[MsgId: MMSG-16819]
Action.c(17): Notify: The 2nd error message associated with transaction "UC_03_BuyTickets" is "Error -26366: "Text=Welcome to the Web Tours site." not found for web_reg_find"	[MsgId: MMSG-16819]
Action.c(17): Notify: The 3rd error message associated with transaction "UC_03_BuyTickets" is "Error -26374: The above "not found" error(s) may be explained by header and body byte counts being 0 and 0, respectively."	[MsgId: MMSG-16819]
Ending action Action.	[MsgId: MMSG-15918]
Ending iteration 1.	[MsgId: MMSG-15965]
Starting iteration 2.	[MsgId: MMSG-15968]
Action.c(17): Resetting all proxy auto-configuration information  	[MsgId: MMSG-26000]
Notify: Next row for parameter login = 9 [table  = login].	[MsgId: MMSG-13876]
Notify: Getting new value for parameter 'login': table = '..\data\users.dat' column = '0' row = '9'.	[MsgId: MMSG-13877]
Notify: Next row for parameter lastName = 9 [table  = lastName].	[MsgId: MMSG-13876]
Notify: Getting new value for parameter 'lastName': table = '..\data\users.dat' column = '3' row = '9'.	[MsgId: MMSG-13877]
Notify: Next row for parameter password = 9 [table  = password].	[MsgId: MMSG-13876]
Notify: Getting new value for parameter 'password': table = '..\data\users.dat' column = '1' row = '9'.	[MsgId: MMSG-13877]
Notify: Next row for parameter city = 9 [table  = city].	[MsgId: MMSG-13876]
Notify: Getting new value for parameter 'city': table = '..\data\users.dat' column = '5' row = '9'.	[MsgId: MMSG-13877]
Notify: Next row for parameter expDate = 9 [table  = expDate].	[MsgId: MMSG-13876]
Notify: Getting new value for parameter 'expDate': table = '..\data\users.dat' column = '7' row = '9'.	[MsgId: MMSG-13877]
Notify: Next row for parameter creditCard = 9 [table  = creditCard].	[MsgId: MMSG-13876]
Notify: Getting new value for parameter 'creditCard': table = '..\data\users.dat' column = '6' row = '9'.	[MsgId: MMSG-13877]
Notify: Next row for parameter firstName = 9 [table  = firstName].	[MsgId: MMSG-13876]
Notify: Getting new value for parameter 'firstName': table = '..\data\users.dat' column = '2' row = '9'.	[MsgId: MMSG-13877]
Notify: Next row for parameter street = 9 [table  = street].	[MsgId: MMSG-13876]
Notify: Getting new value for parameter 'street': table = '..\data\users.dat' column = '4' row = '9'.	[MsgId: MMSG-13877]
Starting action Action.	[MsgId: MMSG-15919]
Action.c(4): Notify: Transaction "UC_03_BuyTickets" started.	[MsgId: MMSG-16999]
Action.c(5): Notify: Transaction "open_WebTours" started.	[MsgId: MMSG-16999]
Action.c(7): web_reg_find started  	[MsgId: MMSG-26355]
Action.c(7): Registering web_reg_find was successful  	[MsgId: MMSG-26390]
Action.c(9): web_set_sockets_option started  	[MsgId: MMSG-26355]
Action.c(9): web_set_sockets_option was successful  	[MsgId: MMSG-26392]
Action.c(11): web_add_auto_header("Priority") started  	[MsgId: MMSG-26355]
Action.c(11): An unrecognized header ("Priority") is being added  	[MsgId: MMSG-26595]
Action.c(11): "Priority: u=4" header registered for adding to requests from all following Action functions  	[MsgId: MMSG-26505]
Action.c(11): web_add_auto_header("Priority") was successful  	[MsgId: MMSG-26392]
Action.c(14): web_add_auto_header("Upgrade-Insecure-Requests") started  	[MsgId: MMSG-26355]
Action.c(14): An unrecognized header ("Upgrade-Insecure-Requests") is being added  	[MsgId: MMSG-26595]
Action.c(14): "Upgrade-Insecure-Requests: 1" header registered for adding to requests from all following Action functions  	[MsgId: MMSG-26505]
Action.c(14): web_add_auto_header("Upgrade-Insecure-Requests") was successful  	[MsgId: MMSG-26392]
Action.c(17): web_url("welcome.pl") started  	[MsgId: MMSG-26355]
Action.c(17): t=3464ms: Connecting [0] to host 127.0.0.1:1080  	[MsgId: MMSG-26000]
Action.c(17): Error -27792: Failed to connect to server "localhost:1080": [10061] Connection refused  	[MsgId: MERR-27792]
Action.c(17): t=5486ms: Closed connection [0] to localhost:1080 after completing 0 request(s)  	[MsgId: MMSG-26000]
Action.c(17): Error -26366: "Text=Welcome to the Web Tours site." not found for web_reg_find  	[MsgId: MERR-26366]
Action.c(17): Error -26374: The above "not found" error(s) may be explained by header and body byte counts being 0 and 0, respectively.  	[MsgId: MERR-26374]
Action.c(17): web_url("welcome.pl") highest severity level was "ERROR", 0 body bytes, 0 header bytes  	[MsgId: MMSG-26388]
Action.c(17): Notify: Transaction "open_WebTours" ended with a "Fail" status (Duration: 2,0238).	[MsgId: MMSG-16873]
Action.c(17): Notify: Transaction "open_WebTours" has 3 error message(s).	[MsgId: MMSG-16818]
Action.c(17): Notify: The 1st error message associated with transaction "open_WebTours" is "Error -27792: Failed to connect to server "localhost:1080": [10061] Connection refused"	[MsgId: MMSG-16819]
Action.c(17): Notify: The 2nd error message associated with transaction "open_WebTours" is "Error -26366: "Text=Welcome to the Web Tours site." not found for web_reg_find"	[MsgId: MMSG-16819]
Action.c(17): Notify: The 3rd error message associated with transaction "open_WebTours" is "Error -26374: The above "not found" error(s) may be explained by header and body byte counts being 0 and 0, respectively."	[MsgId: MMSG-16819]
Action.c(17): Notify: Transaction "UC_03_BuyTickets" ended with a "Fail" status (Duration: 2,0238).	[MsgId: MMSG-16873]
Action.c(17): Notify: Transaction "UC_03_BuyTickets" has 3 error message(s).	[MsgId: MMSG-16818]
Action.c(17): Notify: The 1st error message associated with transaction "UC_03_BuyTickets" is "Error -27792: Failed to connect to server "localhost:1080": [10061] Connection refused"	[MsgId: MMSG-16819]
Action.c(17): Notify: The 2nd error message associated with transaction "UC_03_BuyTickets" is "Error -26366: "Text=Welcome to the Web Tours site." not found for web_reg_find"	[MsgId: MMSG-16819]
Action.c(17): Notify: The 3rd error message associated with transaction "UC_03_BuyTickets" is "Error -26374: The above "not found" error(s) may be explained by header and body byte counts being 0 and 0, respectively."	[MsgId: MMSG-16819]
Ending action Action.	[MsgId: MMSG-15918]
Ending iteration 2.	[MsgId: MMSG-15965]
Starting iteration 3.	[MsgId: MMSG-15968]
Action.c(17): Resetting all proxy auto-configuration information  	[MsgId: MMSG-26000]
Notify: Next row for parameter login = 5 [table  = login].	[MsgId: MMSG-13876]
Notify: Getting new value for parameter 'login': table = '..\data\users.dat' column = '0' row = '5'.	[MsgId: MMSG-13877]
Notify: Next row for parameter lastName = 5 [table  = lastName].	[MsgId: MMSG-13876]
Notify: Getting new value for parameter 'lastName': table = '..\data\users.dat' column = '3' row = '5'.	[MsgId: MMSG-13877]
Notify: Next row for parameter password = 5 [table  = password].	[MsgId: MMSG-13876]
Notify: Getting new value for parameter 'password': table = '..\data\users.dat' column = '1' row = '5'.	[MsgId: MMSG-13877]
Notify: Next row for parameter city = 5 [table  = city].	[MsgId: MMSG-13876]
Notify: Getting new value for parameter 'city': table = '..\data\users.dat' column = '5' row = '5'.	[MsgId: MMSG-13877]
Notify: Next row for parameter expDate = 5 [table  = expDate].	[MsgId: MMSG-13876]
Notify: Getting new value for parameter 'expDate': table = '..\data\users.dat' column = '7' row = '5'.	[MsgId: MMSG-13877]
Notify: Next row for parameter creditCard = 5 [table  = creditCard].	[MsgId: MMSG-13876]
Notify: Getting new value for parameter 'creditCard': table = '..\data\users.dat' column = '6' row = '5'.	[MsgId: MMSG-13877]
Notify: Next row for parameter firstName = 5 [table  = firstName].	[MsgId: MMSG-13876]
Notify: Getting new value for parameter 'firstName': table = '..\data\users.dat' column = '2' row = '5'.	[MsgId: MMSG-13877]
Notify: Next row for parameter street = 5 [table  = street].	[MsgId: MMSG-13876]
Notify: Getting new value for parameter 'street': table = '..\data\users.dat' column = '4' row = '5'.	[MsgId: MMSG-13877]
Starting action Action.	[MsgId: MMSG-15919]
Action.c(4): Notify: Transaction "UC_03_BuyTickets" started.	[MsgId: MMSG-16999]
Action.c(5): Notify: Transaction "open_WebTours" started.	[MsgId: MMSG-16999]
Action.c(7): web_reg_find started  	[MsgId: MMSG-26355]
Action.c(7): Registering web_reg_find was successful  	[MsgId: MMSG-26390]
Action.c(9): web_set_sockets_option started  	[MsgId: MMSG-26355]
Action.c(9): web_set_sockets_option was successful  	[MsgId: MMSG-26392]
Action.c(11): web_add_auto_header("Priority") started  	[MsgId: MMSG-26355]
Action.c(11): An unrecognized header ("Priority") is being added  	[MsgId: MMSG-26595]
Action.c(11): "Priority: u=4" header registered for adding to requests from all following Action functions  	[MsgId: MMSG-26505]
Action.c(11): web_add_auto_header("Priority") was successful  	[MsgId: MMSG-26392]
Action.c(14): web_add_auto_header("Upgrade-Insecure-Requests") started  	[MsgId: MMSG-26355]
Action.c(14): An unrecognized header ("Upgrade-Insecure-Requests") is being added  	[MsgId: MMSG-26595]
Action.c(14): "Upgrade-Insecure-Requests: 1" header registered for adding to requests from all following Action functions  	[MsgId: MMSG-26505]
Action.c(14): web_add_auto_header("Upgrade-Insecure-Requests") was successful  	[MsgId: MMSG-26392]
Action.c(17): web_url("welcome.pl") started  	[MsgId: MMSG-26355]
Action.c(17): t=5490ms: Connecting [0] to host 127.0.0.1:1080  	[MsgId: MMSG-26000]
Action.c(17): Error -27792: Failed to connect to server "localhost:1080": [10061] Connection refused  	[MsgId: MERR-27792]
Action.c(17): t=7524ms: Closed connection [0] to localhost:1080 after completing 0 request(s)  	[MsgId: MMSG-26000]
Action.c(17): Error -26366: "Text=Welcome to the Web Tours site." not found for web_reg_find  	[MsgId: MERR-26366]
Action.c(17): Error -26374: The above "not found" error(s) may be explained by header and body byte counts being 0 and 0, respectively.  	[MsgId: MERR-26374]
Action.c(17): web_url("welcome.pl") highest severity level was "ERROR", 0 body bytes, 0 header bytes  	[MsgId: MMSG-26388]
Action.c(17): Notify: Transaction "open_WebTours" ended with a "Fail" status (Duration: 2,0357).	[MsgId: MMSG-16873]
Action.c(17): Notify: Transaction "open_WebTours" has 3 error message(s).	[MsgId: MMSG-16818]
Action.c(17): Notify: The 1st error message associated with transaction "open_WebTours" is "Error -27792: Failed to connect to server "localhost:1080": [10061] Connection refused"	[MsgId: MMSG-16819]
Action.c(17): Notify: The 2nd error message associated with transaction "open_WebTours" is "Error -26366: "Text=Welcome to the Web Tours site." not found for web_reg_find"	[MsgId: MMSG-16819]
Action.c(17): Notify: The 3rd error message associated with transaction "open_WebTours" is "Error -26374: The above "not found" error(s) may be explained by header and body byte counts being 0 and 0, respectively."	[MsgId: MMSG-16819]
Action.c(17): Notify: Transaction "UC_03_BuyTickets" ended with a "Fail" status (Duration: 2,0358).	[MsgId: MMSG-16873]
Action.c(17): Notify: Transaction "UC_03_BuyTickets" has 3 error message(s).	[MsgId: MMSG-16818]
Action.c(17): Notify: The 1st error message associated with transaction "UC_03_BuyTickets" is "Error -27792: Failed to connect to server "localhost:1080": [10061] Connection refused"	[MsgId: MMSG-16819]
Action.c(17): Notify: The 2nd error message associated with transaction "UC_03_BuyTickets" is "Error -26366: "Text=Welcome to the Web Tours site." not found for web_reg_find"	[MsgId: MMSG-16819]
Action.c(17): Notify: The 3rd error message associated with transaction "UC_03_BuyTickets" is "Error -26374: The above "not found" error(s) may be explained by header and body byte counts being 0 and 0, respectively."	[MsgId: MMSG-16819]
Ending action Action.	[MsgId: MMSG-15918]
Ending iteration 3.	[MsgId: MMSG-15965]
Starting iteration 4.	[MsgId: MMSG-15968]
Action.c(17): Resetting all proxy auto-configuration information  	[MsgId: MMSG-26000]
Notify: Next row for parameter login = 7 [table  = login].	[MsgId: MMSG-13876]
Notify: Getting new value for parameter 'login': table = '..\data\users.dat' column = '0' row = '7'.	[MsgId: MMSG-13877]
Notify: Next row for parameter lastName = 7 [table  = lastName].	[MsgId: MMSG-13876]
Notify: Getting new value for parameter 'lastName': table = '..\data\users.dat' column = '3' row = '7'.	[MsgId: MMSG-13877]
Notify: Next row for parameter password = 7 [table  = password].	[MsgId: MMSG-13876]
Notify: Getting new value for parameter 'password': table = '..\data\users.dat' column = '1' row = '7'.	[MsgId: MMSG-13877]
Notify: Next row for parameter city = 7 [table  = city].	[MsgId: MMSG-13876]
Notify: Getting new value for parameter 'city': table = '..\data\users.dat' column = '5' row = '7'.	[MsgId: MMSG-13877]
Notify: Next row for parameter expDate = 7 [table  = expDate].	[MsgId: MMSG-13876]
Notify: Getting new value for parameter 'expDate': table = '..\data\users.dat' column = '7' row = '7'.	[MsgId: MMSG-13877]
Notify: Next row for parameter creditCard = 7 [table  = creditCard].	[MsgId: MMSG-13876]
Notify: Getting new value for parameter 'creditCard': table = '..\data\users.dat' column = '6' row = '7'.	[MsgId: MMSG-13877]
Notify: Next row for parameter firstName = 7 [table  = firstName].	[MsgId: MMSG-13876]
Notify: Getting new value for parameter 'firstName': table = '..\data\users.dat' column = '2' row = '7'.	[MsgId: MMSG-13877]
Notify: Next row for parameter street = 7 [table  = street].	[MsgId: MMSG-13876]
Notify: Getting new value for parameter 'street': table = '..\data\users.dat' column = '4' row = '7'.	[MsgId: MMSG-13877]
Starting action Action.	[MsgId: MMSG-15919]
Action.c(4): Notify: Transaction "UC_03_BuyTickets" started.	[MsgId: MMSG-16999]
Action.c(5): Notify: Transaction "open_WebTours" started.	[MsgId: MMSG-16999]
Action.c(7): web_reg_find started  	[MsgId: MMSG-26355]
Action.c(7): Registering web_reg_find was successful  	[MsgId: MMSG-26390]
Action.c(9): web_set_sockets_option started  	[MsgId: MMSG-26355]
Action.c(9): web_set_sockets_option was successful  	[MsgId: MMSG-26392]
Action.c(11): web_add_auto_header("Priority") started  	[MsgId: MMSG-26355]
Action.c(11): An unrecognized header ("Priority") is being added  	[MsgId: MMSG-26595]
Action.c(11): "Priority: u=4" header registered for adding to requests from all following Action functions  	[MsgId: MMSG-26505]
Action.c(11): web_add_auto_header("Priority") was successful  	[MsgId: MMSG-26392]
Action.c(14): web_add_auto_header("Upgrade-Insecure-Requests") started  	[MsgId: MMSG-26355]
Action.c(14): An unrecognized header ("Upgrade-Insecure-Requests") is being added  	[MsgId: MMSG-26595]
Action.c(14): "Upgrade-Insecure-Requests: 1" header registered for adding to requests from all following Action functions  	[MsgId: MMSG-26505]
Action.c(14): web_add_auto_header("Upgrade-Insecure-Requests") was successful  	[MsgId: MMSG-26392]
Action.c(17): web_url("welcome.pl") started  	[MsgId: MMSG-26355]
Action.c(17): t=7527ms: Connecting [0] to host 127.0.0.1:1080  	[MsgId: MMSG-26000]
Action.c(17): Error -27792: Failed to connect to server "localhost:1080": [10061] Connection refused  	[MsgId: MERR-27792]
Action.c(17): t=9560ms: Closed connection [0] to localhost:1080 after completing 0 request(s)  	[MsgId: MMSG-26000]
Action.c(17): Error -26366: "Text=Welcome to the Web Tours site." not found for web_reg_find  	[MsgId: MERR-26366]
Action.c(17): Error -26374: The above "not found" error(s) may be explained by header and body byte counts being 0 and 0, respectively.  	[MsgId: MERR-26374]
Action.c(17): web_url("welcome.pl") highest severity level was "ERROR", 0 body bytes, 0 header bytes  	[MsgId: MMSG-26388]
Action.c(17): Notify: Transaction "open_WebTours" ended with a "Fail" status (Duration: 2,0343).	[MsgId: MMSG-16873]
Action.c(17): Notify: Transaction "open_WebTours" has 3 error message(s).	[MsgId: MMSG-16818]
Action.c(17): Notify: The 1st error message associated with transaction "open_WebTours" is "Error -27792: Failed to connect to server "localhost:1080": [10061] Connection refused"	[MsgId: MMSG-16819]
Action.c(17): Notify: The 2nd error message associated with transaction "open_WebTours" is "Error -26366: "Text=Welcome to the Web Tours site." not found for web_reg_find"	[MsgId: MMSG-16819]
Action.c(17): Notify: The 3rd error message associated with transaction "open_WebTours" is "Error -26374: The above "not found" error(s) may be explained by header and body byte counts being 0 and 0, respectively."	[MsgId: MMSG-16819]
Action.c(17): Notify: Transaction "UC_03_BuyTickets" ended with a "Fail" status (Duration: 2,0344).	[MsgId: MMSG-16873]
Action.c(17): Notify: Transaction "UC_03_BuyTickets" has 3 error message(s).	[MsgId: MMSG-16818]
Action.c(17): Notify: The 1st error message associated with transaction "UC_03_BuyTickets" is "Error -27792: Failed to connect to server "localhost:1080": [10061] Connection refused"	[MsgId: MMSG-16819]
Action.c(17): Notify: The 2nd error message associated with transaction "UC_03_BuyTickets" is "Error -26366: "Text=Welcome to the Web Tours site." not found for web_reg_find"	[MsgId: MMSG-16819]
Action.c(17): Notify: The 3rd error message associated with transaction "UC_03_BuyTickets" is "Error -26374: The above "not found" error(s) may be explained by header and body byte counts being 0 and 0, respectively."	[MsgId: MMSG-16819]
Ending action Action.	[MsgId: MMSG-15918]
Ending iteration 4.	[MsgId: MMSG-15965]
Starting iteration 5.	[MsgId: MMSG-15968]
Action.c(17): Resetting all proxy auto-configuration information  	[MsgId: MMSG-26000]
Notify: Next row for parameter login = 4 [table  = login].	[MsgId: MMSG-13876]
Notify: Getting new value for parameter 'login': table = '..\data\users.dat' column = '0' row = '4'.	[MsgId: MMSG-13877]
Notify: Next row for parameter lastName = 4 [table  = lastName].	[MsgId: MMSG-13876]
Notify: Getting new value for parameter 'lastName': table = '..\data\users.dat' column = '3' row = '4'.	[MsgId: MMSG-13877]
Notify: Next row for parameter password = 4 [table  = password].	[MsgId: MMSG-13876]
Notify: Getting new value for parameter 'password': table = '..\data\users.dat' column = '1' row = '4'.	[MsgId: MMSG-13877]
Notify: Next row for parameter city = 4 [table  = city].	[MsgId: MMSG-13876]
Notify: Getting new value for parameter 'city': table = '..\data\users.dat' column = '5' row = '4'.	[MsgId: MMSG-13877]
Notify: Next row for parameter expDate = 4 [table  = expDate].	[MsgId: MMSG-13876]
Notify: Getting new value for parameter 'expDate': table = '..\data\users.dat' column = '7' row = '4'.	[MsgId: MMSG-13877]
Notify: Next row for parameter creditCard = 4 [table  = creditCard].	[MsgId: MMSG-13876]
Notify: Getting new value for parameter 'creditCard': table = '..\data\users.dat' column = '6' row = '4'.	[MsgId: MMSG-13877]
Notify: Next row for parameter firstName = 4 [table  = firstName].	[MsgId: MMSG-13876]
Notify: Getting new value for parameter 'firstName': table = '..\data\users.dat' column = '2' row = '4'.	[MsgId: MMSG-13877]
Notify: Next row for parameter street = 4 [table  = street].	[MsgId: MMSG-13876]
Notify: Getting new value for parameter 'street': table = '..\data\users.dat' column = '4' row = '4'.	[MsgId: MMSG-13877]
Starting action Action.	[MsgId: MMSG-15919]
Action.c(4): Notify: Transaction "UC_03_BuyTickets" started.	[MsgId: MMSG-16999]
Action.c(5): Notify: Transaction "open_WebTours" started.	[MsgId: MMSG-16999]
Action.c(7): web_reg_find started  	[MsgId: MMSG-26355]
Action.c(7): Registering web_reg_find was successful  	[MsgId: MMSG-26390]
Action.c(9): web_set_sockets_option started  	[MsgId: MMSG-26355]
Action.c(9): web_set_sockets_option was successful  	[MsgId: MMSG-26392]
Action.c(11): web_add_auto_header("Priority") started  	[MsgId: MMSG-26355]
Action.c(11): An unrecognized header ("Priority") is being added  	[MsgId: MMSG-26595]
Action.c(11): "Priority: u=4" header registered for adding to requests from all following Action functions  	[MsgId: MMSG-26505]
Action.c(11): web_add_auto_header("Priority") was successful  	[MsgId: MMSG-26392]
Action.c(14): web_add_auto_header("Upgrade-Insecure-Requests") started  	[MsgId: MMSG-26355]
Action.c(14): An unrecognized header ("Upgrade-Insecure-Requests") is being added  	[MsgId: MMSG-26595]
Action.c(14): "Upgrade-Insecure-Requests: 1" header registered for adding to requests from all following Action functions  	[MsgId: MMSG-26505]
Action.c(14): web_add_auto_header("Upgrade-Insecure-Requests") was successful  	[MsgId: MMSG-26392]
Action.c(17): web_url("welcome.pl") started  	[MsgId: MMSG-26355]
Action.c(17): t=9563ms: Connecting [0] to host 127.0.0.1:1080  	[MsgId: MMSG-26000]
Action.c(17): Error -27792: Failed to connect to server "localhost:1080": [10061] Connection refused  	[MsgId: MERR-27792]
Action.c(17): t=11598ms: Closed connection [0] to localhost:1080 after completing 0 request(s)  	[MsgId: MMSG-26000]
Action.c(17): Error -26366: "Text=Welcome to the Web Tours site." not found for web_reg_find  	[MsgId: MERR-26366]
Action.c(17): Error -26374: The above "not found" error(s) may be explained by header and body byte counts being 0 and 0, respectively.  	[MsgId: MERR-26374]
Action.c(17): web_url("welcome.pl") highest severity level was "ERROR", 0 body bytes, 0 header bytes  	[MsgId: MMSG-26388]
Action.c(17): Notify: Transaction "open_WebTours" ended with a "Fail" status (Duration: 2,0375).	[MsgId: MMSG-16873]
Action.c(17): Notify: Transaction "open_WebTours" has 3 error message(s).	[MsgId: MMSG-16818]
Action.c(17): Notify: The 1st error message associated with transaction "open_WebTours" is "Error -27792: Failed to connect to server "localhost:1080": [10061] Connection refused"	[MsgId: MMSG-16819]
Action.c(17): Notify: The 2nd error message associated with transaction "open_WebTours" is "Error -26366: "Text=Welcome to the Web Tours site." not found for web_reg_find"	[MsgId: MMSG-16819]
Action.c(17): Notify: The 3rd error message associated with transaction "open_WebTours" is "Error -26374: The above "not found" error(s) may be explained by header and body byte counts being 0 and 0, respectively."	[MsgId: MMSG-16819]
Action.c(17): Notify: Transaction "UC_03_BuyTickets" ended with a "Fail" status (Duration: 2,0376).	[MsgId: MMSG-16873]
Action.c(17): Notify: Transaction "UC_03_BuyTickets" has 3 error message(s).	[MsgId: MMSG-16818]
Action.c(17): Notify: The 1st error message associated with transaction "UC_03_BuyTickets" is "Error -27792: Failed to connect to server "localhost:1080": [10061] Connection refused"	[MsgId: MMSG-16819]
Action.c(17): Notify: The 2nd error message associated with transaction "UC_03_BuyTickets" is "Error -26366: "Text=Welcome to the Web Tours site." not found for web_reg_find"	[MsgId: MMSG-16819]
Action.c(17): Notify: The 3rd error message associated with transaction "UC_03_BuyTickets" is "Error -26374: The above "not found" error(s) may be explained by header and body byte counts being 0 and 0, respectively."	[MsgId: MMSG-16819]
Ending action Action.	[MsgId: MMSG-15918]
Ending iteration 5.	[MsgId: MMSG-15965]
Starting iteration 6.	[MsgId: MMSG-15968]
Action.c(17): Resetting all proxy auto-configuration information  	[MsgId: MMSG-26000]
Notify: Next row for parameter login = 10 [table  = login].	[MsgId: MMSG-13876]
Notify: Getting new value for parameter 'login': table = '..\data\users.dat' column = '0' row = '10'.	[MsgId: MMSG-13877]
Notify: Next row for parameter lastName = 10 [table  = lastName].	[MsgId: MMSG-13876]
Notify: Getting new value for parameter 'lastName': table = '..\data\users.dat' column = '3' row = '10'.	[MsgId: MMSG-13877]
Notify: Next row for parameter password = 10 [table  = password].	[MsgId: MMSG-13876]
Notify: Getting new value for parameter 'password': table = '..\data\users.dat' column = '1' row = '10'.	[MsgId: MMSG-13877]
Notify: Next row for parameter city = 10 [table  = city].	[MsgId: MMSG-13876]
Notify: Getting new value for parameter 'city': table = '..\data\users.dat' column = '5' row = '10'.	[MsgId: MMSG-13877]
Notify: Next row for parameter expDate = 10 [table  = expDate].	[MsgId: MMSG-13876]
Notify: Getting new value for parameter 'expDate': table = '..\data\users.dat' column = '7' row = '10'.	[MsgId: MMSG-13877]
Notify: Next row for parameter creditCard = 10 [table  = creditCard].	[MsgId: MMSG-13876]
Notify: Getting new value for parameter 'creditCard': table = '..\data\users.dat' column = '6' row = '10'.	[MsgId: MMSG-13877]
Notify: Next row for parameter firstName = 10 [table  = firstName].	[MsgId: MMSG-13876]
Notify: Getting new value for parameter 'firstName': table = '..\data\users.dat' column = '2' row = '10'.	[MsgId: MMSG-13877]
Notify: Next row for parameter street = 10 [table  = street].	[MsgId: MMSG-13876]
Notify: Getting new value for parameter 'street': table = '..\data\users.dat' column = '4' row = '10'.	[MsgId: MMSG-13877]
Starting action Action.	[MsgId: MMSG-15919]
Action.c(4): Notify: Transaction "UC_03_BuyTickets" started.	[MsgId: MMSG-16999]
Action.c(5): Notify: Transaction "open_WebTours" started.	[MsgId: MMSG-16999]
Action.c(7): web_reg_find started  	[MsgId: MMSG-26355]
Action.c(7): Registering web_reg_find was successful  	[MsgId: MMSG-26390]
Action.c(9): web_set_sockets_option started  	[MsgId: MMSG-26355]
Action.c(9): web_set_sockets_option was successful  	[MsgId: MMSG-26392]
Action.c(11): web_add_auto_header("Priority") started  	[MsgId: MMSG-26355]
Action.c(11): An unrecognized header ("Priority") is being added  	[MsgId: MMSG-26595]
Action.c(11): "Priority: u=4" header registered for adding to requests from all following Action functions  	[MsgId: MMSG-26505]
Action.c(11): web_add_auto_header("Priority") was successful  	[MsgId: MMSG-26392]
Action.c(14): web_add_auto_header("Upgrade-Insecure-Requests") started  	[MsgId: MMSG-26355]
Action.c(14): An unrecognized header ("Upgrade-Insecure-Requests") is being added  	[MsgId: MMSG-26595]
Action.c(14): "Upgrade-Insecure-Requests: 1" header registered for adding to requests from all following Action functions  	[MsgId: MMSG-26505]
Action.c(14): web_add_auto_header("Upgrade-Insecure-Requests") was successful  	[MsgId: MMSG-26392]
Action.c(17): web_url("welcome.pl") started  	[MsgId: MMSG-26355]
Action.c(17): t=11603ms: Connecting [0] to host 127.0.0.1:1080  	[MsgId: MMSG-26000]
Action.c(17): Error -27792: Failed to connect to server "localhost:1080": [10061] Connection refused  	[MsgId: MERR-27792]
Action.c(17): t=13629ms: Closed connection [0] to localhost:1080 after completing 0 request(s)  	[MsgId: MMSG-26000]
Action.c(17): Error -26366: "Text=Welcome to the Web Tours site." not found for web_reg_find  	[MsgId: MERR-26366]
Action.c(17): Error -26374: The above "not found" error(s) may be explained by header and body byte counts being 0 and 0, respectively.  	[MsgId: MERR-26374]
Action.c(17): web_url("welcome.pl") highest severity level was "ERROR", 0 body bytes, 0 header bytes  	[MsgId: MMSG-26388]
Action.c(17): Notify: Transaction "open_WebTours" ended with a "Fail" status (Duration: 2,0290).	[MsgId: MMSG-16873]
Action.c(17): Notify: Transaction "open_WebTours" has 3 error message(s).	[MsgId: MMSG-16818]
Action.c(17): Notify: The 1st error message associated with transaction "open_WebTours" is "Error -27792: Failed to connect to server "localhost:1080": [10061] Connection refused"	[MsgId: MMSG-16819]
Action.c(17): Notify: The 2nd error message associated with transaction "open_WebTours" is "Error -26366: "Text=Welcome to the Web Tours site." not found for web_reg_find"	[MsgId: MMSG-16819]
Action.c(17): Notify: The 3rd error message associated with transaction "open_WebTours" is "Error -26374: The above "not found" error(s) may be explained by header and body byte counts being 0 and 0, respectively."	[MsgId: MMSG-16819]
Action.c(17): Notify: Transaction "UC_03_BuyTickets" ended with a "Fail" status (Duration: 2,0291).	[MsgId: MMSG-16873]
Action.c(17): Notify: Transaction "UC_03_BuyTickets" has 3 error message(s).	[MsgId: MMSG-16818]
Action.c(17): Notify: The 1st error message associated with transaction "UC_03_BuyTickets" is "Error -27792: Failed to connect to server "localhost:1080": [10061] Connection refused"	[MsgId: MMSG-16819]
Action.c(17): Notify: The 2nd error message associated with transaction "UC_03_BuyTickets" is "Error -26366: "Text=Welcome to the Web Tours site." not found for web_reg_find"	[MsgId: MMSG-16819]
Action.c(17): Notify: The 3rd error message associated with transaction "UC_03_BuyTickets" is "Error -26374: The above "not found" error(s) may be explained by header and body byte counts being 0 and 0, respectively."	[MsgId: MMSG-16819]
Ending action Action.	[MsgId: MMSG-15918]
Ending iteration 6.	[MsgId: MMSG-15965]
Starting iteration 7.	[MsgId: MMSG-15968]
Action.c(17): Resetting all proxy auto-configuration information  	[MsgId: MMSG-26000]
Notify: Next row for parameter login = 8 [table  = login].	[MsgId: MMSG-13876]
Notify: Getting new value for parameter 'login': table = '..\data\users.dat' column = '0' row = '8'.	[MsgId: MMSG-13877]
Notify: Next row for parameter lastName = 8 [table  = lastName].	[MsgId: MMSG-13876]
Notify: Getting new value for parameter 'lastName': table = '..\data\users.dat' column = '3' row = '8'.	[MsgId: MMSG-13877]
Notify: Next row for parameter password = 8 [table  = password].	[MsgId: MMSG-13876]
Notify: Getting new value for parameter 'password': table = '..\data\users.dat' column = '1' row = '8'.	[MsgId: MMSG-13877]
Notify: Next row for parameter city = 8 [table  = city].	[MsgId: MMSG-13876]
Notify: Getting new value for parameter 'city': table = '..\data\users.dat' column = '5' row = '8'.	[MsgId: MMSG-13877]
Notify: Next row for parameter expDate = 8 [table  = expDate].	[MsgId: MMSG-13876]
Notify: Getting new value for parameter 'expDate': table = '..\data\users.dat' column = '7' row = '8'.	[MsgId: MMSG-13877]
Notify: Next row for parameter creditCard = 8 [table  = creditCard].	[MsgId: MMSG-13876]
Notify: Getting new value for parameter 'creditCard': table = '..\data\users.dat' column = '6' row = '8'.	[MsgId: MMSG-13877]
Notify: Next row for parameter firstName = 8 [table  = firstName].	[MsgId: MMSG-13876]
Notify: Getting new value for parameter 'firstName': table = '..\data\users.dat' column = '2' row = '8'.	[MsgId: MMSG-13877]
Notify: Next row for parameter street = 8 [table  = street].	[MsgId: MMSG-13876]
Notify: Getting new value for parameter 'street': table = '..\data\users.dat' column = '4' row = '8'.	[MsgId: MMSG-13877]
Starting action Action.	[MsgId: MMSG-15919]
Action.c(4): Notify: Transaction "UC_03_BuyTickets" started.	[MsgId: MMSG-16999]
Action.c(5): Notify: Transaction "open_WebTours" started.	[MsgId: MMSG-16999]
Action.c(7): web_reg_find started  	[MsgId: MMSG-26355]
Action.c(7): Registering web_reg_find was successful  	[MsgId: MMSG-26390]
Action.c(9): web_set_sockets_option started  	[MsgId: MMSG-26355]
Action.c(9): web_set_sockets_option was successful  	[MsgId: MMSG-26392]
Action.c(11): web_add_auto_header("Priority") started  	[MsgId: MMSG-26355]
Action.c(11): An unrecognized header ("Priority") is being added  	[MsgId: MMSG-26595]
Action.c(11): "Priority: u=4" header registered for adding to requests from all following Action functions  	[MsgId: MMSG-26505]
Action.c(11): web_add_auto_header("Priority") was successful  	[MsgId: MMSG-26392]
Action.c(14): web_add_auto_header("Upgrade-Insecure-Requests") started  	[MsgId: MMSG-26355]
Action.c(14): An unrecognized header ("Upgrade-Insecure-Requests") is being added  	[MsgId: MMSG-26595]
Action.c(14): "Upgrade-Insecure-Requests: 1" header registered for adding to requests from all following Action functions  	[MsgId: MMSG-26505]
Action.c(14): web_add_auto_header("Upgrade-Insecure-Requests") was successful  	[MsgId: MMSG-26392]
Action.c(17): web_url("welcome.pl") started  	[MsgId: MMSG-26355]
Action.c(17): t=13632ms: Connecting [0] to host 127.0.0.1:1080  	[MsgId: MMSG-26000]
Action.c(17): Error -27792: Failed to connect to server "localhost:1080": [10061] Connection refused  	[MsgId: MERR-27792]
Action.c(17): t=15662ms: Closed connection [0] to localhost:1080 after completing 0 request(s)  	[MsgId: MMSG-26000]
Action.c(17): Error -26366: "Text=Welcome to the Web Tours site." not found for web_reg_find  	[MsgId: MERR-26366]
Action.c(17): Error -26374: The above "not found" error(s) may be explained by header and body byte counts being 0 and 0, respectively.  	[MsgId: MERR-26374]
Action.c(17): web_url("welcome.pl") highest severity level was "ERROR", 0 body bytes, 0 header bytes  	[MsgId: MMSG-26388]
Action.c(17): Notify: Transaction "open_WebTours" ended with a "Fail" status (Duration: 2,0308).	[MsgId: MMSG-16873]
Action.c(17): Notify: Transaction "open_WebTours" has 3 error message(s).	[MsgId: MMSG-16818]
Action.c(17): Notify: The 1st error message associated with transaction "open_WebTours" is "Error -27792: Failed to connect to server "localhost:1080": [10061] Connection refused"	[MsgId: MMSG-16819]
Action.c(17): Notify: The 2nd error message associated with transaction "open_WebTours" is "Error -26366: "Text=Welcome to the Web Tours site." not found for web_reg_find"	[MsgId: MMSG-16819]
Action.c(17): Notify: The 3rd error message associated with transaction "open_WebTours" is "Error -26374: The above "not found" error(s) may be explained by header and body byte counts being 0 and 0, respectively."	[MsgId: MMSG-16819]
Action.c(17): Notify: Transaction "UC_03_BuyTickets" ended with a "Fail" status (Duration: 2,0308).	[MsgId: MMSG-16873]
Action.c(17): Notify: Transaction "UC_03_BuyTickets" has 3 error message(s).	[MsgId: MMSG-16818]
Action.c(17): Notify: The 1st error message associated with transaction "UC_03_BuyTickets" is "Error -27792: Failed to connect to server "localhost:1080": [10061] Connection refused"	[MsgId: MMSG-16819]
Action.c(17): Notify: The 2nd error message associated with transaction "UC_03_BuyTickets" is "Error -26366: "Text=Welcome to the Web Tours site." not found for web_reg_find"	[MsgId: MMSG-16819]
Action.c(17): Notify: The 3rd error message associated with transaction "UC_03_BuyTickets" is "Error -26374: The above "not found" error(s) may be explained by header and body byte counts being 0 and 0, respectively."	[MsgId: MMSG-16819]
Ending action Action.	[MsgId: MMSG-15918]
Ending iteration 7.	[MsgId: MMSG-15965]
Starting iteration 8.	[MsgId: MMSG-15968]
Action.c(17): Resetting all proxy auto-configuration information  	[MsgId: MMSG-26000]
Notify: Next row for parameter login = 2 [table  = login].	[MsgId: MMSG-13876]
Notify: Getting new value for parameter 'login': table = '..\data\users.dat' column = '0' row = '2'.	[MsgId: MMSG-13877]
Notify: Next row for parameter lastName = 2 [table  = lastName].	[MsgId: MMSG-13876]
Notify: Getting new value for parameter 'lastName': table = '..\data\users.dat' column = '3' row = '2'.	[MsgId: MMSG-13877]
Notify: Next row for parameter password = 2 [table  = password].	[MsgId: MMSG-13876]
Notify: Getting new value for parameter 'password': table = '..\data\users.dat' column = '1' row = '2'.	[MsgId: MMSG-13877]
Notify: Next row for parameter city = 2 [table  = city].	[MsgId: MMSG-13876]
Notify: Getting new value for parameter 'city': table = '..\data\users.dat' column = '5' row = '2'.	[MsgId: MMSG-13877]
Notify: Next row for parameter expDate = 2 [table  = expDate].	[MsgId: MMSG-13876]
Notify: Getting new value for parameter 'expDate': table = '..\data\users.dat' column = '7' row = '2'.	[MsgId: MMSG-13877]
Notify: Next row for parameter creditCard = 2 [table  = creditCard].	[MsgId: MMSG-13876]
Notify: Getting new value for parameter 'creditCard': table = '..\data\users.dat' column = '6' row = '2'.	[MsgId: MMSG-13877]
Notify: Next row for parameter firstName = 2 [table  = firstName].	[MsgId: MMSG-13876]
Notify: Getting new value for parameter 'firstName': table = '..\data\users.dat' column = '2' row = '2'.	[MsgId: MMSG-13877]
Notify: Next row for parameter street = 2 [table  = street].	[MsgId: MMSG-13876]
Notify: Getting new value for parameter 'street': table = '..\data\users.dat' column = '4' row = '2'.	[MsgId: MMSG-13877]
Starting action Action.	[MsgId: MMSG-15919]
Action.c(4): Notify: Transaction "UC_03_BuyTickets" started.	[MsgId: MMSG-16999]
Action.c(5): Notify: Transaction "open_WebTours" started.	[MsgId: MMSG-16999]
Action.c(7): web_reg_find started  	[MsgId: MMSG-26355]
Action.c(7): Registering web_reg_find was successful  	[MsgId: MMSG-26390]
Action.c(9): web_set_sockets_option started  	[MsgId: MMSG-26355]
Action.c(9): web_set_sockets_option was successful  	[MsgId: MMSG-26392]
Action.c(11): web_add_auto_header("Priority") started  	[MsgId: MMSG-26355]
Action.c(11): An unrecognized header ("Priority") is being added  	[MsgId: MMSG-26595]
Action.c(11): "Priority: u=4" header registered for adding to requests from all following Action functions  	[MsgId: MMSG-26505]
Action.c(11): web_add_auto_header("Priority") was successful  	[MsgId: MMSG-26392]
Action.c(14): web_add_auto_header("Upgrade-Insecure-Requests") started  	[MsgId: MMSG-26355]
Action.c(14): An unrecognized header ("Upgrade-Insecure-Requests") is being added  	[MsgId: MMSG-26595]
Action.c(14): "Upgrade-Insecure-Requests: 1" header registered for adding to requests from all following Action functions  	[MsgId: MMSG-26505]
Action.c(14): web_add_auto_header("Upgrade-Insecure-Requests") was successful  	[MsgId: MMSG-26392]
Action.c(17): web_url("welcome.pl") started  	[MsgId: MMSG-26355]
Action.c(17): t=15665ms: Connecting [0] to host 127.0.0.1:1080  	[MsgId: MMSG-26000]
Action.c(17): Error -27792: Failed to connect to server "localhost:1080": [10061] Connection refused  	[MsgId: MERR-27792]
Action.c(17): t=17693ms: Closed connection [0] to localhost:1080 after completing 0 request(s)  	[MsgId: MMSG-26000]
Action.c(17): Error -26366: "Text=Welcome to the Web Tours site." not found for web_reg_find  	[MsgId: MERR-26366]
Action.c(17): Error -26374: The above "not found" error(s) may be explained by header and body byte counts being 0 and 0, respectively.  	[MsgId: MERR-26374]
Action.c(17): web_url("welcome.pl") highest severity level was "ERROR", 0 body bytes, 0 header bytes  	[MsgId: MMSG-26388]
Action.c(17): Notify: Transaction "open_WebTours" ended with a "Fail" status (Duration: 2,0297).	[MsgId: MMSG-16873]
Action.c(17): Notify: Transaction "open_WebTours" has 3 error message(s).	[MsgId: MMSG-16818]
Action.c(17): Notify: The 1st error message associated with transaction "open_WebTours" is "Error -27792: Failed to connect to server "localhost:1080": [10061] Connection refused"	[MsgId: MMSG-16819]
Action.c(17): Notify: The 2nd error message associated with transaction "open_WebTours" is "Error -26366: "Text=Welcome to the Web Tours site." not found for web_reg_find"	[MsgId: MMSG-16819]
Action.c(17): Notify: The 3rd error message associated with transaction "open_WebTours" is "Error -26374: The above "not found" error(s) may be explained by header and body byte counts being 0 and 0, respectively."	[MsgId: MMSG-16819]
Action.c(17): Notify: Transaction "UC_03_BuyTickets" ended with a "Fail" status (Duration: 2,0298).	[MsgId: MMSG-16873]
Action.c(17): Notify: Transaction "UC_03_BuyTickets" has 3 error message(s).	[MsgId: MMSG-16818]
Action.c(17): Notify: The 1st error message associated with transaction "UC_03_BuyTickets" is "Error -27792: Failed to connect to server "localhost:1080": [10061] Connection refused"	[MsgId: MMSG-16819]
Action.c(17): Notify: The 2nd error message associated with transaction "UC_03_BuyTickets" is "Error -26366: "Text=Welcome to the Web Tours site." not found for web_reg_find"	[MsgId: MMSG-16819]
Action.c(17): Notify: The 3rd error message associated with transaction "UC_03_BuyTickets" is "Error -26374: The above "not found" error(s) may be explained by header and body byte counts being 0 and 0, respectively."	[MsgId: MMSG-16819]
Ending action Action.	[MsgId: MMSG-15918]
Ending iteration 8.	[MsgId: MMSG-15965]
Starting iteration 9.	[MsgId: MMSG-15968]
Action.c(17): Resetting all proxy auto-configuration information  	[MsgId: MMSG-26000]
Notify: Next row for parameter login = 7 [table  = login].	[MsgId: MMSG-13876]
Notify: Getting new value for parameter 'login': table = '..\data\users.dat' column = '0' row = '7'.	[MsgId: MMSG-13877]
Notify: Next row for parameter lastName = 7 [table  = lastName].	[MsgId: MMSG-13876]
Notify: Getting new value for parameter 'lastName': table = '..\data\users.dat' column = '3' row = '7'.	[MsgId: MMSG-13877]
Notify: Next row for parameter password = 7 [table  = password].	[MsgId: MMSG-13876]
Notify: Getting new value for parameter 'password': table = '..\data\users.dat' column = '1' row = '7'.	[MsgId: MMSG-13877]
Notify: Next row for parameter city = 7 [table  = city].	[MsgId: MMSG-13876]
Notify: Getting new value for parameter 'city': table = '..\data\users.dat' column = '5' row = '7'.	[MsgId: MMSG-13877]
Notify: Next row for parameter expDate = 7 [table  = expDate].	[MsgId: MMSG-13876]
Notify: Getting new value for parameter 'expDate': table = '..\data\users.dat' column = '7' row = '7'.	[MsgId: MMSG-13877]
Notify: Next row for parameter creditCard = 7 [table  = creditCard].	[MsgId: MMSG-13876]
Notify: Getting new value for parameter 'creditCard': table = '..\data\users.dat' column = '6' row = '7'.	[MsgId: MMSG-13877]
Notify: Next row for parameter firstName = 7 [table  = firstName].	[MsgId: MMSG-13876]
Notify: Getting new value for parameter 'firstName': table = '..\data\users.dat' column = '2' row = '7'.	[MsgId: MMSG-13877]
Notify: Next row for parameter street = 7 [table  = street].	[MsgId: MMSG-13876]
Notify: Getting new value for parameter 'street': table = '..\data\users.dat' column = '4' row = '7'.	[MsgId: MMSG-13877]
Starting action Action.	[MsgId: MMSG-15919]
Action.c(4): Notify: Transaction "UC_03_BuyTickets" started.	[MsgId: MMSG-16999]
Action.c(5): Notify: Transaction "open_WebTours" started.	[MsgId: MMSG-16999]
Action.c(7): web_reg_find started  	[MsgId: MMSG-26355]
Action.c(7): Registering web_reg_find was successful  	[MsgId: MMSG-26390]
Action.c(9): web_set_sockets_option started  	[MsgId: MMSG-26355]
Action.c(9): web_set_sockets_option was successful  	[MsgId: MMSG-26392]
Action.c(11): web_add_auto_header("Priority") started  	[MsgId: MMSG-26355]
Action.c(11): An unrecognized header ("Priority") is being added  	[MsgId: MMSG-26595]
Action.c(11): "Priority: u=4" header registered for adding to requests from all following Action functions  	[MsgId: MMSG-26505]
Action.c(11): web_add_auto_header("Priority") was successful  	[MsgId: MMSG-26392]
Action.c(14): web_add_auto_header("Upgrade-Insecure-Requests") started  	[MsgId: MMSG-26355]
Action.c(14): An unrecognized header ("Upgrade-Insecure-Requests") is being added  	[MsgId: MMSG-26595]
Action.c(14): "Upgrade-Insecure-Requests: 1" header registered for adding to requests from all following Action functions  	[MsgId: MMSG-26505]
Action.c(14): web_add_auto_header("Upgrade-Insecure-Requests") was successful  	[MsgId: MMSG-26392]
Action.c(17): web_url("welcome.pl") started  	[MsgId: MMSG-26355]
Action.c(17): t=17696ms: Connecting [0] to host 127.0.0.1:1080  	[MsgId: MMSG-26000]
Action.c(17): Error -27792: Failed to connect to server "localhost:1080": [10061] Connection refused  	[MsgId: MERR-27792]
Action.c(17): t=19727ms: Closed connection [0] to localhost:1080 after completing 0 request(s)  	[MsgId: MMSG-26000]
Action.c(17): Error -26366: "Text=Welcome to the Web Tours site." not found for web_reg_find  	[MsgId: MERR-26366]
Action.c(17): Error -26374: The above "not found" error(s) may be explained by header and body byte counts being 0 and 0, respectively.  	[MsgId: MERR-26374]
Action.c(17): web_url("welcome.pl") highest severity level was "ERROR", 0 body bytes, 0 header bytes  	[MsgId: MMSG-26388]
Action.c(17): Notify: Transaction "open_WebTours" ended with a "Fail" status (Duration: 2,0333).	[MsgId: MMSG-16873]
Action.c(17): Notify: Transaction "open_WebTours" has 3 error message(s).	[MsgId: MMSG-16818]
Action.c(17): Notify: The 1st error message associated with transaction "open_WebTours" is "Error -27792: Failed to connect to server "localhost:1080": [10061] Connection refused"	[MsgId: MMSG-16819]
Action.c(17): Notify: The 2nd error message associated with transaction "open_WebTours" is "Error -26366: "Text=Welcome to the Web Tours site." not found for web_reg_find"	[MsgId: MMSG-16819]
Action.c(17): Notify: The 3rd error message associated with transaction "open_WebTours" is "Error -26374: The above "not found" error(s) may be explained by header and body byte counts being 0 and 0, respectively."	[MsgId: MMSG-16819]
Action.c(17): Notify: Transaction "UC_03_BuyTickets" ended with a "Fail" status (Duration: 2,0333).	[MsgId: MMSG-16873]
Action.c(17): Notify: Transaction "UC_03_BuyTickets" has 3 error message(s).	[MsgId: MMSG-16818]
Action.c(17): Notify: The 1st error message associated with transaction "UC_03_BuyTickets" is "Error -27792: Failed to connect to server "localhost:1080": [10061] Connection refused"	[MsgId: MMSG-16819]
Action.c(17): Notify: The 2nd error message associated with transaction "UC_03_BuyTickets" is "Error -26366: "Text=Welcome to the Web Tours site." not found for web_reg_find"	[MsgId: MMSG-16819]
Action.c(17): Notify: The 3rd error message associated with transaction "UC_03_BuyTickets" is "Error -26374: The above "not found" error(s) may be explained by header and body byte counts being 0 and 0, respectively."	[MsgId: MMSG-16819]
Ending action Action.	[MsgId: MMSG-15918]
Ending iteration 9.	[MsgId: MMSG-15965]
Starting iteration 10.	[MsgId: MMSG-15968]
Action.c(17): Resetting all proxy auto-configuration information  	[MsgId: MMSG-26000]
Notify: Next row for parameter login = 3 [table  = login].	[MsgId: MMSG-13876]
Notify: Getting new value for parameter 'login': table = '..\data\users.dat' column = '0' row = '3'.	[MsgId: MMSG-13877]
Notify: Next row for parameter lastName = 3 [table  = lastName].	[MsgId: MMSG-13876]
Notify: Getting new value for parameter 'lastName': table = '..\data\users.dat' column = '3' row = '3'.	[MsgId: MMSG-13877]
Notify: Next row for parameter password = 3 [table  = password].	[MsgId: MMSG-13876]
Notify: Getting new value for parameter 'password': table = '..\data\users.dat' column = '1' row = '3'.	[MsgId: MMSG-13877]
Notify: Next row for parameter city = 3 [table  = city].	[MsgId: MMSG-13876]
Notify: Getting new value for parameter 'city': table = '..\data\users.dat' column = '5' row = '3'.	[MsgId: MMSG-13877]
Notify: Next row for parameter expDate = 3 [table  = expDate].	[MsgId: MMSG-13876]
Notify: Getting new value for parameter 'expDate': table = '..\data\users.dat' column = '7' row = '3'.	[MsgId: MMSG-13877]
Notify: Next row for parameter creditCard = 3 [table  = creditCard].	[MsgId: MMSG-13876]
Notify: Getting new value for parameter 'creditCard': table = '..\data\users.dat' column = '6' row = '3'.	[MsgId: MMSG-13877]
Notify: Next row for parameter firstName = 3 [table  = firstName].	[MsgId: MMSG-13876]
Notify: Getting new value for parameter 'firstName': table = '..\data\users.dat' column = '2' row = '3'.	[MsgId: MMSG-13877]
Notify: Next row for parameter street = 3 [table  = street].	[MsgId: MMSG-13876]
Notify: Getting new value for parameter 'street': table = '..\data\users.dat' column = '4' row = '3'.	[MsgId: MMSG-13877]
Starting action Action.	[MsgId: MMSG-15919]
Action.c(4): Notify: Transaction "UC_03_BuyTickets" started.	[MsgId: MMSG-16999]
Action.c(5): Notify: Transaction "open_WebTours" started.	[MsgId: MMSG-16999]
Action.c(7): web_reg_find started  	[MsgId: MMSG-26355]
Action.c(7): Registering web_reg_find was successful  	[MsgId: MMSG-26390]
Action.c(9): web_set_sockets_option started  	[MsgId: MMSG-26355]
Action.c(9): web_set_sockets_option was successful  	[MsgId: MMSG-26392]
Action.c(11): web_add_auto_header("Priority") started  	[MsgId: MMSG-26355]
Action.c(11): An unrecognized header ("Priority") is being added  	[MsgId: MMSG-26595]
Action.c(11): "Priority: u=4" header registered for adding to requests from all following Action functions  	[MsgId: MMSG-26505]
Action.c(11): web_add_auto_header("Priority") was successful  	[MsgId: MMSG-26392]
Action.c(14): web_add_auto_header("Upgrade-Insecure-Requests") started  	[MsgId: MMSG-26355]
Action.c(14): An unrecognized header ("Upgrade-Insecure-Requests") is being added  	[MsgId: MMSG-26595]
Action.c(14): "Upgrade-Insecure-Requests: 1" header registered for adding to requests from all following Action functions  	[MsgId: MMSG-26505]
Action.c(14): web_add_auto_header("Upgrade-Insecure-Requests") was successful  	[MsgId: MMSG-26392]
Action.c(17): web_url("welcome.pl") started  	[MsgId: MMSG-26355]
Action.c(17): t=19731ms: Connecting [0] to host 127.0.0.1:1080  	[MsgId: MMSG-26000]
Action.c(17): Error -27792: Failed to connect to server "localhost:1080": [10061] Connection refused  	[MsgId: MERR-27792]
Action.c(17): t=21752ms: Closed connection [0] to localhost:1080 after completing 0 request(s)  	[MsgId: MMSG-26000]
Action.c(17): Error -26366: "Text=Welcome to the Web Tours site." not found for web_reg_find  	[MsgId: MERR-26366]
Action.c(17): Error -26374: The above "not found" error(s) may be explained by header and body byte counts being 0 and 0, respectively.  	[MsgId: MERR-26374]
Action.c(17): web_url("welcome.pl") highest severity level was "ERROR", 0 body bytes, 0 header bytes  	[MsgId: MMSG-26388]
Action.c(17): Notify: Transaction "open_WebTours" ended with a "Fail" status (Duration: 2,0230).	[MsgId: MMSG-16873]
Action.c(17): Notify: Transaction "open_WebTours" has 3 error message(s).	[MsgId: MMSG-16818]
Action.c(17): Notify: The 1st error message associated with transaction "open_WebTours" is "Error -27792: Failed to connect to server "localhost:1080": [10061] Connection refused"	[MsgId: MMSG-16819]
Action.c(17): Notify: The 2nd error message associated with transaction "open_WebTours" is "Error -26366: "Text=Welcome to the Web Tours site." not found for web_reg_find"	[MsgId: MMSG-16819]
Action.c(17): Notify: The 3rd error message associated with transaction "open_WebTours" is "Error -26374: The above "not found" error(s) may be explained by header and body byte counts being 0 and 0, respectively."	[MsgId: MMSG-16819]
Action.c(17): Notify: Transaction "UC_03_BuyTickets" ended with a "Fail" status (Duration: 2,0230).	[MsgId: MMSG-16873]
Action.c(17): Notify: Transaction "UC_03_BuyTickets" has 3 error message(s).	[MsgId: MMSG-16818]
Action.c(17): Notify: The 1st error message associated with transaction "UC_03_BuyTickets" is "Error -27792: Failed to connect to server "localhost:1080": [10061] Connection refused"	[MsgId: MMSG-16819]
Action.c(17): Notify: The 2nd error message associated with transaction "UC_03_BuyTickets" is "Error -26366: "Text=Welcome to the Web Tours site." not found for web_reg_find"	[MsgId: MMSG-16819]
Action.c(17): Notify: The 3rd error message associated with transaction "UC_03_BuyTickets" is "Error -26374: The above "not found" error(s) may be explained by header and body byte counts being 0 and 0, respectively."	[MsgId: MMSG-16819]
Ending action Action.	[MsgId: MMSG-15918]
Ending iteration 10.	[MsgId: MMSG-15965]
Starting iteration 11.	[MsgId: MMSG-15968]
Action.c(17): Resetting all proxy auto-configuration information  	[MsgId: MMSG-26000]
Notify: Next row for parameter login = 1 [table  = login].	[MsgId: MMSG-13876]
Notify: Getting new value for parameter 'login': table = '..\data\users.dat' column = '0' row = '1'.	[MsgId: MMSG-13877]
Notify: Next row for parameter lastName = 1 [table  = lastName].	[MsgId: MMSG-13876]
Notify: Getting new value for parameter 'lastName': table = '..\data\users.dat' column = '3' row = '1'.	[MsgId: MMSG-13877]
Notify: Next row for parameter password = 1 [table  = password].	[MsgId: MMSG-13876]
Notify: Getting new value for parameter 'password': table = '..\data\users.dat' column = '1' row = '1'.	[MsgId: MMSG-13877]
Notify: Next row for parameter city = 1 [table  = city].	[MsgId: MMSG-13876]
Notify: Getting new value for parameter 'city': table = '..\data\users.dat' column = '5' row = '1'.	[MsgId: MMSG-13877]
Notify: Next row for parameter expDate = 1 [table  = expDate].	[MsgId: MMSG-13876]
Notify: Getting new value for parameter 'expDate': table = '..\data\users.dat' column = '7' row = '1'.	[MsgId: MMSG-13877]
Notify: Next row for parameter creditCard = 1 [table  = creditCard].	[MsgId: MMSG-13876]
Notify: Getting new value for parameter 'creditCard': table = '..\data\users.dat' column = '6' row = '1'.	[MsgId: MMSG-13877]
Notify: Next row for parameter firstName = 1 [table  = firstName].	[MsgId: MMSG-13876]
Notify: Getting new value for parameter 'firstName': table = '..\data\users.dat' column = '2' row = '1'.	[MsgId: MMSG-13877]
Notify: Next row for parameter street = 1 [table  = street].	[MsgId: MMSG-13876]
Notify: Getting new value for parameter 'street': table = '..\data\users.dat' column = '4' row = '1'.	[MsgId: MMSG-13877]
Starting action Action.	[MsgId: MMSG-15919]
Action.c(4): Notify: Transaction "UC_03_BuyTickets" started.	[MsgId: MMSG-16999]
Action.c(5): Notify: Transaction "open_WebTours" started.	[MsgId: MMSG-16999]
Action.c(7): web_reg_find started  	[MsgId: MMSG-26355]
Action.c(7): Registering web_reg_find was successful  	[MsgId: MMSG-26390]
Action.c(9): web_set_sockets_option started  	[MsgId: MMSG-26355]
Action.c(9): web_set_sockets_option was successful  	[MsgId: MMSG-26392]
Action.c(11): web_add_auto_header("Priority") started  	[MsgId: MMSG-26355]
Action.c(11): An unrecognized header ("Priority") is being added  	[MsgId: MMSG-26595]
Action.c(11): "Priority: u=4" header registered for adding to requests from all following Action functions  	[MsgId: MMSG-26505]
Action.c(11): web_add_auto_header("Priority") was successful  	[MsgId: MMSG-26392]
Action.c(14): web_add_auto_header("Upgrade-Insecure-Requests") started  	[MsgId: MMSG-26355]
Action.c(14): An unrecognized header ("Upgrade-Insecure-Requests") is being added  	[MsgId: MMSG-26595]
Action.c(14): "Upgrade-Insecure-Requests: 1" header registered for adding to requests from all following Action functions  	[MsgId: MMSG-26505]
Action.c(14): web_add_auto_header("Upgrade-Insecure-Requests") was successful  	[MsgId: MMSG-26392]
Action.c(17): web_url("welcome.pl") started  	[MsgId: MMSG-26355]
Action.c(17): t=21755ms: Connecting [0] to host 127.0.0.1:1080  	[MsgId: MMSG-26000]
Action.c(17): Error -27792: Failed to connect to server "localhost:1080": [10061] Connection refused  	[MsgId: MERR-27792]
Action.c(17): t=23765ms: Closed connection [0] to localhost:1080 after completing 0 request(s)  	[MsgId: MMSG-26000]
Action.c(17): Error -26366: "Text=Welcome to the Web Tours site." not found for web_reg_find  	[MsgId: MERR-26366]
Action.c(17): Error -26374: The above "not found" error(s) may be explained by header and body byte counts being 0 and 0, respectively.  	[MsgId: MERR-26374]
Action.c(17): web_url("welcome.pl") highest severity level was "ERROR", 0 body bytes, 0 header bytes  	[MsgId: MMSG-26388]
Action.c(17): Notify: Transaction "open_WebTours" ended with a "Fail" status (Duration: 2,0120).	[MsgId: MMSG-16873]
Action.c(17): Notify: Transaction "open_WebTours" has 3 error message(s).	[MsgId: MMSG-16818]
Action.c(17): Notify: The 1st error message associated with transaction "open_WebTours" is "Error -27792: Failed to connect to server "localhost:1080": [10061] Connection refused"	[MsgId: MMSG-16819]
Action.c(17): Notify: The 2nd error message associated with transaction "open_WebTours" is "Error -26366: "Text=Welcome to the Web Tours site." not found for web_reg_find"	[MsgId: MMSG-16819]
Action.c(17): Notify: The 3rd error message associated with transaction "open_WebTours" is "Error -26374: The above "not found" error(s) may be explained by header and body byte counts being 0 and 0, respectively."	[MsgId: MMSG-16819]
Action.c(17): Notify: Transaction "UC_03_BuyTickets" ended with a "Fail" status (Duration: 2,0121).	[MsgId: MMSG-16873]
Action.c(17): Notify: Transaction "UC_03_BuyTickets" has 3 error message(s).	[MsgId: MMSG-16818]
Action.c(17): Notify: The 1st error message associated with transaction "UC_03_BuyTickets" is "Error -27792: Failed to connect to server "localhost:1080": [10061] Connection refused"	[MsgId: MMSG-16819]
Action.c(17): Notify: The 2nd error message associated with transaction "UC_03_BuyTickets" is "Error -26366: "Text=Welcome to the Web Tours site." not found for web_reg_find"	[MsgId: MMSG-16819]
Action.c(17): Notify: The 3rd error message associated with transaction "UC_03_BuyTickets" is "Error -26374: The above "not found" error(s) may be explained by header and body byte counts being 0 and 0, respectively."	[MsgId: MMSG-16819]
Ending action Action.	[MsgId: MMSG-15918]
Ending iteration 11.	[MsgId: MMSG-15965]
Starting iteration 12.	[MsgId: MMSG-15968]
Action.c(17): Resetting all proxy auto-configuration information  	[MsgId: MMSG-26000]
Notify: Next row for parameter login = 1 [table  = login].	[MsgId: MMSG-13876]
Notify: Getting new value for parameter 'login': table = '..\data\users.dat' column = '0' row = '1'.	[MsgId: MMSG-13877]
Notify: Next row for parameter lastName = 1 [table  = lastName].	[MsgId: MMSG-13876]
Notify: Getting new value for parameter 'lastName': table = '..\data\users.dat' column = '3' row = '1'.	[MsgId: MMSG-13877]
Notify: Next row for parameter password = 1 [table  = password].	[MsgId: MMSG-13876]
Notify: Getting new value for parameter 'password': table = '..\data\users.dat' column = '1' row = '1'.	[MsgId: MMSG-13877]
Notify: Next row for parameter city = 1 [table  = city].	[MsgId: MMSG-13876]
Notify: Getting new value for parameter 'city': table = '..\data\users.dat' column = '5' row = '1'.	[MsgId: MMSG-13877]
Notify: Next row for parameter expDate = 1 [table  = expDate].	[MsgId: MMSG-13876]
Notify: Getting new value for parameter 'expDate': table = '..\data\users.dat' column = '7' row = '1'.	[MsgId: MMSG-13877]
Notify: Next row for parameter creditCard = 1 [table  = creditCard].	[MsgId: MMSG-13876]
Notify: Getting new value for parameter 'creditCard': table = '..\data\users.dat' column = '6' row = '1'.	[MsgId: MMSG-13877]
Notify: Next row for parameter firstName = 1 [table  = firstName].	[MsgId: MMSG-13876]
Notify: Getting new value for parameter 'firstName': table = '..\data\users.dat' column = '2' row = '1'.	[MsgId: MMSG-13877]
Notify: Next row for parameter street = 1 [table  = street].	[MsgId: MMSG-13876]
Notify: Getting new value for parameter 'street': table = '..\data\users.dat' column = '4' row = '1'.	[MsgId: MMSG-13877]
Starting action Action.	[MsgId: MMSG-15919]
Action.c(4): Notify: Transaction "UC_03_BuyTickets" started.	[MsgId: MMSG-16999]
Action.c(5): Notify: Transaction "open_WebTours" started.	[MsgId: MMSG-16999]
Action.c(7): web_reg_find started  	[MsgId: MMSG-26355]
Action.c(7): Registering web_reg_find was successful  	[MsgId: MMSG-26390]
Action.c(9): web_set_sockets_option started  	[MsgId: MMSG-26355]
Action.c(9): web_set_sockets_option was successful  	[MsgId: MMSG-26392]
Action.c(11): web_add_auto_header("Priority") started  	[MsgId: MMSG-26355]
Action.c(11): An unrecognized header ("Priority") is being added  	[MsgId: MMSG-26595]
Action.c(11): "Priority: u=4" header registered for adding to requests from all following Action functions  	[MsgId: MMSG-26505]
Action.c(11): web_add_auto_header("Priority") was successful  	[MsgId: MMSG-26392]
Action.c(14): web_add_auto_header("Upgrade-Insecure-Requests") started  	[MsgId: MMSG-26355]
Action.c(14): An unrecognized header ("Upgrade-Insecure-Requests") is being added  	[MsgId: MMSG-26595]
Action.c(14): "Upgrade-Insecure-Requests: 1" header registered for adding to requests from all following Action functions  	[MsgId: MMSG-26505]
Action.c(14): web_add_auto_header("Upgrade-Insecure-Requests") was successful  	[MsgId: MMSG-26392]
Action.c(17): web_url("welcome.pl") started  	[MsgId: MMSG-26355]
Action.c(17): t=23769ms: Connecting [0] to host 127.0.0.1:1080  	[MsgId: MMSG-26000]
Action.c(17): Error -27792: Failed to connect to server "localhost:1080": [10061] Connection refused  	[MsgId: MERR-27792]
Action.c(17): t=25790ms: Closed connection [0] to localhost:1080 after completing 0 request(s)  	[MsgId: MMSG-26000]
Action.c(17): Error -26366: "Text=Welcome to the Web Tours site." not found for web_reg_find  	[MsgId: MERR-26366]
Action.c(17): Error -26374: The above "not found" error(s) may be explained by header and body byte counts being 0 and 0, respectively.  	[MsgId: MERR-26374]
Action.c(17): web_url("welcome.pl") highest severity level was "ERROR", 0 body bytes, 0 header bytes  	[MsgId: MMSG-26388]
Action.c(17): Notify: Transaction "open_WebTours" ended with a "Fail" status (Duration: 2,0235).	[MsgId: MMSG-16873]
Action.c(17): Notify: Transaction "open_WebTours" has 3 error message(s).	[MsgId: MMSG-16818]
Action.c(17): Notify: The 1st error message associated with transaction "open_WebTours" is "Error -27792: Failed to connect to server "localhost:1080": [10061] Connection refused"	[MsgId: MMSG-16819]
Action.c(17): Notify: The 2nd error message associated with transaction "open_WebTours" is "Error -26366: "Text=Welcome to the Web Tours site." not found for web_reg_find"	[MsgId: MMSG-16819]
Action.c(17): Notify: The 3rd error message associated with transaction "open_WebTours" is "Error -26374: The above "not found" error(s) may be explained by header and body byte counts being 0 and 0, respectively."	[MsgId: MMSG-16819]
Action.c(17): Notify: Transaction "UC_03_BuyTickets" ended with a "Fail" status (Duration: 2,0236).	[MsgId: MMSG-16873]
Action.c(17): Notify: Transaction "UC_03_BuyTickets" has 3 error message(s).	[MsgId: MMSG-16818]
Action.c(17): Notify: The 1st error message associated with transaction "UC_03_BuyTickets" is "Error -27792: Failed to connect to server "localhost:1080": [10061] Connection refused"	[MsgId: MMSG-16819]
Action.c(17): Notify: The 2nd error message associated with transaction "UC_03_BuyTickets" is "Error -26366: "Text=Welcome to the Web Tours site." not found for web_reg_find"	[MsgId: MMSG-16819]
Action.c(17): Notify: The 3rd error message associated with transaction "UC_03_BuyTickets" is "Error -26374: The above "not found" error(s) may be explained by header and body byte counts being 0 and 0, respectively."	[MsgId: MMSG-16819]
Ending action Action.	[MsgId: MMSG-15918]
Action was aborted.	[MsgId: MMSG-10694]
Ending Vuser...	[MsgId: MMSG-15966]
Starting action vuser_end.	[MsgId: MMSG-15919]
Ending action vuser_end.	[MsgId: MMSG-15918]
Vuser Terminated.	[MsgId: MMSG-15963]
HTML-Mode memory management statistics: Reusable=0, NonReusable=0, CsMemBlockSize=4096, checks disabled  	[MsgId: MMSG-26000]
Vuser 0 (thread 7060), ended OK."	[MsgId: MMSG-10695]
